5
20
52
51
32
35
100
0 56
0 3
38 41
0 13
0 33
0 21
40 46
0 49
0 2
0 26
0 40
44 59
0 50
0 34
0 44
0 6
0 28
0 47
0 16
0 29
0 37
21 8
41 8
56 59
0 59
5 59
33 59
36 4
49 59
8 59
0 14
0 22
0 36
9 59
4 59
41 59
0 54
26 59
37 59
0 45
28 59
16 59
57 59
40 59
48 59
55 59
0 38
6 59
45 59
0 5
0 58
13 59
30 59
7 59
58 3
42 59
0 31
2 59
10 59
55 34
0 27
0 15
0 46
0 30
48 34
0 12
0 17
11 59
11 36
0 48
0 4
0 18
0 43
39 59
34 59
0 9
0 7
0 39
0 23
0 8
15 59
23 59
36 59
29 59
0 41
55 10
43 59
31 59
17 59
0 24
19 6
0 55
0 19
10 58
38 59
53 59
42 47
22 59
54 59
42 10
