5
37
23
82
9
45
100
61 97
60 97
0 26
52 97
0 24
0 21
39 50
76 97
0 1
0 16
28 69
80 6
0 7
85 97
50 97
77 97
49 97
91 97
0 28
14 70
0 10
0 20
69 97
0 14
0 5
0 3
68 97
0 19
53 97
70 97
0 42
83 97
0 44
0 22
31 89
0 17
51 97
57 32
12 53
27 58
95 97
0 43
0 31
90 97
87 97
58 97
0 27
0 46
55 97
79 97
47 86
0 2
0 11
0 12
0 47
0 34
84 97
54 97
75 97
72 97
86 97
56 97
0 13
74 97
39 78
71 97
73 97
0 35
0 39
0 4
0 40
0 41
78 97
0 33
0 15
0 8
63 97
66 97
80 97
67 97
62 97
0 30
65 97
0 18
21 93
0 25
92 97
93 97
64 97
57 97
0 29
89 97
59 97
94 97
0 6
81 97
0 48
0 38
0 36
24 88
