5
62
71
65
88
22
100
90 99
31 99
35 99
75 99
45 99
42 99
78 99
23 38
0 93
38 99
0 87
0 21
0 7
39 99
0 35
32 97
0 52
73 99
7 99
18 99
92 99
33 99
54 99
21 99
0 69
0 99
26 64
80 99
0 86
0 90
97 99
0 61
20 99
64 99
40 99
0 32
24 99
54 6
0 79
2 99
0 19
0 23
0 54
0 24
0 14
0 84
89 99
0 59
53 99
16 99
96 99
87 99
70 99
0 91
5 99
28 99
74 99
26 99
12 34
93 99
0 25
94 41
4 79
91 99
0 77
0 20
47 99
0 72
34 99
41 99
0 57
0 4
0 58
47 15
79 99
32 99
52 99
0 47
27 99
0 17
59 99
57 99
33 55
14 99
7 61
81 99
55 99
0 98
61 99
10 99
0 37
0 30
0 33
3 60
0 49
51 99
18 97
2 15
13 99
15 99
