5
88
86
43
85
96
100
0 35
87 99
34 20
0 24
0 9
0 47
0 50
0 94
0 57
0 61
0 46
0 75
20 99
6 99
87 49
66 99
80 99
46 99
49 99
0 28
0 74
0 81
95 57
72 29
97 99
66 70
0 91
42 99
28 99
16 99
70 99
69 92
83 92
98 92
70 92
0 15
78 92
48 92
6 92
0 76
0 51
0 41
0 95
63 92
87 92
34 92
72 44
72 56
72 20
72 50
26 92
72 18
72 55
72 34
84 92
2 92
28 55
16 92
32 92
60 92
9 92
65 21
54 21
29 21
58 21
4 21
40 21
41 21
37 21
94 21
83 21
87 20
74 20
2 20
45 20
60 20
50 20
1 20
29 20
93 20
82 20
54 20
62 20
72 30
59 91
47 91
72 8
81 91
58 91
36 91
28 91
10 91
24 91
97 52
72 23
52 91
74 91
72 38
51 91
36 48
