5
78
50
25
75
36
100
0 12
17 99
0 11
0 61
86 31
76 99
0 13
0 94
79 45
0 86
34 99
0 97
81 99
71 54
79 97
71 15
79 23
71 79
71 44
56 99
71 88
64 29
64 19
64 14
31 99
1 99
74 66
74 56
74 24
74 54
86 38
22 38
60 38
89 38
28 38
91 47
13 66
82 47
66 47
57 47
84 47
73 47
49 47
13 72
13 80
13 90
13 24
13 9
46 22
20 92
72 92
34 92
80 7
46 21
23 7
46 76
44 7
86 7
58 7
56 49
90 7
14 7
56 17
56 12
56 21
1 72
81 43
95 43
1 27
1 10
58 22
58 5
58 12
62 17
62 10
62 4
24 43
40 43
34 43
18 43
96 5
62 87
62 2
67 5
62 26
27 12
27 28
3 6
3 18
65 17
65 45
65 86
65 19
90 30
90 97
90 34
33 21
52 21
41 94
41 60
