5
63
6
72
9
64
100
66 42
40 99
24 99
13 99
66 26
27 99
60 40
54 99
67 34
26 42
0 21
0 16
73 20
89 16
0 67
66 46
32 88
0 5
16 99
68 99
97 19
1 42
42 99
2 62
46 99
0 34
0 46
0 77
0 73
84 20
61 99
0 66
76 45
0 33
0 84
38 99
94 99
80 62
20 99
0 76
81 99
0 92
0 96
0 80
0 30
0 56
0 95
0 75
19 99
0 51
78 99
0 12
0 32
79 93
0 53
2 99
23 62
15 99
93 99
41 99
62 99
0 57
0 43
0 98
0 25
0 7
17 99
0 18
0 2
65 99
0 59
44 99
0 14
0 49
80 99
0 82
0 23
0 20
0 99
55 99
0 4
0 62
0 11
51 99
60 99
1 99
90 99
39 99
0 8
97 99
11 99
87 99
14 99
56 99
0 70
0 65
69 47
18 71
5 35
0 87
