5
66
4
43
86
87
100
25 3
0 41
89 92
29 92
0 58
51 92
0 2
0 23
0 19
0 89
0 71
68 92
0 6
26 81
60 92
6 92
42 92
0 26
0 92
0 68
81 92
25 74
76 92
23 92
0 9
0 73
0 60
61 92
0 63
0 67
0 57
0 18
14 41
0 42
3 92
38 41
0 29
0 14
11 92
0 40
0 80
0 75
79 92
0 50
41 92
0 31
0 3
90 92
36 92
40 92
0 52
24 92
0 35
57 92
13 92
30 92
26 92
0 79
38 92
17 92
30 84
62 92
21 92
88 92
39 92
84 92
0 33
44 92
28 74
0 77
0 82
0 83
5 92
0 11
15 92
74 92
64 92
44 2
28 92
0 37
0 45
71 92
0 44
65 92
31 92
78 92
0 28
0 24
2 92
0 56
0 90
0 59
0 78
47 92
0 72
0 7
0 81
62 29
51 3
0 51
