5
47
39
1
50
6
100
0 12
0 13
57 51
0 4
25 51
24 51
0 49
0 24
14 74
0 46
0 74
0 66
51 74
37 74
0 16
42 74
20 74
57 74
73 74
0 67
0 9
0 52
25 74
66 74
0 33
0 48
0 28
0 64
18 74
15 32
71 24
49 74
0 20
0 58
0 27
32 74
9 74
0 42
34 74
10 8
0 70
0 10
0 32
0 63
0 56
24 74
0 30
0 73
0 38
0 72
0 22
0 15
0 65
0 59
0 62
43 74
0 45
0 51
0 34
0 43
0 55
41 74
0 31
5 62
23 64
0 37
0 69
0 29
0 5
0 23
0 18
0 17
64 74
60 68
0 40
0 61
44 74
12 74
0 60
62 74
8 74
58 74
48 74
71 74
54 74
4 74
0 19
0 3
40 74
17 74
0 54
0 44
0 8
0 25
36 42
56 74
42 15
71 60
71 52
14 52
