5
27
19
30
20
12
97
29 59
47 59
13 59
0 3
31 59
0 45
0 32
34 10
34 11
13 5
40 5
48 25
6 25
50 25
11 25
52 25
55 25
36 35
16 35
34 32
36 44
34 43
34 3
40 44
34 36
34 48
37 44
43 44
58 44
11 44
15 11
18 10
18 16
3 11
33 11
48 32
40 32
42 14
40 26
40 58
21 14
21 41
21 29
21 56
21 43
9 56
9 55
9 47
10 14
36 14
52 14
57 14
3 14
23 45
46 56
46 2
13 45
46 3
10 52
26 6
17 45
8 45
22 38
6 38
31 15
26 4
26 13
2 8
2 50
57 32
57 28
7 15
43 28
24 49
49 37
24 23
4 49
32 51
6 37
22 29
28 37
6 29
29 37
49 31
50 31
32 17
52 41
32 3
32 53
36 51
49 53
53 56
52 56
53 58
1 13
42 58
51 56
