5
24
44
38
9
13
100
0 47
80 99
81 99
83 99
0 18
0 16
0 70
0 71
0 98
59 99
5 99
0 41
0 53
43 61
0 61
0 43
0 95
0 40
0 97
35 99
15 99
10 99
98 52
50 79
82 91
4 99
52 99
79 99
53 99
0 60
0 39
0 83
0 26
0 5
56 99
0 46
91 99
0 7
0 31
0 88
14 99
65 21
0 29
64 16
0 56
2 99
21 99
45 99
16 99
0 90
0 64
18 99
0 96
30 99
40 99
94 99
85 99
76 99
90 99
64 99
28 99
0 65
43 99
8 92
73 99
0 94
96 99
0 59
92 99
68 99
6 99
97 99
27 99
39 99
0 72
70 41
20 99
7 99
49 99
41 99
93 99
72 99
0 34
0 67
19 99
0 73
75 99
67 99
36 99
78 34
59 34
0 27
0 8
42 34
20 34
66 34
0 12
58 34
0 74
43 34
