0
91
94 99
13 18
0 5
76 81
75 80
64 69
70 75
7 12
2 4
39 41
67 72
5 10
9 14
95 97
82 87
90 92
78 83
63 68
94 92
85 87
74 79
56 61
72 77
57 62
73 75
71 76
80 85
82 84
65 70
22 24
38 43
15 20
11 16
15 17
8 10
84 89
86 91
93 91
45 50
79 81
86 88
83 88
95 93
49 54
12 14
96 94
22 27
17 19
9 11
8 13
20 18
25 27
25 30
23 28
16 21
23 21
19 24
26 31
26 28
29 34
29 31
1 6
9 4
43 48
39 44
74 76
68 73
66 71
67 69
61 66
41 46
62 64
54 59
57 59
58 63
60 65
42 47
42 44
40 45
34 36
32 30
37 35
32 37
38 36
40 35
55 60
47 49
56 58
56 51
50 48
52 57
