5
57
72
41
90
40
100
21 98
0 8
10 98
26 96
0 49
0 26
0 88
0 29
0 21
0 18
0 69
0 14
2 98
74 71
0 6
47 98
60 98
0 27
22 98
0 70
0 68
75 3
12 98
0 9
0 56
0 61
0 4
3 98
71 98
0 48
17 98
26 98
81 98
0 91
97 98
0 83
0 84
0 75
0 54
0 53
0 20
0 35
0 19
92 98
0 13
0 50
0 86
0 67
82 98
39 98
88 29
0 95
0 73
0 64
0 80
29 98
45 98
53 98
59 98
63 98
55 13
55 58
55 65
55 1
55 77
31 98
19 98
11 98
12 23
55 43
55 39
4 98
55 12
55 49
55 54
58 98
55 3
89 98
55 14
55 67
55 78
55 63
55 95
55 26
69 98
54 98
55 19
55 30
36 98
55 35
50 98
13 98
44 98
8 65
36 65
55 21
91 65
11 65
71 65
55 32
