5
1
19
60
32
13
100
0 82
0 99
36 99
0 50
0 24
57 99
67 99
0 20
20 99
72 99
0 22
61 99
0 2
0 27
54 88
0 47
0 77
35 99
3 99
92 99
0 87
0 15
0 41
0 44
0 79
0 68
37 99
22 99
69 99
74 99
0 92
0 85
24 99
72 42
0 12
0 72
0 42
0 8
0 51
43 99
0 29
0 93
12 99
34 99
44 99
84 77
0 14
55 75
49 99
95 99
40 67
55 65
42 99
0 53
50 99
0 66
0 46
77 99
75 99
0 55
0 18
26 99
0 11
0 57
0 17
0 84
0 95
0 65
83 99
0 94
0 5
0 64
0 62
0 39
0 86
0 23
0 4
0 96
0 28
0 83
67 10
98 99
45 99
53 99
78 99
46 5
18 99
81 85
66 99
21 99
5 99
85 99
63 58
2 99
0 6
63 93
55 59
74 89
89 99
59 99
