5
78
64
6
49
88
100
55 99
0 62
22 99
95 99
34 99
0 35
0 59
9 99
76 7
90 99
0 55
84 99
7 99
71 99
0 51
0 16
5 40
0 43
87 99
0 45
0 60
0 74
67 99
8 99
0 76
0 57
15 99
20 99
0 77
0 34
0 31
5 19
96 19
0 30
26 18
10 76
54 69
0 5
0 23
40 99
26 69
0 65
10 60
52 19
54 51
21 99
16 99
0 79
0 10
0 93
0 36
52 32
0 82
0 26
33 99
0 87
95 94
32 99
19 99
24 99
0 54
69 99
0 95
44 57
3 99
18 99
84 77
72 51
44 63
17 99
0 84
0 81
0 72
0 52
47 51
80 99
0 39
63 99
32 57
68 51
94 99
74 99
48 99
57 99
51 99
14 99
90 98
58 76
0 53
77 99
56 99
12 36
90 39
98 99
76 99
0 47
60 99
36 99
71 81
50 81
