5
76
65
30
77
88
100
0 87
0 78
32 98
86 10
61 98
15 98
40 98
60 68
45 98
67 98
0 22
0 21
0 36
0 16
0 23
0 26
0 70
0 15
0 35
0 90
0 5
0 79
0 64
0 40
0 46
0 27
0 48
0 45
37 98
10 38
38 98
0 61
91 98
29 6
94 54
92 98
68 98
8 98
43 98
0 82
53 98
0 56
72 98
5 98
0 37
96 98
24 98
59 98
0 69
0 84
0 11
25 98
0 68
59 47
0 98
1 98
0 94
0 62
0 29
57 98
0 49
14 93
7 98
0 81
74 98
93 98
82 98
16 78
0 13
69 98
58 49
28 98
78 98
0 14
0 60
0 83
0 41
55 98
0 71
49 98
0 58
0 97
41 98
12 98
80 98
52 98
66 98
93 74
0 31
3 98
48 98
0 42
34 98
0 66
86 98
89 98
0 51
46 98
18 98
0 38
