5
71
73
87
63
29
100
72 88
0 65
69 98
80 89
86 98
0 32
0 72
0 69
27 98
0 41
88 98
81 98
1 98
0 56
84 98
65 98
0 54
0 38
0 30
56 98
0 23
74 98
0 22
1 32
36 98
80 98
0 33
26 98
84 34
0 1
0 7
0 6
54 98
0 16
0 84
0 40
0 80
0 25
50 98
89 98
0 36
0 98
0 9
0 26
32 98
13 98
18 98
40 98
0 60
16 98
0 5
0 88
57 98
30 98
65 61
83 98
61 98
93 98
0 3
49 98
0 27
0 90
0 77
59 98
96 98
0 70
37 98
0 74
47 98
0 62
55 98
0 94
10 24
0 57
0 58
0 78
0 47
0 92
64 98
0 19
0 50
0 48
0 10
0 35
0 81
78 98
0 59
0 82
24 98
0 89
28 6
0 67
42 52
64 78
32 52
26 51
0 28
52 98
24 97
36 51
