5
71
72
87
10
22
100
49 26
26 99
42 99
0 69
73 99
28 99
0 49
0 17
78 99
0 44
0 26
38 99
0 28
0 89
24 25
0 47
0 92
0 9
0 12
44 99
29 25
68 99
27 99
39 12
25 99
29 99
0 52
0 81
11 99
0 48
0 56
0 95
0 13
55 99
0 99
0 29
65 99
0 3
91 99
0 78
0 45
0 51
0 79
52 97
0 1
89 99
0 73
12 99
86 99
91 37
82 99
0 2
97 99
0 38
0 91
96 99
0 98
0 80
0 27
51 99
37 99
95 99
36 99
54 3
93 99
0 74
0 16
0 70
0 60
0 24
18 99
2 99
3 99
13 99
24 9
74 99
75 99
58 99
1 99
56 99
20 99
50 99
5 99
0 35
0 65
0 36
23 99
69 99
0 41
0 68
0 64
0 58
0 82
0 67
0 75
0 37
0 66
60 99
66 99
9 74
