5
30
50
28
1
85
100
35 95
55 95
16 94
25 95
0 76
20 52
0 20
68 95
11 95
65 95
55 4
0 80
0 16
0 15
55 18
93 79
13 95
0 60
78 62
51 74
3 77
62 95
89 95
52 95
79 95
88 95
0 93
66 95
45 95
61 95
37 95
53 95
0 42
0 67
0 55
0 10
0 9
93 95
38 95
9 95
79 77
49 77
0 53
74 77
17 77
8 77
56 77
0 57
0 12
78 77
24 77
0 71
68 77
63 77
21 77
34 77
76 77
0 7
37 77
57 77
88 77
42 77
32 77
20 77
0 73
45 77
0 82
0 68
92 77
70 77
73 77
29 77
91 18
18 44
91 51
26 77
48 77
83 92
9 77
44 77
91 93
35 18
91 47
91 76
91 41
33 18
91 78
91 83
91 22
91 23
91 67
92 18
91 60
91 4
37 78
81 18
5 18
91 69
60 18
91 71
