5
8
14
37
23
16
100
67 99
0 3
78 99
74 99
51 99
87 99
1 85
1 46
1 39
97 98
73 98
39 40
40 17
82 17
2 61
10 18
55 18
31 18
20 19
29 92
74 92
91 92
2 71
2 3
11 10
11 12
87 94
70 94
3 95
91 95
20 95
63 97
77 97
33 34
33 84
33 38
33 32
33 86
9 87
33 36
33 91
75 87
55 56
55 45
53 52
53 9
64 27
13 87
86 87
82 87
88 87
3 87
64 43
20 21
22 21
67 89
64 65
64 28
48 25
64 31
63 60
24 25
77 27
66 27
78 29
68 29
62 61
62 74
76 75
77 73
77 78
69 29
65 29
60 30
9 30
85 31
32 31
39 38
67 66
13 66
39 56
43 61
39 5
35 36
60 61
69 57
56 57
46 59
69 59
43 44
13 46
68 46
83 84
48 47
83 20
83 71
82 85
36 42
78 40
73 74
