5
37
64
5
79
71
100
22 62
10 95
0 61
0 22
0 83
44 95
0 72
0 46
0 10
0 27
68 84
9 95
0 2
0 58
67 95
0 21
0 47
0 53
0 67
0 57
69 91
0 25
0 51
91 95
0 90
0 86
84 95
70 95
0 80
0 69
12 95
80 95
0 95
88 95
25 72
53 95
27 95
25 95
0 82
72 95
56 95
82 95
22 95
0 74
0 78
0 24
0 94
14 95
45 95
0 88
66 95
93 95
74 95
67 52
17 95
81 95
52 95
28 95
39 87
0 7
40 95
42 16
18 95
48 95
0 39
0 9
21 83
0 42
0 6
0 14
83 95
15 9
52 2
44 7
0 18
0 15
0 11
86 95
0 12
85 95
63 95
86 7
0 1
49 95
28 44
0 13
2 95
7 95
16 95
0 56
86 26
94 95
0 19
0 17
26 95
21 95
72 11
51 19
11 95
1 95
