5
41
81
42
37
28
100
7 34
6 73
0 6
0 68
29 99
57 99
64 99
60 99
21 89
0 90
72 99
27 99
0 76
0 21
14 97
12 82
2 82
61 14
49 82
33 87
61 46
12 13
16 87
25 87
5 87
84 66
12 24
12 33
12 8
12 84
39 6
39 16
39 66
88 66
39 78
39 33
39 3
71 66
39 84
39 77
35 92
35 55
72 66
35 91
8 66
35 72
35 68
35 49
7 66
26 66
78 66
8 27
48 27
74 27
18 27
84 1
84 57
59 27
84 94
84 5
84 68
84 89
84 77
84 63
83 57
96 7
56 7
40 7
2 7
5 58
88 7
85 7
46 65
44 65
68 65
74 65
19 65
5 29
5 69
5 49
5 91
76 58
5 70
32 65
76 59
76 25
76 16
70 46
70 47
9 65
86 65
34 65
58 65
89 52
1 52
15 52
9 68
9 29
9 19
6 77
