0
99
27 95
0 24
0 6
27 26
0 1
50 51
0 50
28 67
29 30
29 42
26 73
25 24
5 71
5 6
4 3
61 60
61 30
61 62
61 32
52 53
52 19
95 99
31 32
36 35
37 59
38 85
39 82
38 66
40 41
49 86
97 99
93 99
97 98
96 98
48 16
48 47
41 97
71 70
55 70
94 69
84 69
43 34
43 44
87 68
65 66
71 94
71 45
71 72
15 14
2 1
16 79
54 67
83 84
88 85
97 86
88 87
82 91
17 58
17 7
18 19
3 63
3 55
3 2
11 10
12 59
13 10
73 74
73 59
73 78
88 91
90 91
96 91
64 81
93 92
64 63
47 10
8 9
2 8
35 34
22 33
76 56
57 56
95 74
75 74
77 78
88 74
47 46
77 76
95 94
95 96
44 46
22 57
21 2
80 79
19 59
20 76
80 88
94 89
75 76
