0
97
1 99
0 99
0 2
0 98
4 99
96 97
97 99
0 23
19 96
9 56
95 96
95 94
93 92
90 92
1 3
93 91
2 3
1 2
82 89
21 19
21 23
35 87
54 56
56 90
86 87
88 89
84 86
38 85
81 83
84 85
20 29
7 82
78 80
20 93
79 80
81 82
75 77
19 43
76 77
76 78
31 29
30 29
15 13
28 29
25 27
26 27
35 28
14 12
63 59
24 26
18 54
58 59
24 25
12 6
11 9
47 45
42 44
46 44
16 14
17 15
18 16
18 19
13 38
42 41
37 39
11 10
13 12
24 57
62 60
62 61
5 6
8 6
10 70
71 69
50 76
71 70
51 53
71 73
38 36
9 7
10 8
62 63
35 33
34 32
70 68
50 49
69 67
68 66
47 49
30 31
72 73
52 54
65 63
67 66
65 64
74 75
73 75
