5
17
67
51
96
20
100
50 99
48 99
2 4
4 99
8 99
44 36
39 53
26 99
0 48
0 44
2 99
68 99
40 23
44 23
93 23
8 23
33 23
0 37
63 23
0 31
94 23
2 80
0 5
90 80
0 69
8 80
52 80
0 86
0 7
66 15
48 80
0 13
98 65
87 80
73 80
93 80
0 62
0 26
0 66
54 75
68 35
1 35
0 12
71 35
57 35
50 35
37 35
0 34
3 35
81 35
54 22
54 88
78 18
54 55
62 18
54 34
54 38
97 18
71 18
41 18
85 92
50 92
7 92
54 9
54 16
54 45
54 53
57 3
57 45
57 86
10 92
57 47
4 92
57 84
74 92
8 92
65 92
69 92
57 55
57 6
57 13
57 79
57 53
11 32
11 71
16 26
11 48
11 37
11 94
84 26
11 45
11 90
66 26
47 97
47 66
3 26
65 26
32 26
76 26
62 90
