5
65
66
73
78
96
100
41 43
81 83
40 43
29 35
39 43
38 43
87 89
95 99
54 55
47 64
12 13
1 2
0 16
7 3
7 21
14 21
84 87
84 85
86 90
98 99
84 88
86 89
91 97
86 91
86 93
94 97
86 94
92 88
92 98
92 97
92 95
90 97
92 87
89 97
43 59
44 45
43 48
57 64
37 42
37 40
35 42
21 23
24 27
21 25
24 28
24 26
22 26
22 28
85 93
90 88
85 90
83 84
81 84
71 84
68 69
68 82
68 70
80 84
68 75
67 84
67 74
68 76
79 72
67 81
83 72
68 67
79 83
74 84
77 84
74 72
79 67
79 81
80 72
80 69
79 77
80 76
76 72
76 69
77 81
79 70
80 83
80 70
69 81
74 81
74 71
74 70
77 76
69 77
76 81
70 71
77 71
82 77
82 67
85 94
88 93
89 98
85 91
95 93
98 93
89 88
