5
74
30
4
55
5
100
58 99
64 99
12 99
0 26
0 1
0 89
0 67
48 99
0 14
0 61
63 99
0 50
85 99
0 88
0 81
68 99
0 16
82 99
0 90
51 99
71 99
68 23
57 99
8 99
0 68
36 40
75 17
0 93
0 85
14 99
90 99
23 99
29 99
83 99
60 99
0 65
0 20
0 36
25 68
0 24
0 92
0 34
76 1
0 94
0 25
0 19
50 99
0 76
0 51
0 78
49 99
0 40
0 54
0 12
0 29
0 18
0 64
1 99
35 99
0 3
0 91
0 44
81 99
0 28
0 73
0 99
0 10
0 84
0 35
95 99
0 82
0 60
0 27
0 71
0 79
89 99
29 53
87 99
16 99
53 99
92 99
76 99
77 99
46 99
9 99
0 41
0 66
0 95
59 99
0 38
61 99
72 99
34 99
33 99
0 39
98 99
0 42
0 2
46 43
3 31
