5
67
3
30
38
39
100
2 76
0 14
0 2
58 94
8 76
68 72
65 94
26 94
0 61
1 13
80 94
16 94
0 68
13 94
91 94
9 94
19 6
22 94
56 94
17 94
53 94
0 93
75 94
0 44
0 19
0 82
0 62
0 66
0 8
52 94
0 59
4 94
66 94
45 94
93 94
57 94
28 94
0 85
0 48
0 40
0 79
65 92
0 76
0 15
0 81
0 5
64 85
0 90
0 49
27 94
47 94
0 29
20 94
64 61
15 94
12 94
0 64
5 94
86 77
0 69
61 94
0 51
0 65
77 94
0 6
0 87
68 94
49 94
0 55
0 20
18 23
0 18
14 94
0 57
0 70
86 94
60 94
72 82
0 83
0 53
0 78
0 72
0 26
69 94
0 63
0 10
0 56
0 92
35 94
0 34
0 42
77 70
0 28
0 46
35 23
0 1
0 35
0 94
0 77
6 94
