5
97
9
36
73
81
100
25 61
0 34
7 85
57 19
0 57
93 99
0 7
79 99
11 99
49 99
0 30
0 46
8 64
0 35
0 8
0 33
0 17
0 43
0 28
0 44
0 25
0 95
0 29
0 19
62 99
53 26
0 52
22 99
82 99
19 99
26 99
69 99
0 85
63 99
58 99
13 99
64 99
56 99
0 65
0 5
68 99
0 69
30 99
0 53
23 99
75 99
57 99
0 80
0 1
0 23
0 62
90 99
0 89
0 6
0 83
0 64
0 37
50 99
0 42
0 18
0 77
88 99
6 99
46 99
0 71
53 99
77 99
1 99
12 13
0 54
0 32
86 93
54 89
72 99
0 12
0 49
34 99
83 99
89 99
0 98
87 99
66 99
27 99
0 86
47 99
0 76
4 99
86 99
41 99
17 99
42 99
0 59
0 47
11 70
70 99
6 74
15 99
98 99
0 48
80 99
