5
3
40
19
64
79
100
0 95
32 61
0 49
61 99
0 16
0 7
81 99
0 32
0 70
83 99
84 54
0 67
47 99
0 76
0 55
0 84
0 87
0 77
78 62
82 99
69 99
53 25
12 99
0 29
88 99
62 99
10 99
0 21
31 78
0 75
0 31
0 22
0 58
0 52
0 46
0 1
0 74
0 86
0 54
0 42
43 86
0 18
0 71
0 20
45 99
0 91
0 10
83 16
0 88
0 44
45 74
0 97
0 72
86 99
0 45
0 83
0 8
0 62
0 37
0 51
35 60
25 99
0 99
0 68
0 65
30 74
60 99
11 99
48 99
0 13
17 99
0 30
16 99
34 84
29 99
13 99
75 99
77 99
0 23
97 99
24 99
44 99
0 89
0 12
58 99
0 34
57 99
15 99
41 99
0 36
63 10
18 99
5 99
21 99
26 99
98 99
46 99
63 99
0 2
65 99
