5
73
76
94
66
78
100
86 87
98 99
80 82
79 83
79 82
81 88
81 87
75 77
72 74
10 11
97 99
89 96
89 95
93 99
89 93
92 99
77 79
59 63
54 58
79 81
58 63
58 62
49 53
30 32
83 84
82 84
75 87
72 75
65 69
65 67
60 67
69 81
64 69
64 68
64 67
80 92
80 89
80 88
80 87
80 86
80 85
87 88
84 85
84 96
92 96
95 99
95 96
92 93
89 91
90 99
90 96
89 90
87 99
87 96
87 93
59 67
0 1
0 2
0 3
0 4
91 99
96 99
87 90
82 99
82 90
82 88
82 86
85 99
85 92
85 91
85 90
85 88
79 91
79 90
88 99
88 91
88 90
89 99
79 86
86 99
72 90
70 72
69 75
69 72
71 99
71 84
71 83
82 83
67 69
57 61
75 99
83 99
75 81
0 6
14 15
13 14
7 10
8 10
9 10
72 77
