5
46
80
23
22
9
100
0 61
29 82
0 37
38 82
0 53
0 47
44 82
12 13
74 82
0 82
0 71
0 78
0 74
56 82
13 82
53 82
24 82
72 82
0 76
0 31
0 36
0 33
16 82
41 82
50 82
0 21
0 1
0 13
0 69
57 29
0 68
81 82
57 34
54 82
75 82
1 82
57 66
57 14
21 82
57 56
57 18
7 82
78 82
71 64
66 64
57 64
57 8
57 3
57 60
57 5
57 51
57 33
24 64
57 39
57 75
57 4
57 58
57 7
57 54
21 34
21 36
21 10
21 18
56 64
76 59
21 28
42 64
21 48
55 64
51 64
20 64
81 31
21 68
21 64
53 64
77 64
75 64
14 64
21 76
17 64
21 63
62 64
43 64
21 30
21 35
21 81
21 51
21 17
21 20
29 64
21 11
21 7
21 27
21 58
21 43
21 62
31 64
12 64
21 55
41 64
