5
81
97
85
67
30
100
72 74
86 11
56 99
96 99
74 99
59 99
20 40
64 99
0 57
0 86
0 60
0 69
0 75
0 37
0 73
0 95
0 82
80 52
48 99
7 99
0 56
58 99
21 99
28 60
52 99
6 60
27 60
0 3
66 60
50 60
92 84
11 60
16 60
92 33
92 3
46 60
89 45
92 57
92 36
92 88
25 60
92 79
92 7
74 60
95 80
33 60
40 60
80 60
72 91
92 96
92 53
92 95
92 13
17 91
55 91
92 24
89 91
32 91
92 72
92 17
92 5
39 91
1 8
1 95
1 78
1 56
1 13
1 71
1 77
1 42
6 13
26 91
6 28
40 91
28 91
51 91
56 91
77 91
6 44
61 91
6 78
6 26
6 73
44 91
6 50
6 11
65 91
75 70
44 70
37 70
73 70
35 70
41 70
29 70
56 49
6 24
96 49
6 45
31 49
47 49
