5
69
71
97
74
86
100
50 99
50 58
81 99
50 78
88 99
50 59
65 99
50 93
50 95
56 99
0 49
57 99
50 81
82 99
50 79
90 99
76 99
77 99
54 99
83 99
80 99
78 99
50 80
85 99
55 99
50 91
50 82
65 59
50 56
72 99
92 99
50 66
94 99
50 61
51 99
89 99
50 64
95 70
50 73
79 99
70 99
50 67
60 61
59 99
98 99
62 99
68 99
52 99
75 99
50 63
65 67
61 99
94 58
87 91
94 73
58 99
67 99
82 93
73 99
91 99
88 93
85 93
78 93
50 76
83 93
50 60
65 93
72 93
80 93
54 93
77 93
56 93
96 93
53 93
50 65
70 93
89 93
57 93
1 49
85 87
98 93
62 93
79 93
50 72
50 88
50 53
83 95
50 92
94 90
50 85
94 93
61 93
59 93
50 94
50 83
50 62
50 84
68 93
51 93
95 93
