0
100
0 99
0 1
97 98
41 91
43 4
46 98
41 97
74 4
3 4
25 24
41 42
40 25
70 4
5 4
38 33
38 37
43 76
9 8
45 56
25 26
46 90
11 6
60 59
80 5
87 88
89 88
84 83
84 82
12 82
48 14
52 81
80 81
10 11
13 12
23 22
23 21
9 21
75 20
89 20
48 49
59 18
27 18
48 93
48 61
49 17
67 23
16 17
52 17
13 97
95 96
67 68
29 97
37 96
30 71
67 86
66 65
94 93
29 52
69 71
29 28
69 70
72 71
13 14
54 15
35 16
31 68
31 53
31 32
31 35
59 80
90 80
91 24
91 51
55 80
91 58
33 32
72 78
75 76
84 26
33 34
58 35
91 64
91 61
50 49
63 64
91 3
89 56
86 57
2 3
73 57
54 55
2 87
2 1
86 87
75 33
53 73
84 51
53 52
1 75
51 75
