0
91
55 99
7 43
2 43
56 21
0 31
83 21
45 21
98 63
0 34
69 63
11 31
83 2
4 5
40 5
91 64
0 85
0 70
0 15
0 52
47 34
47 61
55 26
73 56
28 34
89 7
51 7
70 7
60 80
67 7
60 1
33 1
92 1
87 25
12 25
4 44
54 50
98 72
79 72
97 23
26 23
13 23
39 72
45 77
27 35
29 35
34 71
88 37
48 42
60 90
6 78
27 69
4 84
62 40
68 40
11 40
13 39
74 95
34 60
65 81
4 18
3 74
70 22
30 22
15 22
34 9
16 62
24 9
24 33
70 88
32 26
56 87
41 87
59 27
94 12
79 82
48 14
66 68
76 32
17 97
3 75
51 17
59 16
83 54
11 8
59 3
51 83
91 76
93 51
56 30
98 93
70 65
