5
3
10
6
33
13
100
0 14
0 26
0 17
16 99
0 45
17 99
0 23
7 21
32 99
8 99
93 21
49 21
0 21
97 18
17 21
35 21
18 21
53 21
69 1
0 24
27 1
44 1
61 1
0 28
60 1
0 46
7 1
9 1
40 1
42 1
0 15
0 12
84 1
78 1
89 1
80 1
0 69
0 7
82 1
15 1
0 18
0 41
86 1
70 8
0 29
0 31
0 98
0 67
0 62
0 9
0 25
0 22
0 65
0 70
0 72
0 20
57 1
0 83
0 63
50 1
66 15
66 36
66 48
66 27
84 17
84 61
84 36
84 90
49 8
49 36
49 68
49 15
49 37
69 97
69 9
69 68
58 1
22 8
22 56
22 15
22 18
22 16
79 1
71 1
87 1
88 1
39 1
22 27
22 89
4 11
22 34
9 11
39 11
44 11
22 32
7 11
20 11
61 55
39 55
22 96
