5
20
32
27
55
42
100
0 37
33 57
17 97
31 80
0 25
19 97
3 97
11 97
68 97
0 16
0 31
81 97
53 63
92 97
64 97
12 97
79 97
0 14
0 45
63 97
52 97
0 11
30 97
0 38
0 8
49 97
5 97
80 97
83 97
70 97
39 97
84 97
14 97
10 97
0 87
11 53
71 97
47 97
53 97
56 97
16 97
0 64
63 48
0 28
44 48
0 10
33 48
57 48
73 48
0 51
37 48
79 48
78 48
93 48
19 48
0 52
0 75
51 48
3 48
0 54
29 73
0 59
56 48
87 48
0 22
25 48
17 48
38 48
0 93
4 13
16 13
22 13
0 26
68 13
96 13
0 76
35 13
71 13
51 13
83 13
62 13
80 13
69 13
1 13
56 13
7 13
0 68
5 13
73 13
84 13
0 21
0 9
0 43
0 24
92 37
92 94
66 13
92 50
4 94
30 94
