5
69
8
94
44
9
100
0 19
86 96
18 37
41 61
17 61
0 87
0 18
60 96
61 96
19 96
56 96
80 96
0 31
0 96
0 27
13 16
0 93
0 68
0 3
71 96
47 96
88 96
0 13
0 32
91 96
37 96
0 86
0 64
49 96
0 45
0 39
0 74
0 91
0 47
0 38
0 82
52 96
4 64
16 96
79 96
64 96
95 96
32 96
0 4
21 96
57 6
28 96
0 52
0 20
78 96
0 35
21 46
0 57
75 96
0 95
0 66
73 96
0 79
6 96
46 96
0 25
37 17
0 72
0 26
0 37
0 60
0 30
0 78
1 96
0 61
34 96
59 7
35 96
0 42
0 21
5 96
59 10
70 96
65 96
0 51
2 96
0 59
0 36
24 96
10 96
0 43
24 89
57 96
53 96
0 81
89 96
68 96
11 96
74 96
72 96
50 82
0 40
17 96
93 96
12 4
