5
52
13
30
36
58
100
81 26
44 99
38 99
0 89
0 93
0 17
0 66
0 81
87 38
93 25
35 99
93 14
93 86
73 99
32 50
32 73
96 99
26 99
97 99
62 72
15 99
78 80
62 83
62 53
4 72
62 28
62 96
62 70
67 72
78 95
78 66
27 20
70 38
70 83
74 46
71 39
71 3
4 34
4 19
4 89
77 57
77 24
89 41
89 48
11 72
89 44
89 46
89 14
89 39
25 21
25 57
33 72
24 37
33 82
49 34
16 60
9 72
11 64
11 84
11 51
69 72
97 72
11 92
38 59
57 47
88 82
26 47
63 12
79 12
90 20
44 20
84 20
10 40
88 29
56 63
9 29
38 3
19 94
82 51
88 67
75 51
88 5
42 67
45 51
55 26
5 41
73 90
88 31
90 64
81 64
31 76
88 68
88 85
88 19
60 23
18 28
75 43
44 37
38 56
66 65
