0
100
0 49
54 99
0 26
8 99
0 10
46 27
46 25
46 50
46 34
66 34
66 81
45 79
45 44
45 86
8 95
15 30
54 48
10 39
10 38
79 12
79 21
79 37
22 53
22 85
57 1
57 58
57 56
57 93
4 21
13 77
13 95
13 88
64 69
64 85
3 5
3 31
3 65
51 82
80 28
95 67
56 49
55 61
55 93
44 62
44 86
44 1
94 23
94 17
90 65
87 30
83 78
87 63
40 98
77 7
2 7
77 82
77 2
70 40
70 41
96 63
86 75
1 47
42 35
58 98
11 98
78 61
49 75
52 75
43 30
78 85
32 58
74 28
11 28
47 28
27 43
27 12
53 88
53 74
53 19
37 6
34 6
91 9
43 11
69 47
29 58
69 40
5 73
41 12
48 74
59 35
59 82
61 71
65 76
19 76
19 92
85 25
35 82
25 62
47 76
23 34
