5
77
50
80
56
64
100
46 74
63 99
0 20
1 99
0 99
33 88
0 33
38 99
78 99
41 99
35 99
70 99
74 99
0 69
58 99
88 99
0 94
11 99
10 99
93 99
34 85
35 88
83 49
0 87
30 99
0 46
0 34
0 92
25 99
0 65
0 38
0 1
0 12
0 40
49 99
96 99
82 99
42 99
0 95
3 99
89 99
44 99
0 42
0 82
0 79
81 99
0 62
0 97
55 99
16 99
28 99
0 52
0 48
0 16
30 61
45 99
73 99
61 99
85 99
98 79
43 99
19 99
0 6
60 14
33 99
79 99
0 55
0 89
0 8
14 99
60 53
0 88
0 26
65 99
72 99
26 99
18 36
0 68
66 99
10 53
0 60
0 71
0 10
0 32
0 41
0 63
0 96
36 99
59 17
0 73
0 83
0 25
17 99
54 27
53 99
24 58
39 53
86 99
51 99
12 99
