5
93
14
77
15
34
100
0 92
95 22
0 48
0 95
51 63
21 8
38 99
21 37
32 79
60 99
45 22
66 22
3 22
80 22
33 22
97 22
18 22
51 4
32 19
26 4
32 50
32 7
32 65
36 3
36 29
2 4
36 48
36 58
80 4
40 4
8 4
17 4
31 61
81 61
92 98
80 98
8 98
16 98
74 98
66 53
31 53
60 53
36 37
36 90
36 56
36 12
36 2
73 75
81 39
85 81
85 92
85 46
85 69
85 48
85 11
69 39
69 16
69 81
69 20
69 24
87 68
65 57
87 1
78 65
17 57
87 47
87 26
87 60
87 78
86 82
86 71
86 58
86 11
88 83
88 2
88 65
67 80
38 29
38 54
38 7
38 3
82 41
82 1
82 10
82 64
24 80
92 10
92 79
92 7
92 66
96 57
33 37
33 66
33 26
33 18
33 80
96 35
96 51
40 5
1 11
