5
6
64
43
1
67
100
32 28
2 15
28 79
15 79
75 5
21 2
0 76
0 21
44 8
56 5
14 21
2 13
41 44
11 50
32 5
69 8
40 13
2 5
62 31
8 79
24 13
27 13
70 13
54 70
45 16
54 44
47 5
73 76
0 54
38 19
61 31
38 49
32 13
32 71
14 36
7 5
60 56
15 20
32 38
32 75
16 58
0 59
0 32
20 39
14 45
70 34
16 30
40 39
17 4
0 14
40 25
61 55
0 61
0 16
17 77
17 20
15 68
5 79
40 59
17 72
40 69
0 17
0 40
52 58
0 15
58 79
10 39
22 54
73 63
73 10
73 24
22 44
27 12
58 39
70 22
70 73
37 44
3 28
70 52
3 57
27 56
58 78
23 31
37 30
27 31
58 76
37 21
27 72
53 50
70 3
53 31
27 11
37 35
27 38
39 48
37 78
27 60
37 55
70 23
24 45
