5
20
17
33
90
89
100
0 84
0 37
0 13
65 99
0 51
96 99
87 99
77 51
14 99
0 31
0 77
79 99
70 99
57 99
9 99
81 99
69 99
55 96
0 87
58 99
62 99
0 63
0 55
0 92
0 2
13 99
0 46
50 64
43 99
86 99
83 99
77 99
0 67
46 99
11 99
44 99
10 99
54 99
0 3
40 99
36 99
0 60
42 99
68 3
0 59
0 95
0 91
0 68
64 99
21 99
26 99
53 99
61 99
0 49
1 99
0 73
55 99
73 99
12 99
0 71
0 48
0 9
0 64
0 97
0 4
0 22
16 1
4 99
0 42
0 24
0 65
0 88
0 16
0 25
80 48
62 1
1 93
78 49
74 99
0 36
39 99
0 40
78 76
93 99
0 18
0 82
0 28
0 96
74 14
49 99
0 57
0 99
60 99
27 99
25 99
5 99
41 99
0 44
0 74
54 62
