5
56
54
38
1
30
100
92 99
13 99
36 99
71 99
59 99
9 99
82 99
85 99
0 80
23 99
86 99
33 99
19 99
0 99
98 16
48 99
7 99
22 99
0 68
87 99
68 99
69 99
40 99
24 99
0 71
58 20
6 4
0 28
0 57
84 99
20 99
0 37
78 99
32 99
3 99
0 55
0 6
0 86
0 5
0 98
0 9
0 75
64 99
0 94
0 11
0 20
0 72
0 49
25 99
10 99
80 99
79 99
0 81
0 77
94 99
59 26
0 51
0 76
44 43
0 78
49 99
28 11
0 58
0 2
0 41
0 17
0 25
0 89
0 12
0 96
0 24
29 31
26 99
97 99
55 99
43 99
31 99
81 99
0 60
21 99
77 99
93 99
90 99
0 48
0 18
70 99
0 59
27 99
76 99
53 99
98 99
11 99
0 8
0 32
0 82
0 88
0 22
51 99
28 99
13 6
