0
98
0 99
92 94
93 94
30 32
62 64
24 26
40 41
25 27
49 50
26 28
64 66
95 97
1 3
0 2
27 29
39 41
65 66
91 93
70 71
36 38
38 40
52 53
49 51
37 39
10 12
56 57
55 57
9 11
18 20
83 85
88 90
28 29
52 54
30 31
23 25
43 45
42 44
96 98
81 83
82 84
22 24
19 21
22 23
20 21
4 5
54 56
53 55
6 8
3 5
78 80
77 79
2 4
63 65
44 46
47 48
9 10
7 8
67 69
67 68
68 70
73 75
72 74
74 76
75 76
71 73
77 78
71 72
84 86
85 87
86 88
87 89
35 37
31 32
35 36
33 34
6 7
46 48
45 47
33 32
42 43
89 91
90 92
58 60
50 51
59 61
58 59
60 62
61 63
18 19
15 17
16 17
11 12
79 81
80 82
95 96
14 16
13 15
13 14
