5
19
50
83
61
58
100
52 96
0 16
0 71
0 21
0 23
0 17
36 99
85 99
0 82
11 99
1 99
25 99
93 99
75 99
39 64
54 99
64 99
0 65
9 99
18 99
31 99
13 99
77 99
24 99
0 14
41 99
62 99
0 27
59 99
9 14
0 92
0 94
57 4
47 15
27 99
0 91
69 99
0 47
4 99
14 99
0 81
55 99
21 99
92 99
16 99
45 99
3 99
72 99
0 39
87 99
0 57
90 99
66 99
33 99
8 99
0 36
65 99
65 30
0 80
0 99
29 20
10 99
70 99
0 96
81 38
0 29
0 9
0 33
0 87
0 45
71 99
0 10
0 72
0 3
7 99
0 67
20 99
89 99
0 79
0 90
49 73
0 35
0 4
0 42
0 64
0 49
23 99
81 99
76 99
79 99
28 99
68 99
53 99
32 99
48 65
0 43
0 48
59 74
82 99
74 99
