5
34
40
95
11
80
100
0 49
45 99
0 28
0 89
21 76
44 99
0 74
0 94
0 39
0 86
17 99
46 99
15 99
67 99
4 49
4 77
4 67
22 60
62 60
52 60
23 84
10 60
4 35
88 60
86 60
4 23
79 60
25 60
66 60
38 60
97 60
30 60
82 60
87 60
51 85
30 85
39 85
81 85
5 85
4 32
4 61
4 86
4 44
4 81
37 83
37 50
37 16
37 94
36 85
31 85
21 22
56 66
32 66
53 66
3 66
21 78
18 70
21 55
21 39
19 66
50 66
21 41
21 20
21 18
57 66
21 14
83 66
21 5
21 44
21 31
21 23
21 28
68 66
61 66
90 66
93 48
76 48
77 91
13 48
96 48
91 48
38 48
43 75
43 15
43 57
17 48
14 48
32 48
84 48
14 20
43 3
43 16
43 39
43 62
43 90
59 61
59 3
59 49
23 15
23 16
