0
100
0 25
16 24
46 69
24 69
67 69
25 57
50 57
6 57
34 14
52 1
13 14
58 14
1 14
39 14
4 25
7 25
44 49
30 16
0 33
0 15
0 9
62 16
45 16
49 16
15 16
27 10
67 10
5 10
39 10
0 64
0 2
52 26
60 30
0 12
0 52
0 42
44 65
35 2
3 5
17 45
56 45
9 45
1 45
47 53
3 38
6 29
40 29
19 20
23 20
52 61
66 61
3 68
19 15
2 15
33 15
4 15
3 39
2 47
51 58
3 67
3 8
62 58
18 6
3 46
52 34
64 58
1 58
64 7
64 4
64 66
17 4
17 28
1 2
1 34
12 6
1 4
1 41
54 6
21 34
37 58
59 7
59 49
42 7
42 5
11 7
60 51
9 11
9 13
67 11
9 50
33 34
9 4
67 4
36 2
56 2
56 6
34 62
11 28
5 2
7 2
