5
2
58
23
53
72
100
0 18
71 18
13 17
68 99
0 99
0 29
0 84
18 99
6 99
0 13
0 33
76 99
0 71
0 73
77 99
0 20
0 38
0 44
0 36
67 11
0 26
21 61
70 99
0 67
87 99
43 99
12 99
61 99
0 21
0 51
16 99
0 62
84 99
77 11
17 99
0 8
78 99
0 63
11 99
51 99
0 87
0 49
0 57
74 36
0 88
80 3
42 99
0 37
96 47
27 99
0 66
97 40
0 19
0 74
77 57
75 99
73 99
0 78
48 99
0 80
54 21
0 77
36 99
21 99
22 34
9 99
13 99
47 99
16 49
90 99
34 99
15 99
0 43
0 7
0 61
41 74
0 70
0 32
25 99
0 96
19 99
0 10
0 56
5 99
62 99
9 63
90 87
0 95
0 41
0 45
0 9
12 86
39 99
98 66
55 67
90 13
40 99
87 49
49 99
92 15
