5
29
70
38
62
2
100
65 79
20 69
11 24
4 79
0 35
35 34
0 20
0 13
24 79
34 79
0 51
28 79
47 79
14 79
0 17
13 79
60 8
54 79
0 64
8 79
78 79
37 66
27 79
7 79
41 79
0 9
0 15
0 37
0 72
33 79
0 60
66 79
30 79
0 69
63 79
51 79
0 44
0 14
11 79
37 79
0 26
71 79
0 27
37 52
64 52
78 52
0 1
0 73
0 43
0 10
0 36
0 53
46 52
59 52
66 30
66 63
26 52
66 11
66 12
66 17
66 42
66 64
16 52
47 52
60 52
4 52
41 52
66 15
25 52
65 52
13 52
66 23
3 52
73 52
23 52
72 1
21 1
5 1
66 43
42 1
66 24
66 72
66 21
66 9
66 78
66 36
66 45
74 78
74 39
74 12
74 57
74 27
74 47
74 51
74 61
74 64
56 1
4 1
74 75
18 1
