1
59
100
2 48
0 69
69 79
0 25
29 79
62 79
43 55
69 60
0 2
0 4
0 45
0 73
0 51
13 32
47 79
13 29
38 1
4 24
4 20
4 8
4 37
65 27
21 79
65 43
65 12
55 79
65 2
65 64
24 10
60 36
24 57
73 36
19 36
9 34
10 55
17 55
5 32
5 70
45 32
5 64
63 32
29 32
48 32
77 32
43 75
6 75
15 75
5 76
5 42
5 47
5 53
5 1
66 56
54 56
42 17
58 45
42 43
42 8
42 29
1 48
1 64
1 29
19 48
19 7
19 67
20 45
19 8
27 45
19 77
30 45
19 17
19 3
33 22
33 26
48 45
8 45
62 47
2 53
2 73
17 35
17 22
71 22
71 10
73 56
76 6
12 27
12 31
12 28
12 60
63 57
25 57
60 6
22 20
60 52
60 77
44 20
3 20
44 28
64 28
10 61
