5
41
16
11
51
18
100
0 91
74 91
0 12
0 33
0 70
9 13
0 20
29 91
42 91
34 91
13 91
0 79
0 44
0 89
0 26
0 42
46 91
0 71
0 74
0 21
0 45
88 91
0 67
2 82
0 78
0 76
0 43
0 80
0 58
0 29
0 75
77 91
0 30
27 91
82 91
0 17
0 47
0 15
0 62
25 91
0 81
83 91
0 63
47 91
9 91
76 91
0 61
7 91
70 91
0 49
0 3
0 52
0 27
0 38
14 91
0 66
0 28
0 24
0 68
0 86
0 88
85 91
87 91
61 91
37 91
0 32
56 91
52 91
80 91
60 91
79 91
48 91
89 91
12 91
40 91
35 91
84 91
90 91
44 91
63 91
28 91
0 60
0 34
0 48
0 50
0 2
0 13
0 19
0 84
0 39
0 54
0 14
0 37
66 91
19 91
36 91
0 6
0 5
43 91
0 77
