5
2
90
33
65
72
100
0 32
0 29
26 94
16 69
0 14
0 93
0 26
0 16
0 66
0 53
32 99
0 61
0 36
0 18
0 17
43 39
0 60
0 13
83 70
0 95
0 48
70 99
0 84
0 46
0 9
0 20
0 57
41 99
0 3
80 99
0 76
47 99
86 99
69 99
0 99
0 91
0 86
0 45
8 99
0 55
15 99
0 47
64 99
0 80
59 55
0 24
54 99
0 25
74 99
22 99
56 99
30 9
26 99
0 59
0 15
0 94
29 3
23 99
0 79
9 99
84 99
40 16
77 99
0 4
0 11
0 35
0 40
16 99
58 99
0 82
0 75
87 4
98 4
0 10
0 22
0 69
50 99
0 38
4 99
59 99
0 1
13 99
67 99
0 30
23 88
61 28
87 53
0 41
0 73
0 50
0 27
88 99
14 51
92 51
0 87
23 36
12 94
23 92
51 28
79 99
