5
84
44
85
38
71
100
0 99
59 99
65 99
63 99
0 48
94 99
0 27
0 9
0 12
0 60
41 99
3 99
31 99
16 99
0 98
0 67
23 99
0 91
0 19
0 15
80 99
73 99
0 14
0 86
18 99
0 33
0 82
0 40
0 45
39 99
32 99
0 64
21 99
90 99
0 68
6 99
0 20
0 66
8 99
34 99
49 99
96 99
1 99
46 99
51 99
61 99
89 99
77 52
37 99
0 36
25 99
0 2
57 28
0 59
52 99
87 99
41 98
50 28
0 22
93 99
67 99
0 77
94 4
63 75
81 15
54 48
0 57
55 86
28 99
0 65
0 63
80 88
0 54
75 99
55 97
16 27
0 72
0 47
24 99
50 14
16 68
0 41
23 66
0 94
50 79
73 14
9 99
55 7
39 4
80 64
43 83
32 11
80 98
6 79
55 56
27 99
16 11
43 4
0 50
0 55
