5
42
50
23
24
7
100
40 35
10 52
0 40
17 54
52 54
40 54
34 54
44 40
26 54
15 38
19 54
0 10
47 31
20 54
0 21
0 44
0 47
8 19
0 15
38 54
0 5
11 25
29 54
46 54
0 8
25 54
0 11
25 14
35 54
0 9
18 54
33 54
6 54
14 54
10 54
11 54
22 54
8 54
0 45
0 46
5 54
36 37
43 54
41 43
27 54
45 54
32 54
21 54
0 35
0 36
5 44
47 54
44 54
51 54
1 54
19 41
0 17
48 54
16 54
0 19
0 18
12 54
53 54
15 54
2 54
30 54
36 54
21 49
40 49
43 49
48 49
1 49
0 49
33 49
0 20
0 48
10 49
0 33
0 41
0 13
16 49
0 22
4 49
0 25
0 14
52 49
0 12
0 16
0 34
0 43
29 49
22 49
39 41
39 27
27 49
39 29
39 12
39 25
39 28
39 18
