5
42
86
18
11
79
100
55 33
0 76
0 55
0 85
0 92
0 20
0 56
9 34
0 7
70 95
34 95
62 95
12 71
71 95
0 10
0 52
10 95
83 95
0 16
31 95
89 95
66 95
0 72
6 95
0 39
28 95
0 95
0 21
0 25
0 6
0 22
0 82
0 33
40 95
0 31
5 95
56 95
47 7
0 53
0 38
0 77
17 95
35 1
0 32
0 47
23 95
0 40
13 95
0 87
0 35
0 51
0 17
75 59
33 95
0 13
7 95
0 14
59 95
44 95
26 61
1 95
60 95
61 95
0 49
72 95
26 95
0 29
0 91
90 95
0 58
35 95
24 41
55 95
78 95
41 95
75 95
0 36
0 24
0 68
0 26
51 95
78 35
0 75
0 61
32 95
0 5
0 19
91 95
84 95
63 95
8 95
0 78
93 95
80 95
37 21
89 34
93 15
67 66
81 20
21 95
