0
91
39 38
45 42
45 59
60 79
24 34
58 41
54 42
47 42
43 51
44 46
40 46
26 38
24 39
29 38
24 21
36 38
32 33
27 25
31 21
33 25
39 36
24 37
49 48
44 48
50 48
40 48
43 54
52 40
49 43
49 52
56 52
24 22
30 31
23 20
23 22
23 34
23 27
32 20
26 28
28 20
32 31
22 27
26 39
66 79
72 76
72 60
72 61
72 78
75 79
72 66
72 62
63 79
61 79
72 65
72 67
75 61
64 79
65 71
65 63
65 64
76 79
71 79
69 79
76 78
60 78
74 68
62 78
70 73
77 73
77 63
76 63
66 71
69 71
74 71
61 60
77 60
62 60
77 64
77 66
77 62
69 64
69 66
69 74
67 74
67 61
76 64
74 64
70 64
74 62
70 62
76 66
