5
79
51
18
24
40
100
0 99
0 26
0 69
0 55
69 99
20 99
65 99
54 99
68 99
28 99
96 99
95 52
0 83
26 90
0 76
0 78
0 38
63 92
52 99
0 63
54 77
57 99
90 99
84 99
77 99
0 49
38 99
0 62
13 99
0 92
48 99
87 99
23 2
66 99
41 99
57 92
0 25
2 99
92 99
42 99
0 60
31 99
0 17
7 99
89 99
17 99
83 99
0 87
0 68
0 47
7 34
6 8
26 73
10 99
0 52
0 41
29 54
19 99
0 6
0 9
0 33
0 46
0 77
0 29
0 84
0 12
0 3
0 80
0 23
76 99
0 15
0 65
0 45
0 50
0 86
0 34
0 19
72 99
0 44
80 99
4 58
25 22
95 99
19 73
58 99
14 99
22 99
73 99
15 99
59 99
0 13
78 99
71 99
6 99
16 99
0 4
0 90
53 99
0 94
33 99
