5
42
8
72
58
67
100
95 55
0 74
45 62
0 10
29 24
0 14
0 45
77 25
0 20
53 99
0 36
0 29
0 89
24 99
0 50
0 97
0 62
0 77
25 99
0 68
0 91
78 99
0 52
0 96
0 59
55 99
23 99
0 9
4 99
86 49
0 44
81 75
0 38
13 15
0 71
0 66
46 62
6 49
19 99
0 81
86 75
0 60
15 99
0 13
0 3
49 99
0 12
0 84
40 99
76 99
0 86
0 15
70 99
59 99
7 99
0 46
21 99
0 33
48 99
0 6
0 87
28 99
41 99
0 65
0 34
33 99
0 30
0 47
0 23
0 41
2 99
91 99
0 26
63 52
51 30
0 79
0 63
0 51
50 99
88 99
87 99
82 99
11 99
65 99
34 99
20 99
0 56
54 99
0 83
0 7
0 70
71 99
0 69
54 85
22 99
63 99
54 57
54 68
16 99
54 73
