0
97
0 42
64 61
11 23
11 75
11 40
92 3
18 92
55 37
39 99
15 99
55 44
63 99
55 36
55 5
55 24
5 46
5 64
5 77
82 19
63 65
1 99
62 99
78 70
31 43
86 99
23 48
8 66
31 73
84 66
62 34
62 25
13 80
13 95
13 75
13 59
2 29
51 44
51 98
51 25
61 50
79 39
71 29
53 29
42 15
97 15
36 50
65 25
10 56
8 6
67 6
9 16
39 97
27 26
10 26
60 94
64 91
71 94
14 94
49 44
34 89
58 36
37 12
93 87
60 46
41 87
81 71
90 68
60 72
8 68
37 1
17 68
14 88
90 3
69 70
28 38
28 80
4 3
4 86
65 14
53 45
53 30
58 41
81 74
27 33
85 33
21 92
43 3
84 35
38 52
81 58
72 96
81 12
93 23
32 43
72 49
19 80
27 67
