5
57
94
22
38
33
100
0 18
0 50
8 99
0 32
84 8
84 17
0 71
0 84
46 99
0 13
18 99
3 88
95 99
0 99
88 99
60 99
86 99
53 10
66 99
64 99
0 4
10 99
23 99
50 99
85 99
0 48
0 74
0 85
56 99
0 58
0 60
0 52
13 99
0 40
0 43
68 99
37 99
0 73
27 99
9 99
0 55
83 99
69 99
12 99
0 95
82 50
39 20
0 59
0 89
48 99
4 99
28 99
61 99
78 99
3 99
20 99
0 87
0 9
59 99
53 99
0 82
55 99
58 99
54 99
87 99
0 83
0 39
34 36
89 99
67 99
79 31
0 27
0 65
0 41
26 99
0 35
42 99
36 99
31 99
49 99
0 21
1 99
0 34
0 11
5 91
0 19
0 77
0 63
76 99
0 54
0 26
0 68
17 99
75 80
0 56
91 99
0 75
62 7
0 86
32 77
