5
28
89
65
45
61
100
0 99
68 99
85 36
22 50
0 85
2 99
29 99
60 99
19 99
74 99
59 99
0 22
41 99
0 31
49 99
69 99
52 81
0 9
0 7
0 76
0 52
0 69
0 10
77 99
90 99
0 94
0 93
0 91
0 60
31 99
62 99
0 41
73 99
0 48
57 99
91 99
22 99
50 54
39 99
0 18
66 99
37 99
16 99
72 99
12 99
0 86
11 33
0 36
0 70
0 50
54 99
0 55
94 99
0 98
0 20
20 99
52 99
0 11
0 46
0 84
88 99
6 99
76 99
34 99
0 53
4 83
86 99
0 77
70 99
93 99
32 38
23 99
0 87
56 99
0 96
55 99
0 1
0 32
42 99
0 4
98 99
0 97
34 80
38 99
0 33
7 99
0 23
40 99
11 99
0 6
0 34
85 99
0 8
0 74
3 80
3 47
0 2
44 99
81 35
0 81
