5
31
69
67
66
11
100
0 60
54 89
28 89
0 78
0 4
0 79
0 18
0 75
87 89
19 89
27 89
0 86
0 43
0 6
0 71
1 89
64 89
81 89
40 89
86 89
43 89
0 24
63 17
0 88
0 61
0 63
59 89
0 21
70 89
44 89
62 89
35 89
16 89
0 50
32 89
71 89
50 39
0 7
64 62
0 22
0 37
0 40
13 65
13 87
13 12
44 39
15 39
13 6
62 39
13 82
13 88
13 10
13 34
13 42
13 44
35 39
52 39
36 39
13 75
13 27
13 55
55 39
13 58
13 85
13 15
13 9
13 53
60 39
73 39
14 62
40 60
14 76
3 39
58 39
38 39
84 39
56 39
57 39
14 42
12 68
14 40
14 65
14 83
14 47
36 68
48 68
43 68
10 68
14 27
14 22
14 36
45 68
14 71
14 43
14 35
73 7
73 68
75 68
73 56
23 68
