5
18
78
3
34
13
100
0 44
0 42
76 25
0 56
11 99
38 99
0 17
0 96
0 36
0 66
0 76
17 99
90 99
94 99
6 99
66 99
0 74
0 63
0 15
10 99
0 39
0 77
84 99
71 99
0 95
0 86
0 87
0 40
0 38
55 99
0 73
98 99
0 65
0 9
75 99
0 24
0 19
35 86
0 92
0 99
68 99
79 99
87 99
0 62
30 99
21 99
60 99
74 99
0 20
0 93
32 99
65 99
0 48
0 60
0 80
0 30
0 43
0 98
0 45
0 16
0 10
0 58
0 89
0 59
72 73
0 26
0 49
63 99
0 37
39 73
0 22
0 52
41 99
0 57
56 99
73 99
86 99
0 35
0 53
19 99
48 99
53 99
9 99
0 50
0 25
64 99
2 99
1 99
29 99
16 99
47 99
0 71
0 32
68 83
0 97
40 99
37 99
28 99
75 73
65 5
