5
39
37
20
41
43
100
10 71
0 60
13 71
58 17
28 71
0 15
0 47
70 49
0 17
4 71
26 71
5 71
0 40
0 1
68 71
0 68
46 45
0 49
16 60
0 66
0 16
0 30
0 67
0 65
4 17
29 71
47 71
0 46
64 71
55 71
0 50
45 71
0 23
0 14
0 53
0 26
2 71
46 71
3 58
50 58
42 71
67 71
58 71
54 71
48 71
19 71
7 71
34 71
60 71
44 71
70 71
51 71
30 71
0 9
49 71
0 36
0 4
0 19
32 71
0 7
0 2
24 71
0 8
0 31
14 71
9 71
8 71
0 25
56 71
57 71
40 71
23 71
18 71
0 33
0 62
3 71
0 32
0 22
0 28
0 24
0 64
0 10
17 71
0 13
0 63
11 5
58 15
0 27
0 44
0 11
0 58
0 5
0 55
0 59
52 35
0 57
0 52
54 50
68 24
61 30
