5
35
71
82
65
93
100
0 83
0 39
68 11
11 95
31 95
62 95
0 22
0 63
61 95
3 95
24 70
52 95
57 95
0 13
70 95
64 95
74 95
0 62
16 95
0 58
79 95
85 95
14 95
44 95
77 95
76 95
13 95
25 95
0 78
41 95
68 95
28 95
78 95
17 95
21 95
45 95
66 95
0 95
41 32
69 88
73 95
0 24
0 37
76 32
0 11
1 51
0 69
0 26
50 32
31 55
0 90
89 38
20 95
0 53
0 76
92 95
0 31
0 9
0 89
0 50
0 74
62 77
0 3
0 48
0 5
51 95
58 95
0 14
12 92
0 73
0 59
0 85
0 19
0 38
0 68
6 43
33 32
0 52
59 95
92 19
8 81
0 12
0 8
0 45
67 95
0 49
0 92
88 95
55 95
0 57
0 15
0 91
94 95
0 40
32 95
0 88
19 95
28 38
80 95
38 95
