5
20
42
97
12
21
100
5 99
0 44
28 99
0 52
18 99
61 99
0 4
0 59
35 99
15 93
19 99
98 99
37 99
41 99
0 8
0 39
54 99
2 99
0 43
27 15
0 70
0 92
39 99
0 64
44 99
0 27
93 99
34 69
0 61
0 1
0 34
67 99
96 99
40 99
74 99
15 99
26 99
13 99
0 58
0 57
0 73
0 68
0 63
0 48
0 78
67 91
67 96
67 44
67 85
49 22
67 48
87 22
67 60
67 73
67 22
67 1
67 6
67 39
67 75
67 77
67 45
67 71
67 27
67 57
67 37
67 29
92 41
92 22
92 31
94 22
92 76
92 37
92 13
92 81
9 22
15 22
66 22
92 88
92 53
25 22
14 22
92 43
92 6
55 22
92 27
16 22
92 64
92 54
98 22
56 22
90 22
30 22
13 22
92 1
35 28
25 28
6 28
24 28
95 28
92 16
