5
14
53
76
48
25
100
87 74
24 42
6 94
0 24
19 8
0 12
0 87
0 19
39 94
42 3
29 94
0 67
84 94
38 94
3 94
0 47
1 94
41 94
74 94
9 94
0 55
0 32
13 94
73 94
90 7
62 94
0 42
81 70
0 82
77 67
0 90
71 94
70 94
69 94
15 94
81 11
0 77
0 29
0 43
0 63
0 71
57 37
0 81
0 93
0 17
26 83
0 23
0 60
0 91
0 26
0 66
0 46
0 79
0 44
54 86
67 94
17 94
86 94
0 92
0 21
87 94
5 94
0 61
0 80
0 10
34 92
0 8
0 45
63 94
32 94
0 34
91 94
7 94
2 94
4 94
49 94
35 94
52 94
57 19
21 94
82 94
19 94
0 57
8 94
28 94
0 94
18 94
0 36
40 94
60 94
44 94
45 94
72 79
47 94
6 77
0 72
0 85
17 46
79 94
51 94
