0
97
0 89
0 27
62 99
6 99
11 99
40 13
4 60
85 60
32 38
24 60
32 91
32 67
71 64
71 39
3 78
98 37
98 48
45 78
98 5
4 70
96 78
55 78
4 69
4 94
4 40
44 38
33 83
97 83
45 43
96 23
42 49
26 56
42 30
5 7
5 86
8 75
50 75
82 75
67 38
67 10
33 11
28 17
65 26
41 27
96 48
96 10
25 73
88 35
53 91
81 91
70 91
12 66
68 11
16 82
18 85
92 82
90 82
58 70
7 6
34 1
89 1
18 57
2 6
19 6
49 6
22 55
69 6
10 97
20 58
2 85
36 88
7 77
86 39
81 46
49 8
80 51
62 73
12 94
59 45
50 30
8 20
51 50
53 45
85 63
63 46
18 48
18 65
36 9
48 7
19 52
22 28
21 62
88 7
84 3
84 65
9 65
84 2
