5
15
64
46
93
65
100
21 96
72 96
36 27
38 96
66 96
71 17
0 68
17 96
0 36
18 96
28 96
58 6
0 9
0 91
85 96
0 84
58 32
11 96
43 54
69 96
27 62
54 96
6 96
24 96
0 27
8 96
84 96
50 96
3 96
0 58
19 96
31 96
35 96
49 96
0 4
0 37
47 96
0 31
0 72
0 13
0 23
0 76
0 57
87 96
0 79
0 69
0 67
0 94
0 44
0 12
16 96
92 57
58 96
34 29
0 75
0 19
59 87
57 96
55 96
80 96
81 96
59 39
0 34
2 96
44 96
23 96
0 61
74 96
71 96
51 96
10 27
0 59
53 78
51 26
0 40
34 96
30 96
92 96
4 90
26 96
78 96
0 66
29 96
0 63
41 96
0 10
0 51
56 96
0 39
0 53
0 85
0 28
90 96
0 70
18 47
56 67
0 18
0 50
49 29
25 30
