5
41
47
30
6
29
100
54 55
50 53
50 51
0 38
0 28
0 36
0 20
14 49
0 17
0 22
7 49
20 49
0 2
0 26
40 9
38 49
0 44
9 49
16 49
33 49
0 14
22 49
0 40
42 49
8 49
27 49
28 49
0 7
0 11
0 37
31 49
0 49
2 49
11 49
4 49
40 49
1 49
25 49
0 34
0 8
0 10
0 27
0 16
39 49
13 49
44 49
18 49
15 49
0 48
0 19
0 21
12 23
0 31
12 9
0 32
0 12
0 18
0 13
0 33
26 49
0 5
0 42
19 49
0 35
48 49
0 43
0 9
34 49
0 1
0 24
43 49
10 49
36 49
0 39
0 25
0 4
0 46
0 45
0 23
3 49
0 15
12 49
3 17
3 31
3 7
3 5
17 49
3 42
3 23
3 40
3 35
3 27
24 49
3 20
3 25
37 49
3 24
3 43
3 4
3 36
