5
64
60
4
7
86
100
0 51
0 22
0 42
9 96
11 96
0 57
51 95
62 96
0 13
0 75
95 96
0 92
0 46
67 50
28 96
0 87
70 89
0 82
40 96
10 96
70 56
0 61
0 14
0 39
19 56
89 96
15 96
0 70
22 96
56 96
19 74
65 96
61 55
0 28
27 96
74 96
0 63
0 96
20 96
0 19
0 1
55 96
49 96
30 96
0 10
0 76
0 62
57 96
0 41
0 12
0 2
61 51
67 96
83 96
0 77
0 21
33 96
72 96
66 96
78 96
84 96
26 96
0 74
91 96
14 96
12 96
68 17
53 96
80 96
17 96
81 96
18 96
0 36
69 96
34 96
5 96
75 96
0 40
0 65
0 68
0 91
0 53
0 18
0 50
37 96
0 54
35 96
82 96
36 96
0 31
0 84
47 96
6 96
13 96
79 96
8 96
32 96
42 96
58 6
5 75
