5
77
84
2
14
29
100
0 52
57 99
0 9
0 64
16 99
0 69
0 92
0 6
0 70
0 57
0 66
0 1
88 99
0 33
0 48
0 56
75 99
0 7
0 21
0 26
0 39
0 95
22 99
0 54
0 49
0 61
0 81
59 99
3 99
8 99
25 99
0 80
0 96
89 99
0 62
0 72
0 99
15 99
35 99
0 36
76 99
0 19
20 13
52 99
30 47
0 98
0 73
0 75
4 99
13 99
0 38
47 99
11 99
38 99
0 20
34 99
54 99
0 45
0 71
0 86
0 23
0 32
0 94
65 99
6 99
0 27
0 30
0 51
0 22
0 31
0 90
0 50
0 74
0 78
97 99
0 15
0 41
0 25
67 55
0 59
0 82
0 3
0 4
0 8
0 47
36 99
0 35
0 42
0 44
0 76
0 87
0 13
0 63
0 67
0 17
39 99
55 99
70 99
0 97
83 99
