5
69
42
30
56
23
100
14 5
21 73
0 14
0 73
68 73
0 33
0 55
5 73
7 73
0 39
0 27
0 15
0 32
58 73
71 73
3 73
20 73
13 73
62 73
0 41
0 50
1 73
0 70
0 24
0 53
0 31
67 73
9 73
0 3
0 52
8 73
15 73
59 73
13 63
0 21
43 73
40 73
0 60
0 35
49 73
63 73
47 73
0 54
68 55
7 46
50 73
0 48
55 73
46 73
45 73
35 73
57 73
28 73
25 73
11 73
0 10
8 19
0 2
16 73
18 73
0 51
0 20
27 73
0 4
64 1
72 73
0 36
10 73
48 73
65 73
0 68
19 73
31 73
24 73
53 73
2 73
34 73
16 22
0 64
0 71
0 17
0 8
26 73
0 19
0 61
0 25
29 73
0 38
22 73
37 73
44 73
38 73
0 66
44 67
50 6
43 70
65 35
11 53
14 73
70 73
