5
78
44
55
13
51
100
59 99
0 4
86 99
92 99
21 99
95 41
53 99
66 99
0 88
0 95
0 61
0 19
0 26
0 14
0 24
0 94
46 99
0 91
63 87
0 46
0 43
12 99
56 99
42 99
30 99
83 99
77 99
29 99
75 99
96 99
81 99
60 52
27 58
84 52
19 52
39 52
58 52
22 52
65 52
9 52
40 81
27 63
16 81
98 81
89 81
69 81
27 79
27 7
43 81
14 81
29 81
27 40
27 28
27 10
27 77
79 81
27 6
27 35
23 81
9 81
62 81
38 22
24 22
27 31
27 72
27 50
27 24
27 76
27 61
20 22
30 7
30 14
30 40
10 22
58 22
30 79
30 36
29 22
23 22
97 22
36 22
57 22
19 22
79 22
69 22
95 35
63 43
74 35
20 35
90 35
23 35
48 61
34 35
5 43
62 35
43 35
30 72
4 35
91 35
88 35
