5
15
14
13
5
4
100
54 98
0 98
0 54
86 54
36 98
79 22
54 3
57 98
22 98
10 3
25 98
42 98
0 66
3 98
59 10
61 98
33 66
9 98
23 98
66 98
41 98
37 98
24 98
50 98
60 98
17 98
21 98
67 62
0 56
22 62
54 62
85 62
24 62
21 62
0 86
26 62
91 62
81 62
58 62
0 42
0 25
0 16
77 62
71 62
0 67
0 37
96 62
97 62
0 59
0 81
42 62
90 62
68 62
23 62
41 8
95 62
0 1
51 62
78 62
86 62
12 62
83 62
75 62
65 62
53 60
0 71
0 60
34 60
85 60
92 60
0 17
25 60
0 10
9 60
22 60
79 60
0 65
16 81
42 60
65 60
37 60
94 60
41 60
0 47
10 60
0 97
81 60
69 60
73 60
80 60
51 60
90 60
96 60
87 60
88 60
31 95
48 95
41 95
57 95
24 95
