5
24
58
43
76
25
100
0 6
77 96
0 27
0 39
89 96
38 53
27 96
0 14
53 96
0 94
0 36
57 96
18 20
0 55
40 33
0 95
0 28
0 67
0 85
90 40
0 90
0 38
33 96
0 62
0 82
0 91
20 96
29 96
0 48
0 35
0 73
0 53
74 73
0 88
0 30
95 96
1 96
0 74
0 81
0 15
0 18
0 42
39 96
37 96
12 96
81 96
75 96
0 45
0 41
64 96
0 49
0 44
0 8
0 12
34 96
0 87
69 96
15 96
70 96
30 96
0 77
0 50
0 61
86 96
51 96
0 68
0 63
0 7
0 33
0 86
0 26
83 74
92 96
0 23
0 64
0 16
74 96
47 96
22 82
0 83
36 96
0 17
0 96
6 96
0 22
0 71
0 89
27 70
0 54
0 72
0 20
0 1
0 56
7 96
46 96
4 68
94 96
0 5
67 96
75 85
