5
56
65
49
55
64
100
32 66
66 99
53 99
0 26
61 99
60 99
0 41
73 99
0 38
82 99
0 34
0 31
0 32
0 43
0 28
68 99
58 99
0 37
62 99
0 29
67 99
0 27
5 46
97 99
90 99
93 99
0 20
0 10
0 16
0 13
0 5
0 17
0 8
0 7
0 18
0 4
0 25
81 99
0 2
0 23
0 19
75 99
86 99
80 99
0 11
0 1
0 6
0 14
0 9
3 43
83 99
37 78
3 51
76 99
3 31
3 34
92 99
3 44
89 99
87 99
85 99
3 27
3 37
3 26
3 4
94 99
84 99
3 7
88 99
3 17
78 99
79 99
3 15
72 99
95 99
91 99
71 98
3 20
3 16
51 98
3 14
57 98
3 8
3 6
3 13
3 10
3 29
3 11
3 23
3 12
3 5
3 2
3 1
19 60
79 98
72 98
87 98
74 98
66 98
19 40
