5
22
86
52
75
68
100
71 99
0 14
17 99
71 44
26 44
0 62
80 99
76 99
0 64
44 99
21 99
0 6
30 99
0 2
6 99
4 99
0 48
0 16
89 51
34 99
79 99
64 99
51 99
98 42
23 99
0 80
0 18
74 42
0 57
60 42
0 89
0 95
11 42
6 42
0 88
63 42
50 42
0 93
88 42
0 1
0 25
87 42
3 42
65 42
0 91
0 4
0 23
81 23
81 47
81 72
81 1
81 5
8 42
81 71
19 42
13 42
66 42
55 42
92 42
81 31
35 4
81 63
81 48
14 4
81 94
17 34
81 61
81 59
81 29
87 4
34 4
34 5
64 19
64 55
64 84
64 93
64 6
9 4
53 4
5 4
67 4
54 4
64 62
29 4
64 8
64 87
9 20
63 4
64 46
64 39
64 30
9 36
9 34
9 77
74 4
62 4
37 4
19 2
9 35
9 8
