5
35
17
26
43
42
100
72 38
0 16
0 79
0 5
0 99
0 21
33 99
0 74
38 99
70 53
98 99
0 66
12 14
53 99
60 99
0 61
14 99
0 23
37 99
0 70
0 12
21 99
23 99
63 99
0 48
28 99
0 95
69 41
87 99
0 98
0 33
0 78
65 99
13 99
69 97
88 99
0 4
29 99
0 58
68 63
37 59
93 99
0 69
9 99
52 1
59 99
0 81
0 62
41 99
0 80
0 92
58 99
0 68
0 39
48 99
1 99
0 96
0 63
97 99
74 99
37 38
0 89
0 22
80 99
51 99
94 99
4 99
0 47
0 8
81 99
85 99
22 99
66 99
82 99
68 99
12 99
11 99
72 99
77 99
91 50
0 87
0 2
0 37
47 99
0 49
0 20
64 55
0 75
0 32
0 6
0 91
0 88
0 29
0 64
0 19
55 99
0 65
9 10
53 25
90 99
