5
49
58
3
39
18
100
11 67
2 99
32 75
70 99
0 99
75 99
23 99
91 99
0 96
0 29
0 91
0 8
0 20
0 45
0 66
2 76
9 95
79 99
0 65
0 74
76 99
60 73
10 99
63 99
98 99
54 41
0 87
0 57
0 4
10 41
0 54
0 92
0 19
86 2
23 41
86 84
86 4
62 41
86 37
86 62
52 41
86 44
76 41
86 71
15 46
28 41
15 54
8 41
70 41
15 68
22 41
27 43
59 43
8 43
19 43
93 43
15 13
89 43
15 47
15 51
15 17
15 16
78 43
23 43
20 55
55 43
42 43
15 35
15 20
15 80
15 11
30 16
30 64
30 8
30 96
30 63
30 36
30 84
30 57
62 50
62 79
62 88
62 57
62 59
62 35
62 91
62 65
62 78
62 74
62 1
69 79
47 79
62 29
62 64
62 17
42 70
42 35
71 79
37 79
92 79
