5
32
26
28
76
62
100
0 23
0 60
36 82
0 3
50 93
0 36
0 41
0 52
0 8
58 78
18 82
0 16
51 93
0 40
0 20
7 80
0 58
0 73
80 93
23 93
0 79
0 67
0 22
0 33
82 93
31 93
78 93
0 61
39 93
21 93
18 93
0 83
77 85
68 93
0 6
0 38
36 15
52 93
0 10
0 53
72 11
85 93
14 81
58 27
0 64
92 93
0 77
73 93
2 27
43 93
48 93
0 51
79 93
15 93
27 93
36 93
16 93
0 14
81 93
0 72
0 86
0 55
0 25
0 46
77 93
88 93
10 93
92 57
0 93
65 46
34 93
48 63
57 93
0 92
91 93
30 93
41 93
66 9
46 93
0 63
87 93
38 93
0 89
71 93
0 44
4 93
0 19
69 93
0 48
63 93
17 93
11 93
0 34
0 66
0 17
0 91
53 93
0 49
0 29
0 43
