0
98
0 58
42 94
54 1
22 99
42 19
42 54
76 97
5 93
25 27
25 58
29 99
57 99
28 35
69 20
28 45
28 84
59 99
39 36
85 99
59 10
49 10
69 48
73 10
48 27
8 27
34 27
70 93
23 95
38 43
62 23
69 58
66 23
69 26
69 60
65 23
7 79
7 82
50 87
34 46
50 2
90 78
54 96
80 21
73 96
30 17
44 58
88 77
88 45
97 49
49 20
49 63
70 4
17 46
49 66
6 3
89 53
13 79
16 68
35 98
13 33
68 98
13 48
1 45
75 84
64 84
40 33
40 18
37 84
40 30
1 6
74 41
74 26
29 18
20 31
94 31
91 2
38 68
71 30
17 92
52 79
75 30
89 81
20 55
52 56
71 58
35 37
12 24
78 65
61 48
39 4
26 64
11 64
11 47
18 41
59 63
18 77
59 12
92 33
