3
23
69
52
99
0 98
41 99
58 99
7 70
78 99
64 99
0 18
0 84
77 8
0 40
70 31
79 76
37 31
96 31
90 31
56 30
61 21
90 65
11 65
92 42
15 24
96 24
56 37
92 38
92 97
92 39
60 59
58 18
27 18
95 75
3 18
95 41
14 41
12 54
49 54
26 50
27 50
71 63
56 63
97 19
68 63
97 38
97 8
97 46
29 74
29 90
1 22
73 22
32 10
15 10
17 34
3 34
67 13
57 19
51 61
96 71
61 71
51 2
15 2
95 62
28 62
16 62
78 57
32 64
33 64
11 48
38 67
12 17
1 17
35 16
51 12
85 76
11 47
85 46
51 44
8 44
68 44
39 84
19 84
68 58
56 73
43 15
80 33
91 5
80 5
74 39
77 94
70 28
45 74
3 32
80 66
91 19
3 98
25 14
53 14
53 83
70 83
91 8
77 68
