5
14
64
96
88
55
100
0 86
0 20
69 99
0 16
44 99
0 49
86 99
59 99
39 99
5 99
72 99
0 23
0 80
30 99
0 98
0 94
0 33
50 99
0 99
10 99
2 41
0 74
11 38
0 89
0 45
8 99
52 99
81 99
48 99
0 11
6 53
0 25
35 99
78 99
1 87
0 6
69 47
41 99
67 99
0 1
0 43
0 39
0 50
0 81
0 13
0 40
57 99
47 99
0 36
0 69
0 22
0 78
79 99
0 72
0 54
84 99
0 27
0 57
0 12
66 99
0 4
0 68
0 97
0 73
28 99
51 99
0 84
0 95
23 99
0 79
40 99
34 83
0 35
87 99
0 56
58 99
20 99
1 99
0 38
0 34
0 18
0 47
0 5
46 99
36 99
15 99
0 65
0 17
0 59
0 83
0 60
7 65
0 37
0 75
91 99
21 43
21 18
32 43
0 21
89 25
