5
9
85
80
76
37
100
67 7
0 49
7 96
0 66
0 62
0 45
0 25
57 96
0 86
0 64
0 50
0 57
10 89
66 96
54 96
95 60
47 96
0 70
14 96
0 48
27 96
23 49
29 96
0 13
60 23
0 95
0 82
89 96
34 96
49 96
60 94
33 96
0 14
45 96
50 96
77 96
0 73
41 96
60 52
0 28
63 96
0 60
8 96
20 96
70 96
69 96
53 96
32 96
11 16
0 93
92 64
0 75
60 96
88 96
0 12
64 96
0 26
0 53
0 92
0 54
0 32
0 69
0 24
0 22
0 2
0 35
0 11
0 5
0 81
19 96
83 96
0 8
0 20
0 7
0 44
16 96
0 79
0 55
0 17
87 96
42 96
0 52
0 63
28 96
0 96
23 96
38 96
0 36
35 96
0 18
0 16
0 87
21 96
25 38
58 96
42 7
12 96
18 75
61 4
14 75
