5
95
86
6
81
31
100
47 32
88 99
65 99
0 17
0 68
90 36
26 99
0 14
0 5
0 59
0 11
0 58
0 42
66 99
0 89
0 45
0 66
30 99
87 99
25 12
25 98
25 24
25 74
59 77
28 7
9 99
36 99
7 99
91 15
63 15
77 15
90 15
21 15
73 15
25 79
96 30
25 43
25 59
25 63
25 2
88 58
96 79
96 32
70 15
96 2
96 4
96 35
82 15
96 70
34 15
96 72
96 37
67 15
17 7
53 15
70 78
17 67
17 30
77 78
33 78
39 78
47 78
40 78
3 78
87 79
20 79
94 79
43 79
98 79
77 79
49 79
68 79
75 79
26 79
59 79
39 58
17 34
18 58
82 58
65 58
94 58
17 50
90 34
13 34
17 52
24 34
5 34
46 34
56 34
17 97
44 41
44 47
38 71
44 7
44 19
40 71
57 71
29 23
44 28
44 73
