5
50
63
49
8
74
100
0 52
0 94
0 35
61 94
0 25
0 83
0 14
13 94
0 33
77 94
44 94
0 70
72 13
85 94
0 61
39 94
5 94
89 94
84 94
0 56
12 94
62 94
0 34
0 76
47 94
0 42
0 72
0 39
0 80
0 43
25 94
87 94
0 79
0 69
65 94
91 94
51 94
0 17
23 94
81 94
30 94
0 48
34 94
0 40
0 21
31 94
83 94
46 94
0 66
0 36
0 31
64 94
26 94
3 94
41 94
82 94
88 94
0 37
0 28
0 38
0 11
0 86
0 9
0 26
0 57
0 55
0 54
0 65
67 89
92 26
0 60
0 45
0 18
0 81
0 64
0 6
0 75
56 94
0 92
0 84
0 7
14 94
0 93
0 90
79 94
71 21
53 94
57 94
0 3
0 82
16 94
73 94
48 94
11 94
0 71
0 85
42 94
23 93
27 94
0 23
