5
49
35
36
59
22
100
34 80
8 80
20 80
7 80
44 80
30 80
0 34
24 80
68 80
69 80
23 80
5 80
78 8
18 80
7 33
51 80
58 80
15 80
74 80
26 80
43 41
54 80
73 80
29 80
28 80
52 80
0 45
3 80
25 80
0 17
42 80
0 43
0 7
56 80
0 30
0 54
60 80
0 78
0 63
79 80
0 21
33 79
0 33
19 4
0 44
9 80
0 69
4 80
0 77
0 76
0 19
0 15
0 12
0 66
0 31
58 65
75 18
0 72
0 11
0 75
0 53
0 58
0 32
0 68
0 51
0 5
0 4
29 65
0 38
46 80
2 80
14 63
30 26
50 80
72 77
63 80
65 80
21 80
77 80
11 80
57 80
0 74
0 29
43 80
61 80
0 73
0 6
41 80
0 55
0 48
0 46
0 9
0 2
64 80
42 61
0 20
64 48
42 44
64 53
64 37
