5
74
84
17
18
29
100
23 33
57 67
63 73
89 99
31 32
12 13
21 31
25 35
45 46
11 12
0 1
11 21
20 30
11 2
20 21
11 1
48 58
56 66
77 87
62 72
2 3
12 22
12 3
21 30
97 98
22 23
22 32
22 31
38 48
46 55
13 23
13 14
13 4
4 5
53 63
79 89
88 98
96 87
34 43
86 87
96 97
78 88
79 88
59 69
77 78
68 78
69 78
14 5
14 24
14 15
23 24
62 63
76 77
34 35
51 61
32 42
32 33
57 58
51 52
70 80
41 42
50 60
41 51
41 50
41 40
31 40
51 42
60 61
70 61
71 72
81 82
66 67
87 88
81 72
71 62
91 92
71 61
81 91
71 80
81 90
86 77
76 67
55 56
49 59
58 68
58 59
67 68
82 73
48 49
37 28
48 39
27 28
82 83
82 92
45 36
72 63
73 64
47 38
37 38
66 57
