5
93
19
91
11
83
100
0 27
46 34
0 48
17 95
16 95
0 88
0 46
0 59
54 95
0 42
62 10
0 71
0 41
0 74
0 62
0 60
0 87
31 2
33 95
0 65
0 84
0 31
57 95
0 92
0 7
89 37
0 9
70 95
0 79
0 23
81 95
0 33
59 63
2 95
41 32
26 95
63 95
86 71
0 85
0 21
25 95
0 52
0 8
0 78
10 95
7 95
0 30
0 80
0 36
0 86
40 95
0 2
18 95
23 95
29 95
71 95
67 20
22 43
87 95
33 68
5 95
20 95
57 68
0 15
66 8
0 90
0 57
73 95
68 95
0 5
43 95
0 1
35 95
0 49
0 22
0 39
0 67
0 66
37 95
21 95
0 17
43 8
79 95
8 95
0 38
90 95
13 95
69 95
88 95
55 94
55 85
89 95
0 16
0 54
0 95
0 55
0 81
29 9
89 59
59 95
