5
70
47
29
8
3
100
56 95
62 20
84 95
9 95
24 20
0 42
81 22
20 95
22 95
30 95
0 32
92 95
18 95
79 95
0 45
0 28
0 94
0 30
0 23
19 95
32 95
0 6
43 74
78 48
62 95
0 41
0 16
2 95
90 77
0 75
48 95
0 12
0 43
77 95
0 26
74 95
37 95
0 25
0 66
0 48
0 36
0 13
0 81
0 35
50 95
0 37
0 17
0 68
42 95
0 1
0 38
75 58
44 95
63 95
0 69
58 95
0 51
0 7
15 95
13 95
59 95
18 90
0 95
72 95
4 95
5 95
61 95
0 18
33 95
0 73
31 95
0 58
0 89
39 95
0 24
0 63
0 21
38 95
0 15
94 95
31 55
53 95
0 40
65 80
0 67
0 31
0 52
0 55
16 75
0 71
0 49
60 7
0 5
0 19
0 79
10 95
0 4
17 19
90 45
36 71
