5
67
83
92
85
54
100
0 4
0 3
95 99
0 2
96 99
98 99
1 89
53 97
1 50
1 95
1 7
1 93
1 27
1 86
1 70
1 81
1 61
1 75
1 40
87 97
10 97
53 98
89 97
96 97
60 97
35 97
53 46
19 97
53 95
53 87
65 97
53 43
53 75
49 97
90 97
64 97
53 12
53 70
74 97
53 47
53 89
53 72
53 69
48 97
53 56
29 97
53 96
25 97
27 97
53 61
53 44
53 90
62 97
53 28
53 76
78 97
53 35
53 42
53 7
53 63
73 51
9 97
73 50
18 97
73 44
88 97
81 97
3 97
31 97
23 97
93 97
50 97
17 97
70 97
76 75
58 75
62 75
73 21
89 75
73 61
84 75
52 75
73 69
73 90
59 75
16 75
55 75
88 75
43 75
73 29
73 77
73 96
73 41
73 12
73 64
82 75
73 42
6 75
73 9
73 62
