5
59
38
43
30
5
100
0 1
6 99
0 44
0 31
80 99
72 99
42 99
25 99
88 99
75 99
6 34
0 6
49 99
0 64
71 70
0 61
0 17
0 87
0 13
53 99
87 99
2 99
81 73
9 99
0 71
0 98
0 92
82 99
15 99
89 81
51 50
66 99
0 12
34 99
0 51
73 99
0 89
0 88
0 3
28 13
0 54
0 29
68 99
58 76
84 99
19 83
0 79
35 99
76 83
86 99
79 99
83 99
62 99
85 99
20 99
52 99
10 99
80 27
50 99
68 12
0 28
90 99
13 2
98 99
27 99
80 67
12 99
0 94
11 63
95 99
58 87
24 99
63 99
31 99
0 80
67 99
0 68
1 99
56 99
71 99
39 99
87 92
0 55
32 92
86 92
50 92
57 92
55 92
18 92
94 92
81 92
67 92
53 92
16 92
0 11
21 92
0 41
0 58
0 40
0 67
