5
76
42
64
25
24
100
0 92
0 56
0 19
0 10
0 90
38 98
0 94
89 98
32 98
0 82
47 98
0 57
0 53
0 79
0 23
0 69
0 80
3 98
56 98
92 98
87 98
70 36
26 98
75 98
13 94
0 50
58 98
0 34
0 13
15 98
40 98
63 98
16 98
0 88
0 9
0 28
48 78
0 70
0 58
0 75
0 65
0 46
39 62
45 98
82 98
40 36
78 98
2 98
0 54
46 98
0 26
88 98
57 98
35 98
0 86
95 98
0 87
0 39
0 40
0 4
0 66
0 37
61 98
0 97
96 98
28 98
19 83
52 98
91 98
0 73
0 29
0 93
0 5
0 33
39 98
0 45
22 98
18 98
55 98
54 98
0 35
93 98
37 98
0 84
74 98
29 98
85 98
5 98
70 98
17 98
0 27
0 43
0 14
23 98
65 98
14 98
49 67
11 67
18 67
0 62
