5
67
72
17
92
96
100
93 99
56 80
0 98
49 99
0 43
65 80
0 66
0 54
0 35
0 26
0 89
21 99
0 65
0 10
80 99
0 53
0 57
0 85
0 12
11 99
48 99
88 99
54 99
39 55
66 99
0 64
55 99
32 99
36 99
8 99
0 80
62 38
23 33
0 14
13 99
89 99
0 34
9 70
23 37
63 99
38 99
70 99
15 99
23 43
74 99
23 39
21 64
34 64
82 64
23 49
22 64
60 64
53 64
70 64
23 1
23 88
20 64
23 42
23 95
23 93
12 64
55 64
23 82
23 7
48 64
33 64
76 64
10 64
52 64
60 39
28 39
80 39
88 39
23 40
76 39
15 39
23 71
82 39
20 39
12 39
23 53
75 39
52 39
23 90
10 57
54 57
28 57
38 57
44 57
48 57
21 57
23 76
13 57
14 57
5 57
70 57
90 57
87 57
29 85
23 97
