5
35
82
34
23
73
100
65 99
28 99
45 99
31 99
0 81
80 99
58 99
46 99
0 99
39 24
1 99
0 41
0 63
0 12
0 89
0 84
0 67
0 30
78 42
0 39
28 50
0 83
38 99
0 68
0 33
88 95
67 99
0 32
0 17
28 6
0 13
0 8
75 98
48 99
89 99
0 3
41 99
28 75
0 62
33 9
55 99
64 99
3 99
0 28
0 65
0 76
0 77
69 99
0 22
0 69
0 37
44 99
14 83
49 63
0 43
95 99
54 99
0 14
0 16
0 42
0 44
9 99
0 70
0 75
0 56
0 36
0 7
87 99
0 48
92 99
81 99
0 26
0 96
0 29
0 66
15 99
0 74
19 99
50 99
53 99
63 99
68 99
84 99
0 98
0 10
8 99
52 99
0 27
0 6
0 45
13 99
0 2
88 99
78 99
2 99
33 99
91 99
29 99
26 99
96 99
