5
81
44
36
37
46
100
18 20
0 9
62 99
39 99
0 65
0 28
18 93
18 2
18 95
32 50
18 52
32 78
19 99
20 99
33 99
49 35
61 35
90 35
91 35
19 35
59 30
2 30
43 30
42 30
95 30
71 41
73 41
97 41
16 41
78 41
5 41
38 41
14 8
11 8
87 8
47 8
66 8
13 62
51 62
91 62
3 62
61 72
16 72
50 72
52 71
42 72
49 72
76 3
96 3
64 3
6 3
98 3
32 17
32 25
32 31
53 33
32 91
32 12
32 28
32 80
50 33
14 15
92 33
14 20
61 33
69 33
13 73
14 12
14 11
22 73
5 73
87 73
21 73
14 84
14 9
14 58
97 59
97 2
97 16
95 88
6 77
6 91
6 56
6 63
65 49
93 87
82 88
65 39
65 78
47 88
61 88
65 93
65 47
65 1
61 13
69 88
87 88
61 50
66 88
49 88
