5
84
3
68
4
61
100
0 99
0 23
24 99
98 90
25 99
0 75
60 34
0 44
90 99
62 99
34 99
0 60
0 15
81 99
0 55
14 99
32 99
0 98
0 79
22 99
37 99
67 99
46 99
0 33
0 35
0 20
0 29
0 6
0 83
0 42
0 96
0 17
0 25
66 99
1 99
73 99
87 58
0 82
0 24
0 67
70 99
0 48
0 51
0 74
54 99
87 71
0 94
0 22
47 99
0 37
0 2
0 36
0 87
0 53
58 99
79 99
0 19
0 92
0 70
49 99
88 99
0 45
0 54
89 99
0 76
72 99
38 99
0 49
0 46
0 80
0 88
0 7
0 93
0 89
0 1
0 12
64 99
39 99
0 72
40 99
75 99
71 99
83 99
23 99
13 99
92 59
93 99
0 16
0 52
0 31
59 99
77 99
0 21
0 28
12 99
2 17
5 69
80 99
47 15
29 16
