5
54
10
16
7
15
100
0 99
0 33
0 75
8 99
0 17
57 99
41 99
60 99
17 99
82 99
31 99
42 99
2 99
23 99
39 99
22 99
0 11
45 99
81 99
83 72
29 99
0 38
25 14
0 98
0 61
0 95
0 67
31 4
0 80
0 57
56 99
0 28
0 31
0 23
0 84
0 70
11 99
18 5
93 99
44 99
66 14
18 77
37 99
84 99
0 83
79 99
14 99
0 43
94 99
66 99
0 18
25 95
92 99
35 99
39 83
77 99
0 40
55 99
33 74
49 99
52 99
70 65
86 99
53 99
0 25
0 79
0 35
0 36
0 59
74 99
0 22
33 99
80 99
65 99
0 81
97 99
18 99
85 99
83 98
58 99
19 99
0 66
63 99
0 82
30 99
0 58
28 99
51 99
9 99
98 99
96 99
89 99
0 53
88 99
21 99
0 1
39 61
0 60
8 61
48 61
