5
33
34
37
36
45
100
0 99
0 1
0 3
4 99
6 99
8 99
0 9
10 99
0 11
15 99
0 17
18 99
0 19
20 99
0 21
22 99
23 99
26 99
0 27
30 99
31 99
32 99
0 35
39 99
40 99
42 99
44 99
46 99
47 99
0 49
50 99
0 51
52 99
55 99
56 99
60 99
0 61
62 99
63 99
64 99
66 99
68 99
70 99
71 99
0 73
0 75
76 99
78 99
80 99
0 81
82 99
0 83
84 99
0 85
86 99
87 99
0 89
90 99
0 91
92 99
0 93
94 99
0 95
0 97
0 98
1 99
0 2
0 4
0 5
0 6
3 99
9 99
11 99
0 7
0 8
16 99
0 10
14 99
17 99
19 99
0 12
0 13
0 15
0 18
0 20
21 99
24 99
0 22
27 99
0 23
0 26
35 99
0 28
0 29
0 30
0 31
0 32
25 99
38 99
48 99
