5
12
5
39
16
45
100
0 50
3 50
0 11
20 50
0 22
0 23
0 33
40 50
0 44
0 47
0 1
0 3
0 4
0 9
0 10
11 50
0 20
0 31
0 35
0 40
0 41
0 46
44 50
47 50
2 50
29 50
30 50
34 50
48 42
22 50
23 50
33 50
7 50
24 50
42 50
48 9
10 43
11 43
20 43
48 19
48 34
48 4
48 10
48 11
9 43
48 20
31 43
48 35
48 44
48 47
2 41
15 43
48 21
48 29
48 30
48 36
41 43
13 43
7 43
19 43
8 43
2 23
2 40
44 34
2 47
2 15
2 32
2 1
2 3
2 4
2 31
23 34
2 44
2 18
2 27
2 28
2 36
33 34
35 34
13 34
15 34
37 32
40 34
47 34
17 34
32 34
14 34
37 44
49 38
37 28
37 36
37 1
37 33
4 38
3 38
44 38
37 27
47 38
18 38
28 38
