5
48
67
12
62
74
100
0 57
0 6
0 70
0 4
19 94
57 94
85 51
0 78
0 14
0 23
0 65
0 71
28 21
41 94
84 94
0 46
0 85
0 91
0 36
79 94
65 94
19 53
52 58
6 94
30 94
0 35
0 19
23 94
46 94
0 28
51 94
0 31
0 73
0 52
0 83
0 21
0 77
68 94
24 94
0 76
0 79
53 94
0 47
0 68
0 87
0 7
0 34
0 42
0 63
0 88
0 94
0 40
85 94
0 32
0 16
90 94
93 94
5 94
0 82
0 89
0 11
0 24
92 94
0 60
0 56
0 1
0 51
47 94
17 94
63 29
56 94
33 94
38 94
0 9
0 86
29 94
18 94
87 94
42 94
28 94
88 94
83 94
0 38
60 94
0 61
55 94
0 50
0 22
0 37
84 71
0 26
0 49
15 88
69 94
0 90
0 84
18 75
41 89
18 22
58 44
