5
96
70
42
62
9
100
0 50
54 80
0 56
71 99
0 79
0 33
18 49
78 99
41 99
1 99
0 87
80 99
49 99
67 99
0 12
0 37
57 2
85 99
0 51
25 99
97 99
0 40
72 87
36 99
0 45
50 99
2 99
5 99
38 99
23 99
75 99
87 99
13 99
61 99
76 99
66 99
93 99
56 99
43 99
90 99
0 29
0 55
0 10
66 79
0 72
55 12
52 99
92 99
15 99
77 99
58 99
0 44
79 99
36 55
57 99
0 30
24 99
94 41
0 66
0 35
14 99
7 45
0 36
89 99
35 99
45 99
0 94
6 99
0 34
0 54
59 99
0 84
0 93
0 14
0 47
22 99
32 99
82 99
47 99
17 99
37 99
0 2
98 99
86 99
20 99
21 99
51 99
0 69
74 99
0 1
0 65
0 53
0 91
34 99
0 99
78 12
83 99
29 99
95 99
87 40
