0
99
34 36
42 44
47 50
15 18
46 49
50 53
33 35
0 2
0 3
1 2
1 3
27 30
14 17
26 29
6 8
19 22
9 12
18 21
7 10
27 29
8 11
9 11
51 52
16 19
17 20
18 20
28 30
10 11
9 10
18 19
31 34
33 36
32 34
33 34
28 29
33 32
31 32
30 32
31 29
31 30
43 44
45 48
38 41
42 45
42 41
42 43
15 17
13 16
10 12
13 12
13 11
44 47
46 47
14 16
4 6
2 5
4 7
4 5
3 5
4 3
6 7
6 9
39 41
46 48
40 41
43 45
44 45
43 46
37 40
38 40
42 40
38 39
36 39
5 7
47 49
50 52
48 49
50 49
48 51
16 17
22 25
21 24
19 20
21 23
21 22
20 23
22 24
13 14
23 26
23 25
24 27
24 25
26 28
26 25
27 28
35 34
38 37
35 37
35 36
