5
96
80
95
89
81
100
0 21
0 60
10 85
23 99
0 22
69 99
2 99
18 99
0 10
0 84
0 13
0 26
0 76
34 99
43 99
0 79
36 99
44 31
0 74
0 1
0 91
25 99
0 71
97 29
20 99
0 48
0 78
0 43
0 44
87 99
0 99
0 34
92 99
72 51
5 99
67 99
29 99
12 99
91 99
4 99
51 99
72 48
83 99
84 99
0 25
0 72
0 53
52 26
0 98
0 55
18 85
0 52
0 2
28 99
17 99
0 7
11 48
60 99
85 99
93 99
53 7
0 18
0 11
17 48
22 99
70 7
0 33
48 99
14 65
13 99
46 59
35 99
6 99
7 99
59 99
0 30
15 99
50 99
0 87
56 99
0 14
68 99
52 99
31 99
0 17
0 35
94 99
0 46
66 99
63 99
90 99
0 61
0 19
68 97
0 50
0 70
0 68
0 20
73 11
31 21
