5
33
12
72
74
73
100
26 96
14 52
25 64
0 14
51 63
32 96
52 96
86 96
31 96
0 54
48 96
0 56
3 96
0 94
8 96
0 46
50 96
24 96
58 96
66 96
89 54
0 61
0 30
54 96
35 96
70 96
0 89
78 96
0 63
0 53
0 36
0 82
0 11
0 24
0 84
0 67
20 61
0 86
0 34
88 44
68 61
44 61
91 61
69 61
89 61
86 61
34 61
88 13
10 61
78 61
22 61
3 61
88 67
85 61
65 61
88 15
88 86
88 6
18 61
88 34
50 61
90 61
88 31
51 61
70 61
88 95
88 55
88 48
51 8
27 8
56 8
86 8
88 24
11 8
88 78
62 8
6 8
88 92
88 91
39 8
30 8
20 8
78 8
83 8
84 8
87 8
68 8
88 81
5 8
43 8
59 8
26 69
3 69
76 69
59 69
88 21
88 82
88 94
43 84
39 69
