5
21
10
87
59
12
100
35 99
54 99
58 99
5 90
49 61
35 90
0 83
0 77
49 9
0 98
0 99
0 51
3 99
9 43
80 90
0 33
0 88
0 18
0 75
79 99
0 46
0 52
15 99
93 99
33 99
18 99
0 40
0 48
7 99
80 8
0 54
0 89
0 80
31 99
82 99
0 70
0 39
82 34
0 53
0 5
62 52
83 99
52 99
0 23
0 69
60 99
67 64
16 99
0 82
65 99
43 99
0 67
68 99
50 99
32 99
34 99
0 60
0 61
0 25
0 43
0 66
0 9
0 26
36 91
0 41
35 49
0 72
0 15
91 99
49 99
0 56
0 3
96 99
0 37
88 99
31 29
0 86
0 17
95 31
0 93
0 47
0 27
0 96
30 99
91 81
64 99
74 99
0 95
0 35
29 99
0 1
0 91
0 32
0 31
0 49
0 58
0 30
28 61
28 16
28 5
