5
3
49
36
26
6
100
69 99
78 99
0 81
0 22
0 62
71 99
5 99
81 99
0 83
33 99
38 99
9 99
34 99
41 99
94 99
75 99
0 17
73 99
75 72
0 27
0 90
0 69
0 82
37 51
0 65
28 61
63 85
75 92
51 99
0 7
0 32
0 75
0 63
53 99
28 54
85 99
35 99
54 99
84 99
86 99
70 99
88 99
66 99
0 28
42 99
43 99
76 99
61 99
28 99
27 99
73 37
59 99
32 2
37 99
2 99
95 99
96 99
12 99
18 99
8 30
79 23
87 99
0 19
5 19
14 99
0 89
0 79
0 58
94 23
0 60
30 99
44 99
0 5
0 42
88 29
61 58
0 53
23 99
0 88
39 99
58 99
0 14
0 92
19 99
0 91
0 96
0 11
64 99
0 78
22 99
10 97
4 99
0 99
0 9
0 57
46 92
0 10
0 87
98 31
0 98
