0
95
13 51
0 18
0 84
55 99
19 99
90 31
42 23
42 59
83 99
34 95
54 95
1 2
79 52
90 12
57 45
23 2
57 93
3 52
15 24
36 24
54 29
88 29
48 79
94 93
7 78
26 39
7 44
8 11
84 81
21 82
21 50
94 35
85 62
85 40
1 15
86 92
86 77
16 83
16 15
48 14
71 61
71 11
97 14
96 33
31 33
66 19
20 3
75 44
75 59
70 68
70 65
88 22
89 59
89 5
35 9
62 38
28 38
58 10
46 60
63 74
10 39
41 20
53 74
30 32
67 32
83 53
41 37
63 72
76 87
73 72
76 97
28 91
17 82
68 87
40 50
49 12
22 25
51 55
37 36
40 77
92 69
17 69
49 68
73 65
91 45
81 13
78 34
6 66
5 27
6 80
97 67
43 30
43 45
56 58
6 25
