5
77
88
6
97
18
100
83 84
94 99
23 25
0 83
0 46
40 99
13 49
93 99
84 99
25 99
28 99
17 55
2 99
0 99
78 99
0 13
0 76
55 99
90 47
0 68
59 99
0 82
0 64
57 99
66 99
0 78
47 99
86 99
83 26
39 99
7 99
0 94
78 60
0 31
26 99
30 99
24 4
0 2
0 65
50 99
69 4
89 99
61 65
60 99
30 62
74 99
30 1
0 27
0 74
0 61
23 4
0 15
53 36
4 99
91 99
73 99
72 99
87 99
3 62
20 99
70 99
36 99
92 99
81 99
85 99
38 99
0 30
24 99
71 99
64 99
25 45
0 23
10 99
15 99
21 99
19 99
29 93
58 99
45 99
95 35
0 28
61 99
0 69
12 99
35 99
42 99
69 99
0 51
75 99
0 29
68 99
56 99
46 99
3 99
3 86
0 22
92 62
78 3
5 99
93 22
