5
21
68
90
84
19
100
47 99
70 99
82 99
0 49
83 47
6 99
55 99
58 99
66 2
24 99
79 69
95 99
0 66
0 85
0 5
69 99
60 99
0 29
22 99
0 31
48 99
0 99
93 99
66 99
74 99
61 99
97 38
0 53
98 99
0 51
71 99
0 58
0 97
34 38
0 76
0 88
63 99
30 99
38 99
0 70
51 99
28 99
0 34
61 27
75 99
0 18
23 99
57 99
0 20
56 99
17 20
0 71
0 55
0 36
86 20
5 20
0 74
0 50
0 75
0 57
37 20
0 87
0 72
0 60
0 81
0 54
39 20
0 1
0 62
31 20
92 45
92 56
29 20
92 31
92 50
74 94
92 54
96 20
91 20
88 20
92 11
92 29
92 62
94 20
92 8
28 20
92 52
92 67
87 20
92 79
26 20
92 80
92 22
92 65
92 89
92 94
92 82
92 71
92 51
92 74
