5
4
5
83
6
12
100
7 99
14 99
21 99
28 99
35 99
42 99
49 99
56 99
63 99
70 99
77 99
84 99
91 99
13 98
20 98
27 98
34 98
41 98
48 98
55 98
62 98
69 98
76 98
90 98
19 97
26 97
33 97
40 97
47 97
54 97
61 97
68 97
75 97
82 97
89 97
96 97
13 97
20 97
27 97
34 97
41 97
48 97
55 97
62 97
69 97
76 97
90 97
7 97
14 97
21 97
28 97
35 97
42 97
49 97
56 97
63 97
70 97
77 97
84 97
13 91
20 91
27 91
34 91
41 91
48 91
55 91
62 91
69 91
76 91
19 90
26 90
33 90
40 90
47 90
54 90
61 90
68 90
75 90
82 90
89 90
96 90
13 90
20 90
27 90
34 90
41 90
48 90
55 90
62 90
69 90
76 90
7 90
14 90
21 90
28 90
35 90
42 90
49 90
56 90
63 90
