5
96
63
76
88
84
100
0 4
98 99
97 99
95 99
0 1
0 5
0 2
3 55
3 30
3 1
6 55
55 70
11 55
3 33
3 9
46 55
3 35
16 31
3 41
59 83
97 94
55 98
55 95
62 83
55 62
55 59
79 94
70 94
91 94
69 94
68 94
55 81
85 87
61 94
72 94
55 73
86 94
89 94
78 94
55 83
55 75
55 94
55 97
55 61
74 94
55 85
77 94
75 94
55 64
55 78
56 94
87 94
66 94
60 94
55 58
81 94
92 94
55 77
55 68
55 72
66 73
98 94
90 94
55 67
62 94
57 73
83 94
93 94
58 94
57 94
73 94
55 71
55 66
78 74
65 94
55 92
55 57
95 94
55 56
80 94
55 87
55 93
55 80
55 69
64 94
55 82
67 94
85 94
89 82
71 94
55 60
82 94
93 59
98 59
90 59
73 59
80 59
64 59
95 59
91 59
