5
2
69
29
65
82
100
83 49
0 83
19 16
49 95
0 53
30 95
0 10
16 95
83 95
31 95
59 95
36 95
19 58
76 95
0 92
74 95
84 95
0 66
0 95
73 95
71 95
92 95
0 4
0 12
44 95
1 95
20 95
56 95
0 57
77 95
78 95
87 42
35 95
0 55
89 95
0 11
0 90
0 36
54 95
8 95
0 45
1 93
0 87
0 13
0 50
0 93
0 24
75 52
0 74
0 78
34 57
0 75
0 22
23 95
0 6
0 34
0 56
0 5
51 95
0 71
0 73
0 33
0 67
0 51
32 95
52 95
0 89
5 95
46 95
0 80
93 95
58 27
17 95
0 47
0 49
22 95
0 31
80 95
27 95
75 95
66 95
25 95
10 95
50 95
24 95
44 70
6 95
3 95
47 95
58 95
55 95
0 76
0 21
0 58
87 95
0 60
0 91
53 57
0 77
0 23
