5
9
79
4
72
5
100
0 34
0 48
0 44
0 63
83 88
84 88
64 88
6 56
35 88
0 64
0 23
74 88
15 88
0 85
0 2
0 6
0 35
0 46
0 26
3 88
40 88
30 88
10 88
53 88
75 88
87 88
0 76
0 10
0 41
0 3
16 88
23 88
50 28
40 42
71 77
0 65
28 88
77 88
48 88
42 88
0 40
76 88
0 52
0 8
0 60
56 66
0 16
0 49
1 3
12 41
0 56
0 43
0 81
0 20
62 67
0 62
24 2
67 88
24 50
27 88
24 47
66 88
6 88
18 88
86 88
17 88
24 21
2 88
59 88
46 88
55 88
54 88
50 88
80 88
24 8
31 88
14 88
24 25
24 33
24 78
39 88
36 88
34 88
46 68
24 68
42 68
65 68
24 83
24 85
24 75
24 29
24 11
24 12
24 81
34 68
24 54
24 13
24 45
24 31
74 68
