5
69
2
86
63
80
100
50 98
13 5
89 98
0 12
0 11
55 98
0 79
5 98
0 84
0 1
35 98
0 27
0 73
0 87
0 19
82 98
0 89
37 58
0 97
0 40
0 90
0 82
0 50
0 15
0 16
0 38
0 48
0 96
8 98
0 29
0 21
30 98
70 98
0 33
0 28
0 92
71 98
68 98
52 37
12 98
13 88
0 57
58 98
10 98
37 98
88 98
0 13
0 35
42 98
8 26
33 98
79 98
26 98
6 98
54 98
0 30
43 98
34 98
76 98
20 98
41 98
0 94
60 98
90 1
0 20
0 56
3 6
0 52
0 74
3 67
61 98
48 98
0 44
0 3
0 9
0 98
0 14
0 59
0 76
0 62
75 98
0 68
73 98
5 20
0 67
0 75
1 98
95 98
0 53
0 6
0 42
0 5
14 98
32 98
23 98
12 21
14 17
46 91
8 84
0 46
