5
70
17
46
39
1
100
0 35
44 76
30 93
0 32
37 93
0 48
76 93
50 93
0 90
34 93
79 29
52 44
0 37
0 10
0 41
0 79
0 76
89 93
29 93
44 93
83 93
47 93
72 55
13 93
90 93
55 93
80 93
54 93
0 72
0 45
6 93
11 93
67 93
61 93
82 44
8 93
0 57
15 93
2 93
88 93
36 93
5 93
82 9
77 93
40 93
73 93
71 93
0 30
0 78
0 68
0 69
60 93
0 82
0 16
84 93
0 53
81 93
0 93
43 93
0 6
78 93
0 83
54 61
0 14
0 52
33 93
0 65
3 93
0 54
12 93
35 93
85 93
92 93
20 40
0 88
0 22
8 75
53 93
0 20
0 71
0 8
0 7
58 93
0 51
0 59
0 26
0 5
38 93
0 86
18 93
69 93
75 93
0 19
0 87
87 48
89 49
0 27
66 52
66 43
36 11
