5
25
80
78
2
23
100
0 43
0 67
7 89
0 88
83 89
48 7
48 46
48 71
72 27
70 89
82 89
72 44
10 58
71 44
37 44
73 65
45 65
18 57
72 88
72 6
42 57
72 11
31 47
31 42
4 57
36 57
14 57
49 57
33 18
33 38
82 85
46 85
45 85
33 55
21 85
33 84
40 32
13 32
40 75
70 75
76 75
38 11
66 11
33 83
33 54
39 27
64 27
79 20
79 38
79 13
35 27
79 1
40 27
7 69
7 46
7 41
56 26
56 59
34 27
88 27
39 21
51 38
8 14
19 83
37 66
71 83
50 83
3 83
49 83
66 22
55 60
55 13
84 22
37 28
55 46
61 28
5 74
71 74
19 34
10 34
46 34
69 37
69 14
12 30
9 30
60 30
69 66
69 73
69 77
5 19
9 63
20 54
20 15
81 40
81 62
41 6
49 40
86 45
71 30
14 71
