5
90
31
17
52
93
100
88 66
81 99
66 99
0 11
23 99
20 99
1 96
12 99
12 45
77 99
53 99
35 99
36 99
95 99
59 99
0 88
89 99
87 60
63 99
43 9
76 99
6 99
60 99
9 99
47 99
92 99
0 1
83 45
0 14
51 99
0 28
0 12
0 82
83 16
0 21
0 69
0 72
0 83
71 99
0 74
0 20
45 99
22 99
0 34
40 99
37 99
0 57
0 62
91 99
97 99
0 65
5 99
21 99
74 99
33 99
0 47
0 18
0 87
0 75
68 99
97 57
55 78
98 99
65 99
0 53
78 99
19 99
49 99
83 99
76 29
63 29
20 29
21 29
0 24
0 15
0 85
0 55
96 29
0 97
0 68
0 19
0 92
0 36
0 80
46 29
0 56
0 6
0 33
0 70
15 29
0 43
0 10
0 22
7 29
0 94
62 29
84 29
0 51
66 29
11 29
