5
57
45
38
83
66
100
71 99
0 73
0 52
95 47
0 74
22 99
77 99
0 54
21 99
55 99
17 99
91 99
39 99
34 99
0 9
73 99
68 98
43 99
8 43
0 50
81 6
0 96
98 99
12 59
0 53
15 48
76 99
52 99
0 81
87 99
59 99
0 99
65 99
23 99
13 86
69 99
16 99
62 99
0 68
11 99
0 22
78 99
76 12
70 99
0 93
0 76
2 99
80 25
61 99
44 99
12 99
25 99
92 99
0 41
18 67
0 27
61 7
0 59
0 49
0 87
0 85
0 98
0 89
0 39
67 99
74 68
0 6
0 23
24 74
50 99
13 76
3 41
0 2
93 99
0 61
19 99
0 24
0 79
7 99
19 68
0 3
0 95
0 37
0 82
0 88
0 20
0 11
0 35
68 99
0 69
0 84
28 99
0 16
0 1
72 99
79 48
29 99
88 99
43 77
0 10
