5
50
47
10
78
66
100
49 54
4 59
0 5
0 2
0 49
53 93
0 13
0 19
0 14
0 35
34 93
0 87
23 93
67 93
54 93
0 69
89 93
74 93
0 33
0 36
7 65
0 11
20 93
81 93
71 4
38 93
0 93
2 93
17 93
28 93
65 93
84 93
30 93
0 74
26 93
79 93
45 93
37 93
58 56
2 31
83 93
44 55
56 93
31 93
90 93
0 52
39 2
0 71
0 51
0 68
0 59
0 39
0 90
0 8
0 44
0 82
0 67
0 42
0 24
3 93
91 93
0 37
0 48
55 93
0 40
0 1
0 58
46 93
22 93
18 93
0 86
33 93
57 93
0 15
72 93
0 75
45 36
36 93
69 93
0 56
0 17
0 18
9 93
86 93
0 57
0 30
0 41
52 93
0 32
15 93
0 64
0 16
68 93
0 9
0 83
0 81
7 93
21 93
0 63
76 93
