5
77
98
85
59
88
100
72 87
69 76
0 1
0 8
2 11
0 10
91 99
67 79
48 54
47 55
42 56
51 63
0 9
18 27
0 3
83 80
0 6
84 93
95 99
49 55
34 50
0 7
0 2
0 4
5 18
5 19
5 14
5 16
5 11
5 20
86 90
96 99
82 93
90 99
93 99
97 99
94 99
83 92
66 80
86 92
81 92
72 82
84 92
87 92
82 92
74 89
91 89
79 89
80 89
96 89
94 89
67 72
76 89
45 55
5 13
5 15
5 12
17 28
17 9
26 36
13 22
60 61
37 50
47 51
67 55
97 89
75 89
73 89
43 51
72 89
78 89
95 89
71 89
83 90
93 89
67 74
87 90
81 90
84 90
71 82
96 82
80 82
73 82
78 82
36 46
76 82
75 82
79 82
91 82
74 82
97 82
95 82
87 94
86 94
81 94
76 84
70 78
75 83
84 94
76 83
