5
78
60
28
71
40
100
0 79
77 79
52 50
1 79
72 50
24 7
2 7
26 68
74 68
30 68
0 2
0 26
0 64
0 66
19 1
0 34
0 31
73 1
61 1
24 27
0 15
0 37
36 1
53 22
0 58
0 48
0 46
42 11
42 1
0 25
0 3
16 1
49 1
77 1
53 1
4 1
58 1
0 30
69 1
18 1
31 1
72 1
0 14
26 1
0 42
0 19
0 44
38 1
61 2
8 1
0 70
64 1
0 16
0 77
0 73
18 4
69 70
0 33
0 53
41 1
65 3
29 3
0 24
0 17
5 3
65 2
65 4
0 49
2 1
30 1
9 1
0 20
59 1
2 70
4 22
3 44
34 1
43 1
0 21
14 1
63 1
6 1
54 1
4 70
11 1
48 1
10 1
63 22
44 1
67 70
15 70
0 74
0 32
3 72
64 72
27 26
37 32
0 8
33 3
8 3
