5
72
49
74
31
73
100
0 99
39 9
0 29
0 39
0 71
76 99
14 36
0 23
80 99
0 14
0 18
0 43
0 69
86 99
25 99
64 99
22 99
0 42
93 99
0 37
3 99
0 89
79 99
21 99
61 99
54 99
0 5
60 99
0 63
11 99
0 58
2 99
34 99
92 99
53 99
66 99
0 27
0 79
0 35
83 99
82 99
65 32
0 25
0 16
0 65
42 99
5 99
62 99
32 99
20 99
58 99
10 99
65 99
0 83
0 33
75 99
85 99
81 99
57 99
0 53
24 99
47 99
84 99
16 99
23 99
14 99
8 99
17 99
48 99
18 99
95 99
1 99
67 99
32 89
0 98
0 93
0 7
0 61
0 2
25 36
89 99
0 92
68 99
0 50
0 24
0 15
51 99
0 59
0 78
0 68
0 60
40 99
38 99
0 67
0 13
90 99
96 97
91 97
0 96
62 19
