5
2
65
68
3
11
100
38 66
0 49
0 56
62 17
0 62
0 41
0 20
0 25
0 36
0 33
0 23
5 49
0 29
24 5
67 81
25 81
74 17
78 81
17 81
44 81
24 53
24 66
75 81
24 67
24 12
55 81
48 81
21 81
79 81
33 72
12 72
14 72
37 42
24 38
24 63
24 23
43 72
16 72
24 61
24 4
54 36
54 61
42 72
52 72
27 72
54 55
54 13
54 28
54 18
34 72
54 40
54 12
54 34
54 15
54 70
54 8
54 9
54 20
33 64
33 16
33 44
33 12
30 72
33 73
33 62
63 72
33 52
33 60
45 72
33 57
50 72
77 72
53 72
33 42
33 40
39 72
33 49
73 72
62 70
31 70
44 70
33 46
33 79
33 18
33 4
9 71
9 41
9 50
9 46
31 19
47 70
9 26
9 69
9 62
9 17
9 56
9 31
73 57
36 70
75 70
