5
37
44
32
20
15
100
38 46
0 4
24 30
46 98
0 6
0 7
0 24
43 98
0 49
5 36
47 98
48 98
34 45
26 45
0 3
0 9
14 45
0 2
0 19
64 45
0 5
84 45
30 45
0 29
74 25
0 39
0 59
0 69
0 89
79 30
79 10
40 34
40 14
40 46
22 45
38 45
28 45
40 9
42 45
18 45
48 45
8 45
68 45
78 45
88 45
36 58
4 58
27 58
18 58
34 13
6 13
48 13
8 13
28 13
42 13
34 70
26 70
47 70
5 70
47 42
29 42
97 42
22 42
5 42
40 19
6 42
8 42
31 42
56 42
81 42
1 42
72 42
55 42
36 42
63 42
34 95
26 95
22 95
38 95
69 30
40 59
40 39
29 30
40 89
94 30
40 64
4 30
40 17
19 30
40 29
40 84
36 30
40 69
40 5
40 27
40 23
40 77
17 30
40 87
40 7
