5
13
42
70
12
32
100
0 91
7 60
0 16
0 79
26 97
45 37
0 85
68 97
62 97
0 83
0 7
60 97
0 34
71 76
0 50
37 97
0 44
0 92
0 66
0 68
20 93
0 20
4 97
1 97
94 97
76 97
0 8
0 95
18 39
56 97
0 65
44 97
91 97
50 97
79 97
10 97
0 19
0 89
0 18
0 36
54 97
0 80
87 17
8 35
0 97
72 97
26 17
81 97
0 39
35 97
74 2
0 48
17 97
0 88
0 26
0 74
41 24
43 96
0 3
0 71
53 97
0 43
2 97
0 58
30 97
95 97
20 97
0 77
15 97
80 97
82 97
0 4
0 28
0 64
15 67
0 81
0 31
11 97
27 97
82 87
69 58
0 61
57 97
67 97
93 97
86 58
25 97
58 97
66 97
78 97
64 97
5 97
76 59
31 97
86 97
16 97
96 97
41 97
6 73
0 11
