5
10
30
24
8
31
100
63 66
45 46
20 25
59 61
22 23
61 62
62 64
56 60
92 93
83 86
59 63
58 62
65 66
18 19
74 79
66 72
44 45
84 85
77 81
16 21
12 13
11 14
52 53
50 56
49 50
53 58
48 51
57 58
54 55
90 96
90 93
94 95
62 65
64 66
58 59
92 94
91 93
40 42
40 41
59 62
64 67
65 67
69 72
58 64
71 74
43 45
46 47
54 53
56 62
70 73
75 77
75 74
67 66
92 95
86 88
86 87
9 11
23 29
26 28
25 27
25 26
85 87
89 90
88 87
56 58
56 61
1 4
1 3
60 58
85 89
11 12
0 1
2 3
6 7
2 1
4 5
4 6
52 56
53 55
55 56
41 45
46 52
46 48
23 28
27 28
36 37
34 35
32 33
87 92
94 93
90 92
5 7
5 6
5 9
23 26
27 29
1 7
42 41
33 35
36 41
