5
35
20
84
53
48
100
0 57
32 91
36 91
41 91
33 91
57 91
40 91
18 91
0 70
64 91
0 80
0 19
0 17
83 91
0 34
73 11
0 88
16 91
0 63
11 91
0 37
0 73
50 91
39 91
0 49
0 40
0 89
0 65
0 56
0 46
0 91
0 4
0 72
47 30
0 9
0 31
0 47
90 91
0 11
0 90
28 91
0 2
70 91
0 27
85 91
0 13
0 42
0 22
79 21
88 91
0 50
25 19
0 62
54 9
30 91
81 31
19 91
9 91
8 91
31 91
81 91
0 44
89 91
42 91
21 91
7 91
82 91
26 91
34 91
56 91
45 67
0 79
0 54
67 91
0 81
0 71
86 91
37 91
0 85
15 91
77 91
14 91
23 28
0 32
43 91
0 86
17 91
74 91
0 67
63 91
0 69
1 91
0 23
0 28
75 91
0 5
24 91
68 91
45 2
0 76
