5
3
77
21
36
45
100
46 99
95 91
20 99
58 81
8 44
19 28
62 99
5 99
6 99
50 14
58 60
51 7
91 99
41 99
94 14
39 99
91 14
14 99
85 93
29 93
56 93
29 61
29 59
61 93
59 93
89 93
35 93
0 75
0 33
12 83
0 30
96 89
0 63
0 49
0 73
78 8
78 40
78 30
35 83
28 83
78 73
78 49
78 75
78 63
89 83
85 83
56 83
43 83
86 83
33 49
94 41
67 41
96 42
86 41
53 41
2 41
43 41
6 41
39 41
33 76
20 62
91 62
33 63
6 62
33 96
46 62
94 62
39 62
5 62
20 14
46 14
39 14
5 14
28 6
67 6
39 6
43 6
20 6
94 46
20 46
73 30
91 46
30 98
5 46
50 46
67 39
50 39
20 39
33 75
11 5
73 63
49 63
75 92
73 75
49 75
20 5
53 91
96 74
96 29
91 5
