5
21
29
1
17
57
100
41 93
58 93
19 82
0 28
33 93
90 93
15 45
48 93
59 37
7 93
89 93
70 93
47 93
78 93
4 93
42 93
20 93
0 58
6 93
3 93
0 15
81 35
0 87
0 62
0 70
53 93
68 93
5 93
0 18
0 41
0 48
70 43
0 73
0 50
0 88
39 43
0 4
0 35
7 43
0 74
82 43
25 43
0 89
27 43
88 43
0 80
36 46
36 2
36 27
74 43
55 43
66 43
68 43
81 43
36 58
30 43
79 43
58 43
18 43
62 43
36 25
4 43
51 43
59 43
36 63
36 67
28 77
36 48
50 77
61 77
2 77
81 77
67 77
25 77
41 77
36 16
10 77
36 55
36 49
45 77
36 84
36 74
36 24
23 18
23 41
23 85
23 33
23 6
23 27
23 4
23 46
60 77
23 72
34 77
92 77
69 77
90 77
44 77
15 77
71 77
