5
78
5
42
26
66
100
0 51
14 98
0 45
0 14
0 94
62 81
0 40
0 74
0 34
0 16
0 41
0 62
37 33
0 71
37 97
0 59
0 37
3 99
0 75
0 83
23 99
0 79
0 86
0 84
0 6
0 17
0 11
0 39
0 67
0 60
0 98
97 99
0 89
0 69
0 9
0 93
0 50
0 25
0 22
0 1
0 19
35 99
41 99
11 40
76 99
0 35
39 99
64 99
75 99
20 99
90 99
0 72
0 12
98 99
13 99
14 99
25 99
11 99
0 85
83 99
40 99
0 43
0 97
0 8
0 29
0 27
0 54
0 82
0 30
0 88
38 99
55 99
17 99
0 58
0 64
28 71
0 28
0 32
0 70
0 68
0 47
0 95
43 99
0 63
0 44
93 99
68 99
32 99
21 99
0 48
0 38
0 73
0 36
0 56
0 65
0 90
0 55
0 77
0 13
0 49
