5
44
88
48
24
32
100
27 99
40 99
17 92
41 99
34 99
26 99
14 90
39 99
0 6
49 52
52 99
90 99
0 27
29 99
16 99
10 99
59 99
0 72
0 47
0 5
0 9
0 97
0 67
76 99
19 99
90 63
0 84
62 99
0 20
29 3
0 29
63 99
95 99
0 43
0 25
96 99
74 19
0 75
0 71
0 36
0 74
0 77
0 78
0 12
0 59
33 99
0 95
0 73
0 53
25 99
92 99
97 99
57 99
0 26
0 70
35 99
69 99
0 91
18 99
0 86
31 99
0 35
0 18
0 17
0 89
0 34
78 99
27 54
0 8
0 93
0 81
0 40
0 7
77 99
54 99
65 41
65 7
65 79
65 63
65 49
65 61
22 99
5 99
11 99
9 99
60 99
4 99
65 28
65 53
65 54
65 89
65 4
65 80
65 22
65 93
8 99
65 30
65 58
65 70
71 99
