5
15
40
35
19
13
100
0 8
0 30
20 50
33 50
0 45
32 50
31 43
45 50
6 50
20 21
0 2
29 50
43 50
21 50
38 50
46 50
0 44
0 50
25 50
17 50
48 50
37 50
36 50
18 50
28 50
39 50
0 12
27 50
47 50
8 50
4 50
12 50
24 50
31 23
41 50
9 50
0 31
0 20
0 6
0 14
0 18
0 41
0 1
0 36
0 39
5 50
30 50
0 26
22 50
0 17
49 50
44 50
0 24
3 50
11 50
34 50
26 50
29 10
14 50
16 50
0 46
31 50
0 37
1 23
29 22
0 43
0 32
0 29
0 49
0 47
0 21
0 22
0 16
0 38
0 9
0 42
0 3
0 10
23 50
0 4
0 28
0 27
0 11
0 48
0 7
0 33
42 50
0 25
0 5
10 50
0 23
2 50
1 50
34 30
34 47
34 23
34 17
34 16
34 28
24 7
