5
26
37
30
48
5
100
21 99
0 54
97 99
41 99
36 58
56 99
97 2
0 24
83 66
0 46
0 94
0 14
0 8
3 83
0 27
0 6
0 3
0 31
2 99
34 99
4 99
0 99
91 81
74 99
0 42
70 99
0 91
0 34
0 69
49 99
9 99
81 99
0 59
52 99
0 2
0 15
0 13
0 51
4 7
92 99
33 99
86 99
28 99
0 39
29 34
4 78
0 10
0 25
0 4
8 99
64 34
85 78
82 99
52 1
89 24
72 35
29 27
85 2
0 79
24 99
95 60
0 29
0 72
22 99
0 85
0 52
76 32
71 99
53 99
60 99
27 99
0 55
0 76
0 97
0 19
53 7
78 99
7 99
38 99
0 64
3 99
0 44
41 32
94 83
0 33
0 77
0 50
0 98
0 92
0 65
81 6
46 99
82 15
61 99
83 99
93 96
16 99
32 99
58 79
1 47
