5
40
24
7
53
64
100
15 31
33 99
9 42
11 99
0 9
0 97
0 15
56 27
49 99
52 21
67 99
27 99
0 95
48 99
62 99
94 99
0 72
0 22
0 88
0 11
0 8
74 69
51 99
0 54
0 74
0 32
18 4
97 63
0 5
1 99
9 99
0 18
0 23
0 51
0 94
0 13
0 29
0 49
83 43
28 99
84 99
83 46
36 99
83 97
71 99
58 99
54 99
83 5
83 68
25 99
83 23
83 47
83 70
83 6
83 2
83 29
83 85
83 67
56 99
83 91
86 99
8 99
37 99
17 99
83 89
95 99
83 25
83 28
83 26
21 99
89 99
47 99
75 99
16 99
83 14
83 96
34 99
96 87
83 51
87 99
44 99
92 99
28 55
78 55
89 55
83 58
19 55
83 54
83 75
83 90
72 33
5 55
72 43
72 88
72 86
26 55
60 55
72 45
72 29
82 55
