5
6
88
20
48
53
100
89 42
0 35
0 72
0 26
79 99
83 54
70 99
83 11
55 13
33 13
15 80
5 19
5 40
81 4
49 66
47 66
46 66
30 66
19 56
10 56
5 11
5 81
30 56
4 27
46 80
32 56
4 64
4 43
4 89
78 44
78 12
78 49
94 61
11 61
98 1
98 94
25 91
18 29
32 77
32 26
50 61
41 65
73 61
41 12
59 61
52 61
41 2
33 46
29 46
35 8
81 8
94 60
2 87
41 90
23 2
85 87
44 92
62 87
44 84
42 87
44 85
44 26
52 54
63 57
47 55
30 87
79 87
73 87
50 69
54 33
1 33
47 58
47 9
47 21
73 33
77 22
37 33
77 43
77 30
65 1
62 58
62 42
62 37
62 70
62 82
62 38
85 49
3 35
3 40
19 39
92 39
36 39
95 17
12 17
79 37
42 90
58 45
12 43
42 84
94 38
