5
68
23
5
35
37
100
10 96
0 25
2 50
30 96
92 96
83 96
49 61
0 94
0 73
0 59
14 62
25 81
45 96
61 96
0 89
81 96
59 96
0 55
77 96
62 96
43 53
76 96
40 96
0 36
53 96
0 43
0 49
0 42
0 41
14 69
0 96
72 96
67 96
0 6
69 96
0 16
0 74
0 38
54 96
78 96
0 8
0 91
0 24
3 96
0 47
85 34
31 96
0 71
47 96
89 96
0 66
0 18
34 96
0 85
21 96
71 96
0 70
87 96
0 57
86 96
0 29
0 39
32 96
50 96
18 96
64 96
17 96
43 96
39 51
25 96
0 62
0 4
86 80
71 51
95 96
0 45
80 96
75 96
51 96
0 86
0 79
0 52
0 90
33 96
0 76
8 96
84 96
0 82
38 96
0 21
70 96
60 96
55 96
13 96
0 80
0 87
79 96
0 26
1 52
0 63
