5
35
69
6
14
44
100
61 8
47 99
22 99
0 37
8 99
87 99
0 28
0 78
57 99
48 99
9 99
71 99
3 99
89 99
16 99
0 99
0 79
26 99
0 61
0 49
39 75
0 90
1 99
0 39
66 99
50 75
88 99
75 99
0 12
28 99
40 99
0 50
73 99
0 63
75 97
64 99
0 59
71 76
0 87
0 81
0 42
0 38
0 71
55 54
0 86
38 99
55 72
0 3
30 99
0 17
92 99
82 99
97 99
0 66
23 96
0 55
0 73
0 23
0 41
54 99
0 82
0 95
0 96
36 43
24 99
0 32
0 64
98 17
0 76
0 52
0 8
0 1
0 36
0 27
43 99
68 99
0 77
0 92
17 99
34 99
37 99
0 51
13 99
0 91
0 80
70 57
70 45
70 88
62 99
70 27
70 86
70 22
70 54
70 87
29 99
70 60
70 21
70 71
70 17
70 38
