5
2
81
72
1
33
100
0 4
91 92
0 35
0 92
0 59
73 92
77 92
83 92
66 92
34 92
71 92
0 37
60 92
0 23
0 62
0 20
46 92
56 92
0 41
18 92
28 92
0 6
70 92
41 92
37 92
0 73
26 92
0 68
0 67
12 92
0 22
0 84
0 13
0 75
36 92
11 92
55 92
51 92
69 92
0 71
74 92
0 42
0 5
0 8
32 92
0 82
0 64
49 92
6 92
89 92
87 92
0 28
0 7
0 69
0 80
14 92
0 51
0 65
0 24
0 48
80 92
25 92
0 9
0 3
22 92
38 92
35 92
10 92
0 29
75 92
7 92
44 92
47 92
90 92
61 92
43 92
48 92
0 11
40 92
52 92
62 92
0 58
5 92
84 92
82 92
17 92
21 92
58 92
0 43
9 92
57 92
65 92
23 92
0 79
78 92
0 45
13 92
0 17
85 92
32 3
