5
14
39
17
71
52
100
60 69
75 83
0 7
98 99
93 94
37 44
30 38
46 47
19 25
67 76
78 84
67 74
72 80
38 44
65 70
44 51
75 84
94 99
92 99
91 99
98 96
90 99
93 99
95 99
89 96
94 96
82 90
96 99
91 93
79 88
90 97
85 89
88 97
87 89
84 91
87 91
82 91
89 97
88 94
94 97
91 97
87 90
84 92
82 86
77 81
70 78
75 77
53 60
98 97
10 12
0 5
4 12
2 10
53 51
75 80
32 38
0 1
9 16
18 26
11 19
10 19
4 13
0 3
0 6
0 4
2 6
0 2
8 15
0 8
3 10
46 49
45 54
51 54
79 84
51 59
90 93
69 68
72 78
53 62
69 78
95 97
85 92
82 87
83 92
89 93
3 12
18 25
9 11
30 37
9 10
20 22
9 3
9 13
23 30
12 16
9 15
9 18
56 64
63 67
32 41
