5
89
83
13
86
10
100
5 99
97 99
23 61
77 32
0 42
0 49
0 23
0 69
0 74
57 22
18 99
0 70
0 8
93 63
17 99
0 53
0 57
15 99
0 27
92 40
58 99
0 96
92 66
88 34
0 92
0 72
14 99
0 7
0 88
95 38
45 76
22 99
0 15
0 95
0 91
0 99
50 79
56 2
0 62
0 87
0 50
0 94
66 99
40 99
42 36
68 27
3 99
90 99
2 99
0 24
41 99
36 99
27 99
94 99
73 43
92 99
26 99
43 99
68 50
12 99
11 99
67 37
50 99
45 99
51 99
0 98
24 99
32 74
62 99
9 99
54 99
74 99
0 14
0 77
35 99
39 19
63 99
57 99
0 81
0 68
0 1
0 32
0 52
67 56
28 8
61 92
0 31
0 16
0 67
0 59
0 28
0 61
0 3
71 99
79 99
94 72
79 19
62 73
0 37
0 78
