5
91
10
32
48
29
100
0 99
0 73
0 95
0 25
0 6
84 99
68 99
67 99
94 99
0 8
0 1
39 99
71 1
71 34
64 99
92 99
70 36
15 99
7 99
70 79
70 41
70 84
70 47
66 8
66 28
66 63
66 84
66 86
66 96
66 56
75 97
72 97
3 68
31 97
67 97
96 64
76 41
22 97
81 97
81 41
61 41
86 41
62 41
35 41
73 41
3 11
1 42
76 68
89 42
3 16
47 42
11 17
68 42
16 42
94 58
39 58
89 9
31 9
92 9
2 9
3 14
51 18
3 44
3 79
3 37
3 60
3 51
4 9
33 9
27 9
15 9
45 7
35 7
30 7
82 7
83 7
54 34
76 7
54 30
54 26
11 75
54 83
54 86
54 65
54 19
76 75
27 75
64 75
28 82
84 75
37 75
94 75
25 75
28 11
14 87
98 87
28 90
28 22
8 30
77 49
