5
42
90
63
94
56
100
18 16
0 43
0 18
51 97
7 97
0 79
23 88
0 7
0 17
0 38
0 68
0 27
0 74
31 1
0 89
0 13
31 97
0 46
0 5
0 92
0 16
0 31
69 30
0 62
0 96
59 97
88 97
0 69
82 97
40 97
1 97
0 24
3 97
69 58
76 97
48 97
0 36
0 19
0 95
91 97
0 93
26 10
0 41
18 97
21 97
10 97
9 97
0 53
0 91
0 58
75 14
0 11
0 26
33 97
44 97
75 12
75 76
75 20
75 71
75 36
24 97
75 38
75 86
75 46
75 18
25 97
75 33
15 97
96 97
61 97
75 5
53 97
75 70
75 28
62 97
70 73
16 97
33 37
75 95
75 57
75 58
75 96
75 89
75 80
75 61
37 97
75 66
75 7
75 2
47 97
32 97
75 15
75 62
75 22
24 59
24 14
15 66
24 72
24 64
5 66
