5
38
36
91
67
75
100
68 99
89 99
12 63
24 7
83 99
8 99
52 21
0 25
0 42
43 99
90 99
0 87
0 43
0 52
0 95
0 48
95 99
98 99
9 99
0 24
0 71
34 99
0 92
0 11
79 99
59 99
0 90
45 99
44 11
59 32
21 99
13 99
11 99
0 74
0 15
0 12
93 83
0 20
0 61
0 93
28 99
62 99
0 78
0 19
0 64
83 92
0 44
0 45
0 6
0 57
0 88
0 23
27 99
0 10
0 59
0 97
51 76
0 40
0 98
70 31
0 51
18 29
0 35
0 58
16 99
0 13
0 9
42 26
80 41
37 90
0 83
96 99
0 49
0 66
0 80
0 37
0 53
0 86
0 47
72 99
0 4
0 55
0 17
0 99
0 68
0 82
88 99
29 99
74 99
57 99
26 99
54 99
0 72
31 99
0 34
0 32
49 99
77 99
46 25
73 99
