5
54
88
47
69
67
100
0 49
37 38
0 77
0 60
0 37
0 31
0 25
0 16
0 42
45 94
0 86
0 7
78 94
0 78
0 15
0 57
51 94
0 51
0 79
0 19
0 45
22 12
15 94
0 68
62 94
0 64
12 94
7 94
73 94
11 94
0 85
0 1
0 36
41 94
18 94
81 94
14 94
48 94
87 59
55 64
32 94
0 93
0 70
0 17
0 35
0 14
81 22
66 94
0 74
59 94
0 55
0 92
0 81
28 5
89 94
43 94
27 94
22 94
66 51
0 90
64 94
5 94
35 94
0 50
0 28
0 66
75 61
0 71
63 94
11 87
9 94
61 94
87 94
0 3
72 94
0 94
75 91
50 94
0 22
0 73
0 12
65 94
24 94
0 75
0 46
0 82
0 23
91 94
0 65
52 94
92 94
0 56
84 94
0 48
78 77
34 77
41 77
31 94
0 6
36 93
