5
3
6
9
12
15
100
55 56
92 93
98 99
0 99
22 23
74 75
34 35
42 43
61 62
81 82
7 8
64 65
48 49
29 30
86 87
70 71
10 11
38 39
1 2
16 17
76 77
26 27
49 50
17 18
90 91
0 65
58 59
44 45
52 53
84 85
20 21
80 81
95 96
32 33
68 69
4 5
88 89
77 78
24 25
0 71
36 37
39 40
45 46
83 84
19 20
79 80
72 73
28 29
31 32
93 94
13 14
67 68
62 63
40 41
60 61
56 57
46 47
53 54
50 51
96 97
94 95
91 92
89 90
87 88
85 86
82 83
18 19
78 79
21 22
23 24
75 76
25 26
73 74
27 28
30 31
69 70
33 34
66 67
35 36
37 38
63 64
41 42
59 60
0 43
0 57
0 47
0 54
0 51
0 1
0 2
0 4
0 5
0 7
0 8
0 10
0 11
0 13
0 14
0 16
0 17
