5
5
88
21
36
40
100
58 94
11 85
95 91
0 11
16 99
66 96
71 99
91 99
25 99
23 99
0 99
74 99
73 99
70 99
38 99
62 99
34 69
0 95
32 57
0 58
2 99
96 99
35 99
97 99
0 44
0 32
0 27
0 43
87 99
0 70
0 8
0 33
0 37
94 16
0 46
0 79
0 87
0 85
0 59
0 94
76 99
0 14
0 92
0 6
0 22
0 13
0 72
0 77
0 2
0 80
31 50
0 82
68 99
17 99
0 98
89 99
51 99
0 31
0 7
0 68
0 75
0 96
0 26
57 99
46 99
0 39
66 95
0 34
44 99
61 99
0 69
0 1
38 61
0 30
48 99
95 99
3 99
0 35
79 99
59 99
0 86
0 38
6 99
52 66
98 99
27 99
80 99
54 99
0 4
30 99
75 99
66 99
14 99
72 99
65 99
77 99
41 99
43 78
26 99
86 20
