5
23
65
34
10
2
100
70 90
0 69
87 90
9 69
15 55
69 90
54 90
16 90
28 90
81 90
44 51
41 40
27 30
30 90
61 90
58 90
0 11
0 63
32 35
0 70
0 44
71 90
0 29
0 83
0 79
0 64
0 39
6 90
20 35
38 90
49 90
12 90
0 61
0 75
35 90
0 55
0 90
0 56
72 90
0 5
0 62
74 90
8 90
0 76
0 30
0 87
0 59
21 90
0 43
0 3
0 49
0 19
4 90
0 73
0 74
89 90
0 35
67 90
0 78
32 16
22 90
46 90
80 90
76 90
86 90
53 36
48 90
1 90
50 90
9 90
7 90
62 90
32 90
0 4
0 28
0 45
0 12
0 21
27 90
79 90
64 90
0 54
0 36
0 42
0 57
0 17
45 90
0 53
0 24
0 77
0 80
0 38
0 13
66 42
66 76
0 68
85 49
11 90
52 90
3 90
