5
9
49
45
5
13
100
0 67
4 99
65 99
71 43
98 78
6 99
0 57
0 77
1 32
0 56
0 98
67 99
60 57
0 1
85 43
18 99
60 38
60 82
12 99
60 19
43 99
60 94
83 99
8 99
60 65
64 57
60 95
60 93
62 4
4 57
66 91
38 57
41 57
12 31
47 57
40 57
12 56
52 92
31 92
74 92
70 92
42 92
80 98
12 84
12 66
12 7
12 44
1 98
12 96
12 40
88 14
62 98
88 11
95 98
88 69
88 76
88 87
29 77
29 97
29 71
29 82
29 79
33 74
96 74
14 74
51 74
86 74
34 74
7 74
15 74
48 39
71 39
51 39
32 39
43 39
17 22
59 22
34 22
86 22
54 22
44 22
10 22
15 43
44 43
83 43
73 42
30 42
15 42
70 59
70 73
2 42
56 42
3 42
59 42
70 23
65 81
40 81
21 81
70 64
97 55
