2
29
76
100
60 24
55 99
14 99
5 33
0 50
0 14
0 26
0 31
0 41
5 96
0 60
0 70
0 68
0 4
0 46
87 18
0 45
0 13
63 11
0 5
0 48
49 99
2 11
0 63
7 99
0 87
0 56
0 85
0 7
0 39
44 99
75 99
0 73
35 99
0 19
4 99
80 86
11 99
86 99
0 97
80 99
16 22
0 6
0 80
0 79
0 9
94 99
93 99
77 99
0 54
70 99
9 99
42 99
87 99
92 99
0 59
88 99
74 99
0 84
78 99
64 99
31 99
38 99
0 33
10 99
0 92
67 99
32 99
59 99
45 99
0 22
30 99
37 99
12 99
0 43
60 99
69 97
40 97
72 38
72 30
72 86
72 4
72 75
57 97
72 13
72 65
72 94
72 53
72 61
44 97
83 97
72 56
9 97
72 41
72 25
59 97
72 8
72 47
18 97
53 97
