0
98
0 51
84 99
0 37
0 65
50 79
39 22
45 84
45 42
78 75
78 7
79 99
95 99
24 22
50 1
26 70
25 1
26 60
86 61
86 34
74 56
74 72
46 58
80 58
36 19
14 19
94 27
94 15
13 90
24 3
59 3
35 85
13 91
2 20
2 28
67 47
8 82
29 82
47 93
6 93
54 20
68 25
41 87
70 87
69 57
4 57
81 21
51 21
61 59
18 6
17 89
77 32
5 89
53 14
77 95
39 62
67 97
32 62
55 54
52 92
36 16
41 92
84 16
47 4
52 15
30 96
76 96
31 49
72 49
33 64
33 65
8 27
44 48
44 98
29 5
7 63
31 76
52 17
83 73
88 73
60 66
81 34
10 69
42 90
43 11
55 11
63 68
81 56
30 97
53 28
43 23
37 46
75 80
12 71
10 71
12 9
88 24
30 48
64 36
