5
5
54
19
30
56
100
0 59
0 26
38 59
0 22
0 35
0 40
32 17
49 59
20 59
52 59
29 10
40 10
36 10
43 10
15 20
7 10
49 26
33 20
51 26
25 32
25 35
25 29
25 44
25 22
31 28
11 22
11 45
7 28
49 28
13 28
52 28
37 24
16 24
41 24
57 53
11 18
22 50
21 50
55 50
17 40
2 40
43 8
11 35
11 38
47 22
47 6
16 15
47 18
47 16
9 55
4 22
52 21
52 36
51 8
52 45
52 34
15 8
23 8
22 55
37 7
27 3
22 18
22 29
22 58
22 41
22 46
39 15
51 58
12 58
32 34
15 23
45 34
15 58
57 16
31 13
31 45
31 23
57 44
57 36
57 58
23 16
13 16
49 16
55 16
43 45
43 1
38 37
23 44
43 48
43 41
13 33
29 44
1 35
17 1
41 32
17 36
17 58
1 23
21 42
41 23
