5
19
78
44
40
12
100
23 84
25 84
0 13
0 14
0 29
71 84
17 84
0 36
0 73
0 18
0 62
0 22
0 16
1 84
0 79
35 57
0 35
0 10
0 34
0 80
24 54
0 24
0 8
48 84
11 84
0 56
0 59
0 53
0 23
33 65
0 33
0 55
0 64
0 42
51 31
0 11
0 51
0 74
4 56
4 72
43 84
4 75
4 65
4 47
4 49
4 6
61 84
4 74
31 84
15 84
4 39
4 61
4 35
83 84
60 84
21 84
36 84
20 84
75 84
64 84
4 51
4 59
4 27
4 60
68 84
4 21
24 84
80 84
63 84
76 84
33 84
4 3
4 41
4 37
13 84
4 38
4 10
4 83
4 68
56 84
50 84
55 84
79 84
72 84
4 2
4 14
4 77
4 30
28 84
3 84
54 84
27 84
6 84
22 84
69 84
41 84
51 65
18 65
71 65
3 65
