5
83
3
48
66
85
100
21 76
87 99
0 21
76 99
0 87
62 99
26 22
22 99
0 80
76 18
0 52
55 99
0 74
18 99
92 99
0 45
0 72
0 36
35 99
78 99
51 99
91 99
67 99
52 99
2 99
0 60
82 99
0 49
0 20
54 99
38 99
50 99
65 99
57 99
88 99
0 99
0 81
49 99
0 94
84 31
71 99
72 99
0 19
34 99
31 99
81 99
25 99
40 99
0 64
0 84
32 99
0 27
0 97
43 47
0 18
0 62
57 37
19 99
0 43
0 86
41 99
61 99
0 8
37 99
95 99
14 99
23 99
46 99
60 99
0 56
0 40
8 99
0 2
16 99
0 54
31 30
0 30
0 46
0 51
82 73
0 59
0 31
0 35
13 99
0 88
0 33
0 5
0 82
56 99
96 7
0 93
29 99
90 7
17 99
73 99
97 69
7 99
13 93
69 99
13 12
