5
51
92
59
98
77
100
0 75
48 11
0 30
79 99
0 96
0 48
0 17
0 70
0 34
68 1
87 99
0 26
20 99
0 68
0 87
0 94
0 10
0 4
19 42
0 82
0 27
75 99
45 99
0 99
83 99
4 99
89 99
0 57
0 63
0 22
20 89
0 42
0 55
8 6
0 12
10 99
34 99
33 57
25 99
0 1
0 8
0 32
0 86
0 25
0 50
0 74
0 73
0 40
0 81
0 64
69 7
42 71
73 99
24 99
0 41
39 99
53 99
6 99
5 99
96 99
0 62
42 99
97 21
43 99
0 78
55 99
0 33
0 72
21 99
22 99
90 99
0 69
0 61
41 99
7 99
0 19
81 99
71 99
15 99
0 31
32 99
0 5
0 79
0 46
0 56
0 18
0 36
0 89
19 99
0 37
0 95
31 99
47 99
0 35
23 99
33 99
91 99
0 39
43 11
2 99
