5
71
22
58
15
95
100
0 72
55 99
0 85
31 99
30 99
21 33
76 89
45 99
0 10
38 99
32 99
86 99
53 54
4 99
0 21
0 6
89 99
29 99
61 99
46 99
7 79
0 14
0 43
0 75
34 99
0 55
0 66
2 51
53 84
72 40
0 13
0 4
42 99
0 3
51 99
8 81
0 49
0 80
0 1
0 23
0 19
0 46
0 53
54 99
9 99
16 99
10 99
88 46
75 99
18 21
38 59
6 25
0 20
76 75
60 99
0 27
87 99
25 99
14 99
37 88
0 38
59 99
0 79
0 8
66 99
11 99
85 99
0 99
39 99
47 99
0 82
21 99
0 50
0 17
83 99
0 44
49 99
1 99
0 18
0 42
81 99
0 57
36 99
83 33
40 99
78 98
76 99
87 82
0 37
98 99
56 99
57 99
35 99
82 99
0 78
87 86
83 59
0 59
47 52
45 11
