5
50
21
62
89
51
100
12 46
33 99
0 53
59 99
64 99
67 99
11 46
0 12
0 97
0 33
67 46
92 73
82 85
82 33
82 23
30 17
30 76
6 98
6 15
6 74
69 9
69 58
69 80
72 88
72 14
45 73
72 13
26 73
15 16
94 16
28 16
2 19
64 19
39 19
79 38
17 38
2 58
83 24
53 59
53 81
17 24
93 24
78 34
44 34
70 34
8 63
31 63
77 11
71 63
77 60
77 10
20 84
20 68
28 70
23 70
56 92
57 92
43 1
7 1
79 84
79 90
54 87
42 15
65 1
18 78
29 78
54 96
32 10
91 96
54 25
80 96
95 11
31 23
31 26
94 43
94 49
41 52
87 40
60 40
98 35
41 7
41 95
98 3
48 40
71 43
27 52
86 18
27 97
27 13
4 35
4 42
4 47
88 84
88 80
74 97
68 85
28 25
8 83
9 71
67 68
