5
80
59
14
98
38
100
78 63
43 16
68 99
0 43
63 99
0 19
17 99
0 21
3 99
0 31
27 89
6 99
34 99
11 99
63 8
2 99
0 7
12 99
0 57
0 13
0 63
0 89
0 36
0 60
0 5
88 24
0 40
0 61
0 62
0 33
0 88
0 68
46 99
84 48
0 45
10 99
56 99
0 94
0 51
0 70
0 54
0 46
0 10
0 3
0 65
0 41
97 99
58 99
0 86
0 28
0 81
0 72
0 73
0 6
93 99
52 99
43 99
25 95
0 85
93 45
0 58
96 99
72 99
0 17
0 55
0 39
0 1
95 99
0 93
42 99
0 83
0 30
0 42
64 99
0 56
69 99
23 99
0 97
92 99
13 99
0 75
0 99
54 99
36 99
31 99
5 99
0 47
0 27
41 99
51 68
0 67
0 34
37 99
18 90
56 29
71 99
15 99
12 25
71 90
71 63
