5
84
3
44
59
72
100
27 14
0 81
45 81
14 99
0 36
57 99
0 46
5 99
40 99
53 99
15 11
41 99
81 99
75 99
15 99
0 80
11 99
0 20
0 45
0 60
17 99
0 88
0 83
32 99
0 99
0 75
5 60
0 13
47 99
0 86
60 99
0 10
0 47
38 99
0 64
50 99
60 53
70 99
0 92
0 24
67 99
23 71
0 42
65 99
16 99
9 99
0 89
79 99
0 33
0 12
95 60
91 99
37 99
52 99
48 99
0 23
0 95
89 99
87 61
0 67
0 70
0 77
0 1
56 99
0 87
61 99
92 99
0 62
43 49
73 99
69 99
49 99
0 68
62 99
0 37
35 99
17 30
0 51
32 5
58 99
0 9
0 29
89 42
86 99
83 99
0 32
27 99
0 93
42 99
30 99
55 99
0 74
54 99
23 99
0 85
97 99
28 99
24 99
43 99
63 26
