5
17
4
1
11
9
100
0 80
0 99
53 93
79 18
0 53
52 99
92 99
0 76
6 99
0 72
0 79
44 99
89 45
95 99
36 99
60 78
45 99
0 30
64 99
0 90
0 24
0 12
0 82
78 99
0 70
34 99
0 8
66 58
0 10
20 61
0 20
96 99
0 85
24 99
0 34
0 49
0 66
33 24
69 99
0 61
0 19
0 93
0 38
34 37
0 48
0 3
0 56
0 83
0 33
0 69
89 37
0 21
0 26
0 81
0 57
58 99
0 52
0 16
0 89
23 99
90 99
86 67
0 40
82 99
46 76
41 99
67 99
37 99
0 27
0 43
0 46
0 58
0 23
0 88
98 99
16 99
26 99
66 99
0 77
80 99
68 99
0 86
0 25
0 50
0 95
0 45
85 99
59 99
28 99
0 22
21 99
84 99
0 6
0 91
0 98
0 29
0 71
0 41
62 99
87 99
