2
14
22
98
7 99
0 37
89 99
82 64
0 36
0 3
28 57
12 57
85 57
33 57
1 63
1 4
1 26
1 77
1 5
45 70
2 38
2 88
30 4
43 29
53 50
53 21
53 40
53 13
95 78
56 76
93 70
55 70
60 89
97 85
94 85
46 85
63 80
75 80
32 80
51 20
56 81
10 20
7 3
46 92
50 92
25 92
49 96
31 96
12 34
73 34
36 50
98 50
79 50
72 87
88 87
35 44
56 40
79 84
82 84
55 84
44 91
56 93
56 19
72 46
89 46
27 8
56 74
82 12
98 21
98 72
11 8
17 59
61 23
93 46
28 63
36 46
47 46
15 58
10 6
6 29
48 29
15 21
62 63
13 42
41 48
67 48
68 49
13 5
69 6
44 42
75 89
12 5
76 48
62 48
19 39
36 66
6 33
8 33
67 8
42 67
18 86
81 65
