0
89
0 84
18 84
0 41
54 89
0 62
0 4
12 89
71 89
32 77
33 85
28 48
57 85
13 55
18 60
45 34
35 72
52 57
67 58
78 22
83 19
83 8
83 76
86 55
32 65
5 73
25 72
40 72
50 62
2 62
5 27
5 29
20 17
5 23
80 68
47 64
8 60
57 81
57 51
87 49
88 64
87 38
48 4
43 25
20 10
20 23
19 53
70 56
7 75
7 47
45 69
61 64
17 46
60 26
39 82
16 32
16 46
13 42
2 31
2 73
2 9
26 27
78 59
78 32
78 88
10 63
46 88
15 27
69 30
32 27
69 53
69 24
66 30
73 27
23 37
6 11
61 11
79 44
63 42
36 6
41 38
59 38
49 1
79 61
49 73
9 41
33 30
73 71
58 14
53 32
