5
32
33
6
22
21
100
43 70
0 70
65 61
34 70
49 70
0 20
0 23
0 38
0 65
0 26
0 47
0 57
0 46
63 70
61 70
61 14
0 58
51 70
0 53
0 17
0 49
45 70
0 66
0 11
0 9
26 70
44 70
0 43
14 70
64 70
18 70
0 54
0 48
0 60
0 3
15 70
0 7
0 25
0 28
0 68
0 61
3 70
0 40
55 70
0 8
0 37
0 62
0 14
0 67
0 1
42 57
54 70
57 70
13 70
48 70
11 70
24 70
29 70
50 70
0 34
65 4
53 70
8 70
55 42
55 69
4 70
1 70
55 35
55 28
55 64
40 70
66 70
69 70
59 70
10 70
55 46
2 70
60 70
47 70
37 70
8 30
46 30
41 30
25 30
36 30
47 30
60 30
5 30
17 30
45 30
39 30
15 30
18 30
4 30
34 30
42 30
55 30
2 30
55 3
55 51
