1
50
100
0 21
0 4
0 22
4 22
17 78
92 97
0 76
63 99
52 99
73 99
0 92
98 86
58 86
10 86
67 15
8 86
0 30
0 46
30 71
30 70
64 32
64 76
5 56
23 75
77 1
77 39
77 52
77 24
58 87
58 10
6 38
25 18
63 21
49 3
15 33
49 9
49 23
73 28
73 62
10 56
22 61
97 12
46 7
46 42
24 75
69 75
94 75
40 28
55 28
17 81
88 90
54 90
17 18
55 90
61 90
17 38
17 76
17 24
17 36
42 55
87 80
11 97
87 85
11 8
11 31
93 45
88 97
93 24
22 97
45 97
60 89
22 41
18 79
93 71
93 83
37 35
16 35
22 52
68 52
31 52
55 54
62 16
98 16
94 16
66 61
15 47
26 39
96 38
22 38
62 3
62 20
40 15
32 56
32 7
57 40
96 88
8 37
45 98
44 40
56 91
