5
78
44
6
31
28
100
23 98
0 84
59 98
0 4
72 98
0 61
18 98
0 71
0 60
0 21
0 91
7 77
0 22
29 98
92 98
27 4
0 14
14 98
91 98
96 98
9 98
84 98
4 98
0 3
0 17
0 23
90 98
0 7
5 98
0 48
25 85
63 60
18 17
0 75
0 43
0 58
42 72
94 50
70 65
18 55
0 49
12 38
97 71
56 98
0 89
65 98
0 79
76 72
5 38
15 98
0 33
85 98
10 98
0 35
95 98
1 7
72 7
0 26
0 30
46 98
38 98
23 27
15 60
68 98
77 98
81 27
21 98
0 82
50 98
83 98
59 48
96 33
0 42
53 23
74 98
30 27
54 98
0 25
70 62
0 76
74 71
87 98
8 98
0 70
27 98
92 13
60 98
0 18
59 75
0 53
61 98
0 94
54 82
48 98
9 93
0 34
96 35
81 58
0 81
69 26
