5
5
80
61
45
39
100
0 11
0 54
81 93
0 46
0 48
0 76
89 93
41 93
1 93
65 93
0 93
0 24
0 42
0 43
0 23
35 93
18 93
2 93
0 64
86 93
0 25
4 93
56 93
0 71
51 93
32 93
62 93
53 93
46 93
0 57
20 93
0 17
57 93
0 83
70 93
75 93
87 93
0 35
26 93
0 8
0 52
22 77
90 12
0 40
0 22
0 90
92 93
43 93
29 93
77 93
67 93
70 17
0 65
8 93
0 70
0 78
12 93
49 52
0 85
17 93
50 93
56 52
8 52
0 41
36 60
0 36
14 69
57 52
89 52
14 67
24 52
79 52
2 52
14 19
11 52
14 6
16 52
14 23
18 52
59 52
27 52
30 52
75 52
10 52
14 78
62 52
74 52
83 52
14 68
14 35
48 52
70 52
14 85
14 72
14 33
92 52
14 28
15 52
14 90
81 52
