5
63
8
14
60
69
100
15 99
83 3
29 99
3 99
53 99
7 99
0 6
38 99
90 99
4 99
0 37
0 26
0 52
0 83
50 99
0 25
71 62
59 99
0 53
96 99
0 91
15 3
52 99
0 76
0 58
75 36
28 62
75 21
88 92
88 68
88 73
52 62
54 62
70 62
15 62
84 62
58 62
58 11
3 11
16 11
88 30
88 1
72 86
72 23
72 68
37 11
72 65
72 35
72 81
1 94
66 11
42 11
47 11
1 12
1 86
1 45
46 13
1 66
42 13
42 4
44 13
42 80
42 47
42 78
42 37
25 13
30 13
38 64
55 19
23 13
5 13
55 41
64 96
43 96
56 96
36 96
20 16
55 38
50 16
67 16
15 16
3 16
64 16
23 16
92 87
48 87
55 86
32 87
18 85
55 97
55 7
55 77
55 93
83 41
83 36
22 87
83 38
83 32
29 87
83 7
