0
100
0 99
1 99
0 98
30 32
92 93
26 28
42 44
42 43
88 90
95 97
94 96
40 41
25 27
35 37
31 32
39 41
96 97
98 99
38 40
77 79
36 37
38 37
46 48
90 92
89 91
91 93
94 95
9 11
10 12
73 75
62 64
74 75
83 85
80 82
82 84
86 88
43 45
86 87
84 85
34 36
54 56
54 55
49 51
48 50
51 53
52 53
33 35
55 57
81 83
60 61
62 61
87 89
50 52
56 58
9 10
57 59
58 60
2 3
78 79
80 79
3 5
0 2
1 3
4 5
6 5
33 34
59 61
6 8
7 8
63 65
64 66
44 45
46 47
25 26
18 20
17 19
12 14
17 18
29 31
28 30
15 16
14 16
13 15
27 29
19 21
20 22
11 13
21 23
22 24
23 24
65 67
66 68
73 74
47 49
67 69
68 70
69 70
76 78
76 77
70 72
