5
97
88
87
94
57
100
21 99
0 86
0 79
0 2
11 49
12 80
0 54
80 99
29 99
0 7
5 99
0 11
0 45
64 99
0 99
49 99
2 99
12 9
0 83
0 91
0 55
0 89
0 38
34 99
3 99
67 99
17 99
0 1
0 64
0 75
9 99
0 74
58 99
0 16
0 12
0 58
0 15
0 4
0 17
0 68
0 53
0 43
0 66
0 67
13 99
0 84
0 90
0 13
10 99
14 99
41 99
59 53
72 99
32 99
60 99
0 85
56 99
76 99
29 9
0 28
78 99
0 59
0 18
15 99
30 99
0 63
1 99
0 3
0 39
0 56
62 99
51 9
65 99
46 99
11 99
0 49
98 99
51 96
0 29
68 99
81 9
0 51
96 99
8 99
82 99
95 99
42 99
35 99
74 99
31 99
0 78
66 99
44 99
12 99
76 92
90 91
69 99
91 99
98 75
77 2
