5
8
27
52
22
77
100
0 72
15 82
38 56
1 72
37 82
67 4
21 81
54 82
0 62
0 21
60 82
0 79
0 38
0 15
0 13
3 66
0 4
0 12
0 54
0 29
0 7
0 34
0 10
43 17
62 82
0 74
18 82
0 1
0 43
0 55
47 64
47 79
47 26
47 41
47 72
47 20
47 42
47 7
47 10
47 62
47 57
47 1
73 82
47 15
47 21
47 75
35 82
47 43
47 37
47 81
47 69
47 74
17 82
70 82
39 16
39 73
23 82
39 15
39 34
72 82
39 75
14 82
4 82
39 37
66 18
39 78
26 82
51 82
2 82
71 82
53 82
42 82
39 72
63 82
44 82
39 28
64 82
39 80
6 82
39 18
39 4
71 13
33 82
67 82
57 82
9 82
60 13
32 13
62 13
68 13
42 13
39 21
39 40
29 13
57 13
74 13
38 13
39 46
46 5
57 5
