1
80
99
10 12
1 98
12 99
38 40
49 51
26 28
8 9
10 11
64 66
18 19
65 67
63 64
27 29
28 30
36 38
34 35
52 53
29 31
30 31
37 39
41 43
23 25
24 26
11 13
39 40
12 14
52 54
54 56
60 62
55 57
41 42
50 51
8 7
0 1
6 7
19 21
18 20
53 55
59 61
69 71
72 73
70 71
66 68
67 68
69 70
73 99
95 97
89 91
88 90
95 96
90 92
92 94
91 93
20 21
83 85
84 85
86 87
22 24
22 21
85 87
88 87
59 60
16 17
97 99
13 15
14 15
96 98
16 15
61 63
62 64
25 26
36 37
33 35
32 34
42 44
43 44
47 49
48 50
47 48
45 44
45 46
72 74
73 74
32 31
8 10
3 5
4 5
75 76
75 77
76 78
77 79
93 94
83 84
4 6
56 58
57 58
2 1
2 3
81 83
