5
42
2
14
63
1
100
43 90
0 23
51 90
28 90
53 12
29 51
29 59
30 36
0 36
0 65
3 90
0 69
60 90
59 90
7 12
21 39
11 90
0 85
0 30
0 21
0 7
0 29
0 56
0 19
0 41
0 60
0 71
0 37
0 61
39 90
0 40
0 59
62 75
0 5
84 90
75 90
76 21
0 18
0 66
0 87
0 90
0 38
23 90
0 34
0 76
0 45
0 39
64 90
52 90
4 81
85 90
78 90
50 90
27 90
82 90
0 11
36 90
16 80
35 34
24 90
0 4
0 17
48 90
33 90
0 28
0 16
10 90
58 34
0 81
0 83
35 18
0 35
0 25
0 58
0 48
0 22
0 20
0 26
44 15
0 10
0 70
29 80
0 3
18 90
18 80
5 90
34 90
0 89
0 32
0 72
0 62
0 13
0 79
9 90
27 26
0 44
26 90
50 20
80 90
82 25
