5
30
35
17
22
11
100
0 6
0 92
68 99
0 20
0 3
44 97
0 14
75 99
91 47
57 99
42 99
16 23
18 97
0 44
58 99
0 16
47 99
9 34
23 99
53 96
0 49
28 99
15 32
0 99
39 71
0 18
34 99
0 2
0 9
84 99
31 99
59 99
67 99
0 66
0 39
18 99
61 99
5 38
21 99
25 99
0 80
62 99
0 15
79 99
0 43
0 10
66 99
0 57
0 88
0 61
0 13
80 99
54 99
38 99
96 99
5 13
72 99
71 45
92 99
46 99
76 37
45 99
93 99
0 64
0 50
0 4
63 99
0 76
14 37
0 40
0 91
0 26
70 99
0 72
0 33
0 59
0 34
0 67
53 99
0 78
71 99
0 65
37 99
73 36
94 99
6 99
85 99
0 5
82 99
0 97
0 71
0 73
36 99
5 99
95 99
97 99
53 64
0 53
83 99
0 90
