5
98
65
22
55
53
100
40 99
2 99
49 99
0 95
16 35
0 4
0 32
0 14
0 48
10 1
0 85
76 94
93 35
4 42
73 35
26 87
3 47
3 4
72 78
1 87
72 6
58 87
72 67
72 17
13 58
13 44
88 87
74 87
13 11
76 16
13 71
13 64
13 93
30 10
30 43
30 20
30 18
6 77
11 36
6 90
44 24
38 16
44 37
44 20
96 27
96 57
38 23
38 80
12 16
54 16
77 16
4 16
38 90
38 34
7 49
7 57
9 91
62 51
62 73
62 89
33 28
83 28
45 28
39 28
40 89
40 27
88 47
2 50
29 50
64 15
80 54
40 5
19 54
40 20
4 89
25 54
91 88
91 31
91 67
91 46
25 51
71 54
93 54
76 54
81 85
79 85
83 85
24 37
49 21
14 21
61 21
90 64
25 92
75 64
43 64
25 8
36 92
88 92
58 60
58 90
