5
66
23
37
53
35
100
36 47
36 58
0 49
0 81
92 57
56 17
0 11
1 89
0 36
0 62
0 56
60 24
0 15
0 1
0 60
83 95
42 95
68 78
0 57
0 63
0 47
0 68
81 95
24 95
47 95
0 4
39 95
14 95
0 45
0 91
0 75
45 95
62 32
78 57
18 64
0 6
0 48
32 95
0 58
64 95
0 93
0 40
0 30
0 80
31 41
6 95
31 49
54 95
90 95
31 36
31 94
31 21
31 85
31 42
31 65
31 63
42 78
31 16
31 13
31 8
31 14
20 95
38 95
3 95
31 1
41 95
16 95
33 95
40 95
22 63
31 20
31 73
31 50
31 25
31 78
31 48
31 77
12 13
12 60
12 67
12 70
12 78
18 63
16 63
46 63
88 63
38 63
4 63
94 63
12 14
12 1
48 78
12 59
49 63
82 63
12 28
12 77
12 65
12 64
12 72
