5
25
26
29
24
19
100
39 44
16 17
17 22
41 47
28 30
6 10
15 20
27 32
0 1
51 53
49 53
50 53
36 40
38 41
47 52
48 52
45 52
43 46
42 46
41 46
44 46
49 46
50 46
45 51
48 51
43 47
42 47
44 47
43 45
50 47
48 49
27 31
42 45
41 45
44 45
23 28
42 48
34 39
43 48
44 48
39 41
37 41
34 40
33 40
35 40
42 40
43 40
38 44
36 37
0 4
0 2
3 8
3 6
7 12
7 10
7 9
7 11
7 4
7 1
2 8
2 6
5 10
5 12
5 9
5 11
5 4
1 6
8 12
8 9
8 10
11 15
11 16
8 11
6 9
34 37
33 37
35 37
43 37
39 42
36 38
11 14
13 17
13 18
13 20
13 12
13 10
9 16
9 15
34 38
35 38
33 38
36 39
33 39
32 35
31 35
27 30
28 31
21 28
18 22
20 22
