5
72
36
5
59
16
100
20 55
0 32
0 40
0 20
0 7
0 69
0 38
15 74
43 74
0 46
28 74
73 74
66 74
0 58
0 11
0 60
44 74
0 48
0 4
21 65
71 74
46 74
0 61
0 1
54 74
58 74
33 74
62 11
0 6
48 74
0 21
64 17
42 74
51 30
0 62
38 74
17 74
53 32
23 74
0 51
30 74
32 74
11 74
0 73
40 74
64 57
31 74
25 74
57 74
0 35
0 55
0 10
48 19
0 24
53 10
0 33
0 8
1 74
0 64
0 53
0 17
0 44
29 41
3 74
55 74
35 74
25 10
0 13
0 23
0 74
0 15
56 74
24 74
0 43
10 74
67 74
20 74
0 29
0 12
0 54
0 56
0 28
0 68
0 18
0 26
0 71
60 74
2 74
0 34
21 74
4 74
0 37
45 74
69 74
51 74
34 74
70 74
0 49
41 10
41 27
