5
80
91
76
74
10
100
57 98
0 52
98 99
52 99
0 24
23 4
0 40
19 99
83 99
0 23
38 20
0 57
0 69
75 99
0 3
36 99
53 99
50 99
0 11
0 59
0 27
0 95
72 21
70 99
63 99
20 99
0 73
37 73
0 7
89 99
82 99
0 37
0 71
0 19
0 41
0 67
87 99
21 99
51 99
0 72
29 99
0 79
88 99
0 82
8 99
7 99
0 18
0 38
0 87
42 99
0 94
0 61
22 99
0 33
0 97
69 99
0 32
85 99
18 99
5 99
0 36
61 99
0 88
98 32
0 15
0 62
0 66
0 98
0 31
0 78
39 99
0 44
0 56
57 99
0 64
0 93
32 99
48 92
0 81
0 21
0 51
93 99
0 48
92 99
0 50
0 99
71 99
44 99
66 99
81 99
45 99
0 96
0 26
15 67
16 99
53 24
75 34
0 30
34 99
88 54
