5
29
22
73
85
48
100
0 57
0 51
98 99
0 72
0 11
0 7
0 32
45 99
0 4
0 50
60 99
33 99
0 37
0 95
0 14
28 99
38 99
0 84
0 46
0 75
16 99
0 42
0 88
18 65
18 44
0 5
0 24
0 9
0 13
0 30
0 19
66 56
0 66
0 89
0 98
0 18
0 40
0 86
32 99
10 99
0 49
0 67
0 82
0 17
0 41
0 45
6 99
56 99
0 52
0 60
65 99
50 99
0 47
0 80
0 21
0 77
50 44
0 6
0 61
0 96
34 77
34 37
44 99
34 26
34 56
34 64
34 62
34 23
3 99
34 99
34 72
34 84
34 35
81 99
34 97
57 99
86 99
34 55
34 6
72 99
95 99
34 20
34 88
34 8
5 99
46 99
34 53
34 16
34 75
34 83
34 92
76 99
39 99
27 99
34 44
34 4
34 41
34 74
40 99
52 99
