5
24
68
63
89
86
100
82 12
20 37
76 66
20 53
45 35
0 80
46 13
2 7
2 95
2 33
3 83
20 74
45 59
45 9
33 34
76 13
0 45
46 92
0 46
34 65
3 38
65 99
32 12
54 53
53 99
96 62
56 12
0 2
3 41
10 90
34 98
31 21
41 26
15 62
33 95
31 25
12 99
35 46
77 62
41 62
16 9
33 73
32 8
16 56
33 8
50 62
21 9
13 82
39 98
17 27
91 60
71 98
77 29
4 7
61 90
25 98
29 62
33 64
8 62
84 98
26 99
62 99
30 9
95 9
13 18
65 98
50 46
10 7
17 13
9 99
98 99
71 7
81 75
3 54
33 92
61 60
3 11
91 7
96 19
32 58
20 99
58 60
42 7
0 31
85 46
17 10
35 14
16 15
34 13
81 50
17 16
55 25
34 95
17 54
82 99
21 75
96 54
17 55
81 60
33 75
