5
8
25
29
27
44
100
0 89
4 89
66 89
28 37
65 89
42 89
24 54
0 80
0 28
0 66
35 56
0 73
78 56
2 56
67 56
4 38
0 86
31 38
87 38
48 38
57 38
0 82
15 24
53 38
75 38
20 38
0 40
77 38
9 46
0 85
31 85
10 85
0 35
78 58
78 57
78 1
78 20
78 40
78 31
78 55
78 47
83 6
11 85
83 60
83 28
71 85
83 32
83 12
83 11
83 35
47 76
47 62
63 68
69 85
1 85
36 85
63 49
63 26
48 52
77 85
33 85
60 55
48 86
71 55
4 55
16 55
48 5
51 55
52 2
54 2
1 2
76 2
50 2
48 36
10 14
53 14
75 14
52 14
48 74
9 72
81 9
37 14
84 14
81 49
81 40
81 37
81 86
28 5
28 69
28 7
28 1
79 5
52 5
68 5
68 13
84 13
15 20
28 76
28 49
77 6
