5
31
42
82
62
89
100
0 44
38 99
0 85
17 99
0 20
26 99
32 59
0 99
70 88
98 99
88 99
9 99
0 37
59 99
0 96
91 99
0 1
0 19
0 17
58 72
53 99
56 99
72 99
77 99
94 99
0 29
5 99
3 99
87 49
43 99
60 99
2 99
85 99
1 99
45 99
29 99
34 99
40 99
61 99
48 99
64 99
73 99
15 99
39 99
28 99
0 91
80 99
0 22
0 84
0 87
79 99
32 99
20 99
0 57
0 2
0 34
0 12
46 99
0 7
49 99
30 99
54 99
0 10
0 77
0 28
49 76
69 41
22 14
0 24
48 78
0 83
0 38
0 67
0 48
36 99
0 76
0 55
0 16
92 74
0 65
0 36
0 8
52 61
0 27
0 35
66 53
41 99
57 99
78 99
0 6
41 12
0 66
0 18
71 99
38 25
12 63
0 41
0 43
0 88
98 87
