5
72
10
52
2
83
100
0 26
78 95
0 46
27 95
23 95
26 95
36 95
17 95
44 95
0 13
0 29
49 95
0 21
28 95
91 86
0 33
0 81
0 91
0 57
66 95
86 95
0 67
84 95
45 95
5 95
0 95
25 9
53 9
0 40
0 76
0 53
0 15
22 95
80 95
0 27
0 49
0 31
0 87
0 45
0 68
0 5
62 95
9 95
19 95
68 95
59 95
89 95
0 8
0 47
64 95
0 69
0 24
0 41
60 95
4 95
0 73
79 95
6 95
57 95
18 95
63 95
0 42
0 22
0 56
77 95
25 34
67 95
75 95
0 59
34 95
47 95
76 95
65 95
46 95
0 39
15 95
0 16
0 19
0 63
43 95
69 95
0 4
58 51
38 95
78 36
0 3
0 25
42 95
0 14
65 30
0 58
93 95
0 78
0 65
0 48
90 56
0 82
0 34
0 84
85 60
