3
27
88
10
100
40 99
13 87
74 49
45 87
0 54
2 98
0 32
87 99
0 59
0 30
0 16
0 43
85 99
83 99
98 99
13 59
5 59
35 59
81 59
49 59
46 51
0 29
0 74
0 6
1 59
0 63
58 59
17 59
64 5
64 68
64 90
69 59
21 59
98 86
19 86
91 86
64 28
72 86
63 86
62 81
94 96
4 96
64 82
31 96
69 96
64 48
85 52
64 1
72 30
71 29
52 29
3 29
90 29
12 29
72 36
66 29
72 76
72 31
72 40
72 71
72 9
72 19
18 5
18 48
13 15
18 40
18 30
18 28
98 57
53 15
56 15
66 15
58 1
11 1
56 1
54 1
45 1
20 1
19 1
39 1
71 1
28 1
98 89
63 91
74 91
52 91
98 47
12 91
20 91
98 42
98 51
3 9
3 70
3 71
3 48
3 55
38 36
38 56
38 93
38 78
