0
95
94 99
0 15
0 3
29 97
49 76
0 98
20 31
86 99
0 91
29 20
29 26
50 99
69 61
98 84
38 99
98 19
98 78
25 99
89 95
10 81
10 85
62 27
96 52
9 38
37 38
6 46
58 46
37 3
53 5
66 77
9 18
65 13
93 83
66 83
21 83
95 73
97 28
19 28
40 28
27 28
30 14
88 51
95 51
8 16
75 45
65 45
43 50
76 45
23 1
96 71
49 47
23 88
8 11
23 36
23 34
62 54
62 81
67 19
44 84
4 7
4 26
22 59
68 11
75 11
33 63
7 1
26 30
21 17
56 93
82 88
17 80
42 58
72 78
25 68
87 72
37 56
90 53
34 53
37 65
56 12
82 48
37 15
75 48
37 63
17 42
94 97
15 55
84 30
70 61
94 90
63 8
35 8
56 87
42 43
75 87
