5
47
61
37
30
48
100
5 79
3 41
66 49
38 29
26 79
49 79
71 79
0 42
0 46
43 29
24 79
0 31
29 79
41 79
0 4
0 1
0 16
0 2
0 66
8 79
0 7
0 24
12 28
0 18
56 23
58 79
0 12
0 59
0 19
31 79
0 56
28 69
46 79
0 5
0 41
0 35
57 79
0 58
9 36
43 79
69 79
65 79
0 70
35 43
0 26
0 25
0 51
0 68
0 50
9 57
9 73
9 10
36 79
4 17
77 79
73 79
2 79
17 79
1 79
15 79
78 79
44 79
16 79
14 64
3 64
20 64
76 64
66 64
25 64
9 24
9 59
9 33
9 1
9 31
49 64
9 23
9 19
9 18
4 64
55 64
9 22
24 64
69 64
9 41
56 64
52 64
32 64
45 64
9 4
9 68
9 65
9 11
9 38
9 77
9 55
50 75
71 41
70 41
31 41
6 41
