5
46
91
55
23
70
100
11 64
0 20
49 90
64 27
35 99
27 99
0 25
0 75
36 99
51 99
20 99
45 99
15 99
0 1
33 99
0 26
0 39
29 99
0 51
0 72
0 36
0 49
12 77
0 85
25 99
0 15
32 99
77 99
10 99
64 99
0 79
0 92
98 99
79 99
7 99
50 99
39 99
92 99
0 99
29 57
0 71
24 99
73 99
0 12
42 99
57 99
47 99
71 99
40 99
28 99
22 99
21 99
0 65
0 61
38 99
0 63
0 29
68 35
0 59
61 99
0 68
0 44
0 62
0 9
0 41
56 99
54 99
97 99
76 99
65 99
7 89
6 99
26 99
87 67
89 99
0 69
0 11
0 86
88 99
62 99
93 99
74 99
0 7
0 17
5 83
0 48
0 43
0 76
0 24
0 28
96 99
0 27
0 34
0 81
0 5
80 83
83 99
50 36
78 87
98 81
