5
4
78
52
53
40
100
45 99
89 99
0 99
98 57
0 45
76 99
0 48
0 62
0 35
0 25
0 72
80 99
57 99
45 65
65 8
0 89
98 44
58 99
87 99
59 99
44 99
73 99
0 21
0 27
0 61
37 56
0 55
56 99
0 65
15 99
8 99
38 99
0 41
0 94
20 99
0 54
5 62
67 41
14 69
0 91
0 67
0 73
0 97
0 92
0 14
0 81
0 16
62 99
0 15
12 99
0 70
7 99
2 46
41 99
81 99
0 10
0 2
0 98
41 48
88 96
0 3
71 13
0 23
0 79
0 77
0 47
0 90
60 42
12 62
80 67
0 71
0 88
6 99
69 99
13 99
1 85
0 12
0 37
0 49
48 99
42 99
0 38
67 99
0 80
30 99
0 84
83 24
0 63
0 57
0 30
0 13
0 50
0 83
0 60
17 99
0 59
0 36
0 43
51 54
17 96
