5
68
18
81
70
3
100
42 97
0 57
0 65
10 87
0 10
0 4
0 84
0 69
0 19
20 96
0 95
0 79
0 20
0 46
0 45
0 17
0 75
23 97
0 28
0 23
0 51
32 97
33 60
0 71
0 16
0 82
0 6
2 97
59 97
69 97
87 97
24 97
40 41
0 47
0 40
15 19
14 97
15 50
9 97
15 76
38 97
15 75
15 90
15 36
15 23
45 97
56 97
30 97
62 97
15 60
15 32
15 54
15 44
90 97
36 97
5 97
76 97
15 62
15 49
16 97
4 97
47 97
61 97
15 95
58 97
86 97
49 97
25 97
15 12
15 56
37 71
15 89
31 71
82 71
32 71
15 66
4 71
44 71
73 71
49 71
15 85
13 71
15 20
15 72
15 6
15 53
15 5
15 28
15 27
66 71
26 71
34 38
15 31
55 71
67 71
15 88
42 71
93 71
90 71
62 71
