5
89
25
49
98
62
100
0 64
67 99
86 99
0 79
5 99
63 50
77 55
53 99
47 99
26 99
44 99
17 92
31 99
0 77
0 42
0 74
55 99
0 56
75 45
83 99
0 12
0 17
45 99
76 99
9 99
52 99
0 29
84 99
26 95
77 99
0 75
14 99
1 99
0 91
0 46
0 2
80 73
90 99
73 99
10 99
64 99
12 99
20 99
0 99
13 99
15 99
33 99
72 99
66 99
19 99
11 99
91 99
63 99
82 99
37 99
32 99
28 99
8 99
0 80
0 39
69 99
58 99
0 72
17 99
0 65
27 99
74 99
4 99
0 53
57 99
30 99
21 99
18 99
0 19
38 99
68 99
20 79
10 79
83 79
0 69
0 41
0 88
0 63
70 79
64 79
69 79
22 79
67 79
76 79
37 79
88 79
92 79
9 79
50 79
42 79
0 13
5 79
0 21
0 61
21 79
