5
24
41
65
83
73
100
18 94
51 94
32 93
49 94
0 18
0 29
59 94
62 94
6 94
0 77
0 32
0 84
0 16
93 94
0 43
0 46
0 38
47 34
19 80
8 94
0 28
0 19
34 94
4 94
47 94
87 94
11 94
58 32
84 94
0 86
0 71
0 1
0 15
0 23
0 39
17 32
0 80
9 8
0 58
0 25
0 82
27 32
53 92
0 91
0 9
80 71
0 89
0 17
0 87
53 80
53 12
90 32
54 32
33 32
14 32
28 32
3 32
31 32
8 32
79 32
34 32
53 51
71 32
62 32
22 32
51 32
53 27
46 55
85 55
13 55
80 55
70 55
1 55
53 2
31 55
54 55
53 28
28 55
36 55
12 55
49 55
43 55
39 55
53 69
53 34
53 62
92 55
53 54
53 52
78 55
35 55
53 87
37 55
56 55
80 72
31 72
4 72
59 72
52 72
53 36
