5
43
75
32
55
36
100
0 58
41 27
9 58
39 93
0 28
0 52
27 93
0 45
0 41
0 71
82 93
0 73
0 35
11 93
53 93
0 38
0 7
0 18
19 93
0 10
80 93
0 34
86 93
0 6
0 31
62 46
0 37
17 93
65 93
31 37
46 93
0 57
0 60
37 93
13 93
88 93
14 50
45 93
6 93
0 3
67 18
54 93
0 69
0 65
9 93
20 93
18 93
92 12
25 12
74 12
27 12
20 12
0 11
24 12
0 48
47 1
47 73
34 12
54 12
91 12
60 12
17 12
47 3
14 12
47 89
47 34
62 12
8 12
47 42
66 12
14 65
72 65
47 54
73 65
47 92
47 80
47 30
24 65
28 65
47 46
47 62
47 83
47 50
21 65
40 65
47 24
47 21
47 29
47 35
47 81
47 58
47 68
51 14
27 65
51 85
51 89
51 80
5 65
6 65
51 69
