5
51
6
54
57
39
100
0 13
35 60
13 60
0 44
14 60
0 16
0 2
59 60
40 60
0 9
11 60
0 36
0 21
0 50
22 15
22 48
22 44
31 15
34 15
16 15
55 15
22 42
25 15
22 17
45 15
22 46
38 15
22 14
22 18
9 15
58 15
7 15
22 36
22 4
22 28
22 13
41 15
22 56
23 15
22 37
22 35
22 3
22 8
24 15
22 20
22 10
22 21
22 33
2 15
52 15
40 15
30 15
22 27
59 15
43 15
22 32
22 26
50 15
22 11
22 1
53 15
22 29
22 49
22 19
22 12
5 15
22 47
22 34
48 15
22 38
22 25
22 31
22 40
22 55
44 15
22 7
22 45
22 9
22 16
22 58
22 23
22 41
22 30
22 50
22 52
22 24
22 59
22 53
22 2
22 5
43 37
42 15
13 15
35 15
43 47
10 15
18 15
43 20
43 29
8 15
