5
57
10
34
26
69
100
66 40
65 30
30 97
80 97
0 77
0 66
53 97
0 7
74 22
68 97
11 97
0 86
95 73
24 97
6 46
0 79
0 48
46 97
0 19
0 95
33 8
75 28
40 97
0 78
0 74
51 19
8 97
0 2
35 97
36 97
19 97
2 97
6 97
21 97
31 97
0 23
0 33
0 51
0 12
0 41
0 73
0 46
39 97
0 3
0 68
0 62
83 97
43 95
64 97
1 97
95 97
0 67
7 97
0 49
0 59
87 89
50 97
91 97
44 12
89 97
0 37
29 40
0 81
0 54
41 97
12 97
0 76
0 29
0 44
0 13
22 49
0 87
0 18
0 56
0 8
28 97
0 97
0 71
0 32
49 97
0 94
0 28
0 17
75 22
0 88
0 50
0 75
60 97
33 97
0 22
52 97
0 53
0 9
0 60
0 70
0 6
0 27
0 83
1 76
22 54
