5
43
71
57
29
91
100
0 69
0 19
48 99
0 92
61 78
60 99
0 58
23 99
79 99
49 99
78 99
20 99
77 99
11 58
58 99
76 99
15 99
61 68
0 88
0 2
6 99
83 99
87 99
90 99
0 98
84 99
92 99
0 99
52 99
66 99
50 99
82 99
25 99
30 99
19 53
97 99
53 85
3 99
0 18
74 99
0 7
0 61
0 93
85 99
0 15
0 12
0 1
0 22
67 99
0 62
72 99
94 99
0 20
72 89
0 23
56 99
0 47
0 67
0 63
0 30
0 34
0 84
0 38
0 39
0 9
0 26
0 31
0 6
0 95
0 72
0 33
0 37
0 14
0 5
88 99
54 99
89 99
72 45
31 99
8 99
80 99
75 99
25 30
59 99
0 44
45 99
0 4
93 99
5 99
98 99
69 99
0 25
0 94
0 75
27 97
65 99
37 99
89 24
27 55
42 24
