5
44
4
30
28
3
100
26 38
39 23
31 16
42 9
18 67
0 24
41 7
41 21
0 26
62 61
69 11
8 46
23 2
65 67
39 76
0 8
0 39
0 42
69 62
29 83
75 67
83 88
66 11
35 67
67 88
69 41
66 22
0 69
7 16
0 23
7 21
7 52
72 21
7 72
0 71
27 5
7 27
70 25
80 46
80 87
70 37
80 40
18 12
80 77
18 15
10 64
7 70
10 17
80 35
10 19
7 80
10 59
10 87
36 2
36 22
18 36
10 79
86 15
18 55
43 73
40 45
43 52
26 61
26 2
47 61
40 58
5 52
43 9
43 46
40 47
26 34
26 85
86 24
8 65
34 78
18 86
29 73
40 82
63 9
40 64
43 6
60 26
35 29
60 8
76 46
34 32
20 52
25 82
19 29
60 34
15 64
54 1
25 54
17 45
76 83
42 22
25 42
17 52
25 19
25 53
