5
31
15
36
35
7
100
0 30
0 13
0 10
44 51
0 22
10 51
38 51
50 8
45 20
18 51
0 42
0 29
0 33
20 51
33 51
0 45
25 51
16 51
39 51
49 51
32 51
21 51
29 51
5 51
0 50
40 51
0 37
1 51
50 51
28 51
13 51
0 12
0 23
22 51
0 38
0 20
9 51
0 40
3 51
0 6
0 24
0 16
46 42
0 5
0 46
20 42
34 42
2 42
43 42
28 42
12 42
44 42
22 42
0 3
0 32
16 42
0 44
0 28
0 41
0 19
0 11
0 8
0 49
0 2
27 33
27 12
27 44
27 8
27 49
27 28
50 42
27 10
27 46
27 45
27 30
27 11
32 42
19 42
24 42
48 42
4 42
27 40
27 14
26 42
33 13
27 21
27 42
37 42
27 41
27 3
38 42
5 42
13 42
27 39
27 29
47 42
10 42
45 42
27 19
27 22
