5
6
62
40
38
42
100
0 97
0 2
0 52
0 36
0 13
0 5
0 98
0 32
0 11
0 29
0 54
0 81
0 93
23 99
85 99
0 8
4 99
0 63
22 99
9 99
0 23
44 99
18 99
0 59
0 51
0 75
49 99
55 99
32 99
34 99
2 99
39 99
54 99
15 99
41 99
71 99
86 99
0 27
72 99
88 29
0 35
0 31
0 78
0 58
0 84
0 9
0 95
16 99
0 26
0 10
0 56
0 25
0 49
0 19
0 65
0 99
0 48
0 68
0 88
0 37
83 99
0 34
27 99
0 7
0 90
0 20
0 3
0 87
48 99
69 99
0 79
29 99
50 47
96 99
24 99
90 99
47 99
26 50
0 92
0 21
0 33
0 66
0 74
0 57
0 67
14 28
12 99
50 99
35 99
28 99
45 99
10 99
79 99
73 99
94 99
13 99
93 99
0 53
0 43
0 64
