5
83
51
22
33
95
100
0 99
0 72
0 78
0 26
87 97
20 99
17 99
46 99
0 23
0 85
81 99
47 99
49 99
66 99
60 99
0 87
0 28
35 99
0 43
3 99
0 86
32 99
0 13
0 20
0 98
0 52
0 82
0 48
86 99
0 64
0 37
55 99
14 99
0 41
25 99
73 99
0 24
28 99
89 99
50 99
98 99
0 39
24 99
25 75
0 32
82 99
13 99
12 99
67 72
10 72
48 99
0 29
0 9
0 67
74 57
72 43
27 66
43 99
56 99
0 68
96 99
26 99
57 99
0 7
40 99
2 99
7 99
53 59
45 99
59 99
77 99
9 99
12 15
65 99
78 99
0 12
15 99
30 99
81 84
94 84
0 6
0 92
0 25
0 94
0 76
0 4
0 89
39 84
55 84
0 38
0 19
0 58
16 10
44 84
0 17
76 84
10 84
93 84
15 84
1 84
