5
83
72
21
49
13
100
0 68
66 75
0 11
63 79
66 56
0 46
0 63
0 62
16 99
15 99
0 52
0 93
0 55
0 57
0 48
0 71
51 99
98 75
0 2
0 18
96 75
0 64
96 41
4 99
12 99
0 38
0 51
0 60
0 61
0 5
15 36
75 99
84 99
32 99
91 62
37 99
36 99
91 5
97 99
5 99
0 45
23 99
39 99
80 99
92 99
2 99
95 99
30 99
9 99
0 87
58 99
27 99
42 99
55 99
54 99
17 99
58 87
6 99
20 99
0 99
0 91
26 99
0 15
76 99
0 58
0 29
82 99
56 99
78 99
87 99
0 67
0 76
0 32
33 99
0 4
0 17
91 99
45 99
71 99
0 80
14 99
64 99
40 99
47 99
43 99
29 99
59 99
0 74
0 26
44 27
8 99
96 99
38 99
90 99
0 50
0 24
0 3
0 75
39 36
66 46
