5
83
68
50
35
22
100
90 95
1 56
0 1
0 14
0 33
82 19
0 17
0 60
0 41
89 95
82 31
0 82
0 94
66 95
0 10
7 95
34 62
0 6
0 45
37 95
19 95
62 95
0 66
0 36
45 95
0 64
0 11
0 95
0 78
0 34
61 95
65 95
0 51
0 24
75 95
64 95
0 89
0 53
33 95
24 60
1 95
29 95
0 74
0 88
38 95
21 94
0 49
17 95
94 95
0 58
67 95
0 19
2 95
41 95
34 95
56 95
21 31
0 18
0 75
0 92
0 21
85 95
0 59
52 95
48 95
79 95
0 46
93 95
0 4
60 95
91 95
0 71
15 95
0 37
47 95
0 81
0 20
0 7
0 27
12 95
10 95
0 91
87 11
20 95
0 73
46 95
11 95
21 95
0 16
0 87
72 95
53 95
92 95
0 47
28 95
2 70
29 56
40 95
0 29
0 38
