5
66
64
65
59
76
100
0 57
0 6
0 39
0 33
0 48
0 16
0 60
0 56
0 27
5 10
13 99
62 99
0 69
0 70
0 95
0 98
42 99
75 99
82 99
0 61
0 5
10 99
0 22
85 99
0 29
0 43
35 99
0 52
0 78
63 99
14 99
0 23
0 89
0 28
0 8
36 99
56 99
0 11
57 99
26 99
0 92
84 99
7 99
0 93
0 18
17 99
43 99
0 86
50 99
46 99
24 99
67 99
0 55
0 96
0 42
0 25
0 7
22 99
28 99
30 99
0 58
15 99
0 20
0 75
0 19
0 46
0 87
74 99
90 99
97 99
0 15
0 94
92 99
29 99
93 99
1 99
0 74
80 99
31 99
0 32
51 99
0 34
0 72
0 82
0 17
4 99
25 99
70 99
98 99
0 10
68 99
0 12
37 99
0 41
0 38
0 97
0 13
0 30
62 45
6 5
