5
50
47
11
26
67
100
72 6
6 99
38 22
0 17
22 99
48 99
79 99
0 95
27 99
0 6
0 62
0 31
0 14
0 97
78 99
0 12
0 2
61 99
14 99
39 99
36 99
0 35
0 96
0 79
0 84
0 64
0 19
0 86
0 38
81 99
0 51
0 92
0 10
16 99
20 99
0 71
0 49
0 37
0 77
0 7
0 93
66 99
75 99
80 99
72 99
82 99
76 99
23 99
0 43
73 99
98 99
20 22
17 99
12 99
28 99
38 99
74 63
10 99
7 99
49 99
70 99
65 99
76 25
13 44
0 23
63 99
33 99
56 60
0 20
0 74
0 13
0 76
0 99
0 68
0 85
60 99
0 24
0 72
0 94
30 99
96 99
0 82
0 1
25 99
89 99
35 99
0 48
0 46
45 99
97 99
0 54
32 99
0 15
0 28
0 30
2 99
98 85
34 8
56 15
57 80
