5
26
88
34
39
97
100
0 73
0 21
35 98
0 3
92 98
16 44
5 98
83 98
64 98
69 98
0 61
18 98
0 28
82 46
0 43
0 90
0 40
0 17
41 6
0 35
62 59
0 47
61 98
0 11
16 29
0 62
46 98
0 10
29 98
0 69
86 6
7 98
0 49
0 9
0 57
79 98
0 86
0 45
0 78
64 14
0 74
13 98
6 98
0 64
0 44
0 79
0 98
93 98
14 98
11 98
0 41
76 98
13 49
95 98
33 98
0 29
0 13
0 58
0 77
0 92
60 75
0 82
0 81
59 98
2 98
0 16
0 52
71 35
74 90
0 91
0 53
41 47
60 98
0 71
0 60
32 98
0 25
0 24
0 37
0 96
50 98
0 27
65 98
17 98
15 47
90 98
47 98
63 98
0 54
0 85
9 98
0 55
78 98
12 98
80 98
21 98
22 98
27 98
15 9
68 98
