5
50
23
87
45
85
100
0 25
84 93
9 59
2 93
0 31
0 30
0 51
0 76
0 12
0 2
31 65
0 92
4 26
77 93
0 53
42 93
55 93
26 93
90 93
57 93
25 93
21 93
62 93
81 93
69 93
0 4
84 10
82 93
0 90
0 84
0 78
0 80
0 52
0 49
0 41
25 54
0 1
4 93
0 13
18 43
8 93
54 93
43 93
22 93
0 11
86 93
48 47
76 93
0 59
48 84
21 46
52 93
0 18
11 93
14 93
41 93
0 21
58 39
0 82
0 15
67 41
0 3
0 28
70 93
0 17
67 63
0 69
92 93
0 57
10 43
0 79
0 38
0 10
0 67
0 37
0 8
0 7
28 93
0 6
48 14
48 20
48 78
39 93
48 79
66 93
59 93
14 19
48 31
55 19
49 19
24 19
16 19
48 70
22 19
48 91
48 77
83 19
6 19
73 19
48 49
