5
30
94
48
70
93
100
63 99
0 34
0 17
71 58
39 99
0 99
0 52
60 99
49 99
58 99
0 16
52 99
75 99
0 91
0 42
0 62
0 39
0 40
0 87
69 34
33 99
0 3
0 63
0 13
34 99
46 99
66 99
0 85
55 99
75 38
29 99
23 99
85 99
42 99
0 14
67 95
0 9
0 60
43 99
0 44
0 67
69 99
27 99
10 99
61 99
79 99
82 99
87 99
0 77
0 33
0 43
0 6
0 5
0 54
0 47
0 83
0 4
0 12
0 84
78 99
74 14
1 57
95 99
0 8
0 1
0 95
0 74
40 99
88 99
45 99
86 99
65 99
89 99
57 99
12 99
16 99
0 15
49 89
35 45
0 71
0 68
0 66
0 90
0 35
0 28
0 49
72 99
0 20
62 99
89 32
0 45
0 72
0 58
86 5
0 29
16 37
0 46
73 99
29 76
15 32
