5
77
22
25
15
41
100
76 91
0 30
80 74
3 18
27 23
46 50
37 18
74 99
20 14
19 7
6 1
32 2
91 99
59 26
26 23
8 38
34 18
93 10
6 88
98 89
13 7
32 23
98 11
0 98
51 39
3 10
20 52
6 96
46 23
10 5
60 48
14 7
5 18
48 18
46 26
86 18
19 95
38 18
0 20
6 81
0 6
57 73
81 61
34 40
1 18
68 71
14 95
39 21
0 71
90 73
0 68
87 67
81 54
37 31
17 21
7 99
3 85
61 79
80 84
9 13
10 21
23 18
8 28
85 79
12 79
3 16
81 83
67 82
78 5
26 95
75 79
13 79
18 99
6 13
84 13
19 96
92 95
79 96
69 96
14 21
78 76
0 28
10 31
9 28
81 85
10 84
72 95
10 13
89 73
8 96
8 89
83 67
64 67
82 96
47 73
87 96
84 96
62 76
8 31
44 28
