5
34
6
58
40
27
100
0 99
57 99
0 85
0 19
0 92
19 99
0 87
53 99
0 42
0 55
1 41
0 86
0 84
50 31
85 99
0 96
98 4
0 1
62 90
23 99
0 43
0 98
0 50
13 2
44 99
26 4
71 99
2 99
31 99
38 99
0 62
0 28
47 90
46 89
0 17
4 99
87 99
90 99
89 99
10 99
0 26
33 99
17 99
30 99
47 74
41 99
67 99
52 99
74 99
37 99
86 99
54 99
43 99
88 99
51 99
3 99
0 72
80 99
0 13
9 7
20 99
0 68
77 99
0 49
7 99
79 99
83 99
48 99
55 99
68 99
0 46
0 81
0 70
14 29
12 99
96 99
29 99
10 21
35 99
36 99
21 99
26 99
65 99
86 93
92 93
53 93
64 48
48 93
0 38
59 93
0 20
0 64
51 93
26 93
0 9
91 93
81 93
95 93
88 93
13 93
