2
15
14
99
40 46
36 39
32 33
35 40
29 35
36 40
32 40
50 54
27 30
37 42
37 39
52 53
47 33
54 60
53 60
47 43
54 49
47 42
46 42
50 44
38 44
46 52
48 52
56 57
48 51
56 58
57 59
40 39
42 43
39 43
39 38
33 38
49 55
58 60
28 30
12 30
13 30
18 30
1 29
29 30
29 26
27 26
25 26
22 26
28 24
27 23
23 26
24 26
1 28
2 28
1 27
29 28
29 27
25 27
24 27
21 25
22 25
23 25
24 25
2 29
0 3
6 3
1 3
7 3
2 3
5 3
0 4
7 4
8 4
1 4
5 4
6 4
0 2
1 2
5 2
0 6
0 8
0 5
1 5
7 6
10 6
5 6
9 6
7 8
7 5
7 10
7 9
11 8
10 8
12 8
9 8
11 9
10 9
12 9
10 13
11 13
11 10
12 13
17 13
