5
24
81
72
55
29
100
0 52
42 99
0 18
0 68
0 23
49 99
76 99
0 13
33 98
0 33
0 8
0 43
68 99
0 54
0 28
17 84
0 46
0 10
0 50
0 98
0 25
0 95
39 56
0 39
16 99
0 2
79 99
77 99
98 5
0 21
0 86
0 64
0 6
5 99
92 99
66 99
14 99
0 97
44 99
69 6
35 99
94 99
0 58
0 80
7 99
9 99
73 82
0 67
3 99
96 99
59 99
6 99
0 99
70 99
82 99
0 47
23 99
95 99
53 99
90 93
93 99
0 69
0 73
98 38
0 56
51 99
38 99
85 99
0 65
0 7
0 89
0 5
0 17
64 63
12 99
28 99
0 38
63 99
4 99
87 99
31 99
26 99
0 71
0 85
45 99
89 99
64 99
0 66
32 99
0 78
0 36
0 90
0 83
50 99
0 4
40 99
0 94
0 60
11 99
0 82
