5
45
13
69
12
82
100
0 30
0 44
0 2
0 26
0 47
10 89
0 63
44 66
0 67
0 56
33 99
46 44
46 96
46 68
46 29
5 99
46 17
94 99
20 99
78 99
65 99
46 23
39 99
23 99
46 6
80 1
46 98
46 28
46 67
87 83
87 77
87 61
87 48
8 1
87 47
37 1
79 1
53 1
51 1
71 1
29 1
66 1
54 1
87 34
66 48
87 80
87 16
87 97
75 48
87 89
42 44
87 53
87 40
87 42
92 64
92 47
92 53
92 83
92 18
90 48
92 34
20 43
92 20
92 2
92 11
92 90
92 30
92 15
97 23
97 52
97 37
97 14
97 24
22 39
95 48
9 48
63 48
34 48
43 48
49 48
36 48
41 44
22 24
55 44
25 14
54 44
14 44
22 30
24 44
10 44
36 44
83 44
22 67
89 44
22 25
5 44
37 75
22 2
25 75
24 75
