5
21
83
55
87
30
100
65 99
4 99
0 67
43 99
18 99
0 77
0 57
1 32
0 98
0 1
0 56
60 38
60 57
60 82
60 19
12 99
67 99
60 94
60 65
8 99
6 99
64 57
60 95
60 93
4 57
38 57
41 57
47 57
12 31
40 57
52 92
12 56
31 92
74 92
12 66
70 92
42 92
12 84
78 98
12 7
80 98
12 44
12 96
12 40
88 14
1 98
13 98
62 98
88 11
95 98
88 69
88 76
29 77
29 97
51 74
29 71
29 82
33 74
96 74
14 74
29 79
86 74
34 74
7 74
70 73
39 74
70 23
61 15
70 64
70 13
70 97
70 45
59 96
59 50
59 42
93 15
25 15
59 22
73 15
50 15
59 41
59 86
42 15
43 15
68 15
23 89
27 89
59 54
59 61
13 8
13 10
13 16
65 89
13 96
46 89
13 97
13 50
76 89
66 7
96 7
