5
37
1
91
75
69
100
35 95
55 95
16 94
0 76
0 20
0 80
25 95
50 95
68 95
11 95
65 95
0 55
0 16
0 15
93 79
13 95
0 60
51 74
0 42
0 93
0 67
0 10
62 95
52 95
28 95
79 95
89 95
0 53
88 95
0 9
0 7
66 95
0 57
12 62
61 95
0 28
0 71
38 95
0 12
0 73
0 82
68 94
45 95
68 46
68 53
77 95
9 95
93 95
68 4
68 28
73 53
20 53
68 19
68 59
68 77
72 53
68 90
55 53
27 53
93 53
68 87
10 53
68 17
35 53
33 53
87 53
16 53
90 53
68 65
3 53
77 74
68 49
22 53
68 6
68 72
68 80
59 53
68 13
68 64
68 36
68 38
68 22
43 53
12 53
68 61
74 53
13 53
68 52
68 31
41 53
68 32
68 7
17 53
68 16
43 34
30 53
42 51
43 41
4 51
43 56
