5
48
78
27
60
28
100
0 36
0 49
0 81
92 57
56 17
0 11
1 89
0 62
0 56
0 15
0 1
83 95
24 95
49 81
47 95
14 42
42 95
81 95
39 95
18 64
4 32
23 95
14 95
0 68
0 57
45 95
32 95
64 95
54 95
90 95
6 95
63 95
0 4
3 95
55 38
0 63
0 91
38 95
20 95
0 75
40 95
16 95
41 95
0 47
50 33
0 58
0 93
51 33
89 33
92 33
35 33
0 45
2 33
1 33
0 40
0 6
55 33
90 33
41 33
0 30
0 80
31 36
31 41
31 85
31 49
5 33
31 94
31 21
37 33
31 65
40 33
31 66
31 42
31 14
55 19
34 33
85 33
31 13
11 33
19 33
31 63
31 16
31 8
79 33
45 33
31 1
58 33
81 33
31 20
31 25
31 73
31 50
13 30
31 53
31 77
87 30
12 67
64 30
12 70
12 13
