5
96
62
68
98
55
100
50 99
88 99
50 58
81 99
50 78
0 49
50 59
65 99
50 93
95 57
56 99
95 83
71 78
69 94
50 81
77 86
82 99
69 73
50 79
77 99
90 99
86 99
76 99
57 99
50 69
95 70
54 99
83 99
80 99
78 99
50 71
94 99
50 95
85 99
80 94
50 91
50 82
65 59
50 56
67 89
72 99
92 99
50 66
50 61
74 99
51 99
50 80
89 99
50 64
73 99
79 99
70 99
73 61
50 67
60 61
50 88
76 84
50 65
52 99
57 59
75 99
63 61
64 59
50 63
50 60
85 87
72 61
94 58
50 76
59 99
61 99
50 92
73 90
82 93
50 86
50 74
67 99
50 85
50 94
80 93
87 91
50 83
58 99
93 99
73 80
50 73
86 91
59 91
50 72
50 97
50 53
50 75
94 91
74 91
79 91
51 78
50 84
50 90
51 91
51 83
