5
2
45
24
42
38
100
0 26
78 95
0 46
27 95
23 95
26 95
36 95
17 95
44 95
49 95
0 29
28 95
0 13
86 95
66 95
84 95
0 33
9 95
0 81
0 21
0 91
0 57
5 95
0 95
80 95
22 95
59 95
0 67
0 40
0 53
89 95
19 95
0 76
68 95
62 95
10 95
64 95
0 5
0 27
0 31
0 15
0 49
0 87
0 8
60 95
0 47
0 68
0 69
79 95
0 41
0 4
0 73
6 95
0 22
4 95
0 56
57 95
63 95
18 95
0 25
77 95
75 95
0 39
0 59
34 95
67 95
76 95
65 95
47 95
46 95
15 95
0 16
0 19
10 46
0 63
43 95
0 78
0 58
72 93
3 95
69 95
0 14
0 65
0 10
0 48
0 52
0 72
60 93
0 34
0 84
0 82
0 3
0 32
85 60
0 54
66 60
0 12
0 85
0 66
0 23
