1
52
97
0 21
17 78
97 88
63 99
50 99
86 78
28 73
4 22
0 22
92 97
10 73
0 76
62 73
0 92
0 4
67 15
0 30
0 46
30 70
30 71
64 32
64 76
5 56
3 49
9 49
23 49
21 63
38 6
77 58
18 25
98 86
87 58
86 58
56 10
86 10
7 46
17 46
81 42
55 42
96 38
24 17
77 39
18 17
77 1
24 93
24 32
75 23
81 17
38 17
76 17
47 39
60 39
57 26
75 69
33 15
75 94
75 86
28 40
28 90
55 95
55 50
55 54
90 88
90 61
90 51
18 79
16 98
16 94
16 62
22 32
16 35
61 22
93 13
56 32
88 7
80 21
80 95
15 95
40 95
62 56
15 40
44 40
88 96
61 85
61 66
20 83
62 19
38 22
60 89
93 45
20 62
11 8
11 97
11 31
37 8
84 50
97 12
