5
89
5
73
64
65
100
0 15
0 97
0 9
0 72
0 95
11 99
33 99
0 22
0 40
0 88
0 11
0 8
0 54
0 74
43 49
0 32
0 51
42 9
0 18
94 99
0 23
0 94
49 99
0 13
0 49
0 29
83 43
27 99
83 46
83 97
83 68
83 47
83 70
83 23
83 2
83 85
83 29
83 67
83 6
67 99
83 28
83 91
83 26
51 99
83 25
58 99
48 99
62 99
9 99
84 99
83 96
1 99
28 99
83 54
83 14
71 99
36 99
83 75
54 99
25 99
56 99
83 51
83 24
83 58
83 90
72 88
86 99
72 33
53 99
72 43
72 86
8 99
17 99
95 99
72 24
37 99
72 45
72 29
72 4
72 39
72 27
47 99
21 99
72 53
72 98
72 51
72 31
75 99
34 99
16 99
72 82
92 99
87 99
44 99
28 55
78 55
19 55
26 55
60 55
40 55
