5
90
66
36
58
86
100
0 12
0 11
17 99
0 61
0 13
94 22
79 45
76 99
0 94
34 99
0 97
81 99
71 54
71 79
71 15
71 44
56 99
71 88
64 29
64 19
64 14
31 99
78 99
1 99
74 25
74 56
74 24
74 54
22 38
78 38
60 38
89 38
28 38
91 47
82 47
13 80
13 75
13 72
57 47
13 24
13 9
46 22
46 56
46 21
76 85
76 70
76 50
73 47
76 79
84 47
76 35
92 47
76 15
81 49
56 49
89 49
77 69
52 98
77 55
77 17
18 98
72 98
19 98
22 93
77 29
77 91
14 51
82 25
14 37
14 60
14 29
14 57
2 25
67 25
96 5
78 5
67 5
21 5
7 43
7 80
81 43
24 43
40 43
95 43
18 43
61 34
17 34
92 34
75 34
68 34
7 23
40 88
52 88
33 21
56 21
7 44
52 21
95 54
79 54
59 31
