5
29
58
32
87
41
100
0 6
0 68
0 37
57 99
64 99
60 99
21 89
0 90
0 61
0 76
21 15
21 95
28 99
82 99
27 99
37 72
22 72
21 91
21 40
21 13
64 72
66 72
98 72
35 72
14 97
14 24
73 72
78 72
97 80
14 40
63 80
14 33
51 80
25 19
31 19
9 19
14 62
65 19
54 19
14 28
14 69
14 42
14 38
14 61
14 93
8 19
62 19
65 74
63 36
79 74
85 74
63 91
63 2
63 37
77 74
63 64
63 84
63 73
63 15
30 95
30 81
27 74
30 77
30 71
30 22
30 89
33 74
30 34
36 74
30 13
57 53
22 74
18 74
59 74
57 1
57 84
57 28
57 13
60 93
77 93
78 93
37 88
81 88
57 44
57 40
57 9
57 67
83 84
5 84
5 69
66 88
15 88
94 88
22 88
20 88
64 88
5 49
86 88
7 88
5 91
