5
28
31
34
38
40
100
0 59
0 1
2 59
0 3
4 59
0 5
6 59
7 59
8 59
0 9
10 59
0 11
12 59
0 13
14 59
15 59
16 59
0 17
18 59
0 19
20 59
0 21
22 59
23 59
24 59
0 25
26 59
0 27
0 29
30 59
32 59
0 33
0 35
36 59
0 37
39 59
0 41
42 59
0 43
44 59
0 45
46 59
47 59
48 59
0 49
50 59
0 51
52 59
0 53
0 54
0 55
0 56
0 57
0 58
1 59
3 59
5 59
9 59
11 59
13 59
17 59
19 59
21 59
25 59
27 59
29 59
33 59
35 59
37 59
41 59
43 59
45 59
49 59
51 59
53 59
54 59
55 59
56 59
57 59
0 2
0 4
0 6
0 7
0 8
0 10
0 12
0 14
0 15
0 16
0 18
0 20
0 22
0 23
0 24
0 26
0 30
0 32
0 36
0 39
0 42
