5
57
65
68
21
5
100
0 44
0 52
28 99
18 99
61 99
0 4
0 59
35 99
15 93
0 92
98 99
37 99
19 99
41 99
0 8
39 99
2 99
54 99
0 43
0 27
0 70
0 64
0 39
93 99
34 69
61 17
0 1
0 34
0 61
73 35
67 99
96 99
44 99
15 99
0 58
26 99
0 48
40 99
74 99
13 99
0 63
0 73
0 78
67 91
67 96
67 44
67 85
49 22
67 48
67 97
67 60
67 22
67 1
67 6
67 73
15 22
79 25
67 39
87 22
67 77
9 22
66 22
94 22
25 22
55 22
14 22
56 22
67 75
98 22
16 22
92 22
30 22
90 22
13 22
35 28
67 45
67 71
67 27
67 37
67 29
92 41
92 31
25 28
6 28
24 28
92 53
95 28
12 28
97 28
20 28
62 28
14 28
60 28
38 28
11 28
54 28
92 88
92 37
1 46
97 46
