5
6
73
15
82
2
100
3 99
29 99
37 53
53 99
7 99
0 83
0 26
0 37
52 99
62 99
0 53
50 99
0 91
0 52
0 76
0 25
0 58
75 36
75 21
88 92
88 68
90 99
88 60
88 30
88 1
72 86
72 23
72 68
72 65
72 35
72 81
1 94
59 99
1 12
1 86
1 45
1 66
38 99
4 99
64 96
43 96
42 4
42 80
42 47
42 13
16 96
56 96
36 96
42 78
42 11
42 55
37 91
25 13
44 13
46 13
30 13
26 5
23 13
37 11
5 13
8 13
37 63
14 3
58 11
3 11
37 19
47 11
16 11
66 11
71 62
37 14
37 70
37 26
64 70
52 62
28 62
37 20
54 62
70 62
84 62
37 65
31 58
50 58
65 58
29 5
39 58
37 71
37 78
37 64
81 94
81 35
81 29
89 58
22 58
56 66
23 66
69 66
81 7
97 68
81 63
