5
50
60
27
88
76
100
4 40
0 95
2 99
40 99
49 99
16 35
93 35
87 35
97 73
0 48
68 73
62 73
55 48
22 48
1 68
45 68
17 68
0 85
61 34
59 34
94 5
56 34
38 34
93 5
33 5
40 5
91 46
0 4
0 14
0 32
3 4
3 47
72 78
72 6
72 67
72 13
17 94
79 10
81 12
80 65
1 65
51 65
64 65
62 22
92 22
31 67
8 67
66 67
91 67
43 95
53 95
59 95
81 79
81 83
81 39
81 98
32 95
1 95
85 54
57 95
85 83
86 23
85 37
79 12
38 23
79 66
83 23
57 96
89 23
32 94
78 94
78 69
2 41
57 7
53 41
45 28
86 41
43 20
30 20
70 14
40 20
44 20
74 20
70 26
97 98
1 10
14 98
74 98
45 31
45 33
70 31
1 87
51 25
29 55
54 25
61 21
12 56
12 42
8 25
92 25
