5
71
43
49
66
19
100
44 99
72 99
69 99
86 99
0 20
0 96
59 99
0 16
39 99
5 99
0 23
0 80
30 99
0 98
0 94
10 99
50 99
0 33
0 99
0 86
0 74
52 99
0 89
0 45
8 99
81 99
48 99
0 11
41 99
0 25
14 99
35 99
78 99
0 1
0 6
47 99
54 67
57 99
0 39
0 50
0 13
0 81
0 40
67 99
0 36
0 69
0 64
0 22
0 78
79 99
0 72
84 99
0 27
28 99
23 99
0 4
0 54
0 68
0 97
0 57
40 99
0 12
51 99
0 84
0 73
0 95
0 79
0 34
0 35
0 38
87 99
0 56
0 18
0 5
20 99
0 47
58 99
0 59
36 99
46 99
0 17
0 65
15 99
0 83
1 99
0 60
55 99
96 99
0 14
64 99
0 75
0 91
0 21
0 37
0 55
26 88
0 93
0 90
70 99
88 25
