5
87
47
51
14
31
100
54 98
0 98
0 54
54 3
36 98
22 98
57 98
10 3
25 98
42 98
0 66
3 98
9 98
61 98
66 98
67 15
41 98
23 98
37 98
5 98
24 98
50 98
60 98
17 98
21 98
22 62
67 62
54 62
0 86
24 62
85 62
21 62
15 62
26 62
0 56
16 54
81 62
91 62
58 62
0 42
86 62
0 59
0 25
0 16
77 62
71 62
0 67
0 37
96 62
97 62
68 62
0 81
0 71
0 65
0 1
90 62
0 97
0 10
42 62
0 17
0 72
10 5
0 41
95 62
23 62
78 62
83 62
12 62
5 62
75 62
65 62
0 60
0 9
53 60
22 60
34 60
92 60
85 60
25 60
9 60
79 60
16 81
42 60
65 60
94 60
37 60
0 26
41 60
57 10
69 60
81 60
10 60
73 60
80 60
0 4
0 96
90 60
15 60
4 60
96 60
