5
16
71
21
83
23
100
7 96
85 47
0 49
0 66
0 62
0 85
0 45
0 25
57 96
0 86
0 50
0 64
0 57
0 95
0 13
0 70
0 82
89 96
0 14
0 48
0 60
0 28
54 96
66 96
0 73
27 96
47 96
14 96
49 96
93 7
29 96
34 96
33 96
50 96
45 96
77 96
0 53
41 96
63 96
8 96
70 96
20 96
0 32
0 69
60 96
0 93
69 96
32 96
0 92
0 75
0 26
0 12
88 96
0 54
0 24
0 2
0 22
0 11
0 5
0 35
53 96
0 81
19 96
0 8
0 20
0 44
0 79
52 60
0 7
0 55
0 63
0 17
80 35
0 87
0 36
0 52
0 18
0 96
42 96
0 80
0 37
0 38
0 19
0 42
0 61
0 9
0 90
0 77
0 41
0 84
0 76
0 3
0 56
0 72
0 1
28 96
0 39
0 10
64 96
85 96
