5
33
91
12
56
58
100
0 75
48 11
0 30
79 99
0 96
0 48
0 17
0 70
0 34
0 68
0 87
0 26
0 94
0 10
0 4
0 82
0 27
75 99
0 57
0 99
0 63
20 99
45 99
4 99
0 22
0 92
0 42
0 55
20 89
0 8
89 99
10 99
0 1
40 87
0 32
0 25
0 86
0 50
0 74
0 73
0 40
0 81
46 24
87 99
34 99
83 99
73 99
0 64
0 62
25 99
69 7
0 41
39 99
78 70
0 72
0 61
0 69
0 78
0 19
0 46
24 99
5 99
0 5
0 79
0 31
59 99
0 18
6 99
53 99
96 99
51 99
42 99
43 99
21 99
90 99
55 99
22 99
41 99
7 99
81 99
15 99
71 99
0 36
0 89
32 99
19 99
47 99
31 99
0 77
95 10
0 35
23 99
2 99
92 99
0 95
14 99
77 99
13 99
86 99
0 51
