0
94
55 99
19 99
83 99
2 95
54 95
78 34
13 27
46 27
5 34
89 5
0 18
0 84
42 90
79 48
42 59
14 48
6 66
80 66
3 19
31 33
96 33
93 14
23 70
23 2
18 97
76 97
80 96
62 32
30 32
75 71
75 44
59 46
89 88
53 74
63 74
44 7
35 9
58 10
39 10
35 94
41 20
41 37
76 87
28 38
46 60
28 9
91 45
26 39
62 38
20 3
79 52
91 56
49 68
49 61
98 52
15 1
86 1
40 85
62 85
21 94
57 93
24 29
54 29
22 88
68 70
69 65
12 90
12 50
6 73
55 51
69 92
17 20
17 82
78 77
7 57
72 73
58 56
81 47
36 43
30 43
47 45
72 31
16 83
16 86
40 77
81 58
8 11
8 21
51 25
37 22
36 24
11 71
50 40
72 63
