5
88
30
65
50
13
100
0 14
0 17
0 68
0 5
0 11
0 59
26 99
0 58
0 89
0 42
0 45
0 66
36 99
25 12
87 99
25 98
25 24
25 74
59 77
28 7
9 99
7 99
66 99
91 15
63 15
77 15
90 15
21 15
73 15
25 79
25 43
25 59
25 63
25 96
2 91
2 6
70 15
82 15
34 15
2 96
67 15
53 15
31 78
2 5
2 41
47 78
2 36
47 39
47 32
47 44
77 78
47 12
47 27
47 16
70 78
47 1
47 70
47 48
73 72
73 76
40 78
73 75
73 77
39 78
33 78
3 78
73 94
73 60
73 10
87 79
20 79
94 79
73 54
73 44
43 79
73 55
73 84
49 79
97 57
97 70
97 80
97 82
97 7
97 69
75 79
97 48
97 93
97 75
96 79
17 7
98 79
68 79
77 79
26 79
59 79
39 58
17 34
18 58
82 58
94 58
