5
25
30
63
19
20
100
2 48
69 79
29 79
62 79
55 79
69 60
47 79
0 2
0 73
21 79
0 4
0 45
0 51
0 11
51 41
68 7
68 37
18 3
18 10
18 9
18 64
18 35
53 3
73 36
60 36
9 34
43 55
17 55
53 5
10 55
45 32
5 32
53 58
53 16
2 17
2 73
2 65
77 32
33 22
48 32
62 58
29 32
67 22
75 32
52 77
5 70
67 59
67 16
67 62
67 9
67 60
52 3
29 13
60 6
38 13
60 12
60 77
12 27
12 65
12 28
12 31
73 71
73 76
54 42
56 66
24 4
8 4
1 48
1 29
37 4
1 64
27 65
43 65
64 65
5 24
10 24
5 47
5 76
5 64
5 42
42 17
42 43
42 8
29 44
29 48
29 10
58 59
58 45
45 47
58 21
78 3
58 48
7 59
7 44
3 44
43 59
16 59
77 59
44 59
43 61
