0
97
0 51
84 99
0 37
0 65
79 99
22 99
77 95
72 95
79 35
3 85
29 82
8 82
47 93
6 93
54 20
45 42
25 20
45 84
78 75
78 7
13 2
28 2
32 77
47 67
97 67
64 33
8 33
26 70
69 65
26 86
60 63
55 11
43 11
60 64
66 73
66 38
16 92
16 36
4 57
18 15
4 47
6 59
89 17
25 68
89 5
14 19
14 53
62 39
62 51
63 68
32 83
27 56
81 56
64 76
19 3
58 1
72 74
58 46
86 74
80 75
10 9
80 71
10 69
71 12
46 40
37 88
28 53
83 23
73 88
55 27
15 94
13 94
87 41
44 41
50 92
98 52
96 15
12 17
61 49
86 34
59 21
88 48
75 9
22 39
1 50
87 70
81 23
72 49
51 54
69 39
30 91
30 96
76 91
48 44
43 90
7 31
42 90
