5
39
7
44
64
65
100
0 27
17 95
16 95
0 88
0 46
0 48
0 59
54 95
0 42
2 95
0 62
71 95
83 95
0 41
0 91
0 60
0 74
81 95
33 95
0 71
0 87
57 95
26 95
70 95
63 95
25 95
23 95
18 95
10 95
0 31
40 95
29 95
87 95
20 95
68 95
5 95
0 79
0 8
0 84
0 23
0 92
21 95
43 95
0 33
0 9
35 95
0 52
79 95
0 85
0 21
0 86
8 95
73 95
0 30
37 95
0 80
69 95
13 95
90 95
0 78
11 95
0 36
19 95
0 2
0 93
0 22
0 57
0 11
91 95
93 95
88 95
0 15
0 90
0 49
89 95
0 5
24 95
0 67
0 1
0 66
0 17
0 55
59 95
0 54
0 95
9 95
94 95
0 16
0 38
0 37
0 19
0 81
32 95
47 95
60 95
67 95
0 3
23 14
59 85
50 14
