5
10
4
2
18
14
100
0 1
91 99
84 93
95 99
86 90
96 99
98 99
0 8
83 90
82 93
72 87
0 9
0 3
12 28
12 25
63 73
80 87
93 99
90 99
97 99
85 92
89 94
83 92
94 99
88 92
86 92
76 84
81 92
87 92
84 92
82 92
74 89
91 89
80 89
79 89
98 89
69 76
96 89
67 79
67 72
76 89
69 75
65 77
72 89
69 77
63 75
64 73
97 89
75 89
78 89
42 56
95 89
73 89
77 89
71 89
93 89
63 74
81 90
87 90
85 90
88 90
84 90
48 54
43 51
47 55
96 82
49 55
71 82
80 82
72 82
47 51
73 82
50 56
76 82
78 82
66 80
79 82
74 82
70 78
75 82
91 82
95 82
74 81
77 82
98 82
97 82
87 94
85 94
86 94
81 94
84 94
88 94
0 6
78 83
76 83
15 28
0 7
19 27
5 19
5 16
