0
96
0 42
11 23
11 75
11 40
39 99
15 99
18 92
55 37
55 44
63 99
55 36
55 5
62 99
20 5
24 6
1 99
48 99
56 10
25 65
25 51
25 62
50 61
50 36
74 86
52 86
15 29
15 42
97 39
97 16
4 86
26 27
91 64
26 10
17 84
66 84
75 35
94 60
4 3
94 14
94 71
44 49
92 3
44 89
51 98
57 13
90 3
34 3
61 64
79 39
60 46
32 43
60 37
60 72
42 69
68 95
68 8
17 58
88 14
23 43
33 27
33 34
31 43
45 49
38 73
19 72
52 46
69 70
28 80
2 29
4 65
93 72
96 72
93 73
78 31
13 62
41 34
21 92
87 36
81 58
12 58
93 87
8 66
81 71
29 71
80 13
30 75
8 53
6 67
12 81
9 14
64 81
45 53
27 67
1 54
23 93
22 29
