0
97
54 99
0 49
0 26
8 99
0 10
46 27
25 62
46 50
46 34
97 66
67 47
25 93
25 85
51 82
95 80
75 98
95 13
95 3
95 8
40 98
56 49
56 57
55 61
55 93
44 62
11 98
82 29
44 86
44 1
32 58
57 58
44 45
94 23
94 17
90 87
65 76
7 2
6 2
77 2
65 3
68 35
73 61
47 76
71 76
19 76
66 81
10 39
34 89
73 12
53 88
23 88
77 13
4 13
73 5
59 48
59 35
82 35
69 64
3 64
82 77
9 91
93 57
50 85
22 85
42 78
40 70
83 78
40 69
7 78
21 35
21 79
57 1
53 74
22 79
28 74
53 19
53 27
69 47
5 43
5 41
49 74
52 74
48 74
35 72
6 37
42 35
45 79
12 79
87 38
30 15
34 66
1 86
30 26
28 63
63 96
12 41
54 77
