5
38
3
63
41
25
100
65 94
58 94
26 94
13 94
61 22
16 94
80 94
0 2
68 9
0 14
91 94
0 19
0 61
22 94
9 94
56 94
0 93
62 75
53 94
17 94
0 44
0 68
0 82
0 62
0 8
0 66
52 94
2 27
66 94
0 85
75 94
4 94
0 48
0 79
45 94
93 94
57 94
0 59
28 94
0 76
0 40
0 15
47 94
0 5
12 94
0 90
27 94
0 49
0 81
0 64
20 94
15 94
0 67
5 94
0 65
0 69
61 94
0 29
77 94
70 49
68 94
0 87
0 6
0 51
0 55
0 20
0 18
77 86
0 57
89 14
0 70
86 94
49 94
60 94
82 94
0 83
0 53
35 94
0 72
0 78
0 26
69 94
14 94
0 10
0 56
0 92
0 34
0 42
6 94
67 94
0 46
23 94
0 77
0 28
0 35
0 94
0 1
66 39
0 30
0 52
