2
66
51
100
0 25
24 69
46 69
67 69
25 57
50 57
6 57
34 14
1 14
13 14
58 14
39 14
4 25
7 25
0 44
30 16
0 33
0 9
15 16
0 52
0 64
0 15
0 2
0 12
42 7
42 60
42 5
8 3
49 16
59 21
59 7
49 43
49 37
44 27
65 17
64 7
64 4
64 52
62 16
58 39
45 16
24 16
58 47
67 10
5 10
2 35
39 10
45 10
5 3
58 1
58 62
40 29
37 5
13 46
13 9
5 68
5 2
43 68
46 3
7 11
7 68
38 3
7 6
2 56
39 3
2 1
67 3
68 3
6 18
2 36
1 52
34 52
61 52
56 26
33 41
1 41
4 9
11 9
60 9
45 9
67 32
20 23
17 4
15 33
2 15
2 28
1 4
2 47
62 34
11 67
15 4
56 34
1 34
21 34
38 11
45 17
12 1
56 45
6 29
20 29
