5
64
4
70
32
21
100
0 99
0 26
69 99
20 99
0 55
65 99
54 99
68 99
28 99
96 99
0 18
0 83
26 90
52 99
54 77
38 99
57 99
90 99
84 99
77 99
13 99
0 76
0 69
48 99
63 92
2 99
78 73
87 99
0 38
0 92
0 63
66 99
41 99
92 99
0 78
42 99
28 23
31 99
17 99
7 99
89 99
76 99
0 49
80 55
10 99
72 99
0 25
19 99
83 99
25 22
80 99
73 99
0 62
95 99
58 99
43 15
0 60
22 99
14 99
6 99
59 99
71 99
78 99
15 99
16 99
18 99
0 17
0 87
0 47
6 8
0 68
0 52
0 29
0 33
0 9
33 99
0 41
0 46
77 81
0 6
0 77
51 99
53 99
0 12
0 84
0 3
0 80
0 23
0 65
25 99
0 45
86 99
0 86
0 50
0 15
0 34
0 19
11 99
30 99
34 99
