5
40
53
15
66
41
100
18 99
0 13
68 99
0 99
6 99
84 99
12 99
0 29
13 17
70 99
36 76
0 33
0 73
0 18
77 99
0 71
17 99
38 75
0 84
43 99
36 99
20 24
0 67
0 21
0 26
87 99
0 36
0 20
0 38
0 61
51 99
16 99
0 62
0 77
0 63
0 44
21 61
0 78
11 99
0 87
23 99
0 49
0 88
0 57
0 51
80 3
76 99
0 37
47 99
61 99
0 43
0 80
78 99
0 8
27 99
0 74
34 99
0 19
48 99
42 99
0 32
21 99
9 99
13 99
73 99
16 49
0 23
90 99
0 7
75 99
0 70
0 25
0 96
19 99
45 2
0 10
0 56
0 5
62 99
0 9
90 87
95 99
0 45
2 99
93 98
72 99
39 99
55 67
74 99
58 99
0 95
5 99
0 16
45 99
28 31
0 12
64 99
50 99
5 25
72 56
