5
50
38
67
85
82
100
0 3
1 46
1 39
74 99
78 99
2 23
87 99
51 99
97 98
73 98
40 17
16 17
31 18
55 18
10 18
20 19
29 92
74 92
91 92
70 94
87 94
3 95
20 95
91 95
2 61
87 97
2 71
2 11
3 34
3 87
3 10
77 97
64 63
60 63
61 62
74 62
75 76
78 77
73 77
4 5
27 77
4 10
4 6
4 56
4 70
9 56
9 8
83 39
40 39
5 39
55 56
61 57
46 59
59 58
9 87
9 10
9 30
53 52
53 64
55 33
45 46
44 60
43 61
43 64
42 36
6 69
40 78
22 23
22 15
21 20
21 87
91 90
70 69
68 69
29 69
66 61
23 60
31 30
68 29
65 29
33 32
78 29
64 28
33 84
66 27
64 27
73 74
35 84
48 25
24 25
33 86
33 36
33 11
37 23
10 86
13 87
13 14
13 46
64 31
75 87
