5
14
12
80
31
81
100
0 37
0 25
0 16
19 97
17 97
11 97
3 97
68 97
0 42
0 11
0 45
0 38
64 97
92 97
52 97
0 8
28 93
0 87
0 64
0 28
0 10
93 79
52 35
0 51
0 59
0 75
0 54
22 35
0 27
0 52
0 26
0 93
0 22
0 76
30 97
63 97
55 97
79 97
49 97
5 97
83 97
39 97
70 97
84 97
10 97
71 97
53 97
47 97
0 9
16 97
56 97
63 48
42 48
44 48
33 48
57 48
32 48
73 48
78 48
37 48
0 43
19 48
0 21
51 48
0 68
79 48
3 48
0 24
0 20
56 48
93 48
87 48
25 48
17 48
38 48
4 13
16 13
68 13
92 37
96 13
92 50
92 42
92 94
35 13
71 13
51 13
92 75
92 58
92 88
92 70
92 69
92 95
92 60
22 13
92 24
92 18
92 93
92 1
92 54
83 13
