5
12
19
15
24
21
100
44 45
49 50
48 51
80 83
45 46
66 72
11 14
71 74
72 75
42 41
82 83
14 16
59 61
1 3
56 61
4 5
35 38
35 36
59 63
43 45
20 25
22 23
60 61
58 62
58 61
58 59
60 59
60 58
50 52
46 47
8 11
8 9
4 6
0 1
10 11
9 11
66 71
70 73
68 69
56 62
62 65
67 71
43 46
92 93
90 96
90 93
95 93
95 96
92 94
90 91
88 87
86 87
37 41
35 41
40 41
30 36
48 50
37 38
37 36
53 58
55 57
56 58
55 56
41 45
46 50
30 35
32 34
32 33
29 34
88 89
74 79
78 80
87 91
87 92
92 91
85 87
3 5
2 1
3 4
1 5
69 72
63 66
77 80
23 29
23 25
30 33
18 22
42 43
81 85
90 94
92 96
94 93
94 96
79 80
41 44
26 28
90 92
18 20
33 36
33 35
