5
64
10
29
32
77
100
90 99
47 99
70 99
0 85
0 49
47 55
0 66
15 6
0 5
82 99
0 31
0 58
88 55
24 99
0 97
0 53
55 99
0 76
0 88
6 99
51 53
69 99
0 99
0 34
0 51
58 99
95 99
60 99
41 22
0 18
0 70
48 99
0 55
0 71
0 36
22 99
93 99
0 74
66 99
74 99
61 99
0 19
0 75
98 99
0 57
0 20
0 50
63 99
0 87
0 72
38 99
0 60
0 81
0 54
0 90
0 62
0 1
92 45
92 56
92 31
92 50
71 99
92 54
92 11
92 52
30 99
92 62
23 99
28 99
27 75
51 99
56 99
75 99
92 8
92 67
92 79
57 99
92 65
86 20
17 20
5 20
92 94
92 22
92 89
92 80
37 20
92 82
91 20
92 68
92 74
39 20
92 90
92 19
31 20
92 71
92 36
92 98
92 51
92 84
92 17
