5
72
34
1
29
96
100
65 99
28 99
45 99
31 99
58 99
80 99
46 99
0 99
38 99
41 99
89 99
48 99
67 99
0 63
55 99
64 99
0 12
0 81
0 41
33 9
0 84
0 30
88 95
3 99
0 67
42 69
95 99
0 39
0 28
54 99
0 68
9 99
69 99
0 83
0 32
0 89
44 99
0 17
0 33
63 99
0 13
0 8
0 62
0 65
92 99
65 81
87 99
0 76
0 3
81 99
0 77
0 22
0 69
37 41
0 14
15 99
19 99
35 53
50 99
0 43
53 99
68 99
84 99
0 16
0 35
42 78
0 37
0 44
0 70
0 42
0 73
0 75
0 56
0 36
0 26
0 48
0 7
0 66
13 99
0 74
0 98
8 99
0 10
52 99
0 27
0 6
0 45
0 2
0 91
88 99
78 99
0 23
33 99
2 99
0 82
35 99
0 57
0 58
26 99
17 73
