0
99
0 27
0 24
0 6
0 1
50 51
49 86
49 48
41 97
39 82
40 41
74 95
38 85
38 37
97 99
66 65
95 99
98 99
94 93
90 93
1 2
91 92
67 54
67 84
67 68
28 27
29 30
29 25
13 10
42 43
47 10
48 16
9 10
3 11
59 12
15 14
47 46
47 20
81 64
81 82
80 88
79 78
79 62
15 71
17 58
17 18
7 34
7 8
6 5
2 21
2 44
3 55
18 19
3 63
4 61
5 25
71 45
72 73
71 94
71 70
71 43
65 77
63 57
61 60
30 31
61 32
52 53
52 19
31 32
59 73
36 35
74 73
78 73
27 26
95 23
20 21
57 22
32 33
35 34
45 44
19 20
59 60
56 76
74 46
55 70
76 77
74 88
94 95
75 76
82 83
91 96
87 86
91 90
91 88
87 88
94 96
97 96
69 70
83 97
84 85
