5
79
66
77
96
74
100
0 21
0 60
0 10
23 99
69 99
18 99
2 99
0 84
0 22
0 13
0 26
0 76
34 99
43 99
36 99
87 99
0 1
0 91
0 25
0 71
97 29
20 99
0 48
92 99
0 44
0 43
0 78
0 99
0 34
0 72
0 55
12 99
0 53
0 52
0 98
0 2
0 18
25 99
0 11
14 80
0 7
46 59
67 99
29 99
10 51
5 99
4 99
0 30
0 35
81 83
51 99
91 99
0 14
83 99
84 99
0 17
95 99
48 99
0 61
28 99
0 80
0 87
0 70
0 33
60 99
85 99
0 19
0 46
0 68
0 50
0 95
0 20
22 99
13 99
0 73
0 64
7 99
93 99
0 62
6 99
31 44
0 81
17 99
59 99
0 31
0 92
56 99
97 28
0 89
15 99
50 99
35 99
94 99
68 99
52 99
31 99
63 99
0 9
44 99
9 99
