5
4
59
16
70
6
100
0 57
0 51
0 72
0 11
0 7
85 99
0 32
0 22
45 99
0 50
98 99
60 99
33 99
0 37
0 95
0 14
0 75
9 28
0 46
0 84
0 88
0 30
0 24
0 18
0 19
0 42
0 85
0 5
0 9
0 13
0 66
28 99
0 40
0 89
0 98
38 99
0 86
32 99
10 99
0 49
0 67
0 82
0 17
0 41
0 45
56 99
0 52
0 60
65 99
21 50
0 47
0 80
0 96
0 77
0 21
0 61
34 77
34 37
34 29
44 99
34 26
34 56
34 62
34 64
23 57
34 35
34 99
34 72
73 99
34 84
3 99
50 99
81 99
34 97
57 99
86 99
72 99
95 99
27 99
34 88
34 55
76 99
39 99
8 99
5 99
46 99
29 99
11 99
40 99
34 53
84 99
34 23
71 99
66 99
34 83
52 99
37 99
80 99
88 99
42 99
