5
22
97
34
65
18
100
35 98
0 21
92 98
5 98
0 3
64 98
83 98
69 98
0 61
82 46
0 73
28 7
0 43
0 90
28 41
0 40
0 17
0 35
0 47
0 28
0 62
0 11
0 10
29 98
46 98
61 98
13 98
0 69
6 98
7 98
0 49
39 14
0 57
0 9
79 98
93 98
0 86
0 45
0 78
14 98
0 74
0 44
0 64
0 79
0 98
29 16
53 11
0 41
0 29
0 13
62 59
11 98
76 98
0 82
95 98
0 58
0 77
33 98
0 92
59 98
0 81
2 98
0 16
0 52
71 35
74 90
0 91
0 53
0 60
24 41
0 71
32 98
0 25
0 24
0 37
0 96
0 85
0 27
50 98
47 98
17 98
90 98
0 54
60 98
39 82
63 98
9 98
0 55
0 88
78 98
80 98
12 98
0 94
21 98
0 39
36 27
68 98
30 1
73 98
68 31
