5
41
97
7
49
71
100
93 24
80 99
81 99
24 99
83 99
0 18
5 99
50 79
59 99
0 70
0 16
0 47
0 98
0 53
0 43
0 61
0 95
0 40
15 99
35 99
10 99
91 99
52 99
4 99
2 99
79 99
53 99
20 14
45 99
0 26
60 30
0 39
56 99
9 54
14 99
21 99
16 99
5 51
0 83
0 9
0 46
0 60
0 5
0 31
0 88
0 29
18 99
90 99
0 56
0 64
0 65
0 96
0 90
0 94
0 73
40 99
94 99
30 99
85 99
0 27
0 8
76 99
0 12
0 59
0 72
0 34
64 99
0 44
96 99
0 68
0 67
24 86
0 74
0 1
0 33
92 99
0 24
0 2
0 91
28 99
0 13
43 99
68 99
0 32
0 19
37 2
37 36
37 27
76 73
39 99
73 99
6 99
37 83
37 61
28 26
37 94
37 28
37 4
37 80
1 80
