0
84
72 73
74 79
62 73
74 73
71 70
90 91
76 77
84 77
83 90
95 96
80 81
85 97
88 89
83 82
80 82
87 86
92 93
92 85
93 94
70 76
68 76
69 68
47 58
58 68
64 67
46 58
47 69
61 70
67 76
65 64
11 22
0 10
61 72
1 10
35 44
48 59
35 48
43 48
50 49
42 47
30 32
1 2
11 23
42 41
33 32
28 31
23 22
16 17
34 33
11 12
28 36
28 24
23 24
17 24
17 25
16 15
14 15
14 13
24 36
37 36
37 40
37 39
39 40
45 40
45 54
85 78
52 40
77 78
51 50
53 52
45 51
45 61
43 42
31 30
35 31
22 26
79 78
48 49
82 86
67 75
66 75
55 54
56 54
55 56
