5
8
65
28
45
57
100
25 81
67 81
0 56
78 81
17 81
0 62
0 49
0 41
0 20
0 36
0 25
0 23
0 33
0 29
24 5
24 66
44 81
24 53
75 81
24 67
24 2
55 81
48 81
24 12
21 81
79 81
33 72
12 72
14 72
43 72
42 72
16 72
24 63
24 38
24 23
52 72
27 72
24 54
24 61
34 72
4 59
4 46
4 14
63 72
4 69
4 78
38 77
4 63
30 72
4 38
50 72
53 72
77 72
39 72
73 72
62 70
4 21
19 31
44 70
47 70
4 33
36 70
67 70
53 70
58 70
4 18
75 70
71 70
31 70
4 11
4 6
4 58
35 66
35 3
35 75
35 62
35 26
35 58
19 70
35 36
35 63
38 70
35 59
35 14
54 70
58 52
21 52
1 52
7 23
7 56
7 16
7 75
7 44
7 39
7 10
30 2
11 43
69 52
33 52
43 52
