5
29
57
1
17
91
100
41 93
58 93
0 28
33 93
90 93
48 93
7 93
89 93
70 93
47 93
78 93
4 93
42 93
20 93
0 58
6 93
3 93
0 15
0 87
0 62
0 70
53 93
68 93
5 93
0 18
7 43
39 43
82 43
0 41
0 48
70 43
0 73
88 43
27 43
0 50
0 88
25 43
0 4
74 43
0 35
0 74
0 21
0 80
0 89
66 43
36 46
36 2
55 43
68 43
81 43
36 27
58 43
30 43
79 43
36 58
18 43
62 43
51 43
4 43
59 43
63 50
28 77
61 77
67 77
36 25
36 48
36 63
50 77
81 77
2 77
36 67
25 77
41 77
45 77
36 16
10 77
34 77
36 55
36 49
36 84
36 74
36 24
23 18
60 77
92 77
23 85
23 41
23 33
23 6
23 27
69 77
90 77
23 4
21 77
23 46
23 72
23 21
44 77
71 77
15 77
