5
87
16
79
48
33
100
43 99
34 20
0 24
6 99
0 9
0 35
0 50
0 94
0 47
0 57
66 99
80 99
20 99
46 99
0 61
49 99
0 75
28 99
0 46
0 74
0 96
0 28
0 81
95 57
88 99
97 99
42 99
70 99
69 92
66 70
83 92
98 92
0 43
70 92
0 15
78 92
0 91
6 92
0 76
0 51
0 72
0 41
85 92
95 78
34 92
63 92
26 92
95 4
95 67
95 7
95 90
88 92
84 92
95 8
95 66
95 77
95 59
95 40
95 24
95 36
2 92
95 26
95 17
6 44
6 38
6 66
6 60
6 75
32 92
6 2
6 62
9 92
60 92
6 1
6 89
6 51
65 21
29 21
54 21
4 21
58 21
40 21
6 18
6 70
6 14
36 84
41 21
36 4
36 57
94 21
37 21
83 21
72 20
36 91
36 88
2 20
36 78
36 66
36 90
36 45
