5
79
31
21
75
87
100
83 88
67 88
58 88
83 4
34 4
0 44
12 4
0 39
44 4
2 4
46 84
61 84
0 26
5 84
0 69
0 24
29 19
0 42
0 23
0 8
0 7
28 84
54 84
70 84
45 61
45 40
22 36
2 36
6 36
45 58
64 15
45 62
45 29
45 64
45 17
45 39
45 46
42 9
42 72
42 22
42 30
26 85
42 25
42 62
38 56
38 26
38 65
38 29
38 61
18 36
38 39
19 25
19 48
19 10
15 18
24 36
15 16
15 69
15 28
47 36
15 2
15 25
15 78
20 36
15 65
15 86
15 48
15 13
26 2
26 43
5 36
26 61
26 40
26 5
26 34
26 60
28 76
34 32
74 36
34 60
78 68
34 63
53 73
53 24
56 36
53 25
53 48
53 59
14 37
14 12
50 5
27 6
46 36
27 5
35 85
61 85
5 32
29 48
25 48
65 68
