5
34
75
1
94
78
100
0 23
84 98
0 4
72 98
14 98
18 98
71 98
23 98
60 98
21 98
0 91
59 98
7 77
22 98
0 61
26 29
6 98
92 98
0 60
49 91
96 98
6 9
4 98
21 32
90 98
74 98
17 98
0 7
5 98
0 48
0 25
91 98
95 98
0 58
7 98
27 98
27 68
65 98
43 20
28 98
0 41
46 98
49 10
0 79
56 98
0 89
84 41
31 5
15 98
33 98
3 98
43 98
85 98
0 9
10 98
38 98
35 98
9 98
0 42
0 26
68 98
50 98
77 98
0 82
83 98
59 48
61 98
0 53
71 97
8 98
54 98
0 76
20 98
87 98
70 48
0 18
0 30
18 26
0 29
54 82
48 98
49 98
81 58
76 98
0 14
55 27
88 98
90 4
44 98
0 72
81 98
28 30
62 98
0 40
93 98
70 98
11 23
6 25
0 92
0 80
