5
15
97
70
14
3
100
83 84
94 99
0 83
0 46
40 99
25 99
93 99
84 99
28 99
17 55
2 99
0 99
78 99
0 13
0 76
0 82
90 47
64 6
0 68
59 99
55 99
0 64
57 99
66 99
0 78
47 99
0 31
0 94
0 88
0 2
0 65
0 30
39 99
74 13
0 61
86 99
83 26
7 99
0 27
0 74
26 99
0 29
0 23
4 99
60 99
89 99
50 99
30 99
28 53
18 87
0 25
0 77
0 28
51 95
0 93
0 18
0 22
0 51
0 69
0 10
0 85
0 43
0 16
0 63
0 9
0 57
0 92
0 56
0 35
0 6
0 71
0 48
0 52
0 7
91 99
36 99
0 44
73 99
72 99
87 99
0 41
74 99
92 99
20 99
0 34
85 99
81 99
38 99
0 55
24 99
0 36
0 67
0 21
64 99
65 21
71 99
0 80
0 54
0 98
23 19
