5
67
71
69
2
91
100
88 98
0 65
86 98
0 32
0 72
0 41
0 63
0 38
0 23
81 98
0 1
0 56
0 84
0 54
0 30
0 22
65 98
0 33
0 7
0 6
27 98
0 26
0 80
0 16
0 40
0 36
60 74
0 25
1 98
3 74
56 98
48 36
80 98
0 29
0 87
74 98
36 98
84 98
50 98
0 98
0 9
32 98
0 3
51 26
89 98
0 88
0 5
18 98
0 27
0 60
0 90
0 77
26 98
54 98
0 57
0 70
16 98
30 98
13 98
40 98
61 98
47 86
0 62
0 74
83 98
0 94
0 92
57 98
93 98
0 47
0 59
0 19
0 35
59 98
0 58
49 98
96 98
73 98
10 24
0 78
0 50
37 98
64 98
0 48
0 10
0 81
0 89
0 82
20 55
0 28
0 64
0 73
20 23
0 53
0 86
0 43
24 98
0 20
0 85
0 79
