5
50
96
97
42
79
100
58 41
71 99
18 49
12 78
45 7
33 28
87 72
4 1
30 7
94 41
95 25
0 87
31 46
37 1
51 80
12 55
0 33
0 56
41 99
37 4
0 12
13 67
57 9
71 1
57 2
0 45
0 40
10 25
26 48
85 99
78 99
72 65
54 80
20 49
36 99
49 99
80 99
1 99
61 9
94 64
10 77
8 92
44 67
24 77
55 4
21 5
95 33
51 57
59 20
98 77
0 37
91 67
9 5
34 67
66 61
30 84
31 12
0 44
2 99
4 68
77 25
38 99
72 89
0 29
67 99
68 83
0 55
23 99
23 83
44 4
0 72
25 99
5 99
0 51
0 66
30 95
0 10
75 99
87 99
35 76
0 30
0 36
0 93
13 99
84 56
76 99
81 66
34 61
90 99
17 61
0 54
84 61
8 93
82 56
35 23
56 99
34 7
94 47
34 92
84 52
