0
96
0 58
42 94
42 54
42 19
76 97
5 93
22 99
25 27
25 58
29 99
28 45
28 35
10 99
28 84
69 20
69 48
59 99
57 99
69 26
46 85
53 85
69 58
4 39
61 39
84 75
30 75
69 60
74 26
91 72
7 79
11 64
7 82
55 64
50 2
22 64
84 64
50 60
71 58
65 58
73 44
77 88
45 88
97 96
73 96
24 12
1 54
90 54
24 55
81 89
21 80
30 17
49 10
59 10
48 27
8 27
34 27
30 68
30 40
71 52
35 37
35 98
78 65
95 93
4 70
61 48
46 23
46 17
6 12
20 49
1 74
63 49
66 49
51 40
15 98
84 37
31 94
20 52
91 11
68 16
68 38
89 12
89 86
89 57
77 18
38 32
43 23
23 62
23 65
37 94
59 12
48 13
56 52
33 13
40 13
29 17
18 16
