5
55
31
34
84
81
100
83 88
0 63
0 44
64 88
0 48
12 79
0 6
35 88
15 88
74 88
56 30
0 23
0 64
0 85
0 2
0 35
0 46
0 26
3 88
40 88
0 10
53 88
0 41
0 3
75 88
0 79
0 76
0 65
87 88
35 30
16 88
10 88
23 88
0 40
0 52
0 8
0 60
0 16
0 49
0 56
0 43
30 88
0 5
0 20
28 88
0 24
62 79
48 88
67 88
62 41
77 88
42 88
62 28
62 75
62 70
62 67
62 73
76 88
62 3
27 88
6 88
68 46
66 88
62 61
62 76
18 88
86 88
62 68
62 82
62 60
62 8
62 4
62 18
62 64
62 57
62 9
62 1
62 78
62 58
46 88
62 32
62 23
62 50
62 63
62 49
62 77
22 15
22 69
59 88
22 27
50 88
17 88
22 56
22 10
54 88
2 88
80 88
22 70
79 88
22 59
