5
18
3
67
77
96
100
32 98
61 98
40 98
15 98
45 98
0 78
0 22
0 21
0 36
0 87
0 16
0 23
0 26
0 70
0 15
38 98
0 90
0 35
0 5
0 79
0 64
0 40
0 46
0 27
0 48
0 45
37 98
0 61
91 98
8 98
92 98
68 98
43 98
0 82
53 98
0 56
29 6
0 37
0 11
72 98
5 98
24 98
0 94
0 69
0 84
25 98
0 68
0 62
0 98
1 98
59 98
0 29
57 98
0 49
0 14
7 98
0 81
74 98
93 98
82 98
69 98
28 98
49 98
78 98
0 60
0 83
0 58
0 13
41 98
0 97
0 71
80 98
55 98
12 98
52 98
0 66
34 98
48 98
89 98
46 98
0 42
0 31
0 86
51 81
0 93
0 38
0 41
0 51
0 12
0 1
0 43
0 73
0 44
76 98
39 30
0 59
83 30
0 65
0 6
60 68
