5
66
69
88
64
47
100
0 41
0 89
29 92
0 4
0 58
0 2
0 19
0 23
0 71
68 92
0 6
0 26
60 92
0 68
0 9
0 73
0 92
0 60
0 63
0 67
51 92
0 42
0 18
0 43
0 57
0 14
0 29
0 75
0 80
0 50
42 92
0 40
0 3
0 31
0 35
0 33
0 79
0 52
0 11
76 92
0 82
81 92
6 92
0 37
0 77
0 59
89 92
3 92
0 83
0 56
0 28
41 92
61 92
0 24
0 90
0 45
0 44
11 92
0 7
36 92
0 81
23 92
0 86
0 78
0 62
0 51
0 72
0 76
90 92
40 92
79 92
13 92
57 92
30 92
26 92
24 92
38 92
0 54
17 92
0 1
0 20
0 39
62 92
84 92
21 92
0 13
0 32
0 91
0 12
0 38
0 30
15 92
74 92
39 92
5 92
0 70
90 56
44 92
0 10
71 92
