5
66
41
38
81
35
100
90 95
0 1
0 14
0 33
19 95
0 17
0 60
89 95
0 82
0 94
0 10
34 62
7 95
37 95
68 95
0 45
62 95
61 95
45 95
0 64
65 95
0 6
0 36
0 95
0 11
64 95
0 78
0 51
0 34
75 95
0 24
0 89
0 53
33 95
29 95
1 95
0 74
0 88
21 94
0 49
17 95
94 95
0 58
67 95
0 19
0 18
2 95
34 95
56 95
0 21
0 75
0 92
85 95
0 59
52 95
48 95
79 95
0 46
93 95
0 4
60 95
91 95
0 71
15 95
0 37
47 95
20 95
12 95
0 7
0 27
10 95
22 95
46 95
11 95
21 95
0 16
87 95
72 95
53 95
92 95
9 95
28 95
0 20
50 95
0 73
83 95
40 95
70 95
0 91
32 95
6 95
0 87
18 95
51 95
0 47
26 8
59 95
8 95
30 95
68 55
