5
7
82
86
58
5
100
0 51
0 22
0 42
9 96
11 96
0 57
87 51
62 96
0 13
0 75
95 96
0 92
0 46
28 96
40 96
70 89
4 96
10 96
0 87
56 96
89 96
15 96
0 14
0 61
0 39
22 96
0 70
74 96
65 96
55 96
0 28
27 96
0 96
0 63
20 96
64 96
30 96
49 96
67 96
0 10
0 19
0 1
0 76
0 62
57 96
0 41
0 74
0 12
0 2
83 96
0 77
0 21
33 96
72 96
66 96
60 96
78 96
84 96
26 96
91 96
0 40
12 96
68 17
14 96
53 96
80 96
17 96
81 96
18 96
69 96
0 36
0 68
34 96
75 96
0 65
0 53
0 18
37 96
0 50
0 91
0 54
35 96
36 96
0 31
0 84
47 96
6 96
13 96
79 96
8 96
32 96
0 64
42 96
24 96
2 96
0 60
4 41
48 96
76 96
0 20
