5
67
6
46
11
40
100
56 95
84 95
20 95
9 95
0 42
22 95
30 95
0 32
92 95
18 95
79 95
0 45
0 28
0 94
0 30
0 23
19 95
32 95
74 95
78 48
62 95
0 41
2 95
77 95
48 95
37 95
42 95
50 95
58 95
44 95
63 95
13 95
59 95
72 95
15 95
4 95
61 95
33 95
0 12
31 95
0 75
5 95
0 16
0 43
0 26
0 81
39 95
0 25
0 35
38 95
0 66
0 36
53 95
94 95
10 95
0 17
0 95
0 48
29 95
8 95
47 95
80 95
7 95
0 37
0 13
0 68
0 1
73 95
0 38
0 7
0 69
0 51
0 18
28 95
0 8
0 89
35 95
0 73
0 58
87 95
88 95
45 95
0 29
66 95
52 95
26 95
83 95
78 95
41 95
86 95
65 83
0 15
55 95
14 95
34 95
94 76
89 95
57 95
21 95
76 95
