5
17
3
18
69
70
100
0 79
77 79
52 50
78 79
1 79
72 50
24 7
2 7
26 68
74 68
30 68
0 2
0 26
0 64
0 66
19 1
0 34
31 1
60 1
73 1
61 1
24 27
37 38
36 1
53 22
28 1
0 58
48 1
42 11
42 1
53 1
0 46
77 1
16 1
9 1
4 1
0 25
49 1
72 1
58 1
0 15
30 1
59 1
26 1
0 14
2 1
2 38
44 1
8 1
64 1
43 1
11 1
41 1
4 22
39 6
14 1
63 1
34 1
54 1
38 1
63 22
65 6
10 1
0 31
33 10
14 10
2 9
60 9
59 52
55 52
31 52
42 5
20 5
0 5
30 2
0 19
61 2
60 2
73 2
33 2
0 16
77 2
65 2
43 2
40 2
0 20
0 24
42 59
71 58
66 2
0 21
8 2
28 2
39 25
66 19
66 25
45 2
54 2
16 2
0 71
