5
1
27
37
30
45
100
0 8
20 50
46 33
0 31
0 2
32 50
33 50
6 50
0 20
0 44
0 12
0 6
0 14
0 18
0 19
0 41
0 50
0 36
43 50
29 50
21 50
19 50
38 50
46 50
0 39
17 50
25 50
48 50
36 50
0 35
18 50
28 50
39 50
47 50
8 50
0 13
0 24
4 50
24 50
12 50
13 50
9 50
41 50
17 19
0 29
43 31
0 26
5 50
0 17
0 46
0 43
0 32
0 49
0 47
0 21
22 50
0 38
3 50
0 16
0 22
0 9
0 42
0 3
0 10
11 50
34 50
0 4
0 28
0 11
44 50
7 24
0 40
15 50
0 7
49 50
31 50
26 50
0 33
0 48
23 50
16 50
14 50
10 50
0 23
0 25
40 50
0 5
2 50
15 6
0 34
42 50
35 50
21 7
15 7
13 7
15 38
15 36
15 34
33 7
40 7
