5
14
45
94
34
6
100
0 84
37 9
0 13
0 51
0 77
96 99
0 87
56 65
0 37
0 55
0 31
0 63
79 99
0 92
0 2
0 46
0 67
0 3
0 60
95 80
0 68
0 59
0 9
0 95
0 91
70 99
58 65
0 49
0 71
87 99
65 99
0 48
0 64
0 73
0 24
57 99
81 99
9 99
69 99
62 99
58 99
43 99
13 99
0 97
86 99
92 83
0 22
0 42
0 88
0 16
0 36
77 99
0 4
46 99
44 99
11 99
83 99
10 99
54 99
0 40
0 25
36 99
62 1
40 99
0 18
21 99
42 99
64 99
0 28
26 99
53 99
0 82
0 96
56 61
55 99
0 57
0 65
0 74
0 44
1 99
61 99
0 20
0 17
73 99
0 99
0 90
0 43
12 99
48 56
4 99
93 99
0 15
7 27
39 99
0 80
60 99
0 30
0 52
0 12
78 49
