5
23
2
91
64
66
100
50 98
5 98
89 98
0 12
35 98
55 98
0 79
0 1
8 98
84 71
0 11
73 95
70 98
71 98
30 98
0 19
0 87
84 8
0 82
0 27
58 98
0 73
37 98
68 98
12 98
13 88
10 98
89 43
82 98
50 33
42 98
0 84
79 98
0 90
0 89
0 97
0 40
0 50
0 15
33 98
88 98
26 98
43 98
0 48
0 16
6 98
86 98
0 38
54 98
34 98
76 98
0 96
0 29
0 57
1 98
41 98
28 31
0 33
95 98
0 13
20 98
61 98
87 48
0 21
0 92
0 35
0 28
60 98
48 98
14 98
0 30
0 20
73 98
0 52
94 21
0 56
67 32
75 98
0 98
0 94
44 98
0 74
0 9
0 3
0 44
0 59
62 7
0 14
0 76
0 68
0 62
32 98
0 5
0 6
12 21
0 75
0 42
0 67
0 53
8 69
