5
43
24
32
6
16
100
0 99
59 99
65 99
38 99
0 71
0 63
48 99
94 99
27 99
0 9
0 12
60 99
0 41
0 3
0 31
0 98
67 99
0 23
0 91
0 19
0 15
0 80
73 99
0 14
86 99
0 18
33 99
0 44
0 82
0 85
0 40
45 99
39 99
0 64
21 99
90 99
0 68
0 20
0 66
0 8
34 99
49 99
96 99
0 1
0 46
51 99
0 61
89 99
77 52
37 99
3 99
28 99
22 63
0 36
25 99
0 2
0 72
18 99
52 99
10 99
54 80
0 59
0 60
87 99
31 99
33 58
0 48
0 27
0 77
93 99
0 22
47 23
4 99
0 67
41 99
0 81
0 57
0 33
63 99
23 99
8 99
38 66
0 54
45 9
75 99
80 99
97 99
0 47
0 86
0 50
0 35
68 99
0 65
0 38
0 94
73 14
0 55
84 99
46 99
7 99
