5
64
39
75
66
9
100
0 83
19 16
49 95
0 53
0 10
30 95
82 95
0 92
78 33
0 12
34 83
0 36
0 4
87 42
16 95
0 57
59 95
31 95
0 95
83 95
0 55
36 95
84 95
76 95
73 95
74 95
71 95
0 11
92 95
0 90
1 95
0 87
0 45
44 95
20 95
0 13
56 95
78 95
77 95
60 35
80 8
54 95
0 74
0 50
0 24
0 93
53 89
0 78
34 57
0 6
0 22
0 56
0 65
0 34
0 5
89 95
0 51
35 95
0 71
0 73
67 58
8 95
52 95
0 80
17 95
0 47
0 89
32 95
0 33
93 95
0 58
56 23
31 42
67 32
0 49
0 76
5 95
0 21
0 31
0 67
0 60
23 95
46 95
51 95
0 77
0 2
0 82
58 27
0 91
0 52
22 95
80 95
0 29
0 23
0 41
0 32
27 95
0 26
0 18
0 85
