5
66
69
34
91
73
100
0 21
0 87
76 99
62 99
22 99
0 80
0 74
0 52
0 45
0 72
83 99
18 99
55 99
0 36
92 99
87 99
35 99
78 99
51 99
49 63
67 99
52 99
2 99
0 60
82 99
3 99
0 49
0 20
54 99
38 99
50 99
65 99
0 85
0 81
0 99
27 88
57 99
0 18
0 64
0 94
71 99
0 84
0 27
0 19
0 86
72 99
88 99
31 99
94 78
0 40
49 99
0 97
47 61
0 62
25 99
37 99
0 43
19 99
81 99
40 99
0 2
41 99
61 99
0 8
32 99
14 99
95 99
0 31
0 46
0 30
0 54
0 56
0 51
0 83
0 59
0 35
0 5
0 82
0 33
0 88
8 99
0 93
60 99
0 63
0 3
16 99
0 1
0 13
0 90
0 48
0 95
23 99
46 99
13 99
29 99
17 99
0 12
14 41
25 41
0 14
