5
6
17
28
24
42
100
0 50
0 3
11 50
20 50
0 22
0 23
0 33
0 40
0 44
0 47
0 1
0 4
0 9
0 10
0 11
0 16
0 20
0 31
0 35
0 41
0 45
0 46
44 50
47 50
48 2
29 50
30 50
34 50
3 50
22 50
23 50
33 50
40 50
2 50
7 50
48 9
10 43
11 43
20 43
19 43
39 43
34 43
7 43
8 43
13 43
15 43
31 43
9 43
41 43
10 12
48 5
48 29
48 39
48 4
3 12
14 12
39 12
48 11
48 20
48 35
48 44
48 45
48 47
48 19
48 21
48 30
48 34
48 36
10 1
10 3
10 4
10 14
10 18
10 20
10 30
10 31
10 33
10 35
10 39
10 46
49 41
37 12
49 7
49 25
49 38
49 1
49 13
49 16
49 4
7 12
25 12
29 12
49 33
41 12
49 31
5 12
26 12
38 12
49 11
1 9
