5
8
49
38
66
21
100
0 68
75 99
0 11
0 63
0 46
0 62
16 99
15 99
0 52
51 99
12 99
4 99
32 99
0 48
84 99
0 55
0 57
0 93
0 83
71 84
0 2
36 99
37 99
97 99
5 99
39 99
0 18
0 71
0 64
80 99
92 99
23 99
0 51
2 99
6 95
83 13
30 99
0 60
61 4
0 5
9 99
95 99
42 99
0 61
0 87
27 99
0 58
0 72
0 45
0 91
4 54
0 15
55 99
17 99
20 99
0 99
6 99
0 32
58 99
0 76
0 29
0 67
0 17
0 26
54 99
0 4
87 99
0 75
0 50
0 74
76 99
0 44
26 99
78 99
82 99
56 99
91 99
33 99
0 24
0 80
19 7
0 39
14 99
0 3
45 99
64 99
40 99
0 13
0 16
0 70
43 99
47 99
0 19
71 99
29 99
96 99
59 99
90 99
7 83
83 61
