5
25
20
12
64
40
100
87 99
54 80
98 99
0 59
83 99
85 99
88 99
13 59
0 32
35 59
5 59
49 59
81 59
0 30
17 59
1 59
0 54
0 16
58 59
0 43
86 59
0 10
69 59
14 21
58 21
93 21
51 19
28 19
0 74
0 29
0 6
63 70
63 28
63 89
63 91
39 19
22 19
86 19
82 19
80 19
72 19
49 19
1 19
63 44
27 47
8 47
50 47
98 47
24 47
45 87
63 34
63 41
63 75
49 87
13 87
63 88
63 11
63 6
53 87
63 17
63 55
86 98
86 91
86 72
81 88
81 62
96 94
96 4
16 87
67 87
96 29
96 69
31 72
14 87
31 7
31 53
31 34
31 42
71 3
71 29
71 16
71 60
71 72
92 87
1 58
1 11
1 56
83 87
23 87
61 6
1 54
1 45
1 15
1 39
1 91
28 27
28 90
18 5
18 48
18 30
