0
100
0 99
0 1
97 98
41 91
4 98
45 46
41 97
90 46
41 40
14 48
42 43
38 33
38 37
25 24
25 26
45 56
43 76
4 74
4 3
4 70
4 5
8 9
5 80
6 11
88 87
88 83
89 56
61 48
23 67
49 48
93 48
89 10
89 90
20 75
19 18
21 23
86 67
66 67
69 68
21 9
22 23
12 13
12 11
82 84
82 83
81 52
53 31
81 80
2 87
2 1
2 54
3 91
57 86
35 31
32 31
93 31
57 73
71 30
97 29
52 29
28 29
96 95
92 93
57 58
57 60
49 65
91 64
37 64
55 54
80 59
61 62
50 49
16 17
32 33
80 69
52 17
18 17
97 96
71 96
80 90
78 72
76 75
34 35
58 35
26 84
15 16
72 71
34 33
13 14
71 69
59 58
61 91
87 86
13 33
72 73
84 53
52 53
1 53
51 75
51 1
