5
53
87
37
78
51
100
18 20
0 9
62 99
0 65
0 28
18 2
18 93
18 95
18 32
52 71
52 60
52 12
39 99
52 42
52 76
52 39
98 67
20 99
98 40
98 11
98 39
33 99
98 91
19 99
61 35
3 76
3 96
3 62
3 64
90 35
49 35
91 35
19 35
3 72
3 6
59 30
2 30
42 30
43 30
41 30
88 95
63 95
55 95
93 95
68 95
70 66
88 66
8 66
17 60
39 60
76 60
85 60
31 60
64 60
33 61
41 38
71 38
33 50
20 38
63 38
21 28
50 32
33 36
33 92
33 69
73 13
12 32
31 32
17 32
25 32
91 32
14 32
36 80
22 40
74 80
15 80
77 80
21 80
45 80
73 41
73 22
20 26
21 12
11 26
64 26
7 26
82 26
40 12
14 12
73 5
73 21
88 82
88 44
68 9
88 47
88 61
88 69
88 49
43 9
64 9
