5
86
79
32
13
96
100
0 57
56 99
0 60
0 69
74 99
59 99
64 99
7 99
0 37
0 73
0 95
48 99
58 99
52 99
60 99
73 21
83 21
76 21
25 21
0 75
78 21
66 21
0 82
69 21
4 21
0 3
50 21
0 92
56 9
82 21
56 25
46 21
28 21
56 49
36 21
38 21
55 17
56 41
56 4
91 17
56 1
56 91
56 75
56 81
56 18
56 62
63 17
14 17
67 17
22 17
51 55
51 37
50 17
51 43
51 54
51 91
51 14
51 95
51 68
85 17
51 58
51 19
51 30
90 17
51 88
63 23
5 17
4 17
63 48
64 17
63 54
63 33
63 50
40 17
47 17
53 17
63 18
63 81
23 17
46 17
10 17
52 17
63 3
84 17
26 17
84 92
63 44
3 92
33 92
57 92
88 92
63 40
63 67
63 78
2 46
36 92
7 92
53 92
95 92
67 92
