0
98
0 99
30 32
1 3
62 64
94 96
28 29
0 2
24 26
40 41
25 27
26 28
64 66
95 97
27 29
30 31
39 41
47 49
65 66
70 71
36 38
38 40
52 53
37 39
10 12
56 57
83 85
86 88
84 85
86 87
9 11
48 50
49 51
18 20
23 25
43 45
42 44
81 83
82 84
22 24
19 21
22 23
20 21
4 5
6 8
3 5
78 80
76 77
73 75
89 91
35 37
46 48
42 43
90 92
31 32
93 95
72 74
74 76
75 77
35 36
67 69
98 97
33 34
68 70
67 68
45 47
44 46
71 73
63 65
71 72
2 4
9 10
7 8
87 89
88 90
6 7
33 32
57 59
56 58
53 55
54 55
52 54
50 51
58 60
59 61
60 62
61 63
92 94
91 93
11 12
78 79
79 81
80 82
17 19
16 18
15 17
14 16
13 15
13 14
