5
38
59
13
12
25
100
80 70
2 99
75 99
0 99
23 99
70 99
91 99
76 99
10 99
63 99
79 99
98 99
54 41
10 41
0 29
76 41
23 41
0 49
0 96
0 8
0 91
52 41
62 41
28 41
22 41
8 41
70 41
27 43
19 43
8 43
93 43
78 43
89 43
55 43
23 43
79 43
39 42
0 20
0 66
3 42
35 42
70 42
0 74
0 45
18 42
0 4
74 42
65 42
62 42
0 87
91 42
63 42
47 42
69 44
54 44
95 44
92 44
53 44
52 44
8 44
64 44
28 44
0 57
85 44
67 44
32 44
77 44
86 44
94 50
0 19
62 50
11 50
0 65
0 54
71 50
0 86
93 50
60 50
39 50
0 3
92 76
92 68
92 53
69 50
52 50
92 94
33 50
76 50
88 50
91 50
55 50
92 87
20 90
46 90
92 11
92 79
57 90
92 16
19 71
74 90
