5
38
11
71
18
35
100
0 43
0 19
0 80
63 99
68 99
17 99
0 21
3 99
0 31
34 99
6 99
0 7
0 63
0 57
0 13
2 99
12 99
0 89
0 36
0 60
0 5
46 99
0 40
0 88
97 99
0 59
10 99
58 99
0 33
0 62
0 68
52 99
93 99
56 99
0 61
0 94
43 99
0 45
25 95
0 51
0 54
0 70
72 99
0 10
0 46
0 3
0 41
0 81
96 99
0 65
0 86
0 28
0 72
95 99
0 73
64 99
0 6
0 58
23 99
0 55
0 17
0 85
42 99
0 1
0 93
0 83
0 39
92 99
69 99
0 42
0 30
13 99
54 99
36 99
0 99
0 75
31 99
5 99
0 56
15 99
0 27
0 97
41 99
80 99
0 98
37 99
0 47
0 67
0 12
0 34
90 99
14 99
59 99
98 99
28 99
22 99
60 73
0 53
82 99
0 25
