5
41
65
40
20
64
100
0 68
72 96
0 36
0 9
21 96
66 96
38 96
0 91
0 84
4 5
0 58
0 27
17 96
18 96
0 72
28 96
85 96
69 96
0 4
0 13
69 11
0 31
0 37
0 23
0 76
6 96
0 79
0 57
0 67
0 69
0 19
0 94
0 44
0 12
11 96
54 96
8 96
84 96
50 96
24 96
3 96
19 96
35 96
0 34
0 75
0 59
31 96
49 96
46 96
87 96
47 96
58 96
0 61
16 96
63 53
57 96
80 96
81 96
55 96
0 39
36 23
44 96
63 74
23 96
2 96
71 96
0 51
10 27
34 96
0 66
51 96
0 53
0 85
0 28
0 63
0 10
74 96
18 47
0 15
0 70
30 96
0 18
92 96
26 96
0 46
78 96
90 96
0 50
0 78
0 93
0 60
0 87
0 95
29 96
94 96
56 96
0 90
0 17
78 49
89 96
