1
49
100
0 98
41 99
58 99
7 70
78 99
64 99
0 18
0 84
0 40
79 76
92 97
92 38
92 42
70 31
92 60
96 31
39 74
39 84
37 31
39 94
5 87
5 80
30 31
91 45
91 8
91 19
29 90
93 70
71 90
65 90
15 2
51 2
87 33
95 62
16 62
28 62
78 57
32 64
78 52
23 45
57 64
78 53
86 64
11 48
80 33
11 72
29 59
56 73
38 73
74 32
74 45
55 95
28 70
63 22
20 22
77 4
77 8
77 68
83 8
70 83
14 98
53 83
14 41
14 25
45 43
35 1
17 1
45 68
56 63
56 37
21 61
65 11
3 98
84 19
24 96
24 15
38 97
51 44
8 97
11 47
85 46
44 46
85 76
54 12
18 3
17 12
51 12
71 61
51 61
96 16
3 32
10 32
52 25
50 26
34 3
13 34
96 17
38 67
18 27
41 54
