5
35
59
3
9
84
100
0 80
0 99
0 53
0 79
0 90
0 72
52 99
0 76
0 30
0 12
0 24
0 8
0 70
0 82
6 99
0 20
0 66
0 10
0 34
0 49
92 99
0 19
0 85
0 61
0 93
0 33
6 44
0 48
45 99
44 99
36 99
95 99
60 78
64 99
0 69
0 56
0 38
0 83
34 99
78 99
0 21
37 99
0 81
0 26
0 57
58 99
0 40
96 99
0 52
0 16
0 89
24 99
23 99
90 99
86 67
0 27
69 99
82 99
41 99
0 58
67 99
0 43
0 46
0 23
0 88
98 99
16 99
26 99
66 99
0 77
80 99
68 99
0 86
0 25
0 50
0 95
0 45
85 99
28 99
0 22
21 99
0 6
0 91
0 98
0 29
0 71
0 41
62 99
87 99
0 17
4 99
0 1
0 5
0 92
0 97
10 99
0 74
0 62
0 39
33 99
