5
4
95
52
5
36
100
42 99
40 99
24 99
13 99
27 99
54 99
64 81
16 99
6 99
19 99
0 21
67 34
0 73
68 99
32 88
0 66
61 99
0 9
0 77
94 99
0 46
0 34
0 16
0 84
0 33
78 99
0 67
76 45
38 99
80 62
64 99
38 20
81 99
0 76
0 92
0 96
0 80
0 30
20 99
0 56
46 99
0 75
15 99
0 51
93 99
62 99
2 99
41 99
17 99
65 99
44 99
0 12
80 99
60 99
55 99
51 99
90 99
0 63
0 32
0 53
0 57
0 43
0 98
39 99
1 99
11 99
97 99
87 99
0 99
14 99
56 99
63 99
0 25
71 99
9 99
0 7
0 2
0 18
72 99
0 59
0 14
3 76
0 82
0 23
0 49
0 72
0 62
0 20
0 6
35 99
11 7
0 8
50 99
7 99
76 99
86 99
0 11
21 99
0 70
84 99
