5
45
67
57
37
75
100
0 62
17 99
0 14
71 99
44 99
80 99
76 99
0 64
21 99
6 99
30 99
0 2
4 99
79 99
0 22
0 48
0 16
89 51
34 99
64 99
51 99
42 99
43 23
61 23
0 23
81 23
68 23
79 23
0 80
28 23
0 18
93 23
0 6
85 23
34 23
16 23
27 23
34 5
4 5
0 89
16 5
53 5
0 95
0 88
0 93
81 5
0 1
0 25
0 91
0 4
81 47
81 72
15 5
81 71
81 1
19 5
79 5
35 5
2 38
81 48
81 31
81 63
88 38
81 94
17 38
81 59
81 61
81 29
64 19
64 84
64 93
64 55
11 38
72 38
64 6
98 38
24 32
82 38
84 38
64 87
64 62
31 38
33 38
93 38
74 38
64 39
86 38
44 38
53 38
64 8
65 76
9 20
64 30
64 46
92 76
39 76
9 52
24 3
9 36
9 3
