0
100
12 99
1 98
49 51
26 28
40 41
18 19
64 66
65 67
63 64
27 29
30 31
16 17
36 38
34 35
38 40
39 41
20 21
52 53
37 39
8 10
8 9
9 11
10 12
19 21
18 20
11 13
12 14
50 52
51 53
54 56
55 57
13 15
14 15
8 7
6 7
67 69
66 68
68 69
72 73
71 73
74 73
74 75
75 73
89 91
88 90
91 93
90 92
92 94
93 95
97 99
83 85
84 85
86 87
86 85
88 87
96 98
76 78
76 77
77 79
26 27
22 21
22 23
70 72
78 80
95 97
94 96
16 15
0 1
62 64
59 61
60 61
62 63
59 60
42 44
43 44
47 49
48 50
47 48
45 44
45 46
24 26
24 25
81 83
80 82
82 84
79 81
54 55
70 71
30 32
31 33
28 29
34 36
32 33
35 37
42 43
56 58
57 58
3 5
4 5
4 6
