5
55
83
29
37
36
100
0 52
57 99
0 9
0 64
0 92
0 69
0 6
0 70
0 57
0 66
0 1
0 7
0 33
0 48
0 56
0 75
0 21
0 26
0 39
0 95
22 99
0 54
0 49
0 61
0 81
59 99
3 99
8 99
0 96
89 99
25 99
0 80
0 62
0 72
0 86
0 99
15 99
35 99
76 99
0 19
0 20
0 30
16 99
52 99
75 99
88 99
0 98
0 73
4 99
13 99
38 99
47 99
0 45
11 99
0 71
0 94
0 51
0 23
0 32
0 15
0 22
0 27
0 31
0 41
54 99
65 99
0 90
0 50
0 74
0 78
84 99
97 99
0 87
34 99
0 25
0 38
0 67
0 59
0 82
0 3
0 4
0 8
0 13
0 35
0 42
0 44
0 47
0 76
0 77
0 63
0 14
0 17
0 84
0 97
39 99
0 58
0 79
0 65
2 99
53 62
