5
54
43
6
18
69
100
22 99
48 99
79 99
27 99
78 99
0 17
0 95
61 99
0 31
14 99
0 97
0 62
0 12
0 2
39 99
0 14
36 99
0 35
11 66
0 96
0 38
0 79
0 84
0 64
0 19
0 86
81 99
0 51
0 92
0 10
16 99
20 99
0 71
0 49
0 37
0 77
0 7
0 93
66 99
75 99
80 99
72 99
82 99
76 99
23 99
38 99
20 22
73 99
98 99
17 99
12 99
28 99
74 63
10 99
7 99
49 99
70 99
65 99
25 99
13 44
33 99
63 99
56 60
96 99
53 89
30 99
60 99
0 99
23 7
76 25
89 99
45 99
35 99
97 99
47 99
11 99
2 99
32 99
50 99
5 99
93 99
34 8
26 99
68 99
21 99
8 99
91 99
19 99
90 99
37 99
0 74
42 99
0 76
44 99
1 67
29 99
67 99
0 85
24 19
68 80
