5
21
97
53
32
87
100
50 99
48 99
4 99
8 99
51 99
26 99
0 48
23 99
20 99
2 99
84 68
0 44
0 37
27 68
70 68
0 31
0 69
0 5
35 68
67 68
91 68
71 68
0 7
0 86
34 68
0 13
0 26
17 68
14 68
0 66
65 68
0 62
38 68
58 68
0 96
54 75
0 12
17 47
57 47
66 47
67 47
44 47
69 47
71 11
0 34
48 11
54 22
38 36
37 11
94 11
45 11
90 11
45 57
3 57
54 88
54 55
54 57
86 57
54 34
54 9
54 38
54 16
54 45
84 57
96 98
96 28
55 57
6 57
35 57
96 18
96 26
96 50
96 93
13 57
13 79
46 81
46 15
46 36
46 22
29 79
46 88
33 79
82 79
19 79
51 79
5 79
24 79
46 98
46 30
1 79
1 39
1 35
1 16
71 79
50 79
1 24
1 10
1 51
1 90
1 36
