5
66
76
56
90
74
100
0 4
0 1
0 5
0 2
55 98
97 99
98 99
95 99
96 99
3 55
55 70
59 83
55 95
97 94
79 94
70 94
55 59
91 94
30 46
6 55
3 1
11 55
46 55
3 33
9 33
21 55
35 51
3 30
26 49
3 9
96 80
55 62
69 94
68 94
55 81
84 94
85 87
55 73
61 94
72 94
86 94
89 94
78 94
55 83
55 75
88 94
55 94
55 97
55 96
55 88
77 94
75 94
85 62
87 94
55 61
55 85
55 78
55 64
60 94
55 58
81 94
63 94
3 16
92 94
55 77
55 68
55 72
62 94
98 94
67 94
97 58
83 94
93 94
57 73
58 94
57 94
73 94
55 71
65 94
64 94
95 94
80 94
71 94
96 94
85 94
82 94
93 59
63 59
55 57
55 67
55 92
55 93
55 69
80 59
73 59
55 87
55 80
55 63
98 59
95 59
