5
88
60
41
54
27
100
0 99
57 99
0 85
0 19
23 99
0 1
0 87
53 99
2 99
0 55
92 23
0 42
0 86
0 84
0 92
50 31
0 96
0 98
19 99
0 62
0 43
85 99
0 50
44 99
26 4
71 99
31 99
38 99
4 99
90 99
89 99
87 99
0 17
10 99
58 99
0 26
33 99
17 99
30 99
74 99
67 99
52 99
0 28
37 99
86 99
43 99
51 99
3 99
0 72
0 46
0 13
0 9
80 99
20 99
68 99
77 99
0 49
7 99
79 99
48 99
83 99
55 99
68 71
0 81
6 99
0 14
12 99
96 99
62 35
26 99
44 36
29 99
21 99
35 99
36 99
0 47
65 99
86 93
26 93
92 93
59 93
53 93
48 93
0 38
0 20
0 64
51 93
0 70
0 25
0 68
81 93
0 6
34 93
0 10
58 93
91 93
40 93
95 93
78 93
13 93
