0
100
0 2
0 99
0 1
0 98
1 99
4 99
97 99
96 98
19 96
95 96
92 94
25 95
23 21
45 93
23 3
23 50
23 24
56 90
20 93
91 93
90 92
89 91
87 91
89 88
84 86
87 86
38 85
81 83
7 82
29 78
24 26
24 25
80 82
84 85
35 87
78 80
75 77
50 76
55 56
80 81
76 77
58 59
71 73
38 75
74 76
69 71
72 73
74 75
60 61
70 71
62 4
62 42
54 53
54 52
51 53
44 46
42 44
19 43
47 49
48 49
47 48
62 30
68 70
63 59
70 33
39 41
6 34
35 33
31 33
10 9
67 69
66 68
63 65
64 66
65 67
62 63
10 11
10 8
31 32
36 35
29 28
21 20
27 28
27 26
19 18
16 18
17 18
9 56
38 36
12 13
12 11
15 13
14 13
5 7
8 7
12 6
14 15
4 6
1 3
16 15
