5
91
74
68
20
40
100
98 99
52 99
0 24
19 99
0 23
83 99
0 57
0 69
75 99
0 3
36 99
53 99
50 99
0 11
0 59
0 27
0 52
0 95
76 99
0 72
70 99
63 99
0 73
0 37
0 7
89 99
82 99
21 99
87 99
51 99
29 99
0 71
0 41
0 19
0 76
79 69
88 99
0 67
80 99
8 99
0 82
7 99
18 99
38 92
0 79
0 87
42 99
0 94
0 38
61 99
22 99
85 99
69 99
32 99
5 99
0 36
0 97
0 88
0 18
0 32
57 99
0 33
39 99
66 99
0 15
0 61
78 75
0 98
0 62
0 31
44 99
93 99
92 99
71 99
81 99
0 66
0 56
0 21
0 99
0 78
45 99
34 99
16 99
0 81
0 64
0 48
0 44
93 54
0 51
80 17
10 99
0 50
0 93
0 30
0 96
0 26
24 99
0 80
0 85
0 89
