5
51
58
43
66
69
100
63 59
0 4
86 99
92 99
0 95
0 14
0 88
53 99
59 99
0 61
21 99
0 19
0 26
0 24
94 83
46 99
0 91
0 94
0 46
27 63
12 99
56 99
49 42
30 99
83 99
42 99
77 99
29 99
75 99
96 99
81 99
60 52
84 52
19 52
39 52
22 52
65 52
9 52
27 40
16 81
27 7
98 81
27 79
27 10
27 28
40 81
89 81
14 81
44 81
29 81
27 77
79 81
23 81
62 81
9 81
24 22
27 35
38 22
27 31
27 6
27 72
27 24
27 50
27 76
27 61
30 40
30 7
10 22
30 14
30 79
30 36
20 22
63 87
30 13
23 22
97 22
29 22
36 22
84 90
57 22
79 22
18 78
19 22
95 35
2 74
74 35
20 35
23 35
61 70
30 72
30 48
62 35
90 35
34 35
30 10
30 65
4 35
30 63
44 35
30 64
