5
54
14
31
8
74
100
0 99
0 73
0 95
0 25
0 6
0 1
71 32
71 1
71 34
84 99
70 36
67 99
68 99
70 41
70 84
70 79
70 47
94 99
66 28
66 84
66 86
39 99
64 99
66 63
10 99
92 99
15 99
66 96
66 56
7 99
75 97
72 97
29 97
67 97
64 22
76 41
23 22
11 28
81 97
41 97
28 22
81 22
36 22
57 22
42 47
68 17
3 11
5 47
2 47
40 47
83 47
59 47
76 45
33 35
12 35
7 35
29 35
61 35
24 35
89 35
84 35
32 35
27 35
81 41
61 41
62 41
42 41
3 68
51 18
86 41
78 73
60 73
39 73
56 73
46 73
45 13
2 13
63 13
82 13
92 86
3 44
3 79
3 16
3 37
3 60
4 86
94 86
51 53
15 86
51 12
80 86
91 86
34 62
51 44
88 62
61 62
92 62
51 78
51 60
90 44
