5
53
12
49
34
74
100
0 35
0 72
0 26
79 99
83 54
83 11
70 99
55 13
33 13
46 66
47 66
56 66
29 30
77 30
56 30
2 87
5 40
42 87
62 87
85 87
5 81
5 19
5 11
79 87
73 87
69 87
8 60
86 94
38 94
21 94
61 94
4 78
1 98
78 98
91 25
32 18
55 29
80 46
8 46
33 46
50 61
11 61
73 61
59 61
56 61
54 52
4 27
44 52
57 63
88 47
4 43
4 89
4 81
64 51
64 58
55 47
58 47
50 35
50 14
21 47
9 47
33 1
33 54
33 73
22 77
43 77
65 77
33 37
39 19
39 92
39 36
17 95
37 62
37 79
92 6
92 44
45 58
45 20
45 48
38 62
84 93
84 44
84 20
84 48
42 62
26 32
48 32
56 32
42 89
42 88
42 90
42 9
3 35
3 40
85 62
23 41
2 41
44 26
65 41
89 96
