5
10
24
37
84
52
100
0 89
4 89
0 25
66 89
0 28
0 80
0 66
65 89
42 89
35 56
0 73
78 56
2 56
67 56
4 38
0 86
31 38
87 38
48 38
57 38
75 38
53 38
77 38
20 38
9 46
0 85
0 82
31 85
40 81
0 35
0 27
78 58
0 40
78 57
78 1
78 20
78 31
78 55
78 40
47 76
78 83
47 62
47 63
83 6
11 85
83 27
83 60
83 28
71 85
83 32
19 49
36 85
1 85
83 12
69 85
33 85
77 85
60 55
83 11
4 55
71 55
16 55
35 68
2 55
60 51
1 51
19 51
42 51
26 51
54 51
19 59
35 72
35 45
35 44
1 59
35 41
35 39
3 87
23 87
76 87
36 87
43 87
67 8
25 8
73 8
81 8
48 8
16 8
74 8
48 5
29 13
68 5
28 5
79 5
13 5
53 14
75 14
54 2
1 2
76 2
