5
70
58
88
90
85
100
0 89
81 26
0 93
0 17
38 99
0 81
0 66
44 99
87 38
87 30
93 25
35 99
93 14
93 86
73 99
54 13
51 26
32 73
32 50
96 99
62 72
62 83
15 99
80 99
97 99
47 26
46 55
8 30
15 30
62 53
61 7
9 7
69 31
76 31
39 22
62 28
68 53
37 35
82 52
23 52
62 78
18 52
96 41
51 75
66 91
51 82
51 11
13 37
44 37
77 24
25 24
51 67
82 33
51 94
10 66
10 17
40 63
49 33
11 72
20 12
4 72
20 27
20 44
84 75
9 72
11 64
11 14
11 16
92 9
81 48
64 13
64 76
57 47
41 5
89 48
57 25
57 77
44 23
89 46
67 72
89 39
89 4
89 25
80 72
97 72
69 72
47 59
4 34
3 38
4 19
95 71
56 38
21 38
39 71
29 3
78 80
75 19
13 18
60 18
56 34
