0
91
45 42
40 54
45 59
58 41
43 54
44 46
51 42
47 42
52 40
24 39
26 38
60 79
66 79
43 40
48 40
57 40
48 46
49 43
49 52
56 52
49 44
49 48
56 50
72 76
72 60
72 61
72 78
75 79
72 66
72 62
63 79
61 79
24 34
29 38
39 38
21 25
36 38
33 25
24 37
22 27
23 27
21 31
24 30
24 22
32 31
33 36
22 26
32 20
22 23
23 20
30 31
34 20
28 39
28 26
64 79
72 67
72 65
75 61
65 71
65 63
65 64
76 79
71 79
69 79
76 78
60 78
74 68
62 78
70 73
77 73
77 63
76 63
66 71
69 71
74 71
61 60
77 60
62 60
77 64
76 64
74 64
62 64
69 64
77 62
77 66
69 66
69 74
67 74
67 70
61 66
74 70
