5
53
59
47
45
27
100
13 60
35 60
57 60
40 60
14 60
15 60
0 16
2 11
0 36
0 44
0 21
0 50
0 9
0 22
0 13
2 36
2 23
50 11
2 55
2 40
2 31
2 21
2 35
4 11
2 16
17 11
2 20
34 11
2 38
2 44
41 11
2 7
2 3
2 24
48 11
14 11
6 11
2 9
2 15
49 11
42 11
33 11
2 39
25 11
26 11
10 11
2 32
2 13
30 11
2 56
37 11
2 54
57 11
29 11
1 11
2 28
46 11
2 5
43 11
2 8
12 11
2 18
51 11
52 11
58 11
22 11
2 19
16 11
2 17
2 4
2 50
2 34
2 10
2 14
31 11
24 11
23 11
21 11
36 11
35 11
7 11
40 11
3 11
44 11
20 11
55 11
54 11
39 11
13 11
32 11
28 11
56 11
15 11
38 11
5 11
18 11
9 11
8 11
48 19
12 19
