5
88
96
27
39
24
100
55 99
22 99
95 99
34 99
0 35
90 99
9 99
0 62
7 99
0 55
84 99
40 99
71 99
0 51
16 99
0 43
87 99
0 45
0 59
0 60
0 74
67 99
8 99
0 76
0 57
20 99
15 99
0 77
0 34
0 31
0 16
0 5
0 30
0 26
10 76
69 99
0 23
0 65
0 10
19 99
54 51
21 99
18 99
0 79
36 99
32 99
0 82
33 99
0 87
94 99
63 99
3 99
57 99
74 99
84 77
72 51
17 99
60 99
84 85
0 81
64 99
0 52
51 99
80 99
0 93
0 95
72 99
14 99
48 99
56 99
98 99
76 99
77 99
0 54
49 99
78 99
81 99
47 99
84 28
6 99
13 99
86 99
0 72
0 84
44 4
28 99
25 99
0 12
54 99
50 99
0 36
5 99
79 99
0 53
46 99
82 99
65 99
0 37
90 52
0 22
