5
75
68
47
28
42
100
97 58
0 6
0 92
3 34
79 57
59 58
58 99
39 57
90 84
32 34
89 84
20 31
4 57
94 48
61 51
44 57
90 34
64 57
85 23
16 23
82 34
38 11
20 11
12 34
79 59
92 57
97 34
52 57
97 31
96 84
20 61
69 11
57 99
23 99
96 34
92 84
9 34
20 79
90 96
65 11
20 60
14 61
67 31
3 90
4 11
30 11
77 84
30 31
3 74
24 34
22 34
64 31
5 34
78 11
35 11
44 97
20 13
2 59
16 67
0 3
14 37
14 79
14 69
0 20
0 99
44 25
0 18
2 67
9 4
85 34
44 96
81 62
44 41
44 98
44 67
22 12
22 81
16 66
22 82
39 71
22 74
44 24
44 79
15 32
83 34
22 35
0 66
91 21
0 22
0 14
15 53
10 98
15 5
49 69
0 16
41 67
39 21
44 81
39 52
2 52
