5
32
38
20
26
66
100
28 53
17 61
28 61
0 10
41 65
7 53
53 99
41 81
34 73
65 99
41 73
18 60
41 60
0 27
34 60
34 82
0 28
34 80
41 75
31 75
31 73
34 81
19 60
43 86
43 73
41 62
31 61
37 61
31 58
85 99
61 99
60 99
25 68
31 80
34 78
41 84
83 99
43 80
75 99
90 99
89 99
37 80
23 68
41 78
80 99
0 31
43 76
58 99
0 41
0 34
43 67
43 72
43 62
37 67
29 68
88 99
25 62
86 99
37 78
37 62
0 18
0 16
0 37
64 99
76 99
23 67
29 62
67 99
0 8
0 5
4 45
93 99
97 99
87 99
0 17
13 48
40 82
7 48
39 73
36 73
13 59
7 54
7 49
48 68
55 81
85 68
45 68
25 54
55 94
2 35
35 73
13 44
4 46
49 81
57 94
2 42
39 81
49 73
2 28
23 57
