5
5
20
59
32
96
100
3 13
33 99
31 16
22 24
7 78
91 52
65 99
30 83
52 94
94 99
25 45
0 30
66 7
2 64
71 13
13 99
78 99
22 39
73 43
2 50
41 17
44 54
44 66
55 31
44 46
80 39
17 12
44 55
73 34
9 43
85 90
85 60
43 39
64 16
44 42
2 82
44 41
53 12
28 23
2 62
0 44
13 7
2 58
63 84
63 56
47 35
47 28
26 8
38 29
90 7
16 39
0 2
46 29
49 12
80 1
31 40
93 83
12 39
47 87
93 23
83 39
40 39
29 39
39 99
51 1
97 23
8 1
46 23
49 23
66 23
90 23
71 1
37 1
79 1
23 99
63 48
63 35
35 53
56 57
47 92
92 53
80 61
52 61
67 66
94 61
48 1
63 57
26 6
25 3
26 89
26 19
53 1
63 10
56 84
50 29
56 29
4 54
46 68
0 26
42 4
