5
1
97
46
3
43
83
0 99
74 4
68 69
71 70
91 58
60 59
80 5
71 69
8 7
69 70
88 5
6 5
87 2
87 13
23 21
52 81
13 12
56 89
90 89
12 11
87 59
84 82
21 9
56 55
89 10
91 90
2 10
83 82
79 80
33 32
73 53
54 55
26 27
12 82
20 19
51 52
86 57
61 60
67 66
92 93
34 35
65 49
73 57
62 49
31 32
48 49
50 49
56 57
53 52
52 17
91 64
84 53
93 31
67 68
71 30
41 42
71 96
91 61
23 67
41 40
28 27
75 33
95 96
71 14
59 80
30 31
40 39
87 86
37 96
33 13
86 67
94 93
34 33
37 36
51 75
76 75
73 74
22 21
23 87
51 84
24 25
15 16
35 16
