5
76
29
39
80
14
100
0 99
96 86
68 86
36 25
18 25
95 25
86 99
22 25
22 64
9 25
16 64
43 21
96 22
71 21
36 91
71 79
15 25
96 97
6 22
25 99
57 92
71 49
1 97
26 85
71 51
0 71
52 3
43 50
95 50
55 22
73 21
48 3
18 2
96 41
73 22
36 90
40 93
72 3
69 13
64 99
12 56
92 56
36 93
18 61
48 21
5 97
19 3
90 91
26 54
91 22
52 74
26 79
19 62
69 63
56 22
74 33
65 61
18 33
17 22
85 22
73 60
72 2
6 3
83 21
98 33
16 3
18 51
12 22
88 79
83 3
33 21
57 93
30 22
0 69
52 21
82 21
66 21
5 93
59 21
38 79
55 2
4 21
34 79
33 11
62 22
10 22
90 2
51 21
81 34
17 11
70 61
0 42
16 2
48 83
22 99
43 42
65 66
28 21
88 34
88 61
