5
68
73
36
9
84
100
74 21
91 16
51 16
28 88
58 66
42 38
58 32
21 96
91 51
3 64
38 96
27 30
72 96
27 62
24 66
91 34
37 79
58 82
58 6
62 66
17 96
37 65
5 65
66 96
91 3
27 85
54 65
14 65
27 10
43 65
31 92
47 18
52 18
46 18
27 75
43 18
58 40
5 21
62 82
83 65
4 53
37 28
23 52
4 5
31 86
51 26
37 29
95 78
4 90
4 12
4 41
4 86
27 15
0 58
92 86
72 92
65 96
13 47
4 87
16 54
95 71
31 78
13 70
72 20
13 28
13 95
91 57
0 91
37 24
31 94
23 48
4 75
67 56
72 88
27 70
4 88
79 28
31 54
13 12
4 15
13 85
76 70
27 41
27 69
72 30
23 14
31 60
76 69
23 45
27 63
13 55
13 39
27 38
13 11
4 45
72 78
13 52
13 78
72 67
31 20
