5
82
57
50
20
36
100
0 99
22 90
24 12
27 4
2 38
0 24
2 30
87 4
27 33
0 2
0 27
0 22
77 76
77 84
87 18
47 37
77 32
15 70
47 95
47 72
41 4
87 60
47 88
44 54
77 10
68 40
15 58
87 79
77 72
15 4
41 90
15 54
0 77
41 64
0 47
15 29
28 4
53 40
0 87
79 38
44 42
44 65
72 99
41 76
44 30
23 28
40 67
92 3
0 15
92 99
41 74
14 70
85 81
79 23
79 71
85 53
0 44
41 35
79 6
79 9
41 33
79 14
92 30
92 43
0 41
93 4
72 32
8 65
96 19
72 80
85 51
85 71
10 67
79 34
85 96
92 62
85 13
79 41
68 94
85 24
68 23
72 42
8 22
13 61
92 54
85 16
67 99
88 3
72 16
29 88
85 61
93 37
69 61
29 74
0 79
51 75
85 14
93 63
92 53
75 61
