5
34
78
7
45
8
100
17 20
43 57
30 73
0 30
33 44
17 46
44 80
24 80
54 73
12 73
4 19
59 20
18 20
0 17
35 20
4 23
73 20
20 80
48 17
54 46
21 72
33 15
49 56
43 30
39 30
32 68
66 30
17 68
39 68
43 38
41 47
33 79
68 80
49 12
39 23
69 80
33 52
27 79
12 46
43 48
43 41
22 23
0 33
54 71
0 43
69 2
21 71
63 14
49 13
60 30
26 30
49 51
60 23
19 59
0 49
44 51
54 1
54 41
21 51
5 46
42 5
21 40
63 71
44 42
21 24
44 22
58 80
0 21
19 2
19 56
44 53
77 72
30 80
0 54
0 63
72 2
0 15
44 32
58 59
12 36
31 18
55 2
44 13
76 15
44 57
75 18
52 36
61 42
44 64
69 18
19 18
69 57
57 18
60 51
75 37
75 70
12 47
25 47
76 56
76 61
