5
67
37
7
49
12
100
17 62
77 78
51 94
0 77
24 15
86 45
76 15
62 94
23 11
23 73
0 31
85 45
72 89
86 53
39 38
81 47
84 18
50 18
62 18
25 41
60 24
50 89
47 15
78 94
18 94
41 94
48 15
60 81
22 81
28 73
44 73
15 94
60 23
45 94
1 81
10 11
87 11
73 94
16 74
60 39
42 82
60 91
78 13
54 81
16 35
60 72
42 30
78 30
11 94
60 86
42 71
16 19
5 81
86 1
58 82
78 59
13 48
62 81
54 43
75 43
25 28
54 14
65 71
22 23
25 50
84 57
54 90
85 27
60 70
58 10
42 23
42 21
25 48
54 85
16 57
42 87
42 1
25 85
54 84
25 62
42 66
25 75
86 27
16 68
86 34
54 24
78 33
25 82
16 92
42 62
0 16
42 89
78 4
60 47
54 53
86 63
0 60
54 58
57 39
42 18
