5
49
38
26
46
88
84
15 8
89 34
71 74
81 66
81 76
59 48
48 54
15 30
8 99
54 99
12 41
21 40
6 11
29 58
32 58
79 45
69 40
52 75
43 11
70 40
40 98
53 74
85 25
58 98
14 28
31 11
25 62
28 11
22 84
44 86
42 24
37 6
69 47
21 35
20 57
12 73
72 19
19 76
67 47
37 35
12 27
45 86
34 23
18 76
95 80
56 57
60 86
37 19
2 58
22 85
3 65
77 7
54 87
2 7
13 77
50 85
19 92
95 8
95 51
95 3
91 9
43 30
43 5
79 22
13 95
73 61
65 76
85 78
33 59
23 47
47 1
68 35
41 70
94 44
91 53
61 55
62 44
83 78
96 70
76 71
64 3
87 63
35 82
82 93
