5
91
1
8
2
10
100
7 18
95 99
25 31
9 12
3 16
3 17
6 12
5 18
6 13
9 20
9 18
9 17
7 13
0 6
4 13
4 17
0 3
9 14
7 19
7 11
7 12
5 19
9 11
7 14
9 13
4 18
4 16
5 14
4 11
0 9
4 15
5 16
0 7
0 4
11 27
20 24
20 26
13 22
15 28
12 28
13 26
12 25
12 23
20 30
12 29
15 30
12 26
15 22
15 21
15 26
11 23
17 28
15 25
11 22
20 25
15 23
5 20
15 24
11 25
12 27
13 28
11 30
17 26
17 30
17 22
5 15
12 24
13 23
17 24
5 11
17 23
13 24
17 27
5 13
17 29
5 12
25 32
25 14
21 39
21 35
25 37
84 93
86 90
96 99
88 98
83 90
81 98
82 93
89 98
87 90
93 99
98 99
87 97
81 90
84 97
88 97
85 92
85 90
88 90
89 94
