5
73
95
25
6
5
100
0 99
92 84
47 42
8 66
84 99
94 99
8 38
8 30
76 67
72 97
38 14
72 12
83 60
1 42
8 47
8 88
8 62
71 32
83 93
85 83
85 21
1 37
82 28
1 85
1 72
1 38
8 89
1 59
0 71
44 3
81 22
82 12
82 7
81 41
44 90
21 96
1 44
21 37
82 59
4 10
81 33
1 71
81 32
81 2
1 81
1 21
13 45
82 21
2 10
39 99
9 31
56 43
9 92
89 20
2 9
34 79
22 64
63 19
63 66
86 94
2 47
86 92
86 15
91 75
80 36
13 63
13 2
4 32
80 64
91 87
80 96
54 30
80 39
18 14
29 97
86 4
67 99
80 90
86 80
41 76
54 26
39 36
52 69
34 39
62 31
49 27
74 60
66 28
35 7
64 99
89 42
33 53
91 84
35 31
86 91
74 48
65 76
10 99
83 92
29 35
