5
57
52
32
27
39
100
69 48
92 48
2 26
23 4
0 24
50 98
0 23
89 26
98 99
0 40
69 19
59 19
3 83
13 83
11 29
86 76
3 13
20 74
79 50
89 36
20 36
59 53
69 84
44 73
86 14
95 18
3 62
0 11
59 84
77 29
87 19
74 19
36 99
63 16
41 44
20 76
13 50
0 3
69 86
63 53
63 66
69 11
69 79
69 20
4 19
0 69
71 8
59 7
95 43
95 61
95 47
0 59
76 83
0 95
10 19
37 78
19 99
73 50
73 47
24 53
34 75
14 64
14 83
65 53
78 75
47 75
87 53
37 45
31 83
7 14
19 75
93 75
80 50
83 99
55 75
4 76
40 53
9 53
29 50
87 50
61 75
91 53
67 75
45 53
72 21
50 99
53 99
88 75
41 70
76 99
79 63
50 75
73 29
30 15
7 87
73 51
7 20
41 89
37 67
58 21
