5
61
47
22
87
11
100
24 8
76 71
84 48
28 71
8 99
0 78
79 69
74 57
37 6
97 6
25 57
34 85
35 89
26 48
0 79
0 28
51 3
44 92
5 57
44 43
76 19
94 72
63 71
16 71
64 57
81 6
27 6
81 9
64 9
69 48
77 48
17 57
70 57
35 48
77 9
72 48
73 71
53 57
78 9
31 9
76 57
76 9
95 71
85 57
16 3
19 9
94 63
2 3
77 57
90 27
37 35
69 3
75 6
92 48
71 99
90 9
37 94
41 21
37 76
7 48
45 48
49 16
0 37
49 17
48 99
21 12
44 16
0 99
49 80
12 82
57 99
44 39
49 63
49 1
44 51
90 80
81 26
63 89
49 19
23 96
39 75
39 7
0 44
90 81
71 6
86 3
90 24
39 35
50 13
0 49
12 5
50 32
12 73
50 80
39 15
50 82
63 45
90 52
95 3
50 75
