5
92
56
43
89
10
100
83 32
41 38
38 98
3 98
47 98
36 32
86 32
4 26
15 87
31 23
94 15
36 40
86 87
0 90
13 87
32 98
64 40
70 87
19 83
73 26
19 93
19 48
94 58
46 16
82 29
19 77
94 13
53 24
21 40
87 98
0 19
0 82
23 26
57 8
0 57
6 1
53 40
53 27
79 11
94 21
94 28
16 98
79 38
80 58
7 75
79 22
80 75
94 17
80 15
80 11
94 83
84 26
94 3
53 95
94 59
75 98
69 63
31 15
94 81
94 55
79 51
80 70
94 6
53 57
40 98
53 8
22 58
18 26
50 52
50 63
94 91
34 71
0 94
23 84
80 85
53 46
58 98
50 70
53 48
20 26
69 95
79 87
74 26
80 21
50 36
79 42
50 66
53 12
91 15
34 82
1 26
13 84
0 53
50 85
28 63
0 79
23 88
58 15
7 15
26 98
