5
13
26
14
63
12
100
36 39
42 57
29 27
22 68
36 40
29 42
0 29
72 68
23 84
22 51
36 2
7 56
62 54
36 52
28 71
73 64
22 49
33 65
16 2
62 17
82 25
61 31
81 17
65 51
0 36
62 25
24 17
8 35
76 15
21 48
21 11
53 17
78 25
22 67
8 11
75 1
37 71
18 67
40 64
80 9
49 51
31 25
28 1
62 15
25 84
5 60
5 61
55 1
75 21
71 84
53 15
5 48
40 61
10 1
80 83
3 43
68 17
18 75
68 48
54 48
7 21
8 76
7 24
18 5
10 20
16 54
78 15
10 61
69 80
16 76
51 31
7 28
40 20
9 31
17 84
10 11
35 48
1 84
81 15
0 16
19 11
40 48
38 48
22 36
8 61
67 31
74 11
64 31
18 53
57 21
68 61
83 84
6 15
10 21
47 60
31 84
43 84
48 84
79 70
8 21
