5
71
14
22
16
88
100
0 62
2 19
41 19
0 64
85 98
0 18
0 48
80 61
2 78
2 38
6 27
0 2
80 12
3 24
0 80
54 20
95 36
6 70
6 56
98 10
89 28
27 60
44 99
89 7
6 77
57 52
0 6
27 17
57 68
95 50
93 90
95 25
95 44
57 3
57 23
89 17
57 11
57 27
57 54
1 31
89 15
93 68
95 55
25 36
57 75
93 12
93 46
89 51
57 19
57 45
4 35
23 61
93 84
93 64
4 34
25 34
1 30
91 94
4 5
4 87
23 43
91 50
81 47
0 95
0 57
0 89
91 10
93 77
25 46
93 35
93 58
23 68
91 26
4 53
91 66
25 52
4 9
4 99
91 9
93 55
93 30
93 2
1 44
25 80
81 5
0 1
23 79
93 38
81 72
25 77
0 93
0 91
25 65
4 29
23 34
4 63
81 31
23 28
4 67
4 75
