5
80
25
28
66
73
100
0 89
82 19
35 45
76 1
35 68
86 76
40 81
86 24
86 7
85 10
84 62
86 48
58 62
27 15
27 83
27 60
27 71
27 17
85 31
37 65
57 67
87 3
35 44
40 26
35 72
86 84
82 69
21 69
34 42
15 24
82 10
31 16
20 33
17 3
82 16
82 11
27 69
23 34
27 53
0 86
23 37
27 19
0 40
10 71
78 58
35 56
78 57
27 52
35 41
85 33
56 89
85 71
85 11
0 82
0 27
85 69
78 20
78 1
35 39
0 35
85 1
85 36
0 78
55 60
55 4
77 6
77 74
55 71
77 31
77 18
46 9
85 77
55 16
46 38
51 60
2 52
2 54
51 1
51 19
2 1
51 42
51 26
55 2
51 59
55 78
60 4
30 42
26 42
4 89
18 65
33 65
88 65
65 89
49 1
24 6
72 23
60 68
43 71
52 18
49 18
