5
22
53
63
38
50
100
35 76
92 79
48 36
92 10
85 81
80 62
48 9
76 17
9 57
51 35
48 74
65 17
77 35
57 17
70 72
84 26
70 34
29 36
7 84
92 85
16 69
47 87
8 77
45 23
17 60
69 39
2 34
16 83
0 48
32 79
16 79
71 86
69 81
1 87
56 64
82 86
45 72
89 62
29 37
25 14
93 89
93 9
40 5
94 62
64 23
7 2
56 13
33 26
97 3
20 69
95 31
61 81
7 32
45 26
68 87
33 18
13 72
78 87
92 98
95 44
33 37
92 7
0 92
0 49
36 3
19 13
34 81
39 81
14 72
79 81
5 72
30 13
81 23
26 23
69 87
79 3
23 3
3 60
25 45
2 26
1 11
4 26
90 58
80 67
36 58
25 75
11 86
57 65
2 88
80 98
20 51
58 86
91 65
19 32
48 83
80 59
46 68
66 93
6 68
98 8
