5
70
32
33
56
80
100
72 82
91 41
10 47
16 69
0 72
0 26
14 22
3 47
54 99
93 79
92 41
3 86
95 41
40 64
69 99
0 29
37 47
57 47
93 94
5 41
43 39
93 20
93 45
66 22
14 8
14 51
16 74
66 74
37 8
16 40
14 82
63 64
39 90
46 86
14 65
93 29
93 40
85 90
81 47
53 9
2 41
45 74
47 99
93 23
16 10
73 40
0 16
66 76
76 15
61 68
4 52
93 11
64 99
14 54
21 15
87 4
61 95
61 3
27 22
53 81
79 8
0 93
66 6
0 14
17 90
27 41
82 41
61 67
19 76
46 9
37 15
36 50
85 10
41 99
27 90
53 77
53 38
37 94
37 44
71 86
53 19
57 22
21 76
61 45
36 23
71 4
53 94
36 35
0 53
61 28
61 31
36 57
66 78
61 92
59 8
18 68
38 15
36 75
17 50
0 61
