5
44
52
51
43
89
100
6 84
64 18
4 20
70 35
39 84
61 99
27 9
91 42
92 41
8 68
75 79
0 59
4 80
77 37
56 35
4 77
18 99
70 57
64 57
27 15
70 85
28 99
4 90
70 81
92 31
0 4
8 65
39 82
70 47
34 69
0 92
39 30
1 46
8 3
61 9
39 7
34 55
87 5
73 35
64 71
61 10
64 76
0 70
39 17
1 49
64 66
0 8
1 88
39 79
61 88
39 74
57 42
61 30
61 17
27 25
61 58
34 94
0 34
68 74
0 27
63 9
0 39
74 97
48 85
64 94
85 42
95 97
78 9
0 64
57 54
57 98
1 67
57 87
58 26
61 3
73 30
15 93
73 2
57 66
63 30
63 15
57 19
0 1
42 9
68 2
57 13
73 65
73 19
9 5
67 96
78 84
26 84
68 16
68 76
68 53
67 97
57 65
0 61
78 62
58 24
