5
37
60
39
15
52
100
61 54
1 62
36 62
0 72
66 18
3 54
0 62
46 54
54 82
11 35
26 18
18 82
58 35
49 17
8 23
4 73
67 4
38 56
28 73
21 40
59 14
46 73
35 82
0 21
22 23
79 14
79 11
7 70
19 11
73 82
79 47
38 19
38 20
0 79
0 38
4 82
71 17
71 14
13 71
43 17
12 55
0 29
54 17
54 62
0 13
12 72
10 32
10 56
12 34
34 22
1 72
65 62
43 2
12 32
74 43
7 64
62 82
76 17
12 20
74 44
10 24
74 36
18 70
34 48
4 59
22 17
56 36
43 31
66 71
7 48
31 16
7 3
34 70
8 21
7 51
4 44
17 82
7 68
4 81
7 6
12 46
7 36
10 47
47 26
7 71
12 51
10 59
4 48
12 58
8 49
81 32
74 16
44 36
4 46
54 32
54 51
19 77
10 71
12 77
53 36
