5
92
71
36
68
37
100
80 14
13 99
45 38
57 26
80 84
80 35
28 85
9 99
29 59
55 72
52 66
82 99
48 38
98 24
98 16
38 99
10 1
59 99
0 98
0 57
0 80
0 86
55 23
53 85
32 23
4 85
75 23
18 95
49 75
0 99
94 54
9 22
75 22
84 33
96 1
87 19
41 90
60 90
85 99
1 99
55 46
32 86
89 19
30 86
87 48
25 33
95 33
69 79
42 86
60 27
5 58
0 5
28 7
70 86
35 86
25 19
60 51
47 48
22 33
56 86
57 86
39 35
94 46
34 19
20 54
98 23
72 19
46 19
91 54
55 5
91 23
79 33
28 87
55 7
93 54
73 54
60 33
59 33
4 19
20 86
41 54
65 54
23 99
48 33
9 69
72 87
75 19
35 19
97 48
53 86
58 33
10 87
0 55
29 22
42 22
89 22
13 48
30 19
44 40
8 87
