5
89
13
69
65
72
100
79 99
70 99
14 55
35 74
41 53
64 51
35 3
50 64
14 73
4 27
0 26
38 75
35 8
0 35
54 36
48 68
33 1
70 53
90 42
28 96
6 68
62 42
55 7
88 10
95 17
88 42
28 82
96 68
1 7
90 82
92 44
86 82
56 10
11 26
9 42
87 42
94 38
2 41
36 12
41 12
85 49
43 12
80 46
84 44
5 81
10 7
54 19
84 42
75 53
11 5
94 98
40 5
47 66
83 16
27 82
81 4
42 53
48 96
54 52
82 12
17 12
61 52
48 27
62 85
54 33
46 66
38 49
5 4
66 49
43 4
1 98
34 2
87 85
23 71
64 4
20 45
19 56
83 11
80 56
63 52
54 28
9 47
15 76
22 77
11 40
11 86
51 57
47 77
30 77
76 93
88 47
95 74
39 92
56 32
90 41
34 73
76 57
25 98
18 25
18 32
