5
25
43
89
22
87
100
42 26
42 41
50 68
95 59
52 21
52 74
0 42
52 20
46 68
95 83
68 99
64 38
48 24
48 83
95 92
92 83
24 7
0 52
95 7
48 75
48 35
92 38
95 12
48 85
92 63
48 82
95 23
95 98
24 2
95 76
93 83
48 60
20 83
58 84
84 85
24 82
11 60
76 57
74 5
71 58
16 38
53 38
12 63
55 19
93 38
95 46
2 3
15 75
38 99
63 60
92 94
0 95
56 9
18 3
91 2
74 56
91 51
48 69
71 55
24 69
0 48
24 78
92 86
84 18
12 13
11 36
24 6
74 7
11 44
7 64
61 77
73 36
61 81
15 31
71 4
71 20
71 84
19 75
90 99
64 83
15 20
20 79
71 97
24 42
15 9
78 50
90 23
15 97
71 59
93 35
15 85
24 29
93 59
71 91
0 24
92 16
0 71
93 49
12 44
15 1
