5
78
16
19
80
6
100
0 43
31 8
63 99
31 45
51 68
57 93
59 3
64 68
20 34
68 99
40 34
3 99
11 99
84 12
29 46
29 56
25 12
61 97
93 34
48 52
17 99
89 10
89 97
89 58
2 34
24 46
28 34
1 2
34 99
14 46
18 46
48 97
42 41
13 93
21 58
29 43
96 97
18 43
50 10
35 43
25 95
14 97
55 2
60 73
12 99
30 46
50 58
1 58
47 96
64 45
49 52
2 99
21 42
45 93
92 10
68 10
55 93
18 93
71 93
62 56
47 15
94 72
13 96
63 96
94 93
49 93
76 72
1 10
61 96
52 99
40 23
30 95
73 72
97 99
92 58
37 46
36 64
4 43
46 99
51 95
58 99
26 43
85 95
76 43
36 22
11 56
22 23
32 54
29 92
10 99
27 69
0 13
60 96
71 42
11 93
76 69
57 23
83 64
90 64
26 96
