5
49
21
42
69
40
100
62 97
87 18
18 99
5 99
1 17
29 97
61 92
97 99
76 83
23 61
23 64
57 22
74 32
22 99
0 23
56 2
0 74
6 17
53 83
70 1
57 93
8 56
52 83
81 20
81 52
15 99
87 73
8 28
52 92
14 99
53 38
70 80
70 81
53 58
70 90
53 1
53 66
27 38
57 44
2 99
8 63
8 79
57 77
72 73
53 56
27 68
57 84
0 70
27 13
92 58
96 1
8 66
8 47
92 95
53 77
72 94
92 66
72 95
83 99
92 24
0 57
27 99
96 32
8 7
34 3
96 94
53 87
88 34
96 84
0 8
95 58
15 58
15 41
53 9
96 59
73 58
7 91
27 45
16 31
27 61
88 30
15 31
27 6
88 20
91 39
17 99
13 36
62 3
92 99
0 99
27 52
92 87
41 58
38 36
16 36
72 5
16 3
50 79
53 4
63 58
