5
37
14
12
57
25
100
63 59
24 51
29 59
48 51
47 20
43 42
4 15
48 73
43 60
0 13
49 42
7 20
16 48
47 32
0 74
45 48
24 71
46 19
29 68
51 74
4 13
6 13
66 32
6 8
62 2
0 24
50 28
4 45
52 30
4 21
61 18
20 74
66 42
49 28
4 62
46 61
6 2
9 60
0 49
66 64
66 33
0 66
67 72
33 70
0 4
6 66
42 74
73 74
67 49
6 7
46 54
69 39
9 39
0 9
22 39
22 69
0 6
0 46
33 2
67 41
0 67
48 39
2 34
47 34
41 18
20 39
58 39
22 49
52 15
15 32
10 39
16 8
52 58
35 34
2 24
52 71
31 18
0 64
21 50
44 49
51 66
28 39
21 39
59 39
0 58
16 22
19 66
55 39
44 39
61 39
0 48
33 9
1 9
32 74
20 34
59 18
45 18
69 18
39 74
10 8
