5
68
60
50
29
2
100
0 99
85 59
85 92
19 99
31 17
0 85
96 59
22 49
22 17
63 74
7 56
31 90
93 59
9 14
0 76
10 59
1 59
0 9
52 23
22 72
0 22
40 62
62 74
7 57
59 99
0 31
0 69
96 69
52 14
4 30
7 69
7 94
8 58
26 58
77 99
48 41
44 41
7 13
81 35
7 73
47 41
84 41
0 52
10 16
10 85
0 7
10 18
10 36
94 84
93 83
41 99
91 74
93 24
94 57
91 49
93 18
10 3
10 66
94 61
94 58
10 86
10 13
94 95
93 51
94 72
94 65
94 38
18 90
94 85
0 10
93 26
91 92
91 46
0 91
93 22
36 71
94 24
94 67
36 85
0 94
93 82
86 71
93 42
18 30
0 93
30 74
41 78
41 57
59 74
61 85
55 58
28 3
6 56
88 49
41 14
18 78
72 74
70 83
86 49
66 83
