5
4
85
97
2
13
100
0 52
36 76
61 22
48 42
36 50
36 89
5 9
78 9
44 99
5 61
48 84
36 90
90 42
16 42
98 37
23 99
0 32
94 55
0 36
66 18
98 78
98 68
86 45
5 25
42 99
74 34
94 49
9 99
75 22
93 22
18 99
11 16
29 88
12 8
0 98
5 94
5 48
5 71
5 86
0 54
0 5
29 28
29 14
11 23
0 29
91 55
11 19
8 49
93 40
11 36
81 91
11 18
93 88
0 11
61 6
60 49
60 34
93 61
8 32
81 69
38 22
93 77
22 99
8 96
63 87
93 26
16 49
51 39
93 12
81 95
14 34
63 80
7 87
23 88
55 99
28 34
63 7
93 66
81 90
31 17
63 57
8 67
81 1
59 68
23 50
23 56
93 91
63 76
49 99
63 68
51 87
23 84
23 7
23 39
95 87
63 40
81 82
88 17
34 99
59 10
