5
49
40
28
89
74
100
87 42
82 3
82 5
5 32
5 45
11 62
94 87
94 72
94 79
77 44
5 47
94 82
5 64
11 8
94 5
94 11
39 61
94 37
86 3
86 45
0 94
39 26
39 21
86 97
86 56
86 22
86 33
39 85
39 17
39 95
86 79
86 60
39 11
86 91
4 67
4 77
4 23
4 32
86 6
4 61
39 43
23 84
97 67
44 99
23 15
4 35
4 44
86 80
32 33
81 15
36 75
81 52
36 50
31 12
3 45
31 13
62 60
26 69
92 22
29 78
33 45
16 17
26 15
76 17
80 46
27 17
14 45
2 15
81 36
58 46
81 31
29 7
47 15
90 15
45 99
46 99
17 99
43 15
15 99
81 25
37 83
85 51
81 62
81 85
51 10
50 51
50 29
47 67
33 22
10 67
52 69
4 81
88 29
76 67
25 38
8 64
24 63
93 67
90 67
33 61
