5
21
85
53
2
25
100
63 47
32 74
32 62
8 65
84 89
8 45
84 64
29 41
72 10
69 9
26 96
78 66
52 70
10 98
67 60
75 3
0 26
24 73
93 83
94 47
78 71
74 71
96 60
79 12
0 49
31 3
8 36
8 91
77 22
23 12
82 26
63 93
84 91
88 26
18 1
15 3
78 3
8 15
73 47
56 86
83 22
56 44
7 81
47 98
0 29
27 12
57 3
79 82
48 81
71 98
66 60
69 97
61 12
26 98
28 22
5 22
93 22
60 98
56 95
7 3
63 32
80 12
22 98
88 29
23 57
88 79
46 97
61 29
39 12
0 8
18 82
69 59
33 12
6 59
0 6
3 98
0 57
74 97
69 75
18 11
18 79
70 81
69 29
69 5
81 98
80 57
88 80
38 92
88 7
72 12
88 23
88 74
14 17
79 54
73 92
12 98
36 97
18 46
43 59
0 69
