5
18
77
73
29
52
100
32 93
79 51
84 66
51 94
3 59
84 16
92 59
16 66
69 62
13 62
38 54
85 87
84 85
83 82
45 22
82 49
0 32
37 83
61 49
0 84
14 49
15 59
5 49
91 59
22 49
70 49
78 93
2 59
83 49
63 49
22 6
47 34
59 94
41 34
68 4
33 34
1 62
87 6
5 4
17 8
49 94
91 11
66 34
35 4
63 12
2 75
43 69
62 94
86 80
17 6
37 47
55 85
2 47
71 8
0 16
88 87
13 11
28 87
92 6
37 13
43 87
85 12
17 32
33 47
13 8
64 4
9 8
86 87
80 34
23 47
68 47
6 94
42 47
70 93
75 87
66 4
66 87
12 8
33 4
60 34
36 4
9 4
28 11
93 94
72 4
76 11
78 4
12 11
58 32
39 4
28 32
33 32
1 47
80 11
60 8
58 4
46 87
67 47
89 34
81 34
