5
42
50
96
97
71
100
79 49
0 33
79 32
18 49
12 78
0 56
89 41
37 4
4 1
35 1
37 94
13 67
51 80
79 66
37 1
58 41
9 78
57 2
41 99
20 49
7 49
72 85
83 85
16 1
22 85
5 1
35 67
89 78
9 5
62 85
54 80
0 79
48 80
10 25
6 78
77 25
80 99
89 85
95 25
91 67
55 36
11 23
53 78
92 2
40 67
85 99
45 25
20 67
78 99
35 23
68 38
49 99
21 5
92 38
40 75
83 5
1 99
0 87
86 2
44 67
4 2
36 99
83 23
34 67
31 5
28 38
64 67
90 38
79 25
45 5
67 99
33 38
86 38
84 38
52 5
40 87
6 2
89 75
72 87
2 99
70 23
16 5
27 38
69 38
91 23
18 38
35 25
10 23
88 25
33 25
19 23
25 99
95 23
63 76
51 57
13 87
57 87
4 68
16 87
4 13
