5
73
76
62
56
34
100
86 31
48 20
39 89
11 78
58 22
97 79
17 99
11 75
31 99
45 81
20 81
23 78
86 38
38 99
27 1
43 81
72 1
5 78
58 1
78 99
49 81
0 12
0 13
29 94
11 55
61 72
11 63
94 4
0 11
97 87
86 9
4 10
86 23
68 95
61 68
86 7
86 59
97 51
61 22
86 48
0 71
86 89
97 80
97 12
94 22
61 84
97 60
86 39
0 94
0 61
0 97
65 17
21 33
45 79
6 8
19 6
19 22
36 92
21 36
21 88
19 91
65 90
65 45
86 19
21 5
21 52
21 46
86 21
78 37
3 6
3 18
65 78
19 98
19 64
12 16
12 26
68 37
68 75
28 68
45 75
28 45
27 12
28 38
57 82
96 5
96 57
96 63
52 66
87 66
20 84
31 59
48 26
32 20
88 40
52 98
18 16
87 70
53 72
32 17
53 67
