5
3
9
13
19
25
100
0 99
0 1
2 99
4 99
0 5
6 99
7 99
8 99
10 99
0 11
12 99
14 99
15 99
16 99
0 17
18 99
20 99
0 21
22 99
23 99
24 99
26 99
0 27
28 99
0 29
30 99
31 99
32 99
0 33
34 99
0 35
36 99
0 37
38 99
39 99
40 99
0 41
42 99
0 43
44 99
0 45
46 99
47 99
48 99
0 49
50 99
0 51
52 99
0 53
54 99
55 99
56 99
0 57
58 99
0 59
60 99
0 61
62 99
63 99
64 99
0 65
66 99
0 67
68 99
0 69
70 99
71 99
72 99
0 73
74 99
0 75
76 99
0 77
78 99
79 99
80 99
0 81
82 99
0 83
84 99
0 85
86 99
87 99
88 99
0 89
90 99
0 91
92 99
0 93
0 94
0 95
0 96
0 97
0 98
1 99
5 99
11 99
17 99
21 99
27 99
