5
45
44
57
17
2
100
0 59
0 26
38 59
49 59
0 22
0 40
0 35
20 59
52 59
29 10
40 10
30 10
36 10
43 10
20 10
25 56
19 38
37 7
25 32
28 7
25 35
8 7
27 3
25 29
52 34
25 22
32 34
11 22
56 16
55 16
49 16
47 16
23 16
37 16
15 16
13 16
37 24
41 24
53 24
31 28
19 58
49 28
13 28
52 28
49 26
51 26
15 20
1 33
5 33
58 33
13 33
11 18
54 46
41 46
47 6
47 22
56 46
11 38
22 46
18 6
11 19
11 35
47 54
58 42
21 42
36 42
43 48
58 48
47 5
47 18
9 55
30 19
4 22
52 21
52 36
35 19
35 32
54 32
22 41
23 41
27 41
18 56
5 41
8 43
22 55
22 29
22 50
22 58
39 15
51 8
51 58
12 58
15 23
15 58
15 31
8 40
23 1
56 43
13 43
35 1
