0
100
0 99
1 99
0 98
30 32
92 93
26 28
88 90
90 92
95 97
25 27
89 91
95 96
35 37
31 32
96 97
98 99
38 40
46 48
62 64
65 67
92 94
37 39
40 42
39 41
42 44
9 11
65 66
63 64
36 38
93 94
10 12
41 43
73 75
74 75
66 68
34 36
83 85
86 88
86 87
84 85
82 84
33 35
52 54
49 51
48 50
51 53
54 56
55 57
81 83
87 89
50 52
60 61
62 61
77 79
80 82
45 47
44 46
53 55
56 58
9 10
73 74
69 70
67 68
57 59
58 60
2 3
1 3
0 2
59 61
33 34
7 8
3 5
4 5
79 81
78 80
6 8
5 7
69 71
70 72
71 72
25 26
18 20
17 19
12 14
17 18
15 16
14 16
13 15
11 13
19 21
20 22
43 45
21 23
22 24
23 24
47 49
27 29
30 31
28 29
76 78
