0
91
94 99
50 99
0 15
0 3
29 97
0 98
86 99
0 91
29 20
29 26
69 61
98 84
38 99
98 19
98 78
25 99
89 95
10 81
10 85
52 99
9 38
37 38
6 46
58 46
37 3
53 5
66 77
9 18
65 13
93 83
66 83
21 83
73 20
50 31
23 1
96 71
49 47
23 88
23 34
23 36
62 27
62 54
62 81
67 19
44 84
4 7
4 26
22 59
33 63
7 1
26 30
21 17
27 28
37 56
37 15
37 82
37 65
37 63
17 80
42 63
42 43
68 11
42 58
8 11
93 11
87 75
96 94
42 19
34 35
53 90
45 75
48 75
92 49
30 84
64 84
53 60
43 6
25 68
74 65
95 51
28 97
14 30
40 51
82 48
88 93
45 16
45 76
97 55
30 61
15 8
70 56
