3
<<<<<<< HEAD
19
34
1
50
27 39
23 49
0 17
0 31
0 27
21 49
39 49
=======
35
20
28
50
27 39
23 49
17 46
0 17
21 49
0 27
0 31
39 49
22 14
>>>>>>> c5ecc4e947455971345391f919ae243a8842fc1b
2 49
33 49
43 49
0 26
13 44
38 49
5 49
44 49
47 49
24 49
<<<<<<< HEAD
32 49
=======
45 32
>>>>>>> c5ecc4e947455971345391f919ae243a8842fc1b
0 46
0 22
0 12
41 49
<<<<<<< HEAD
46 49
9 49
15 49
12 49
42 49
40 49
4 49
6 3
0 49
0 10
3 49
0 36
27 49
6 49
26 49
35 49
36 49
13 49
20 49
17 49
28 49
22 49
0 13
0 7
11 49
31 49
7 8
0 28
=======
36 32
19 49
1 5
46 49
32 49
9 49
0 13
19 15
12 49
42 49
15 49
40 49
0 4
6 3
0 49
1 49
10 26
0 36
27 49
0 7
3 49
4 49
6 49
26 49
36 49
17 49
>>>>>>> c5ecc4e947455971345391f919ae243a8842fc1b
