3
<<<<<<< HEAD
23
13
35
50
12 36
0 6
31 36
0 21
=======
19
23
35
50
20 12
12 36
0 6
31 36
21 36
>>>>>>> c5ecc4e947455971345391f919ae243a8842fc1b
0 8
22 36
0 36
14 36
<<<<<<< HEAD
21 36
2 36
4 9
34 36
0 31
=======
2 36
0 21
4 9
34 36
0 31
0 13
>>>>>>> c5ecc4e947455971345391f919ae243a8842fc1b
0 16
25 36
1 36
0 32
<<<<<<< HEAD
0 4
0 1
7 36
34 24
9 36
3 36
18 36
14 17
34 33
34 17
34 32
34 6
34 27
34 31
4 19
4 16
4 14
21 17
25 17
=======
2 7
0 4
0 1
34 24
9 36
34 32
34 33
34 17
34 6
34 27
34 31
3 36
14 17
18 36
7 36
4 16
4 14
25 17
21 17
27 17
>>>>>>> c5ecc4e947455971345391f919ae243a8842fc1b
4 26
4 3
31 17
4 17
<<<<<<< HEAD
19 17
27 17
4 7
20 17
26 17
4 29
6 17
9 17
30 17
18 17
=======
20 17
26 17
13 17
9 17
6 17
4 29
31 30
>>>>>>> c5ecc4e947455971345391f919ae243a8842fc1b
