3
<<<<<<< HEAD
9
46
21
50
0 26
0 25
39 11
37 49
14 49
0 38
0 47
0 42
=======
40
9
10
50
0 26
25 14
37 49
14 49
0 25
0 38
0 47
21 46
0 42
39 11
>>>>>>> c5ecc4e947455971345391f919ae243a8842fc1b
5 49
31 17
31 28
31 37
<<<<<<< HEAD
=======
33 46
>>>>>>> c5ecc4e947455971345391f919ae243a8842fc1b
5 6
32 49
2 49
26 49
31 19
<<<<<<< HEAD
31 33
31 44
6 36
31 32
31 25
31 47
25 33
25 1
25 14
41 36
27 36
37 36
38 45
28 33
12 33
32 18
28 18
24 34
3 34
29 34
3 28
38 6
8 28
38 19
13 6
13 30
1 8
1 40
4 6
29 12
22 6
14 6
29 41
=======
46 36
33 36
31 44
31 33
31 32
31 47
31 25
25 33
25 1
6 36
41 36
38 45
21 27
38 6
37 36
27 36
38 19
13 46
4 21
13 30
24 21
13 6
3 21
44 21
47 21
19 21
1 8
29 41
29 12
29 22
>>>>>>> c5ecc4e947455971345391f919ae243a8842fc1b
