<<<<<<< HEAD
2
2
13
50
=======
1
6
50
2 32
>>>>>>> c5ecc4e947455971345391f919ae243a8842fc1b
0 1
0 4
0 19
0 29
9 19
<<<<<<< HEAD
=======
9 2
>>>>>>> c5ecc4e947455971345391f919ae243a8842fc1b
9 14
7 14
18 14
21 19
9 28
9 30
10 4
10 21
17 19
10 16
<<<<<<< HEAD
28 19
10 17
10 26
=======
2 29
28 19
10 17
10 26
10 13
>>>>>>> c5ecc4e947455971345391f919ae243a8842fc1b
28 7
28 8
28 17
4 17
<<<<<<< HEAD
20 19
6 19
29 19
26 15
6 15
1 22
6 8
11 8
31 12
4 1
4 5
7 8
=======
18 20
4 1
31 12
4 5
26 15
20 19
29 19
1 22
11 8
2 8
7 8
11 2
>>>>>>> c5ecc4e947455971345391f919ae243a8842fc1b
3 8
24 8
18 12
16 12
20 12
21 3
11 30
5 27
<<<<<<< HEAD
6 27
11 16
5 16
25 1
20 18
11 7
5 7
11 24
=======
2 27
11 16
5 16
1 20
>>>>>>> c5ecc4e947455971345391f919ae243a8842fc1b
