3
<<<<<<< HEAD
3
44
45
50
0 29
40 49
=======
26
35
43
50
40 49
0 29
>>>>>>> c5ecc4e947455971345391f919ae243a8842fc1b
21 49
0 33
0 38
0 31
36 19
<<<<<<< HEAD
0 4
0 11
37 49
36 43
34 49
=======
0 44
0 4
11 13
0 11
37 49
34 49
8 31
>>>>>>> c5ecc4e947455971345391f919ae243a8842fc1b
31 49
38 49
7 49
14 19
<<<<<<< HEAD
26 19
41 19
35 4
39 4
12 4
20 4
26 46
18 46
=======
41 19
39 4
12 4
20 4
45 46
18 46
36 45
>>>>>>> c5ecc4e947455971345391f919ae243a8842fc1b
41 7
27 7
1 7
36 8
<<<<<<< HEAD
40 7
18 7
31 33
36 29
20 33
13 33
36 40
16 17
16 23
=======
36 40
36 3
36 29
16 17
16 23
22 29
40 7
18 7
20 33
31 33
13 33
>>>>>>> c5ecc4e947455971345391f919ae243a8842fc1b
16 22
16 42
15 29
15 8
15 31
<<<<<<< HEAD
15 26
26 18
15 2
40 18
15 35
43 18
39 18
41 38
=======
15 2
40 18
15 3
15 44
41 45
>>>>>>> c5ecc4e947455971345391f919ae243a8842fc1b
