0
48
0 49
8 9
<<<<<<< HEAD
40 41
39 41
9 11
38 40
8 10
10 12
43 45
44 45
42 44
2 3
0 2
1 3
6 7
4 5
38 39
3 5
8 7
32 33
25 27
24 26
32 34
29 31
26 28
27 29
28 30
23 25
22 24
30 32
19 21
18 20
20 21
17 19
12 14
11 13
13 15
14 16
15 17
16 18
35 37
36 37
22 23
41 43
34 36
33 35
46 47
46 48
=======
3 5
40 41
33 35
39 41
11 13
38 40
34 36
35 37
43 45
44 45
42 44
12 14
19 21
20 21
13 15
18 20
38 39
36 37
4 6
14 16
17 19
15 17
16 18
0 2
1 3
3 4
9 11
5 6
7 6
10 12
33 34
41 43
9 10
30 32
31 32
29 31
28 30
27 29
24 26
23 25
25 27
26 28
46 47
46 48
22 24
22 23
>>>>>>> c5ecc4e947455971345391f919ae243a8842fc1b
