<<<<<<< HEAD
3
38
40
8
50
=======
2
6
31
50
0 38
>>>>>>> c5ecc4e947455971345391f919ae243a8842fc1b
30 44
0 9
0 29
0 19
0 30
<<<<<<< HEAD
19 44
16 6
=======
>>>>>>> c5ecc4e947455971345391f919ae243a8842fc1b
16 3
16 9
16 4
16 7
16 15
35 44
<<<<<<< HEAD
35 31
23 44
21 44
6 44
=======
19 44
23 44
21 44
>>>>>>> c5ecc4e947455971345391f919ae243a8842fc1b
41 44
9 44
12 20
30 20
<<<<<<< HEAD
27 20
1 20
=======
3 28
35 3
35 1
8 20
35 26
27 20
1 20
35 9
35 4
>>>>>>> c5ecc4e947455971345391f919ae243a8842fc1b
22 20
41 20
5 20
28 20
<<<<<<< HEAD
35 1
35 3
35 26
30 14
1 14
33 14
13 14
35 9
35 11
4 13
4 17
4 28
4 12
2 14
3 14
4 6
4 2
37 14
25 14
36 14
4 3
19 24
19 2
=======
1 14
11 7
11 40
11 42
11 5
11 17
39 15
39 1
39 22
8 14
32 7
30 14
33 14
13 14
32 21
32 38
32 29
32 17
>>>>>>> c5ecc4e947455971345391f919ae243a8842fc1b
