3
<<<<<<< HEAD
17
18
12
50
=======
40
28
21
50
2 6
>>>>>>> c5ecc4e947455971345391f919ae243a8842fc1b
6 49
0 49
32 49
7 48
15 48
13 48
11 48
23 48
32 48
36 48
0 2
43 48
<<<<<<< HEAD
47 48
45 48
44 48
22 46
27 46
15 46
29 46
0 3
0 4
0 7
=======
0 3
45 48
47 48
44 48
22 46
0 4
27 46
0 29
0 7
15 46
>>>>>>> c5ecc4e947455971345391f919ae243a8842fc1b
0 6
0 5
0 24
0 9
0 19
<<<<<<< HEAD
0 29
39 26
39 40
39 20
39 10
30 14
44 46
41 46
=======
39 12
39 26
39 20
39 10
30 14
29 46
44 46
30 12
>>>>>>> c5ecc4e947455971345391f919ae243a8842fc1b
30 4
30 9
35 46
31 46
<<<<<<< HEAD
40 46
38 46
23 46
32 46
36 47
44 47
20 47
42 47
40 47
30 43
45 38
=======
30 19
30 17
41 46
30 43
32 46
47 46
23 46
18 38
45 38
17 38
>>>>>>> c5ecc4e947455971345391f919ae243a8842fc1b
