3
<<<<<<< HEAD
24
5
1
50
0 44
=======
27
44
21
50
>>>>>>> c5ecc4e947455971345391f919ae243a8842fc1b
0 23
0 49
3 49
0 40
19 31
0 12
4 49
0 19
<<<<<<< HEAD
0 21
0 17
43 49
0 4
0 29
0 43
18 27
0 3
18 14
0 36
0 33
0 18
27 49
0 26
0 37
0 7
42 49
=======
0 17
0 4
0 43
0 29
0 3
36 31
0 18
43 49
0 36
1 49
0 33
0 26
0 37
42 49
0 7
>>>>>>> c5ecc4e947455971345391f919ae243a8842fc1b
12 49
28 49
8 49
13 49
0 34
20 49
41 49
0 48
0 15
<<<<<<< HEAD
7 49
37 49
13 44
0 2
0 46
0 45
0 8
0 27
0 42
34 49
0 6
44 49
0 20
13 26
0 22
=======
22 35
14 18
2 29
5 49
7 49
37 49
2 49
0 45
34 49
18 49
2 24
23 11
24 49
32 1
40 49
38 49
46 49
20 36
>>>>>>> c5ecc4e947455971345391f919ae243a8842fc1b
