3
<<<<<<< HEAD
7
26
5
=======
38
7
31
>>>>>>> c5ecc4e947455971345391f919ae243a8842fc1b
50
0 14
0 2
0 44
0 17
<<<<<<< HEAD
34 47
11 15
0 47
32 47
31 47
0 11
0 8
0 43
0 20
0 27
0 3
=======
20 34
11 15
0 47
32 47
0 11
0 43
0 8
20 30
0 27
0 3
0 20
>>>>>>> c5ecc4e947455971345391f919ae243a8842fc1b
0 21
0 30
22 47
15 47
30 47
<<<<<<< HEAD
43 47
28 15
10 47
33 47
25 47
6 47
0 13
0 40
39 24
0 28
0 24
0 39
24 47
24 16
0 46
=======
0 13
34 47
15 33
0 40
10 47
43 47
6 47
27 25
39 24
0 28
33 47
0 24
25 47
6 4
24 47
24 16
0 46
0 39
>>>>>>> c5ecc4e947455971345391f919ae243a8842fc1b
27 47
0 42
4 47
41 47
16 47
40 47
<<<<<<< HEAD
2 19
0 32
0 38
0 29
0 36
0 31
0 41
34 46
0 18
=======
0 32
26 47
0 29
0 36
46 47
11 40
>>>>>>> c5ecc4e947455971345391f919ae243a8842fc1b
