3
<<<<<<< HEAD
24
36
26
50
0 32
0 33
0 40
0 23
0 49
0 45
18 49
0 29
31 49
0 37
39 49
17 49
45 49
0 16
10 49
47 49
6 49
22 49
11 49
0 13
34 49
9 49
20 45
=======
41
29
8
50
31 49
0 32
0 40
0 33
0 49
0 45
16 18
0 23
0 37
18 49
39 49
24 10
17 49
20 45
16 34
10 49
0 13
47 49
45 49
48 11
6 49
22 49
11 49
9 49
34 49
0 16
>>>>>>> c5ecc4e947455971345391f919ae243a8842fc1b
0 42
0 25
19 49
47 43
0 48
30 49
43 49
<<<<<<< HEAD
=======
0 26
>>>>>>> c5ecc4e947455971345391f919ae243a8842fc1b
35 13
28 49
15 49
13 49
20 39
7 49
0 2
<<<<<<< HEAD
0 22
12 49
0 21
48 49
33 40
42 49
29 49
8 49
0 41
0 31
0 47
0 20
12 23
=======
24 49
0 22
12 49
21 42
31 32
35 48
0 20
48 49
31 23
>>>>>>> c5ecc4e947455971345391f919ae243a8842fc1b
