<<<<<<< HEAD
3
6
19
41
50
5 4
=======
2
8
6
50
5 4
0 2
0 16
0 4
25 19
2 3
5 12
>>>>>>> c5ecc4e947455971345391f919ae243a8842fc1b
38 49
4 49
47 33
7 33
<<<<<<< HEAD
26 33
10 33
=======
10 33
26 33
>>>>>>> c5ecc4e947455971345391f919ae243a8842fc1b
13 33
22 35
28 35
43 36
<<<<<<< HEAD
0 16
0 2
0 4
5 12
=======
>>>>>>> c5ecc4e947455971345391f919ae243a8842fc1b
18 36
45 32
21 17
29 43
42 34
18 9
14 9
4 9
27 9
45 9
5 11
<<<<<<< HEAD
5 14
5 7
5 10
29 11
3 11
47 11
26 11
4 11
20 7
48 7
8 7
21 7
18 7
12 7
21 8
4 8
2 8
4 25
10 8
4 2
4 20
4 12
37 8
15 8
=======
5 7
5 14
5 10
4 2
20 7
29 11
4 20
4 11
4 12
4 25
18 7
30 39
18 19
28 45
13 26
12 14
27 18
37 21
12 7
18 10
13 47
19 11
>>>>>>> c5ecc4e947455971345391f919ae243a8842fc1b
