3
<<<<<<< HEAD
33
42
18
50
46 49
34 49
=======
34
37
33
50
46 49
0 42
>>>>>>> c5ecc4e947455971345391f919ae243a8842fc1b
0 46
2 49
0 41
0 5
<<<<<<< HEAD
16 49
9 49
0 35
43 49
0 36
35 49
32 49
5 49
0 48
37 4
41 49
4 49
0 44
=======
31 16
9 49
16 49
35 49
43 49
32 49
5 49
0 36
0 48
27 41
0 44
4 49
41 49
>>>>>>> c5ecc4e947455971345391f919ae243a8842fc1b
0 10
0 16
0 13
3 49
<<<<<<< HEAD
37 49
0 47
39 49
38 49
44 49
38 47
45 49
10 49
21 14
1 49
7 49
47 49
10 14
36 49
13 49
14 49
0 6
15 49
0 12
38 44
0 3
11 49
0 37
6 49
12 49
40 49
12 8
=======
0 47
39 49
0 38
44 49
38 49
0 35
45 49
10 49
47 49
39 1
21 14
7 49
10 14
36 49
23 13
14 49
18 24
0 6
18 15
0 12
13 49
0 3
45 2
43 1
45 6
2 11
17 6
>>>>>>> c5ecc4e947455971345391f919ae243a8842fc1b
