3
25
<<<<<<< HEAD
26
24
=======
21
27
>>>>>>> c5ecc4e947455971345391f919ae243a8842fc1b
50
0 1
0 3
4 49
5 49
0 6
0 7
0 9
0 10
0 11
12 49
0 15
16 49
0 18
20 49
<<<<<<< HEAD
21 49
0 22
=======
0 22
24 49
0 26
>>>>>>> c5ecc4e947455971345391f919ae243a8842fc1b
29 49
0 30
0 31
32 49
0 33
0 34
0 35
36 49
0 41
0 42
0 45
<<<<<<< HEAD
0 46
1 49
0 4
3 49
6 49
0 5
7 49
8 49
0 12
=======
46 49
1 49
0 4
3 49
5 6
0 5
6 49
7 49
8 49
0 12
9 49
>>>>>>> c5ecc4e947455971345391f919ae243a8842fc1b
0 16
0 17
0 19
10 49
<<<<<<< HEAD
0 20
0 21
9 49
11 49
13 49
14 49
15 49
18 49
0 23
0 29
=======
13 49
14 49
15 49
0 20
11 49
18 49
26 49
>>>>>>> c5ecc4e947455971345391f919ae243a8842fc1b
