3
<<<<<<< HEAD
39
38
9
50
0 30
0 3
0 4
0 5
15 37
15 2
7 41
11 41
=======
21
1
37
50
0 30
18 7
0 3
0 4
0 5
40 11
15 2
7 41
>>>>>>> c5ecc4e947455971345391f919ae243a8842fc1b
19 36
19 22
19 25
19 24
<<<<<<< HEAD
19 37
=======
>>>>>>> c5ecc4e947455971345391f919ae243a8842fc1b
16 22
16 13
16 4
34 41
<<<<<<< HEAD
34 21
27 41
37 25
36 41
18 41
34 40
34 23
34 35
37 12
37 14
37 36
35 4
23 32
23 14
23 21
26 27
22 40
26 18
3 21
3 8
11 40
29 40
32 10
32 4
32 5
11 2
11 30
8 25
8 22
8 24
20 17
8 20
10 36
=======
34 23
34 35
27 41
40 22
40 41
36 41
11 41
40 29
38 18
9 18
28 18
40 2
25 18
27 26
3 26
40 36
32 23
40 6
40 39
40 17
31 14
24 25
24 8
24 28
6 29
6 39
13 25
13 10
13 28
7 10
4 20
32 5
2 14
32 10
>>>>>>> c5ecc4e947455971345391f919ae243a8842fc1b
