3
<<<<<<< HEAD
26
29
32
50
0 38
38 4
21 12
=======
27
31
33
50
0 38
21 12
38 4
>>>>>>> c5ecc4e947455971345391f919ae243a8842fc1b
28 34
28 4
28 21
30 34
30 4
21 34
12 44
1 44
3 44
6 44
7 44
<<<<<<< HEAD
10 44
=======
12 10
>>>>>>> c5ecc4e947455971345391f919ae243a8842fc1b
13 44
14 44
15 44
18 44
19 44
20 44
22 44
23 44
<<<<<<< HEAD
24 44
25 44
27 44
31 44
33 44
36 44
41 44
42 44
12 43
1 43
3 43
6 43
7 43
10 43
13 43
14 43
15 43
18 43
19 43
20 43
22 43
23 43
24 43
25 43
27 43
31 43
33 43
=======
12 24
25 44
26 44
29 44
32 44
36 44
41 44
42 44
43 44
10 44
1 24
3 24
6 24
7 24
13 24
14 24
15 24
18 24
19 24
20 24
22 24
23 24
25 24
26 24
29 24
32 24
36 24
>>>>>>> c5ecc4e947455971345391f919ae243a8842fc1b
