3
<<<<<<< HEAD
16
20
34
50
0 1
0 24
0 36
0 13
36 44
0 37
0 33
27 44
0 29
0 19
=======
9
19
40
50
0 1
20 44
36 44
0 24
0 36
29 34
0 13
34 44
33 44
0 37
27 44
0 29
>>>>>>> c5ecc4e947455971345391f919ae243a8842fc1b
5 44
0 44
32 44
26 44
<<<<<<< HEAD
0 28
33 44
22 44
=======
22 44
0 28
>>>>>>> c5ecc4e947455971345391f919ae243a8842fc1b
35 44
0 18
0 27
14 44
28 44
<<<<<<< HEAD
0 9
0 11
0 32
0 31
0 5
0 8
0 3
0 6
0 21
0 42
18 44
17 41
0 4
25 44
0 35
30 44
39 44
24 6
14 41
0 23
0 40
0 30
12 44
0 26
38 44
0 10
0 22
0 7
=======
33 18
0 11
32 16
0 33
18 44
0 32
41 44
25 44
0 8
0 5
0 31
0 3
6 44
0 21
39 44
42 7
0 6
42 17
30 44
12 44
4 44
24 3
38 44
1 44
42 23
26 17
43 44
>>>>>>> c5ecc4e947455971345391f919ae243a8842fc1b
