3
<<<<<<< HEAD
9
39
37
50
28 49
0 19
=======
12
42
20
50
0 27
0 19
28 49
>>>>>>> c5ecc4e947455971345391f919ae243a8842fc1b
41 49
25 49
32 49
21 49
0 34
0 45
<<<<<<< HEAD
26 49
0 31
0 25
48 49
2 49
0 27
31 49
0 33
=======
7 37
26 49
0 31
22 31
0 33
0 25
>>>>>>> c5ecc4e947455971345391f919ae243a8842fc1b
0 7
0 24
0 40
0 44
0 49
0 4
0 18
<<<<<<< HEAD
0 28
0 35
17 49
11 49
29 49
43 49
0 46
0 6
0 36
27 49
12 49
33 8
40 49
5 14
0 3
0 30
0 5
46 49
0 29
0 12
0 2
0 14
20 12
0 13
0 26
3 49
45 49
=======
48 49
28 27
2 49
0 35
0 28
0 6
0 36
0 29
31 49
17 49
17 11
30 36
43 49
3 41
0 5
0 30
46 49
0 3
0 46
11 49
29 49
27 49
0 2
14 49
0 39
8 49
0 14
0 26
>>>>>>> c5ecc4e947455971345391f919ae243a8842fc1b
