3
<<<<<<< HEAD
2
33
31
50
40 46
0 38
0 32
0 36
=======
25
13
33
50
3 40
40 46
0 38
45 24
36 46
0 36
0 32
>>>>>>> c5ecc4e947455971345391f919ae243a8842fc1b
0 3
0 26
0 16
17 46
0 27
<<<<<<< HEAD
19 46
0 46
0 41
28 46
0 7
0 1
0 21
0 22
45 46
0 14
0 25
38 46
0 43
15 46
39 35
0 45
42 37
0 9
0 39
41 46
=======
9 19
0 46
0 41
28 46
22 29
0 7
0 31
0 21
0 1
22 15
0 45
0 14
0 22
19 46
0 43
15 46
38 46
0 39
42 37
45 46
0 9
44 41
>>>>>>> c5ecc4e947455971345391f919ae243a8842fc1b
0 42
0 10
5 46
43 46
<<<<<<< HEAD
27 46
13 46
36 46
34 46
3 46
0 18
0 29
0 44
25 46
35 46
13 20
0 4
0 13
14 46
0 23
0 17
35 16
=======
0 18
0 2
41 46
27 46
4 3
34 46
0 29
0 44
4 31
23 16
35 46
14 46
>>>>>>> c5ecc4e947455971345391f919ae243a8842fc1b
