<<<<<<< HEAD
3
15
6
3
47
=======
0
50
>>>>>>> c5ecc4e947455971345391f919ae243a8842fc1b
0 31
2 44
24 22
21 22
2 33
12 22
19 40
34 40
2 39
<<<<<<< HEAD
=======
15 40
>>>>>>> c5ecc4e947455971345391f919ae243a8842fc1b
4 40
2 12
19 34
19 1
35 40
<<<<<<< HEAD
38 42
38 1
7 8
24 41
29 9
43 9
24 33
41 9
36 9
33 34
41 34
24 8
12 33
24 39
24 16
12 20
12 21
29 33
12 8
41 42
23 33
8 20
29 27
23 21
23 31
28 20
28 8
10 42
10 1
39 20
39 43
16 20
42 14
=======
43 9
38 15
38 42
38 1
7 8
41 9
29 9
34 9
3 9
16 4
24 8
24 39
16 3
31 3
13 3
21 3
28 3
43 39
41 12
20 39
10 39
20 8
24 12
15 8
12 8
28 8
41 42
1 42
14 42
15 42
1 10
23 28
24 33
24 16
41 34
>>>>>>> c5ecc4e947455971345391f919ae243a8842fc1b
