3
<<<<<<< HEAD
13
40
16
=======
17
10
40
>>>>>>> c5ecc4e947455971345391f919ae243a8842fc1b
50
0 22
0 9
35 48
<<<<<<< HEAD
12 34
0 3
0 38
0 32
34 48
=======
34 48
0 3
0 38
0 32
>>>>>>> c5ecc4e947455971345391f919ae243a8842fc1b
0 45
0 14
0 12
0 18
<<<<<<< HEAD
0 5
0 8
0 29
0 21
31 24
46 48
22 48
0 41
24 48
43 48
20 48
41 48
1 48
0 31
0 48
15 48
0 6
0 17
0 42
0 34
39 48
4 48
0 33
28 44
25 48
44 48
37 6
9 48
20 3
=======
47 22
0 8
0 5
0 29
46 48
31 24
21 42
41 48
22 48
13 48
24 48
6 45
43 48
20 48
0 31
0 48
15 48
1 48
39 48
0 42
6 37
0 21
25 48
44 48
0 34
9 48
6 48
4 48
0 6
0 41
0 33
3 48
>>>>>>> c5ecc4e947455971345391f919ae243a8842fc1b
27 48
0 36
45 48
47 48
0 30
23 48
<<<<<<< HEAD
17 48
3 48
10 48
=======
28 13
>>>>>>> c5ecc4e947455971345391f919ae243a8842fc1b
