3
<<<<<<< HEAD
33
39
10
50
6 49
=======
28
33
39
50
1 2
6 49
3 4
10 5
3 10
>>>>>>> c5ecc4e947455971345391f919ae243a8842fc1b
12 49
18 49
24 49
30 49
36 49
42 49
<<<<<<< HEAD
3 4
3 16
3 22
3 28
=======
3 16
3 22
>>>>>>> c5ecc4e947455971345391f919ae243a8842fc1b
3 34
3 40
3 46
9 4
<<<<<<< HEAD
9 16
9 22
9 28
=======
9 10
9 16
9 22
>>>>>>> c5ecc4e947455971345391f919ae243a8842fc1b
9 34
9 40
9 46
15 4
<<<<<<< HEAD
15 16
15 22
15 28
=======
15 10
15 16
15 22
>>>>>>> c5ecc4e947455971345391f919ae243a8842fc1b
15 34
15 40
15 46
21 4
<<<<<<< HEAD
21 16
21 22
21 28
21 34
21 40
21 46
27 4
27 16
27 22
27 28
27 34
27 40
27 46
45 4
45 16
45 22
45 28
45 34
45 40
46 5
0 1
=======
10 11
21 10
21 16
21 22
8 21
5 48
11 48
17 48
23 48
29 48
35 48
41 48
4 47
10 47
27 16
22 47
34 47
40 47
46 47
>>>>>>> c5ecc4e947455971345391f919ae243a8842fc1b
