3
<<<<<<< HEAD
10
46
8
=======
8
15
5
>>>>>>> c5ecc4e947455971345391f919ae243a8842fc1b
50
0 25
0 3
0 1
<<<<<<< HEAD
0 35
=======
35 49
>>>>>>> c5ecc4e947455971345391f919ae243a8842fc1b
0 26
0 24
0 4
13 49
<<<<<<< HEAD
0 15
0 47
0 5
0 45
0 6
0 40
0 49
33 49
0 43
7 49
6 49
=======
0 47
9 6
7 49
0 35
0 45
0 10
0 6
0 49
0 40
33 49
6 49
0 43
>>>>>>> c5ecc4e947455971345391f919ae243a8842fc1b
0 14
0 21
0 33
0 23
0 29
0 12
0 16
25 49
<<<<<<< HEAD
18 49
0 20
11 49
35 49
14 49
4 49
0 28
=======
0 28
0 20
>>>>>>> c5ecc4e947455971345391f919ae243a8842fc1b
0 42
0 2
0 7
0 19
<<<<<<< HEAD
0 31
0 9
0 48
0 22
47 31
34 49
0 38
0 39
0 17
44 49
15 49
44 15
=======
18 49
0 31
11 49
0 9
0 48
0 22
0 46
0 39
0 38
0 17
14 49
44 46
44 10
44 49
44 48
44 20
>>>>>>> c5ecc4e947455971345391f919ae243a8842fc1b
