3
<<<<<<< HEAD
17
19
21
=======
11
13
16
>>>>>>> c5ecc4e947455971345391f919ae243a8842fc1b
50
0 30
0 1
2 30
0 3
<<<<<<< HEAD
0 4
=======
4 30
>>>>>>> c5ecc4e947455971345391f919ae243a8842fc1b
0 5
0 6
0 7
1 30
3 30
<<<<<<< HEAD
4 30
5 30
6 30
2 7
0 8
0 9
0 10
0 11
0 12
0 13
0 14
0 15
0 16
0 18
0 20
=======
5 30
6 30
2 7
0 4
0 8
0 9
0 10
0 12
0 14
15 7
0 17
0 18
0 19
0 20
0 21
>>>>>>> c5ecc4e947455971345391f919ae243a8842fc1b
0 22
0 23
0 24
0 25
0 26
0 27
0 28
0 29
<<<<<<< HEAD
=======
0 2
15 1
15 3
15 4
15 5
15 6
>>>>>>> c5ecc4e947455971345391f919ae243a8842fc1b
1 7
3 7
4 7
5 7
6 7
8 7
9 7
10 7
<<<<<<< HEAD
11 7
12 7
13 7
14 7
15 7
16 7
18 7
20 7
22 7
=======
12 7
14 7
17 7
>>>>>>> c5ecc4e947455971345391f919ae243a8842fc1b
