3
<<<<<<< HEAD
36
32
10
=======
9
30
34
>>>>>>> c5ecc4e947455971345391f919ae243a8842fc1b
50
0 44
0 3
0 5
25 44
0 39
<<<<<<< HEAD
37 44
23 44
0 30
0 14
0 24
0 20
0 43
0 27
0 40
31 44
33 44
24 44
30 44
22 44
3 44
1 44
14 44
43 44
=======
20 37
23 44
42 33
24 44
0 20
0 14
0 43
0 27
0 24
0 40
31 44
37 44
0 6
22 44
0 31
3 44
33 44
42 14
1 44
43 44
14 44
>>>>>>> c5ecc4e947455971345391f919ae243a8842fc1b
18 44
15 44
5 44
25 16
41 16
<<<<<<< HEAD
0 6
21 9
=======
>>>>>>> c5ecc4e947455971345391f919ae243a8842fc1b
35 16
21 16
27 16
28 16
<<<<<<< HEAD
0 34
22 16
9 16
17 5
19 16
30 16
26 16
37 5
8 5
14 5
0 25
9 5
34 5
43 5
0 4
15 5
=======
22 16
17 5
19 16
0 4
26 16
8 5
37 5
0 25
0 36
0 10
0 21
42 39
42 29
14 5
42 6
>>>>>>> c5ecc4e947455971345391f919ae243a8842fc1b
