0
50
0 48
0 49
1 49
<<<<<<< HEAD
25 27
27 29
30 32
36 38
29 31
40 42
25 26
9 11
41 43
35 37
34 36
=======
13 15
25 27
44 46
42 43
27 29
30 32
36 38
19 21
29 31
9 11
35 37
7 9
8 10
34 36
43 45
40 42
>>>>>>> c5ecc4e947455971345391f919ae243a8842fc1b
17 19
18 20
33 35
3 5
<<<<<<< HEAD
39 41
5 7
38 40
37 39
42 44
43 45
44 46
45 47
20 22
19 21
21 23
22 24
23 24
33 34
31 32
=======
41 43
14 16
15 17
7 8
39 41
45 47
12 14
11 13
33 34
31 32
38 40
37 39
16 18
>>>>>>> c5ecc4e947455971345391f919ae243a8842fc1b
26 28
0 2
1 3
2 4
<<<<<<< HEAD
14 16
11 13
15 17
16 18
28 30
47 49
46 48
6 8
9 10
12 13
10 12
14 15
=======
28 30
20 22
21 23
22 24
25 26
46 47
10 12
23 24
48 49
>>>>>>> c5ecc4e947455971345391f919ae243a8842fc1b
4 6
