3
<<<<<<< HEAD
4
47
28
=======
6
33
30
>>>>>>> c5ecc4e947455971345391f919ae243a8842fc1b
50
0 49
8 49
12 49
40 49
<<<<<<< HEAD
=======
0 29
>>>>>>> c5ecc4e947455971345391f919ae243a8842fc1b
14 49
48 49
27 49
25 49
43 49
0 24
0 2
<<<<<<< HEAD
9 49
0 29
0 22
0 15
0 8
13 49
=======
0 8
0 15
0 22
0 13
5 42
42 49
>>>>>>> c5ecc4e947455971345391f919ae243a8842fc1b
0 5
0 14
0 16
0 25
<<<<<<< HEAD
0 19
41 49
3 26
33 49
7 49
19 49
=======
9 49
19 49
39 41
18 3
7 49
>>>>>>> c5ecc4e947455971345391f919ae243a8842fc1b
0 18
0 20
0 46
0 39
<<<<<<< HEAD
0 13
0 10
0 6
0 21
0 48
0 30
0 33
42 49
26 49
18 49
0 9
0 32
29 49
20 49
44 49
0 34
0 37
0 44
15 49
=======
0 10
26 49
29 49
0 19
41 49
20 49
28 49
48 12
45 44
18 49
13 49
44 49
0 21
2 34
32 46
0 48
0 28
47 49
32 34
>>>>>>> c5ecc4e947455971345391f919ae243a8842fc1b
