3
<<<<<<< HEAD
40
7
34
50
=======
22
18
34
50
31 6
>>>>>>> c5ecc4e947455971345391f919ae243a8842fc1b
6 46
0 14
0 43
12 37
13 46
30 46
<<<<<<< HEAD
18 46
=======
>>>>>>> c5ecc4e947455971345391f919ae243a8842fc1b
28 46
0 6
0 3
0 27
0 36
0 46
17 46
16 46
3 46
0 13
0 42
0 8
0 12
0 11
0 37
0 39
<<<<<<< HEAD
0 18
=======
>>>>>>> c5ecc4e947455971345391f919ae243a8842fc1b
0 24
0 29
17 6
10 46
17 14
2 46
17 11
17 32
41 46
17 38
17 39
23 46
17 36
4 46
17 12
27 46
20 46
17 45
17 31
17 29
17 13
17 27
17 42
<<<<<<< HEAD
22 46
17 18
11 46
=======
17 40
17 7
11 46
5 36
>>>>>>> c5ecc4e947455971345391f919ae243a8842fc1b
