3
<<<<<<< HEAD
7
12
23
50
8 47
19 47
16 47
0 39
0 43
0 1
=======
40
19
41
50
8 47
1 9
34 7
0 43
0 39
0 1
21 16
7 47
12 35
16 47
>>>>>>> c5ecc4e947455971345391f919ae243a8842fc1b
24 47
32 47
0 34
14 36
28 29
<<<<<<< HEAD
=======
0 23
>>>>>>> c5ecc4e947455971345391f919ae243a8842fc1b
0 13
6 3
0 14
2 47
30 47
29 47
<<<<<<< HEAD
0 6
0 37
0 46
0 3
0 47
0 27
20 47
9 1
0 29
0 18
0 28
0 25
0 31
0 42
1 47
0 9
22 47
0 4
36 47
34 47
0 20
31 47
0 19
26 47
13 47
0 8
0 40
0 41
46 47
21 47
24 17
17 47
45 47
=======
6 22
20 47
0 46
0 6
0 37
0 47
0 3
0 27
29 26
23 22
29 36
28 13
0 18
0 25
0 28
0 31
0 42
0 29
20 35
8 11
0 4
44 1
36 47
20 5
0 8
26 47
46 47
0 9
>>>>>>> c5ecc4e947455971345391f919ae243a8842fc1b
