<<<<<<< HEAD
1
24
50
0 1
0 3
0 5
0 7
27 31
28 31
30 31
10 11
8 12
6 13
=======
3
24
5
3
49
1 10
0 1
0 7
11 16
27 31
28 31
30 31
26 31
10 11
8 12
6 13
19 22
>>>>>>> c5ecc4e947455971345391f919ae243a8842fc1b
4 14
9 2
9 10
9 8
9 6
<<<<<<< HEAD
26 31
1 2
3 2
4 5
4 7
1 10
3 10
1 8
3 8
1 6
5 2
6 7
5 10
19 22
=======
>>>>>>> c5ecc4e947455971345391f919ae243a8842fc1b
18 23
15 16
20 21
15 17
15 18
15 19
<<<<<<< HEAD
=======
14 16
13 16
20 12
17 12
20 14
18 12
20 13
11 19
11 17
14 19
18 13
>>>>>>> c5ecc4e947455971345391f919ae243a8842fc1b
25 29
25 26
25 27
25 28
23 29
22 29
30 21
26 21
27 21
30 23
22 28
<<<<<<< HEAD
22 26
14 16
13 16
12 16
=======
26 23
1 2
4 7
8 7
>>>>>>> c5ecc4e947455971345391f919ae243a8842fc1b
