3
<<<<<<< HEAD
17
34
43
=======
10
22
17
>>>>>>> c5ecc4e947455971345391f919ae243a8842fc1b
50
0 46
29 46
0 16
0 26
0 32
0 30
0 9
0 38
<<<<<<< HEAD
0 3
13 46
45 46
4 46
44 46
16 46
0 7
38 46
0 40
0 33
=======
34 46
13 46
39 4
45 46
44 46
0 3
4 46
16 46
7 43
38 46
0 40
0 33
29 42
0 7
28 46
>>>>>>> c5ecc4e947455971345391f919ae243a8842fc1b
0 20
0 5
42 46
8 9
0 37
<<<<<<< HEAD
28 46
37 46
30 46
9 46
0 8
0 42
0 1
0 28
20 46
=======
42 37
30 46
0 1
37 46
9 46
43 46
0 8
20 46
0 42
0 28
>>>>>>> c5ecc4e947455971345391f919ae243a8842fc1b
0 44
0 29
0 36
0 25
0 23
0 19
<<<<<<< HEAD
7 46
2 46
11 15
18 46
3 46
11 2
11 40
22 46
11 30
39 46
36 46
11 23
=======
2 46
11 15
7 46
18 46
3 46
24 46
>>>>>>> c5ecc4e947455971345391f919ae243a8842fc1b
