3
<<<<<<< HEAD
33
36
29
50
41 49
39 3
7 49
0 19
3 49
12 49
20 19
18 19
17 19
11 19
45 19
0 14
15 37
0 21
0 15
0 10
0 9
0 4
0 22
0 45
0 13
0 17
=======
36
23
22
50
41 49
0 15
0 14
0 19
0 10
0 21
0 9
7 49
3 49
12 49
20 19
20 28
0 45
18 19
17 19
0 4
0 17
0 13
>>>>>>> c5ecc4e947455971345391f919ae243a8842fc1b
0 35
25 46
25 30
25 21
25 44
25 39
25 43
25 27
25 11
10 6
10 27
<<<<<<< HEAD
=======
11 19
45 19
>>>>>>> c5ecc4e947455971345391f919ae243a8842fc1b
10 3
10 18
10 20
10 1
<<<<<<< HEAD
10 23
=======
>>>>>>> c5ecc4e947455971345391f919ae243a8842fc1b
10 41
10 45
9 13
9 28
9 7
9 17
<<<<<<< HEAD
=======
9 33
>>>>>>> c5ecc4e947455971345391f919ae243a8842fc1b
44 20
44 37
44 5
44 40
<<<<<<< HEAD
44 35
44 23
=======
44 33
44 35
44 34
44 16
>>>>>>> c5ecc4e947455971345391f919ae243a8842fc1b
