3
<<<<<<< HEAD
8
11
26
=======
2
24
40
>>>>>>> c5ecc4e947455971345391f919ae243a8842fc1b
50
0 38
6 49
1 49
33 49
<<<<<<< HEAD
0 40
0 46
0 35
45 49
25 13
5 13
20 41
23 41
=======
25 13
45 49
8 13
5 13
20 41
0 46
0 35
23 41
11 41
>>>>>>> c5ecc4e947455971345391f919ae243a8842fc1b
34 17
31 17
7 17
23 30
19 1
9 4
19 33
19 29
9 45
9 48
46 30
<<<<<<< HEAD
=======
11 30
>>>>>>> c5ecc4e947455971345391f919ae243a8842fc1b
43 27
42 37
47 37
28 37
44 1
15 21
4 21
10 21
<<<<<<< HEAD
43 24
32 44
43 12
=======
43 32
16 28
>>>>>>> c5ecc4e947455971345391f919ae243a8842fc1b
48 27
39 27
7 10
5 10
<<<<<<< HEAD
32 12
32 45
6 36
47 36
33 34
2 34
2 38
24 38
2 44
7 40
22 14
47 28
=======
12 20
6 36
47 36
26 36
12 4
12 32
16 29
16 20
33 34
22 8
3 18
>>>>>>> c5ecc4e947455971345391f919ae243a8842fc1b
