3
<<<<<<< HEAD
37
47
2
50
31 49
40 49
0 22
=======
10
16
22
50
31 49
40 49
30 49
>>>>>>> c5ecc4e947455971345391f919ae243a8842fc1b
0 26
20 49
0 15
0 33
<<<<<<< HEAD
0 1
0 20
0 40
3 49
30 49
0 41
12 49
19 10
0 45
5 49
0 28
35 49
16 49
=======
1 35
0 20
0 40
3 49
12 49
0 41
5 49
35 49
0 1
0 28
38 26
>>>>>>> c5ecc4e947455971345391f919ae243a8842fc1b
6 49
24 49
8 49
28 33
<<<<<<< HEAD
39 49
27 49
33 49
18 49
0 49
0 31
0 42
0 36
11 49
0 17
0 9
0 14
0 16
0 3
15 49
0 11
32 49
0 35
0 30
18 26
0 48
19 49
0 10
0 38
4 49
0 8
=======
36 39
27 49
39 49
33 49
18 49
0 49
28 19
0 45
15 49
2 49
0 42
0 31
32 49
11 49
36 4
9 41
0 36
19 49
4 49
0 14
29 37
0 17
0 3
38 49
45 49
9 42
19 7
7 49
>>>>>>> c5ecc4e947455971345391f919ae243a8842fc1b
