0
42
0 48
<<<<<<< HEAD
3 49
25 49
1 15
20 38
27 38
1 45
48 43
10 43
18 29
18 19
47 6
2 6
24 12
30 41
13 41
30 12
3 29
4 28
17 31
14 28
31 47
33 27
22 46
22 34
22 15
17 16
8 21
8 4
39 7
5 31
26 7
9 37
9 35
2 10
11 37
32 35
23 36
23 44
11 36
24 32
14 2
=======
18 29
3 49
38 49
3 29
1 15
1 45
18 19
28 29
24 12
30 12
30 41
13 41
17 31
17 16
8 21
43 6
8 4
5 31
5 33
2 6
31 47
28 47
43 38
27 13
33 27
22 46
22 34
10 15
7 37
44 21
2 14
24 14
26 9
43 48
44 23
23 4
37 9
32 35
37 35
11 36
32 36
>>>>>>> c5ecc4e947455971345391f919ae243a8842fc1b
