3
<<<<<<< HEAD
23
1
3
=======
28
40
9
>>>>>>> c5ecc4e947455971345391f919ae243a8842fc1b
50
15 49
7 49
12 49
<<<<<<< HEAD
=======
1 37
>>>>>>> c5ecc4e947455971345391f919ae243a8842fc1b
33 37
0 15
0 24
0 19
<<<<<<< HEAD
0 5
8 42
7 37
16 37
8 19
8 43
38 37
24 37
35 20
34 44
45 20
31 10
7 20
34 47
33 10
15 10
11 10
26 10
=======
0 3
0 5
42 16
7 37
16 37
38 37
24 37
8 43
19 33
8 42
8 19
35 20
7 20
45 20
34 44
31 10
48 15
33 10
15 10
26 10
11 10
>>>>>>> c5ecc4e947455971345391f919ae243a8842fc1b
15 38
45 38
24 38
22 38
<<<<<<< HEAD
34 6
=======
3 33
34 6
34 47
34 3
>>>>>>> c5ecc4e947455971345391f919ae243a8842fc1b
34 29
27 33
4 12
4 16
4 17
43 21
35 41
35 29
<<<<<<< HEAD
32 19
6 47
6 9
6 17
41 24
41 15
41 22
9 28
36 30
36 33
19 33
7 33
=======
23 36
6 47
6 17
41 24
24 45
>>>>>>> c5ecc4e947455971345391f919ae243a8842fc1b
