3
<<<<<<< HEAD
34
23
20
50
0 5
32 38
43 49
15 22
4 12
0 3
0 4
0 2
9 17
0 7
0 1
31 37
24 32
6 12
=======
10
34
23
50
9 17
32 38
15 22
43 49
12 19
31 37
24 32
12 16
5 9
0 3
0 5
0 4
>>>>>>> c5ecc4e947455971345391f919ae243a8842fc1b
47 49
44 49
48 49
37 45
46 49
<<<<<<< HEAD
42 45
38 45
36 45
41 45
39 45
10 17
=======
0 7
38 45
42 45
36 45
41 45
39 45
0 1
0 2
>>>>>>> c5ecc4e947455971345391f919ae243a8842fc1b
31 40
29 40
35 40
33 40
<<<<<<< HEAD
19 27
30 40
25 31
6 11
6 13
6 9
6 8
6 10
14 19
=======
11 19
6 9
30 40
6 13
>>>>>>> c5ecc4e947455971345391f919ae243a8842fc1b
43 40
48 40
44 40
32 40
47 40
37 46
41 46
38 46
39 46
42 46
<<<<<<< HEAD
31 36
48 36
=======
6 12
6 8
6 11
31 36
14 19
48 36
14 20
>>>>>>> c5ecc4e947455971345391f919ae243a8842fc1b
