0
46
0 47
0 2
<<<<<<< HEAD
1 3
2 4
25 27
24 26
23 25
22 24
3 5
21 23
20 22
19 21
18 20
17 19
16 18
15 17
10 12
9 11
4 6
26 28
27 29
28 30
29 31
30 32
31 33
32 34
33 35
34 36
35 37
36 38
37 39
38 40
39 41
40 42
41 43
44 45
42 43
44 46
5 6
11 12
8 10
14 16
13 15
13 14
7 9
7 8
=======
37 39
36 38
38 40
39 41
1 3
2 4
40 42
7 9
41 43
8 10
11 13
44 45
42 43
35 37
12 14
44 46
13 15
9 11
10 12
34 36
6 8
3 5
14 16
33 35
32 34
31 33
30 32
29 31
28 30
27 29
26 28
25 27
24 26
19 21
23 25
20 22
21 22
23 24
15 16
18 20
4 5
6 7
17 19
17 18
>>>>>>> c5ecc4e947455971345391f919ae243a8842fc1b
