3
<<<<<<< HEAD
39
6
7
=======
4
6
11
>>>>>>> c5ecc4e947455971345391f919ae243a8842fc1b
50
30 38
42 47
19 25
45 49
10 12
47 49
46 49
<<<<<<< HEAD
=======
5 14
>>>>>>> c5ecc4e947455971345391f919ae243a8842fc1b
37 44
48 49
42 49
41 49
<<<<<<< HEAD
=======
5 13
0 7
16 24
>>>>>>> c5ecc4e947455971345391f919ae243a8842fc1b
40 49
44 49
37 43
41 43
34 43
38 43
<<<<<<< HEAD
40 43
45 43
17 25
0 5
0 4
0 2
=======
0 2
0 5
>>>>>>> c5ecc4e947455971345391f919ae243a8842fc1b
0 1
0 3
0 8
9 16
3 10
<<<<<<< HEAD
9 11
9 10
9 3
9 13
9 15
9 14
9 18
12 16
9 17
9 5
9 2
9 8
12 17
10 18
10 19
9 12
1 8
13 18
9 4
1 2
1 10
40 36
=======
9 10
9 13
9 3
40 43
45 43
17 25
9 15
9 14
9 18
9 17
12 16
9 2
9 8
22 26
9 12
10 18
10 19
9 5
1 8
9 7
1 7
10 17
>>>>>>> c5ecc4e947455971345391f919ae243a8842fc1b
