3
<<<<<<< HEAD
32
3
5
=======
29
34
23
>>>>>>> c5ecc4e947455971345391f919ae243a8842fc1b
50
0 47
0 42
11 49
<<<<<<< HEAD
0 45
0 7
28 49
2 49
0 1
0 48
8 49
41 49
0 21
0 25
0 23
0 37
0 2
0 27
0 19
0 43
25 49
22 49
37 49
43 49
1 49
0 33
0 12
=======
13 2
7 39
28 49
31 8
2 49
0 1
8 49
0 48
0 7
0 45
41 49
0 5
0 21
0 25
37 49
41 26
0 2
25 49
0 27
22 49
0 37
0 19
43 49
1 49
33 49
0 43
>>>>>>> c5ecc4e947455971345391f919ae243a8842fc1b
36 49
27 49
38 49
0 49
<<<<<<< HEAD
33 49
42 49
45 49
19 49
44 49
=======
42 49
0 3
45 49
19 49
44 49
0 33
>>>>>>> c5ecc4e947455971345391f919ae243a8842fc1b
31 49
39 49
40 49
14 49
<<<<<<< HEAD
10 15
18 49
0 30
0 14
0 34
0 26
29 49
41 42
6 15
0 41
0 39
=======
0 14
0 30
15 49
18 49
12 22
0 32
0 26
>>>>>>> c5ecc4e947455971345391f919ae243a8842fc1b
