3
<<<<<<< HEAD
26
37
40
50
36 48
38 49
39 49
0 27
14 49
46 49
43 49
=======
6
4
5
50
3 22
38 49
39 49
14 49
46 49
43 49
36 48
0 27
>>>>>>> c5ecc4e947455971345391f919ae243a8842fc1b
22 49
0 18
0 28
0 36
<<<<<<< HEAD
30 9
0 35
16 49
47 49
0 42
0 7
0 22
29 44
0 44
0 38
32 21
41 49
0 32
18 49
9 49
45 49
0 29
0 23
0 5
35 49
0 17
0 41
0 10
20 22
20 33
20 16
20 14
=======
39 22
0 35
16 49
9 49
42 18
0 7
0 42
47 49
43 45
41 49
28 13
0 32
0 29
45 49
0 22
0 38
0 44
0 23
35 49
30 49
0 17
0 41
0 10
18 49
20 40
20 33
20 22
20 16
20 14
11 49
>>>>>>> c5ecc4e947455971345391f919ae243a8842fc1b
20 47
20 24
20 1
20 29
20 28
<<<<<<< HEAD
20 5
20 4
20 6
9 4
7 49
9 41
9 31
=======
7 49
23 49
9 30
>>>>>>> c5ecc4e947455971345391f919ae243a8842fc1b
