0
44
38 49
<<<<<<< HEAD
0 32
38 8
36 8
42 4
42 31
42 2
42 25
33 19
30 34
46 34
32 7
28 40
43 29
43 30
28 46
28 27
48 35
28 48
29 16
29 1
29 14
21 31
41 40
1 40
47 22
14 31
47 41
47 15
18 26
35 31
22 31
14 4
5 4
35 1
2 1
3 1
45 22
15 10
13 5
20 3
18 14
39 13
46 17
=======
30 34
0 32
38 8
42 31
36 8
46 34
42 4
42 2
30 32
40 7
18 26
42 25
33 19
43 29
4 14
43 28
4 1
5 6
13 45
5 3
18 14
35 31
18 46
18 19
35 1
48 28
29 16
23 28
21 31
14 31
22 31
29 1
29 14
47 15
47 41
22 45
1 40
22 2
28 40
1 3
20 41
46 17
28 27
>>>>>>> c5ecc4e947455971345391f919ae243a8842fc1b
