3
<<<<<<< HEAD
31
41
17
50
0 44
15 44
13 44
0 21
0 19
2 44
20 44
=======
32
31
38
50
0 44
0 21
15 44
13 44
0 19
2 44
20 44
41 44
>>>>>>> c5ecc4e947455971345391f919ae243a8842fc1b
0 5
0 39
24 44
16 44
37 44
<<<<<<< HEAD
0 23
0 26
0 22
33 44
27 44
0 14
0 6
0 12
0 4
0 8
42 18
30 44
10 44
0 27
0 13
43 44
0 42
26 44
32 44
0 2
0 10
0 33
=======
33 44
0 26
27 44
30 44
0 23
0 22
0 14
0 6
0 12
26 44
0 8
0 4
0 42
10 44
43 44
0 17
39 19
0 13
0 27
0 10
0 33
0 2
>>>>>>> c5ecc4e947455971345391f919ae243a8842fc1b
0 35
0 29
0 25
0 34
0 24
37 4
0 36
0 40
<<<<<<< HEAD
0 7
0 37
0 16
0 20
0 1
0 32
3 35
0 18
=======
22 44
0 37
0 7
0 16
20 16
1 44
3 35
>>>>>>> c5ecc4e947455971345391f919ae243a8842fc1b
