3
<<<<<<< HEAD
32
35
37
=======
25
32
36
>>>>>>> c5ecc4e947455971345391f919ae243a8842fc1b
50
0 39
0 1
2 39
3 39
4 39
5 39
0 6
7 39
0 8
0 9
10 39
11 39
12 39
13 39
0 14
15 39
0 16
0 17
18 39
19 39
20 39
21 39
0 22
23 39
0 24
<<<<<<< HEAD
0 25
=======
>>>>>>> c5ecc4e947455971345391f919ae243a8842fc1b
26 39
27 39
28 39
29 39
0 30
31 39
0 33
34 39
<<<<<<< HEAD
0 36
0 38
1 39
6 39
=======
35 39
0 37
0 38
1 39
6 39
2 8
0 2
>>>>>>> c5ecc4e947455971345391f919ae243a8842fc1b
8 39
9 39
14 39
16 39
17 39
22 39
24 39
<<<<<<< HEAD
25 39
30 39
33 39
36 39
2 38
=======
30 39
33 39
37 39
>>>>>>> c5ecc4e947455971345391f919ae243a8842fc1b
