<<<<<<< HEAD
0
50
4 49
5 49
4 21
0 2
0 1
0 3
21 49
0 4
5 1
5 2
5 3
6 49
7 49
8 49
9 49
=======
3
7
8
9
50
4 49
5 49
0 4
0 2
0 1
0 3
5 21
5 1
2 6
5 2
6 49
>>>>>>> c5ecc4e947455971345391f919ae243a8842fc1b
10 49
11 49
12 49
13 49
14 49
15 49
16 49
17 49
18 49
19 49
20 49
<<<<<<< HEAD
=======
4 21
21 49
>>>>>>> c5ecc4e947455971345391f919ae243a8842fc1b
22 49
23 49
24 49
25 49
26 49
27 49
28 49
29 49
30 49
31 49
<<<<<<< HEAD
=======
3 6
>>>>>>> c5ecc4e947455971345391f919ae243a8842fc1b
32 49
33 49
34 49
35 49
36 49
37 49
38 49
39 49
40 49
41 49
42 49
43 49
44 49
45 49
<<<<<<< HEAD
=======
46 49
>>>>>>> c5ecc4e947455971345391f919ae243a8842fc1b
