3
11
<<<<<<< HEAD
26
10
50
32 49
=======
32
10
50
>>>>>>> c5ecc4e947455971345391f919ae243a8842fc1b
43 49
4 49
31 49
37 49
48 49
28 22
36 22
0 46
25 22
14 22
12 22
3 22
2 22
33 22
0 31
2 9
41 9
<<<<<<< HEAD
32 9
0 5
0 44
=======
0 5
0 44
0 26
>>>>>>> c5ecc4e947455971345391f919ae243a8842fc1b
0 20
0 6
0 25
0 8
37 46
37 38
<<<<<<< HEAD
=======
37 26
>>>>>>> c5ecc4e947455971345391f919ae243a8842fc1b
37 23
37 19
33 45
33 40
33 14
33 19
33 30
44 27
31 16
44 35
44 2
44 21
44 48
19 12
19 48
19 38
19 24
19 18
5 7
29 9
<<<<<<< HEAD
24 9
5 1
12 9
=======
5 1
5 3
5 48
>>>>>>> c5ecc4e947455971345391f919ae243a8842fc1b
