3
<<<<<<< HEAD
28
4
14
50
0 34
7 44
0 5
40 21
0 37
0 1
19 44
=======
14
4
11
50
0 34
0 5
0 37
40 21
0 1
19 44
7 44
>>>>>>> c5ecc4e947455971345391f919ae243a8842fc1b
38 44
2 44
19 43
21 43
0 35
0 15
0 17
0 38
40 38
42 43
10 43
<<<<<<< HEAD
40 9
40 36
40 41
40 37
=======
9 32
40 36
40 41
40 37
40 9
>>>>>>> c5ecc4e947455971345391f919ae243a8842fc1b
40 12
40 42
39 10
39 23
39 33
39 38
<<<<<<< HEAD
=======
39 28
20 43
>>>>>>> c5ecc4e947455971345391f919ae243a8842fc1b
2 3
2 22
2 9
2 5
1 26
1 29
<<<<<<< HEAD
1 12
32 43
30 43
20 43
35 43
1 37
1 11
=======
32 43
30 43
1 12
35 43
1 37
>>>>>>> c5ecc4e947455971345391f919ae243a8842fc1b
6 43
13 43
1 32
1 24
1 17
<<<<<<< HEAD
31 22
11 7
20 7
31 30
=======
28 7
20 7
32 7
>>>>>>> c5ecc4e947455971345391f919ae243a8842fc1b
