3
<<<<<<< HEAD
36
39
37
50
2 47
1 47
7 47
0 15
16 47
26 47
28 47
0 8
2 30
0 33
0 44
0 24
0 2
0 42
24 47
0 4
22 47
0 27
45 44
33 47
0 47
13 47
19 47
44 47
32 47
34 47
40 47
0 43
=======
6
34
35
50
0 2
15 30
36 47
1 47
0 8
0 15
0 33
4 26
44 19
2 47
16 47
7 47
0 44
28 47
0 24
0 42
4 3
0 27
22 47
36 26
20 24
45 44
33 47
0 4
26 47
0 47
13 47
24 47
19 47
32 47
0 43
44 47
7 40
>>>>>>> c5ecc4e947455971345391f919ae243a8842fc1b
45 14
0 11
0 41
0 46
<<<<<<< HEAD
4 47
=======
>>>>>>> c5ecc4e947455971345391f919ae243a8842fc1b
0 45
0 3
23 29
0 5
<<<<<<< HEAD
0 22
19 18
19 29
15 47
0 17
23 47
14 47
18 47
0 6
0 7
35 47
19 6
17 42
=======
22 37
0 7
0 22
0 17
0 23
0 39
0 14
27 14
27 33
>>>>>>> c5ecc4e947455971345391f919ae243a8842fc1b
