5
62
91
73
35
8
100
58 82
0 58
41 27
41 32
39 93
0 28
27 93
0 52
0 45
0 41
0 71
11 93
0 38
0 10
0 7
0 18
0 34
0 6
0 31
82 93
0 37
0 57
1 19
43 93
32 93
53 93
19 93
0 3
0 69
80 93
17 93
65 93
86 93
46 93
31 37
36 93
37 93
55 93
0 65
13 93
0 47
0 48
9 93
0 60
11 33
54 93
11 21
88 93
11 77
11 86
11 4
45 93
6 93
75 93
18 93
20 93
25 12
92 12
74 12
27 12
11 48
11 44
11 23
20 12
11 5
11 39
24 12
11 53
11 28
11 25
11 57
75 13
34 12
54 12
17 12
75 66
14 12
60 12
75 25
75 51
75 67
75 47
65 12
27 66
75 64
75 70
67 66
75 27
75 77
75 18
92 66
75 54
6 66
75 68
43 66
26 36
26 61
39 66
26 60
5 36
