5
87
17
6
22
85
100
0 49
26 99
42 99
0 69
28 99
26 78
0 44
73 99
78 99
0 26
38 99
0 28
0 89
25 99
0 47
0 92
0 9
0 12
44 99
68 99
27 99
39 12
29 99
97 99
0 81
11 99
55 99
71 89
0 52
0 95
0 48
0 56
0 13
0 99
0 29
65 99
0 3
91 99
0 45
0 78
0 51
0 79
0 1
0 73
89 99
12 99
86 99
91 37
82 99
0 2
0 38
0 91
96 99
0 98
0 80
0 27
51 99
37 99
95 99
36 99
54 3
93 99
0 74
0 16
0 70
0 60
0 24
18 99
2 99
3 99
13 99
74 99
75 99
58 99
1 99
56 99
20 99
50 99
0 35
0 65
0 36
0 41
5 99
23 99
69 99
0 68
0 64
0 58
0 82
60 99
0 75
0 67
66 99
0 37
0 66
33 99
10 99
0 72
0 71
36 11
