5
76
87
97
94
61
100
0 86
0 79
0 2
11 49
0 7
80 99
0 54
21 99
0 45
29 99
5 99
0 11
64 99
0 99
49 99
2 99
0 83
0 91
0 55
0 89
0 38
34 99
3 99
67 99
17 99
9 99
10 99
0 1
0 64
0 57
13 99
0 75
58 99
0 16
0 74
14 99
0 12
0 58
0 15
0 4
0 17
0 68
72 99
41 99
32 99
60 99
56 99
30 99
0 66
0 53
0 43
0 67
78 99
11 99
15 99
0 90
0 84
46 99
0 13
0 85
0 63
62 99
0 28
0 59
1 99
0 18
0 3
0 56
95 99
0 39
65 99
0 49
0 29
98 99
0 51
68 99
96 99
82 99
8 99
42 99
35 99
74 99
31 99
0 78
66 99
44 99
12 99
69 99
91 99
88 99
57 99
92 99
75 99
77 2
45 99
88 37
7 99
85 99
47 99
33 99
