4
11
5
90
84
100
0 24
0 45
0 63
0 89
0 86
0 2
0 80
0 46
65 99
0 35
63 99
96 24
13 82
68 99
89 99
32 12
34 98
96 62
0 3
0 33
0 17
24 99
0 31
41 26
12 99
20 53
62 99
0 79
9 99
98 99
53 99
26 99
46 99
0 34
75 1
74 54
60 99
7 99
0 96
0 20
82 99
0 61
0 81
43 18
98 25
0 77
0 41
54 99
0 21
0 85
0 32
38 3
0 43
62 15
0 38
0 82
25 99
0 29
67 42
18 99
15 99
13 99
0 76
1 99
0 67
20 99
0 72
0 8
0 16
45 99
0 62
0 83
57 99
0 70
36 35
41 99
93 99
31 99
87 99
0 19
78 99
0 36
42 99
0 26
72 99
0 57
41 77
48 99
52 99
0 73
21 99
0 4
77 99
0 68
67 99
0 64
98 39
6 99
13 46
42 78
