5
6
12
22
49
24
100
29 59
13 30
45 23
0 27
0 3
31 59
42 30
0 32
13 59
0 34
1 30
45 13
47 59
27 59
45 8
40 5
13 5
11 25
45 17
45 14
33 20
33 11
15 31
15 11
15 37
7 28
41 52
41 19
41 21
56 17
52 25
56 9
55 25
50 25
48 25
36 35
16 35
20 35
36 44
56 52
37 44
40 44
58 44
56 3
56 51
43 44
11 44
34 11
3 11
56 46
56 21
56 53
42 14
58 27
58 40
58 53
36 14
58 19
1 13
10 14
57 14
53 27
53 36
32 51
52 14
3 14
32 40
29 21
30 21
43 21
9 21
26 40
32 48
34 48
34 18
16 18
34 10
52 10
26 10
3 46
9 46
50 2
32 57
8 2
26 2
43 57
37 28
31 28
43 28
3 27
32 27
32 17
32 3
32 34
32 4
32 36
30 37
47 52
17 19
3 19
