5
2
18
17
34
58
100
0 12
0 11
0 61
86 31
0 13
94 22
79 45
76 99
0 86
0 94
0 97
81 99
31 99
56 99
38 99
78 99
72 1
27 1
10 1
71 79
71 54
74 56
71 44
71 15
71 88
64 19
64 29
64 14
74 66
21 56
74 25
74 36
74 24
74 54
13 46
49 56
12 56
22 46
13 66
66 36
21 46
76 46
63 36
92 36
21 36
13 72
40 33
13 75
85 33
39 33
68 33
21 33
41 83
13 80
82 57
24 50
13 90
13 9
24 41
24 90
96 57
60 57
80 57
43 81
14 57
82 47
91 47
84 47
73 47
66 47
92 47
49 47
22 38
86 38
60 38
89 38
78 38
68 28
45 28
27 28
5 96
63 96
73 96
52 96
32 96
66 87
97 87
70 87
43 95
10 62
4 62
26 62
12 27
6 3
45 65
43 7
43 40
78 65
90 65
5 78
