5
14
13
93
25
81
100
0 30
94 99
0 44
0 2
0 26
0 47
0 63
0 67
44 66
0 56
33 99
46 44
5 99
46 68
46 96
46 29
46 17
20 99
78 99
65 99
46 23
46 67
39 99
23 99
46 6
80 1
46 98
46 28
87 83
87 77
87 61
87 48
8 1
87 47
37 1
79 1
53 1
51 1
71 1
29 1
48 1
66 1
73 42
44 54
43 54
94 54
87 34
87 16
87 80
87 97
87 89
87 40
87 42
87 53
92 64
92 47
92 83
74 54
4 54
92 53
92 20
92 18
33 54
92 2
83 54
92 34
55 54
90 56
57 56
84 56
32 56
50 56
6 56
63 56
29 56
8 56
92 30
92 11
92 90
92 15
97 52
97 23
97 37
12 53
97 24
59 53
35 53
5 53
86 53
34 53
57 53
22 45
41 45
22 39
22 24
22 67
22 30
38 45
69 45
68 45
