0
99
1 99
0 99
0 2
0 98
4 99
97 99
96 98
0 23
19 96
9 56
95 96
95 94
93 92
90 92
1 3
93 91
1 2
82 89
21 19
21 23
35 87
56 90
86 87
88 89
84 86
35 36
20 18
20 29
93 45
25 27
25 59
25 24
26 27
26 28
24 23
22 23
38 85
7 82
78 80
81 83
57 58
75 77
71 73
79 80
81 82
50 76
84 85
76 77
76 78
56 54
39 41
38 13
71 69
71 70
42 62
54 18
53 51
23 3
47 46
42 40
12 6
5 6
11 9
31 29
62 30
70 33
8 6
10 9
10 8
70 68
11 10
37 36
49 47
46 44
49 48
14 12
15 13
69 67
68 66
67 65
64 63
66 65
54 52
73 72
75 74
75 73
28 29
31 30
34 35
31 33
13 12
41 43
15 14
19 18
17 15
17 16
63 62
63 61
60 62
