5
21
69
1
13
41
100
0 71
92 99
36 99
38 99
59 99
9 99
0 28
82 99
71 99
85 99
0 80
23 99
86 99
33 99
54 99
19 99
0 99
98 16
48 99
7 99
0 68
22 99
87 99
0 6
7 68
0 57
98 24
40 99
58 20
68 99
20 99
78 99
24 99
0 37
84 99
0 55
3 99
32 99
0 86
0 5
20 96
25 99
0 75
0 98
0 9
0 94
0 11
0 72
0 49
0 20
64 99
10 99
80 99
79 99
0 81
0 77
94 99
59 26
0 51
0 76
44 43
0 78
49 99
28 11
0 58
0 2
0 17
0 25
0 89
0 12
0 96
0 24
29 31
0 48
26 99
55 99
97 99
43 99
0 60
0 59
0 18
0 82
0 32
0 88
31 99
81 99
0 8
0 54
93 99
0 22
77 99
0 38
0 27
0 56
10 87
61 53
0 61
39 53
60 90
73 82
