5
13
73
66
91
56
100
0 21
0 87
76 99
62 99
22 99
0 80
76 18
0 52
55 99
83 99
0 74
18 99
0 45
0 72
0 36
92 99
87 99
35 99
78 99
51 99
0 49
67 99
52 99
2 99
0 60
82 99
3 99
0 20
54 99
38 99
50 99
65 99
0 85
0 81
0 99
27 88
49 99
0 94
71 99
0 84
88 99
0 64
0 19
72 99
37 57
0 27
31 99
0 86
94 78
0 18
0 40
0 62
0 97
0 46
0 43
34 99
0 54
0 2
0 31
0 30
0 8
57 99
61 99
0 35
59 96
0 51
0 5
0 83
25 99
0 59
0 33
0 82
0 88
19 99
95 99
0 3
0 93
0 90
41 99
40 99
0 1
81 99
0 63
0 14
32 99
37 99
14 99
0 95
0 48
60 99
8 99
46 99
23 99
16 99
29 99
0 12
17 99
7 99
85 99
69 99
