0
86
72 73
63 74
73 79
73 77
0 11
0 10
1 10
71 70
62 73
47 69
70 76
68 76
68 67
58 65
83 90
67 76
84 77
64 66
47 58
30 31
61 70
30 33
30 26
41 46
42 47
72 70
43 48
32 33
32 42
42 33
58 68
34 35
31 35
36 35
50 49
52 53
51 61
31 28
22 23
71 59
11 23
16 17
11 12
28 36
28 24
23 24
16 15
14 15
14 13
45 54
45 61
17 24
17 25
29 37
40 45
36 37
39 45
40 52
50 51
49 48
44 48
55 54
56 54
55 56
76 77
95 96
66 80
75 80
85 97
89 92
88 89
83 82
87 86
93 94
92 85
85 78
82 86
82 81
67 75
91 93
78 98
78 97
2 30
2 9
2 7
3 6
