5
56
34
70
46
72
100
0 48
0 44
36 84
1 35
0 63
0 23
64 88
83 88
84 88
15 88
0 6
35 88
74 88
0 64
3 88
40 88
53 88
0 2
0 85
0 35
0 26
0 10
75 88
0 3
0 41
0 76
0 65
0 79
87 88
0 16
0 8
0 40
0 52
30 88
0 60
0 49
0 43
0 5
23 88
0 20
28 88
10 88
0 81
0 24
62 79
16 88
67 88
62 41
77 88
62 28
42 88
48 88
62 75
62 67
62 73
76 88
62 3
27 88
6 88
66 88
62 61
86 88
62 76
18 88
62 68
62 82
62 60
62 8
62 4
62 18
62 64
62 57
62 9
62 1
62 78
17 88
62 31
62 58
62 32
62 23
50 88
62 63
62 50
62 49
62 77
22 15
22 69
59 88
22 27
54 88
2 88
55 88
22 81
80 88
22 59
22 10
22 84
22 6
31 88
14 88
