5
58
78
13
66
63
100
59 99
0 4
86 99
92 99
21 99
53 99
0 88
0 95
0 61
0 19
0 26
0 14
0 24
94 83
46 99
0 91
0 94
0 46
0 43
12 99
56 99
42 99
30 99
83 99
77 99
29 99
75 99
96 99
81 99
60 52
84 52
19 52
39 52
22 52
65 52
9 52
27 40
16 81
40 81
98 81
89 81
69 81
27 79
27 7
44 81
43 81
14 81
29 81
27 28
27 10
27 77
79 81
23 81
62 81
9 81
24 22
27 35
38 22
27 31
27 6
27 72
27 24
27 50
27 76
27 61
20 22
30 7
30 40
10 22
30 14
30 79
30 36
29 22
23 22
97 22
36 22
57 22
19 22
79 22
69 22
95 35
2 74
74 35
30 51
20 35
23 35
61 70
90 35
5 43
34 35
62 35
43 35
30 72
30 65
44 35
30 48
4 35
30 64
91 35
30 89
