5
31
7
32
16
56
100
35 95
55 95
0 76
0 20
0 80
25 95
50 95
68 95
11 95
65 95
0 55
0 15
93 79
13 95
0 60
51 74
0 42
0 93
0 67
0 10
62 95
52 95
28 95
79 95
89 95
0 53
88 95
0 9
66 95
0 57
0 91
12 62
61 95
0 28
0 71
38 95
0 12
0 73
0 82
68 94
45 95
68 46
53 95
37 95
77 95
9 95
91 93
68 19
90 93
68 4
68 59
68 28
68 77
68 53
88 93
68 90
68 17
2 93
80 93
18 93
68 64
68 65
53 93
68 87
68 6
68 49
25 93
68 80
68 72
4 93
59 93
1 93
45 93
70 93
48 93
84 93
69 93
76 93
62 93
68 13
75 93
37 40
80 40
68 38
43 40
73 40
68 36
49 40
8 40
74 40
58 40
42 40
57 40
68 61
68 22
68 52
72 40
43 34
71 40
29 40
