5
64
78
72
77
58
100
0 4
0 1
0 5
0 2
55 98
97 99
98 99
95 99
96 99
3 55
3 30
6 55
3 1
11 55
70 94
3 33
3 9
46 55
3 35
59 83
55 95
55 70
97 94
79 94
55 59
91 94
3 16
3 41
96 80
55 62
69 94
68 94
55 81
84 94
85 87
61 94
55 73
86 94
89 94
55 83
55 75
88 94
55 94
76 94
55 97
55 96
55 88
55 61
3 54
3 48
2 42
21 55
10 47
3 34
49 55
33 55
19 55
42 55
3 7
22 55
3 10
15 55
54 55
50 55
14 55
6 43
40 55
30 55
1 55
35 55
34 55
36 55
7 55
45 55
3 14
28 55
38 55
4 55
32 55
3 2
3 8
3 24
13 55
3 52
3 32
25 55
27 55
43 55
44 55
3 39
3 6
3 13
29 55
18 24
74 94
55 85
75 94
56 94
66 94
55 68
