0
98
0 42
11 23
11 75
11 40
39 99
15 99
18 92
55 37
55 44
63 99
55 36
55 5
62 99
55 20
24 6
1 99
48 99
52 86
56 25
74 86
4 86
17 84
66 84
75 35
4 3
26 27
91 64
10 94
10 26
90 3
97 39
97 15
16 9
6 67
8 68
8 39
8 53
41 34
43 3
92 3
66 48
29 2
29 53
29 15
62 34
71 81
71 94
71 87
95 68
13 80
89 34
21 92
75 30
27 33
88 33
46 52
73 38
80 28
69 28
13 62
39 4
13 57
96 72
81 12
81 64
81 58
53 45
46 60
63 65
5 64
5 82
23 93
23 43
12 37
25 65
17 68
58 36
87 93
36 50
94 14
45 14
9 14
44 49
94 60
50 15
69 42
79 60
72 60
51 98
64 7
51 25
54 1
47 67
32 80
63 82
31 43
73 72
31 78
