5
84
36
34
56
57
100
78 79
87 97
12 13
21 31
11 12
48 58
98 99
88 89
79 89
63 73
87 88
96 97
78 88
88 98
35 45
59 69
68 69
76 77
23 33
0 1
11 21
20 30
67 77
31 32
11 2
20 21
4 5
11 1
3 13
2 12
3 4
12 22
62 72
21 22
30 40
51 61
31 22
87 78
77 78
62 63
66 67
58 68
70 80
31 41
40 50
51 52
42 52
59 68
50 60
43 53
41 32
41 42
51 60
41 51
42 43
43 44
42 33
32 33
32 23
22 23
16 17
25 26
67 68
66 76
86 77
23 24
16 26
13 14
23 14
96 87
14 5
14 24
15 25
15 24
15 6
5 6
65 75
16 25
16 7
66 75
46 55
7 17
8 17
38 48
8 18
28 37
9 18
19 29
19 28
45 54
55 64
18 28
18 17
27 37
27 28
27 17
35 44
93 94
74 75
49 58
