5
23
61
26
87
90
100
0 14
0 33
51 63
32 96
52 96
86 96
89 31
31 96
0 54
48 96
0 56
3 96
0 94
8 96
0 46
0 30
0 36
50 96
82 66
0 89
0 53
0 82
72 96
24 96
0 11
0 63
32 58
58 96
66 96
35 96
0 24
0 84
0 67
0 86
0 34
88 44
54 96
78 96
88 13
88 67
88 86
88 15
31 70
88 6
88 34
88 95
88 55
88 31
88 48
65 70
88 24
88 92
88 74
81 70
63 70
88 78
88 91
88 81
88 33
88 82
88 21
88 43
66 70
58 70
71 70
94 12
94 1
37 70
39 70
94 31
94 80
6 70
32 70
94 75
94 79
41 70
94 6
94 70
94 4
94 2
94 92
94 54
48 70
94 39
76 70
67 70
94 93
53 70
94 34
51 70
20 70
94 49
44 70
10 70
68 70
69 70
62 70
18 40
20 34
10 40
