5
13
60
52
32
74
100
0 68
75 99
0 11
79 12
0 46
0 63
0 62
16 99
15 99
31 51
12 99
4 99
0 48
0 57
0 55
0 93
84 99
51 99
0 83
0 71
0 2
0 18
0 64
37 99
36 99
0 5
97 99
5 99
80 99
39 99
92 99
23 99
0 51
2 99
6 95
61 83
38 92
30 99
0 61
9 99
95 99
42 99
0 38
0 21
0 87
27 99
0 58
0 72
54 99
55 99
17 99
6 99
20 99
58 99
0 99
0 91
0 45
0 15
76 99
87 99
26 99
0 29
56 99
82 99
78 99
91 99
0 76
0 67
33 99
71 99
0 4
0 17
45 99
14 99
64 99
40 99
47 99
96 99
43 99
29 99
59 99
90 99
68 99
0 80
8 99
0 75
0 50
72 99
61 99
38 99
49 99
69 99
93 99
22 99
3 79
7 83
34 99
44 12
24 57
1 99
