5
17
11
36
46
18
100
0 20
0 13
0 35
0 51
4 79
62 65
53 70
24 79
65 79
34 79
28 79
47 79
14 79
7 79
41 54
0 64
13 79
8 79
37 54
78 79
66 79
41 79
27 79
0 9
25 4
0 15
0 37
0 72
33 79
0 60
54 79
30 79
0 69
63 79
62 79
51 79
0 44
0 14
37 79
0 26
71 79
64 52
0 27
37 52
78 52
0 1
0 73
0 43
0 10
0 38
0 66
59 52
53 15
53 20
26 52
53 77
53 48
16 52
60 52
47 52
41 52
53 1
53 69
53 5
53 31
53 38
53 57
13 52
4 52
65 52
25 52
29 52
73 52
53 23
3 52
23 52
53 49
71 42
21 1
72 1
53 62
42 1
53 29
5 1
53 73
53 30
53 71
53 8
53 63
53 56
53 68
56 1
13 1
53 74
53 47
22 61
22 72
22 5
22 62
22 57
