5
67
74
83
72
81
100
96 99
84 87
84 85
41 43
40 43
39 43
38 43
29 35
68 66
86 90
89 98
84 88
97 99
95 99
54 55
47 64
12 13
1 2
0 16
7 3
7 21
14 21
86 91
86 89
43 59
44 45
43 48
57 64
94 98
86 93
92 98
90 98
93 98
96 91
86 94
87 91
97 91
92 95
88 91
92 88
85 91
94 95
92 87
97 90
93 95
85 90
88 90
89 95
96 90
37 42
37 40
35 42
21 23
24 27
21 25
24 28
24 26
22 26
22 28
73 78
78 84
71 84
68 69
68 82
89 87
93 87
97 94
85 94
96 94
93 88
97 89
96 89
92 85
92 96
68 70
68 75
68 76
68 79
80 84
76 77
73 71
73 70
73 76
82 77
82 66
82 65
82 69
69 77
71 77
70 79
70 80
65 79
78 79
71 76
75 80
78 66
80 79
69 76
27 29
34 42
