5
38
22
97
31
6
100
88 99
0 14
0 17
0 68
0 5
0 11
0 59
26 99
0 58
0 89
0 42
0 45
0 66
36 99
25 12
65 99
30 99
87 99
25 98
25 24
25 74
15 99
28 7
9 99
7 99
52 66
25 79
93 66
25 59
25 96
25 43
25 63
13 66
19 66
29 66
61 66
98 85
4 85
33 85
68 85
48 85
2 91
2 96
2 5
1 85
2 41
2 36
47 32
47 39
47 12
47 44
47 27
47 16
47 1
47 78
47 48
47 70
73 72
73 76
73 75
73 77
83 85
8 88
73 60
73 94
32 85
39 56
73 15
54 56
83 56
73 10
73 54
57 56
67 56
9 56
50 56
11 56
77 56
72 56
90 34
13 34
73 44
24 34
73 84
55 9
15 34
55 48
5 34
55 89
55 86
55 60
58 34
46 34
71 34
55 87
7 17
80 20
80 40
80 92
80 70
