5
54
57
42
28
55
100
13 60
35 60
0 44
14 60
0 16
40 60
59 60
15 60
0 2
0 36
0 21
0 50
0 9
0 22
13 11
31 11
24 11
13 35
16 11
27 11
13 37
13 44
13 40
36 11
2 11
13 25
13 49
13 34
13 21
13 33
48 11
13 4
13 14
13 38
23 11
7 11
13 53
13 1
13 43
13 51
50 11
13 58
3 11
13 9
6 11
41 11
13 59
13 46
13 22
30 11
13 5
17 11
29 11
20 11
26 11
13 45
15 11
13 18
13 10
13 47
52 11
13 8
13 56
39 11
13 12
32 11
19 11
13 24
13 31
13 16
13 27
13 7
21 11
13 2
33 11
13 36
13 48
35 11
40 11
49 11
44 11
13 50
37 11
25 11
34 11
13 23
14 11
4 11
46 11
13 30
38 11
58 11
13 39
13 17
13 52
1 11
13 15
13 3
13 26
13 32
