5
87
41
11
17
1
100
0 80
0 99
0 53
0 79
9 92
0 72
52 99
0 76
0 90
34 6
12 15
89 45
0 30
0 12
95 99
6 99
92 99
44 99
66 64
0 24
36 99
0 70
45 99
78 99
0 82
0 8
34 99
64 99
66 58
0 10
0 20
96 99
0 85
24 99
0 34
0 49
0 66
33 24
69 99
0 61
9 90
0 93
0 38
34 37
0 48
0 19
0 56
23 99
0 3
0 33
89 37
0 21
68 90
82 99
58 99
67 99
90 99
0 26
0 83
89 98
0 81
37 99
16 99
0 69
26 99
66 99
98 99
0 16
68 99
0 52
0 89
0 40
0 57
0 27
0 46
0 43
0 58
0 23
0 88
0 77
80 99
0 86
0 25
0 50
0 95
0 45
85 99
59 99
28 99
0 22
21 99
84 99
0 6
0 91
0 29
0 98
0 71
62 99
97 40
10 99
