5
26
21
93
98
34
100
6 99
22 99
48 99
79 99
27 99
78 99
0 17
0 95
61 99
0 6
0 31
14 99
0 97
0 62
0 12
0 2
39 99
0 14
36 99
0 35
11 66
0 96
0 38
0 79
0 84
0 64
0 19
0 86
81 99
0 51
0 92
0 10
16 99
20 99
0 71
0 49
0 37
0 77
0 7
66 99
75 99
80 99
72 99
82 99
76 99
23 99
38 99
0 43
0 20
73 99
17 99
12 99
28 99
0 74
10 99
23 7
49 99
70 99
7 99
63 99
0 76
0 13
65 99
60 99
0 99
0 68
96 99
25 99
0 85
33 99
89 99
30 99
45 99
35 99
97 99
0 24
0 23
0 72
0 94
0 82
0 1
0 46
0 48
0 54
0 30
0 15
0 28
0 67
2 99
57 80
50 99
32 99
47 99
11 99
5 99
8 99
88 6
68 99
91 99
44 99
