5
72
76
47
78
10
100
0 49
53 93
23 93
85 54
34 93
67 93
54 93
0 13
89 93
0 19
0 2
0 5
0 14
0 69
20 93
74 93
81 93
38 93
7 65
0 35
0 87
0 36
0 33
0 11
0 93
2 93
17 93
28 93
84 93
65 93
30 93
0 74
26 93
79 93
86 45
37 93
45 93
58 56
2 31
83 93
44 55
56 93
31 93
90 93
0 52
2 55
0 71
0 51
0 68
0 59
0 39
0 8
82 46
0 44
0 90
0 67
0 82
3 93
55 93
91 93
46 93
22 93
18 93
33 93
69 93
57 93
0 42
0 40
36 93
0 37
0 24
0 48
9 93
0 86
0 1
0 58
0 15
0 56
0 17
0 75
0 18
86 93
0 57
0 30
0 41
52 93
0 32
15 93
0 64
0 16
0 9
0 81
0 83
0 50
7 93
68 93
21 93
0 63
0 66
50 93
