5
91
20
74
68
85
100
98 99
52 99
0 24
4 19
0 40
19 99
0 23
83 99
0 57
0 69
0 59
0 3
0 11
0 27
0 95
0 52
0 37
0 7
0 73
36 99
75 99
41 79
53 99
50 99
72 21
76 99
0 41
63 99
0 71
0 82
70 99
0 19
82 99
89 99
21 99
87 99
51 99
29 99
80 99
0 72
8 99
0 79
0 76
88 99
0 67
7 99
0 18
0 38
0 87
42 99
0 94
0 61
22 99
0 33
0 97
69 99
0 32
18 99
5 99
0 36
61 99
0 88
32 99
0 15
0 98
0 66
0 62
0 31
0 78
39 99
0 44
0 56
57 99
0 64
0 93
48 92
0 81
0 21
0 51
93 99
0 48
92 99
0 50
0 99
71 99
44 99
66 99
81 99
45 99
0 96
80 17
0 26
15 67
0 80
16 99
53 24
75 34
0 30
34 99
26 10
