5
38
75
47
13
40
100
56 26
55 99
0 14
0 50
0 60
0 26
0 31
0 41
44 99
0 68
14 99
0 70
0 5
0 4
0 46
18 77
63 11
0 45
48 23
49 99
11 99
0 87
0 7
0 63
0 48
0 85
35 99
56 24
4 99
7 99
86 99
0 39
0 73
94 99
93 99
80 99
77 99
9 99
70 99
0 19
87 99
42 99
88 99
92 99
78 99
0 97
0 80
74 99
64 99
0 6
79 32
0 56
59 99
0 79
0 9
85 10
59 45
0 84
31 99
0 54
59 23
67 99
43 28
84 32
33 5
0 59
10 99
45 99
37 99
32 99
30 99
24 60
12 99
97 99
9 60
5 60
16 60
91 60
61 60
25 60
46 60
20 60
49 60
0 22
42 60
37 60
90 60
19 60
44 60
10 60
32 60
0 33
0 92
0 43
72 30
72 86
72 4
72 65
72 61
72 94
