5
11
13
22
60
27
100
64 79
67 79
28 79
15 79
0 1
5 79
21 2
0 76
50 48
0 32
0 21
0 14
0 54
0 40
0 15
0 61
0 16
0 59
0 17
0 70
64 44
64 20
64 73
48 79
8 79
58 79
64 2
44 79
64 28
64 70
64 25
64 75
64 32
52 58
2 79
10 79
19 59
40 59
25 59
8 59
52 70
52 50
72 59
74 59
20 59
52 68
52 15
52 57
52 56
52 37
52 55
50 59
29 59
2 59
9 42
20 42
10 42
7 42
67 42
53 31
21 42
53 73
75 42
65 42
4 42
6 42
18 66
35 66
9 66
58 66
23 66
33 66
53 24
53 50
44 66
53 67
38 45
57 66
53 71
74 66
53 43
49 66
28 66
55 66
24 45
14 45
53 39
16 45
53 47
53 36
53 63
53 68
39 45
4 45
40 45
70 54
70 73
70 34
8 45
25 45
