5
42
58
45
65
56
100
0 14
21 73
0 73
0 55
0 33
0 39
5 73
7 73
0 27
0 15
0 32
0 70
69 73
68 73
0 41
0 24
0 50
3 73
20 73
0 53
0 31
71 73
13 73
62 73
0 52
0 3
1 73
64 9
0 21
8 73
0 35
0 54
59 73
15 73
67 73
9 73
0 60
43 73
40 73
0 48
0 10
0 51
49 73
63 73
47 73
23 73
55 73
7 46
50 73
55 35
46 73
35 73
57 73
0 2
0 20
25 73
28 73
18 73
11 73
16 73
27 73
0 4
64 1
72 73
10 73
48 73
19 73
0 68
31 73
0 36
24 73
0 71
2 73
0 64
0 17
0 8
0 19
0 61
0 69
53 73
0 25
0 66
0 29
0 38
0 44
34 73
0 40
26 73
29 73
22 73
37 73
0 23
0 11
38 73
67 44
43 70
0 63
0 47
0 37
0 43
