5
8
80
16
7
85
100
0 60
54 89
28 89
0 78
87 89
0 4
0 79
0 18
19 89
27 89
64 89
0 43
0 75
0 86
0 6
0 71
1 89
0 24
40 89
63 17
0 66
0 88
0 61
0 63
0 21
86 89
81 89
40 60
43 89
44 89
59 89
70 89
62 89
35 89
0 50
0 22
0 37
0 13
32 89
71 89
40 65
40 14
40 48
50 39
40 1
66 39
15 39
62 39
44 39
52 39
35 39
36 39
73 39
55 39
40 2
40 18
40 71
40 66
58 39
58 3
60 39
40 25
40 23
84 39
40 88
11 39
38 39
40 62
56 39
3 39
57 39
12 68
36 68
48 68
40 26
40 58
40 46
40 30
40 41
43 68
10 68
40 42
45 68
40 74
40 67
72 68
72 76
75 68
72 9
72 67
23 68
26 68
5 68
31 68
73 68
82 68
60 68
58 68
18 68
63 68
