5
51
83
60
76
66
100
23 84
25 84
0 13
0 14
0 29
71 84
17 84
0 36
0 73
0 12
0 18
0 62
0 22
0 16
0 40
1 84
0 79
48 84
11 84
0 10
0 35
0 34
0 80
0 24
31 84
43 84
15 84
61 84
0 53
0 8
21 84
0 56
36 84
0 59
0 23
0 55
0 33
0 64
0 42
0 11
75 84
20 84
64 84
68 84
0 4
63 84
24 84
33 84
80 84
50 84
56 84
74 11
74 4
74 59
79 84
13 84
74 50
74 24
74 43
44 78
72 84
55 84
28 84
3 84
54 84
27 84
74 44
22 84
6 84
19 84
74 77
69 84
78 84
44 84
41 84
74 56
74 39
40 65
5 33
4 65
74 62
74 61
18 65
12 65
71 65
3 65
74 34
74 15
33 65
74 53
52 65
74 37
31 65
64 65
74 65
74 72
1 65
43 65
74 64
74 81
