5
27
12
91
39
81
100
90 99
31 99
0 35
23 57
7 45
75 99
0 21
0 93
45 99
0 52
0 87
78 99
0 90
28 42
0 7
0 32
42 99
38 99
0 86
7 99
0 69
0 61
0 79
84 18
0 23
0 14
0 54
0 19
0 24
0 99
0 71
0 59
35 99
73 99
0 25
0 84
94 46
92 99
33 99
18 99
0 20
77 20
21 99
54 99
80 99
97 99
20 99
64 99
40 99
0 88
0 72
22 53
47 15
24 99
65 99
77 70
16 99
0 4
0 47
0 57
49 2
0 77
0 22
0 58
98 5
0 17
3 53
2 99
89 99
53 99
87 99
70 99
96 99
5 99
26 99
28 99
74 99
0 98
0 37
93 99
0 33
34 99
41 99
79 99
32 99
0 30
52 99
0 3
49 83
0 65
0 67
0 49
0 34
68 47
83 47
0 50
61 99
0 83
28 57
59 99
