5
90
51
91
78
55
100
0 99
0 73
0 95
0 25
0 6
0 8
0 1
71 32
71 1
71 34
84 99
70 36
67 99
68 99
70 41
94 99
39 99
70 84
70 79
70 47
66 8
66 28
66 84
66 86
64 99
66 63
10 99
92 99
15 99
66 96
66 56
7 99
75 97
72 97
29 97
31 97
67 97
64 22
76 41
23 22
11 28
81 97
41 97
28 22
81 22
36 22
57 22
42 47
74 47
8 47
68 17
3 11
5 47
2 47
40 47
83 47
59 47
76 45
3 68
3 44
3 79
3 14
3 16
3 37
3 54
60 83
60 61
60 68
60 76
60 74
12 35
31 35
60 43
7 35
24 35
33 35
84 35
29 35
89 35
61 35
32 35
27 35
60 73
81 41
61 41
86 41
73 41
42 41
34 62
31 62
18 62
88 62
8 62
92 62
61 62
93 83
60 12
60 38
60 84
93 45
