5
41
43
45
47
1
100
0 50
0 2
0 3
0 4
0 5
0 6
7 50
2 50
3 50
4 50
5 50
0 7
0 8
0 9
0 10
0 11
0 12
0 13
0 14
0 15
0 16
0 17
0 18
0 19
0 20
0 21
0 22
0 23
0 24
0 25
0 26
0 27
0 28
0 29
0 30
0 31
0 32
0 33
0 34
0 35
0 36
0 37
0 38
0 39
0 40
0 42
0 44
0 46
0 48
49 6
49 2
49 3
49 4
49 5
7 6
2 6
3 6
4 6
5 6
8 6
9 6
10 6
11 6
12 6
13 6
14 6
15 6
16 6
17 6
18 6
19 6
20 6
21 6
22 6
23 6
24 6
25 6
26 6
27 6
28 6
29 6
30 6
31 6
32 6
33 6
34 6
35 6
36 6
37 6
38 6
39 6
40 6
42 6
44 6
46 6
7 48
2 48
7 3
4 48
5 48
