5
39
83
28
97
80
100
24 99
81 99
0 18
5 99
50 79
59 99
70 82
16 50
0 47
0 16
0 71
0 98
0 70
0 53
0 43
0 61
0 41
0 95
0 40
35 99
15 99
10 99
82 91
52 99
4 99
9 2
79 99
53 99
0 60
14 99
0 26
91 99
45 99
21 99
56 99
2 99
0 5
0 9
0 46
64 16
30 99
18 99
0 7
0 31
0 88
0 29
0 90
0 64
16 99
40 99
0 56
0 96
0 65
94 99
0 94
0 73
44 90
85 99
0 27
8 27
76 99
24 93
90 99
0 59
0 72
0 8
12 63
0 34
44 27
0 12
0 44
67 62
0 68
64 99
0 74
96 99
0 67
4 68
0 24
0 1
0 33
0 2
0 13
0 32
43 99
68 99
92 99
73 99
0 91
0 19
37 2
37 36
37 27
6 99
37 61
37 94
37 4
41 99
37 1
77 7
