5
43
13
26
80
96
100
4 40
0 95
2 99
40 99
49 99
16 35
93 35
87 35
97 73
0 48
68 73
62 73
55 48
22 48
1 68
45 68
17 68
88 68
0 85
61 34
59 34
94 5
56 34
38 34
93 5
33 5
40 5
76 46
91 46
0 4
0 14
0 32
3 4
3 47
50 65
72 78
72 6
72 67
17 94
79 10
81 12
1 65
88 65
51 65
64 65
62 22
92 22
60 22
31 67
8 67
66 67
91 67
53 95
59 95
81 79
81 83
81 39
81 98
32 95
1 95
23 95
85 54
85 79
45 57
85 37
79 57
49 7
38 7
91 9
51 62
83 28
23 88
23 86
89 62
23 89
23 38
53 62
40 18
10 30
94 76
94 32
94 78
69 78
20 30
41 2
41 53
41 86
20 40
53 11
6 11
10 36
20 74
20 98
24 53
24 59
44 37
60 36
44 6
21 49
21 14
