5
67
81
4
77
20
100
30 97
80 97
0 66
53 97
0 7
22 24
68 97
11 97
0 86
40 97
0 79
8 97
24 97
46 97
0 19
0 95
0 48
0 74
0 78
0 51
0 2
35 97
0 46
0 33
0 23
0 73
0 41
0 12
19 97
36 97
21 97
2 97
6 97
95 97
0 3
31 97
0 68
0 62
83 97
39 97
64 97
1 97
50 97
7 97
0 49
0 59
89 97
91 97
12 97
0 37
0 29
0 54
41 97
76 97
0 44
0 87
0 13
0 56
0 18
0 8
0 76
28 97
0 71
0 28
0 97
0 32
0 94
0 17
0 75
0 50
22 49
0 88
0 22
0 9
0 60
0 6
0 53
0 27
34 97
0 83
0 70
49 97
0 26
33 97
52 97
0 10
0 34
0 35
69 97
16 97
26 97
57 97
93 79
0 45
0 90
58 97
6 60
60 97
38 97
69 73
