5
22
32
76
73
63
100
37 17
45 33
17 97
19 97
3 97
11 97
0 31
37 92
0 25
68 97
0 16
54 6
0 37
0 42
0 14
81 97
0 11
31 55
64 97
0 45
0 38
92 97
52 97
0 8
93 79
0 87
0 64
0 28
0 10
12 97
52 35
0 51
0 59
0 75
0 54
0 27
0 52
0 26
0 93
30 97
0 21
0 9
43 55
79 97
0 24
0 68
0 43
20 50
0 20
92 50
92 42
92 94
92 58
92 75
55 97
49 97
92 88
5 97
92 95
92 70
80 97
92 69
92 14
83 97
92 60
39 97
70 97
84 97
92 24
14 97
92 93
92 18
92 12
92 31
47 97
92 78
10 97
71 97
16 97
53 97
56 97
42 48
44 48
92 44
33 48
57 48
92 54
78 48
19 48
92 1
79 48
92 81
92 49
92 67
92 55
92 10
90 38
90 93
90 86
90 28
