5
58
75
38
45
69
100
0 49
0 62
0 41
0 56
0 20
0 25
0 36
33 44
0 33
0 23
5 49
0 29
24 5
67 81
25 81
24 53
78 81
17 81
44 81
24 66
24 67
24 2
24 12
55 81
48 81
21 81
65 81
79 81
33 72
24 63
24 23
12 72
24 61
24 4
14 72
43 72
42 72
16 72
27 72
52 72
54 61
54 36
54 55
54 13
54 28
54 18
34 72
54 40
54 12
54 15
54 34
54 3
54 70
54 8
54 9
54 20
33 64
33 16
33 3
33 12
30 72
33 73
50 72
33 62
63 72
77 72
53 72
73 72
39 72
62 70
44 70
19 31
47 70
33 52
65 70
67 70
36 70
33 60
33 42
33 2
33 40
33 57
33 49
33 46
31 70
33 11
71 70
33 18
33 79
33 4
9 71
9 41
9 11
9 50
9 46
9 2
53 70
19 70
28 70
21 52
