0
98
47 55
26 55
7 43
2 43
56 21
0 31
83 21
45 21
98 63
0 34
69 63
11 31
83 2
4 5
40 5
91 64
60 80
59 16
22 30
51 7
0 70
89 7
70 7
1 7
39 67
0 15
0 52
69 40
0 85
47 34
47 61
73 56
62 40
28 70
68 40
34 48
34 60
34 65
34 9
71 37
3 11
8 11
78 6
35 77
29 54
89 54
83 54
27 69
23 50
25 44
27 59
89 4
18 4
61 12
87 56
60 90
88 37
87 41
87 25
70 48
79 82
24 82
53 26
88 70
66 68
33 1
33 62
76 32
98 72
24 12
97 32
9 96
17 51
17 97
23 26
75 97
13 32
72 77
39 13
3 74
79 72
1 60
74 95
65 81
3 59
83 51
76 91
51 93
92 30
94 93
70 22
66 15
70 91
98 10
79 56
36 56
59 98
70 36
