5
22
4
7
50
45
100
0 40
0 10
0 47
0 44
0 21
0 15
0 8
0 5
43 52
17 54
35 40
0 11
52 54
34 54
0 9
46 54
23 20
19 54
0 35
40 54
28 42
20 54
17 29
0 19
26 54
18 54
8 19
0 17
28 5
0 46
29 54
0 36
0 23
19 38
25 54
14 54
38 54
33 54
6 54
43 11
35 54
11 54
10 54
18 43
27 54
0 42
0 24
0 18
0 41
0 33
0 48
0 13
0 20
0 14
8 54
0 25
0 12
43 54
5 54
0 16
32 54
0 34
44 54
0 39
21 54
0 43
49 21
49 40
49 1
49 54
49 43
47 54
23 54
51 54
49 48
16 54
49 33
49 10
1 54
42 54
48 54
49 23
2 54
15 54
49 16
53 54
12 54
30 54
49 52
37 36
10 36
49 29
40 36
49 27
49 47
49 24
53 36
49 11
52 36
20 36
