0
96
54 99
75 98
8 99
0 49
74 28
40 98
11 98
0 46
82 29
32 58
0 10
26 75
2 58
69 47
1 57
30 43
87 54
56 57
93 57
22 84
21 4
30 15
77 13
30 63
38 10
28 80
87 83
87 63
88 13
95 13
87 90
85 64
94 23
3 64
94 44
5 69
40 69
9 91
65 76
65 73
65 3
74 53
35 72
88 53
27 53
19 53
79 22
25 85
78 85
21 50
27 46
34 46
62 25
97 46
93 25
47 67
82 51
3 95
8 95
61 55
49 56
93 55
62 44
45 44
86 44
35 42
47 1
86 1
35 37
61 78
77 7
35 82
2 7
12 27
35 21
5 43
59 48
11 43
59 33
82 77
40 70
74 48
70 77
6 2
47 76
79 12
37 19
81 76
71 76
86 75
11 31
28 63
41 12
79 45
37 6
10 39
