5
6
22
73
87
69
100
83 88
67 88
58 88
83 4
34 4
0 44
12 4
0 39
44 4
2 4
46 84
61 84
0 26
5 84
0 24
29 19
0 42
0 23
0 8
0 7
28 84
54 84
70 84
45 61
45 40
45 62
45 58
2 36
45 64
45 17
45 29
45 39
45 46
42 9
42 72
42 30
85 36
42 25
42 62
38 56
38 26
38 65
38 29
38 61
18 36
38 39
38 75
19 25
19 48
19 10
15 18
24 36
15 64
15 16
15 28
15 25
15 2
47 36
15 78
20 36
15 65
15 86
15 48
15 13
26 2
26 43
5 36
74 36
56 36
79 36
52 46
26 61
26 40
26 85
26 60
76 46
26 5
26 34
76 39
28 76
34 60
78 68
34 32
43 46
34 63
53 24
53 25
53 48
53 59
14 37
14 12
14 79
50 5
80 46
56 46
8 46
61 47
40 47
61 62
82 62
