5
70
78
33
74
54
100
43 90
0 23
51 90
28 90
0 30
60 90
59 90
3 90
0 36
0 65
0 69
0 29
0 7
0 21
0 85
0 56
0 19
11 90
0 41
0 60
0 71
0 37
0 61
39 90
75 90
7 12
0 59
0 40
0 5
84 90
76 21
0 18
0 87
0 66
0 90
0 39
0 38
0 34
0 76
0 45
2 90
23 90
64 90
52 90
14 90
85 90
50 90
27 90
82 90
36 90
0 35
0 16
24 90
0 4
0 17
0 48
0 11
0 28
0 25
0 83
0 81
10 90
0 58
0 22
0 20
0 26
0 10
44 15
80 90
0 3
18 90
1 90
0 32
0 89
34 90
0 62
48 90
5 90
0 72
0 13
0 79
9 90
26 90
0 42
20 90
0 44
0 1
0 14
82 69
25 90
0 75
4 90
0 55
68 90
63 90
61 90
50 16
62 90
0 82
20 56
