5
30
11
76
75
38
100
98 93
43 17
49 99
65 80
0 98
66 99
0 54
43 23
80 99
21 99
93 99
0 26
48 99
54 99
67 99
88 99
55 99
32 99
36 99
0 89
8 99
13 99
89 99
70 99
63 99
0 53
15 99
0 43
74 99
0 64
0 35
0 66
0 65
0 10
34 64
0 67
21 64
0 12
0 57
0 80
0 85
0 23
70 64
60 64
82 64
0 17
0 34
14 49
14 50
48 64
14 24
14 35
14 73
14 48
14 78
14 93
14 36
14 57
14 45
14 26
53 64
22 64
12 64
20 64
33 64
55 64
10 64
52 64
14 56
60 39
33 23
55 39
80 39
23 39
28 39
88 39
72 39
14 19
14 83
33 5
33 24
20 39
33 78
36 96
33 28
15 39
33 71
33 36
33 97
33 90
33 31
33 66
33 48
12 39
82 39
33 93
33 20
33 53
52 39
10 57
