5
79
85
38
26
23
100
0 99
59 99
65 99
0 71
63 99
0 48
94 99
0 27
0 9
0 12
0 60
41 99
3 99
31 99
16 99
0 98
0 67
0 91
0 19
0 15
80 99
73 99
0 14
0 86
18 99
0 33
0 44
0 82
0 40
0 45
39 99
32 99
0 64
21 99
90 99
0 68
6 99
0 20
0 66
8 99
34 99
49 99
96 99
1 99
46 99
51 99
61 99
89 99
0 77
0 54
0 36
37 99
0 2
25 99
57 28
0 59
52 99
41 98
94 87
50 28
0 22
93 99
87 99
94 4
63 75
81 15
0 57
55 86
28 99
0 65
0 63
0 80
55 97
16 27
0 72
44 99
0 50
0 47
35 84
16 68
0 41
0 94
73 14
9 99
55 7
75 99
39 4
43 83
35 67
30 24
32 11
90 84
55 56
27 99
0 16
43 4
35 71
0 55
30 84
8 60
