5
19
33
18
40
86
100
0 99
0 26
69 99
20 99
0 55
0 83
65 99
54 99
68 99
28 99
96 99
26 90
52 99
54 77
0 38
57 99
90 99
84 99
77 99
0 76
13 99
38 99
0 69
0 78
0 63
87 99
0 92
48 99
49 28
23 2
63 92
66 99
41 99
0 25
92 99
2 99
42 99
31 99
7 99
17 99
89 99
60 76
0 49
83 99
63 59
60 72
0 62
0 17
23 7
0 47
10 99
76 99
72 99
80 99
0 60
0 87
0 68
0 52
0 6
73 99
0 29
95 99
22 99
58 99
14 99
78 99
0 41
15 99
6 99
59 99
13 71
16 99
0 9
0 46
0 77
0 12
0 84
0 3
0 80
23 28
0 65
15 43
0 45
0 23
0 15
0 50
0 34
71 99
11 79
53 99
0 13
36 79
0 44
81 51
0 94
51 99
4 39
30 99
0 90
45 87
