5
81
5
50
19
11
100
27 99
0 20
0 1
35 99
0 25
36 99
56 45
20 99
13 45
51 99
0 75
15 99
33 99
45 99
0 26
0 39
29 99
25 99
0 36
0 49
0 51
0 72
0 23
77 99
64 99
32 99
10 99
0 85
0 79
98 99
0 92
0 15
22 90
46 99
79 99
7 99
0 12
39 99
92 99
0 99
29 57
0 63
0 71
24 99
0 29
0 61
46 28
73 99
57 99
47 99
0 59
16 48
0 68
0 44
41 40
9 51
42 99
0 41
0 65
71 99
0 9
0 69
28 99
0 62
40 99
22 99
21 99
38 99
43 49
56 99
54 99
61 99
97 99
76 99
7 89
6 99
42 65
1 26
89 99
65 99
0 86
88 99
93 99
48 42
0 7
74 99
0 17
0 43
62 99
26 99
0 76
0 48
96 99
0 24
0 27
0 28
0 34
80 83
55 99
46 7
