5
14
42
9
36
6
100
0 19
21 86
0 18
0 87
86 96
61 96
60 96
19 96
56 96
80 96
0 31
0 96
0 27
13 16
0 93
0 68
0 3
71 96
47 96
88 96
0 13
0 32
0 91
76 91
0 45
0 44
0 86
0 64
49 96
37 96
0 94
0 39
16 96
0 47
52 96
0 74
0 38
64 96
79 96
95 96
0 4
0 82
32 96
91 96
0 52
0 57
0 20
62 40
0 35
0 95
0 66
21 96
78 96
28 96
75 96
73 96
5 96
0 21
46 96
0 25
0 79
0 72
0 26
0 37
0 60
0 30
0 78
1 96
10 96
0 59
35 96
34 96
65 96
0 61
69 96
70 96
0 51
2 96
24 96
0 43
65 7
0 24
57 96
0 50
89 96
11 96
68 96
53 96
74 96
72 96
93 96
0 81
8 96
0 69
17 96
94 96
44 96
0 22
0 40
33 96
