5
36
77
64
98
78
100
55 99
0 62
22 99
95 99
0 34
0 35
90 99
0 43
7 99
0 55
84 99
59 40
9 99
71 99
0 51
0 16
5 40
0 59
87 99
0 45
0 60
0 74
31 67
30 8
0 76
0 57
34 99
8 99
0 5
20 99
15 99
0 31
0 30
26 18
10 76
69 99
0 23
40 99
65 74
10 60
52 19
54 51
21 99
0 95
79 80
0 10
65 3
19 99
72 16
6 18
52 32
82 63
33 99
0 79
60 57
17 99
82 94
14 99
72 32
0 65
24 99
18 99
12 32
0 44
26 96
82 16
3 99
74 99
54 63
55 32
0 93
26 7
67 99
0 84
72 51
54 60
0 26
0 87
0 81
51 99
0 54
0 52
80 99
0 39
63 99
94 99
0 72
32 99
48 99
0 82
16 99
57 99
76 99
0 53
88 49
56 99
90 39
0 88
0 47
12 92
