1
11
100
0 25
24 69
46 69
67 69
25 57
50 57
6 57
34 14
1 14
13 14
58 14
39 14
4 25
7 25
0 44
30 16
0 33
0 9
0 15
0 52
0 64
0 2
0 12
42 7
42 60
42 5
8 3
49 16
59 21
59 7
49 43
49 37
44 27
65 17
64 7
64 4
64 66
64 52
58 51
62 16
58 39
45 16
24 16
15 16
58 47
67 10
5 10
58 1
58 62
39 10
27 10
17 45
30 45
56 45
9 45
37 5
40 29
13 9
13 51
2 1
13 46
5 3
5 2
5 68
43 68
46 7
52 1
3 38
18 6
34 1
17 22
4 1
12 1
41 1
54 66
52 61
15 61
19 20
23 20
6 29
47 53
51 60
4 9
48 9
36 41
15 33
34 33
67 4
17 4
23 4
2 15
19 15
3 35
39 2
3 68
52 26
34 56
34 62
6 56
7 2
