5
85
82
42
83
2
100
74 21
72 96
38 96
21 96
66 96
9 65
17 96
0 68
36 73
18 96
65 96
28 96
58 6
0 36
0 91
0 84
58 32
37 65
0 9
4 5
69 96
0 27
24 96
11 96
0 58
0 31
0 4
72 92
54 96
0 13
6 96
84 96
8 96
50 96
3 96
0 19
19 96
31 96
35 96
49 96
46 96
47 96
0 72
87 96
0 37
0 23
57 96
0 76
0 79
16 96
81 96
80 96
58 96
44 96
55 96
23 96
57 92
71 96
0 67
0 69
0 94
34 96
0 57
0 44
0 12
29 49
30 96
0 34
74 96
0 75
0 59
51 96
26 96
0 61
0 40
78 96
92 96
4 90
10 27
64 96
0 66
63 53
41 96
56 96
81 90
0 51
29 96
0 39
40 96
94 96
27 30
67 96
37 96
52 90
89 96
3 91
3 64
9 96
47 18
62 1
