5
49
81
31
41
74
100
65 99
4 99
0 67
43 99
18 99
0 77
0 57
1 32
98 78
0 56
0 98
67 99
57 99
0 1
60 38
60 82
12 99
4 83
6 99
8 99
72 83
44 83
18 83
93 83
6 83
20 83
60 19
89 83
60 57
15 43
71 43
60 94
44 43
85 43
39 43
60 65
22 43
60 93
30 42
60 95
12 56
73 42
12 66
56 42
96 59
5 42
12 84
12 7
15 42
12 40
92 42
12 44
12 96
88 14
88 11
2 42
3 42
88 69
88 76
88 87
29 77
29 97
29 70
29 71
29 79
82 9
61 59
82 52
82 45
86 59
82 21
82 64
82 78
82 79
22 59
61 72
61 15
61 85
61 23
61 4
61 76
54 59
50 59
13 59
80 77
73 70
92 70
23 70
97 70
13 70
64 70
28 45
17 45
79 45
44 45
80 95
3 86
69 86
96 86
22 86
