5
72
19
88
64
13
100
0 77
0 22
25 99
15 99
22 99
59 70
77 99
76 91
74 99
0 30
18 99
91 99
7 99
95 99
96 99
21 99
0 20
73 99
0 6
0 68
0 71
31 99
28 99
0 98
5 99
20 99
0 25
0 81
0 10
0 8
71 99
76 99
0 3
0 80
0 70
1 99
0 90
0 69
0 28
0 94
16 99
3 10
67 99
2 99
10 99
66 99
87 99
79 99
90 99
94 99
0 23
93 99
2 32
0 7
6 99
0 85
0 2
84 99
0 78
14 83
23 99
0 84
79 12
83 99
0 86
12 99
0 14
0 97
30 99
0 9
89 99
0 74
67 82
8 99
65 99
0 11
0 73
87 3
0 29
0 4
0 87
24 99
0 67
9 99
0 83
0 34
82 99
80 99
0 27
0 75
86 99
0 79
92 99
0 91
0 21
0 33
15 33
0 15
27 99
78 99
