5
37
54
28
10
23
100
0 83
0 39
11 95
31 95
0 62
0 22
0 63
61 95
3 95
77 62
0 24
52 95
24 70
13 95
57 95
69 88
62 95
70 95
64 95
74 95
0 58
16 95
47 79
44 95
85 95
14 95
0 76
79 95
20 21
77 95
0 78
25 95
68 95
76 95
41 95
53 17
0 11
78 95
21 95
13 20
0 26
0 90
45 95
17 95
0 95
66 95
32 95
0 9
69 95
73 95
0 13
31 55
0 89
20 95
69 24
92 95
0 31
0 53
0 50
0 74
0 69
0 3
0 48
0 5
0 12
58 95
51 95
59 95
0 85
0 73
19 95
0 38
0 68
0 8
0 52
0 14
0 45
67 95
0 92
0 59
0 49
88 95
0 19
55 95
94 95
0 15
0 91
0 57
71 95
82 95
0 40
0 88
38 95
93 95
35 95
0 71
80 95
65 95
47 95
9 95
