5
34
32
9
8
19
100
41 93
58 93
0 28
81 35
33 93
90 93
48 93
7 93
89 93
70 93
47 93
0 58
78 93
0 87
0 15
0 41
62 70
4 93
63 20
0 62
42 93
0 18
0 48
0 70
0 73
0 50
54 12
3 93
6 93
20 93
29 93
0 4
0 88
53 93
0 35
68 93
5 93
0 21
0 74
7 43
0 89
0 1
0 80
36 46
36 2
36 27
39 43
82 43
36 25
70 43
36 17
88 43
27 43
36 55
25 43
74 43
68 43
36 58
66 43
36 63
81 43
36 48
36 16
36 49
36 67
36 84
36 74
36 23
24 29
24 6
24 57
24 64
24 10
24 27
24 12
30 43
24 83
55 43
18 43
79 43
58 43
62 43
4 43
51 43
59 43
28 77
61 77
50 77
24 41
2 77
67 77
81 77
25 77
41 77
24 53
24 56
24 91
45 77
10 77
24 21
