3
22
76
31
99
7 99
0 37
89 99
82 64
0 36
0 3
28 57
12 57
85 57
33 57
1 63
1 4
1 26
1 77
1 5
45 70
2 38
37 70
55 70
46 93
69 93
56 93
2 30
88 48
88 59
87 72
87 50
84 79
84 91
84 55
82 12
28 13
82 56
98 21
98 72
98 50
11 8
17 73
61 23
47 63
46 89
46 72
46 36
42 13
49 68
53 13
8 5
12 5
63 62
48 62
8 33
6 33
19 39
90 66
50 36
97 36
67 8
91 44
56 35
46 85
46 58
60 35
42 44
49 44
19 6
10 6
29 6
14 4
30 4
34 12
89 75
10 75
92 3
63 80
32 80
85 80
51 20
96 49
81 7
18 86
92 14
92 25
92 50
34 50
21 15
21 29
53 40
53 50
53 83
32 58
48 41
48 67
60 56
51 74
67 42
15 45
14 55
18 81
78 45
