5
71
67
25
75
24
100
35 98
0 21
92 98
5 98
3 7
64 98
3 76
83 98
69 98
61 98
18 98
46 98
41 6
0 3
28 7
29 98
84 57
0 90
0 61
79 98
16 29
28 34
0 73
43 73
0 17
0 40
28 41
62 59
0 47
6 98
11 98
28 90
0 43
7 98
14 98
0 35
11 53
0 28
62 57
93 98
13 98
76 98
0 62
0 11
0 10
95 98
86 32
33 98
69 30
0 74
0 9
0 49
59 98
51 17
0 69
57 50
32 98
2 98
47 98
0 98
50 98
90 98
65 98
0 78
17 98
86 12
63 98
60 98
9 98
0 44
78 98
0 57
80 98
22 98
0 64
0 45
0 86
0 79
21 98
0 41
12 98
27 98
0 29
0 13
0 58
0 92
0 82
26 98
0 77
73 98
0 81
0 16
0 52
55 98
41 98
0 91
30 1
84 70
60 74
21 82
