5
45
37
25
96
83
100
15 49
0 95
0 7
1 97
78 99
48 99
69 99
0 89
12 99
0 1
0 18
35 99
0 31
0 19
72 99
0 94
0 23
0 58
0 60
11 99
40 99
0 67
40 93
91 99
0 17
24 99
0 40
93 99
95 99
0 55
52 99
0 27
33 99
73 99
27 99
30 99
85 99
36 99
21 58
13 66
90 99
77 99
7 99
0 92
79 99
29 99
78 88
0 38
0 11
66 99
52 79
41 99
2 99
0 82
74 22
0 52
0 15
0 4
0 69
6 99
0 74
0 57
0 54
22 99
0 13
0 26
0 43
0 86
67 99
0 91
60 99
0 22
57 99
0 36
0 75
43 99
50 99
13 99
92 99
0 71
0 6
0 32
95 5
94 99
5 99
75 99
0 50
82 99
1 99
48 4
58 99
70 99
0 76
50 47
87 99
0 39
30 47
47 99
44 99
39 99
