5
87
72
25
80
8
100
10 96
0 94
30 96
92 96
83 96
0 49
0 73
0 59
0 89
45 96
0 36
0 55
0 43
0 5
0 42
41 17
0 6
74 61
57 62
0 16
0 38
0 41
0 62
0 24
0 74
0 91
18 40
81 96
62 96
0 85
77 96
61 96
59 96
29 76
0 96
0 57
0 71
0 70
76 96
0 66
53 96
18 37
40 96
0 47
78 96
69 96
54 96
67 96
61 31
0 29
18 96
0 39
0 4
0 52
3 96
0 45
0 86
0 18
0 79
31 96
0 90
21 96
89 96
0 82
0 68
47 96
0 76
71 96
34 96
0 21
50 96
0 26
0 35
43 96
0 78
64 96
0 37
0 10
0 1
0 50
0 77
0 63
46 17
0 53
0 44
0 27
0 46
0 75
95 96
0 92
0 58
0 12
0 95
86 96
32 96
17 96
51 96
75 96
33 96
0 30
