5
39
17
63
96
67
100
80 70
2 99
75 99
0 99
23 99
70 99
91 99
76 99
10 99
79 99
98 99
54 41
10 41
0 29
76 41
23 41
0 49
0 8
0 91
52 41
62 41
28 41
22 41
8 41
70 41
27 43
59 43
19 43
8 43
93 43
78 43
89 43
55 43
23 43
79 43
0 20
0 66
3 42
35 42
70 42
0 74
0 45
18 42
0 4
74 42
65 42
0 57
0 87
91 42
0 65
47 42
44 42
50 62
88 62
59 62
0 3
0 86
0 19
0 54
92 76
57 62
92 68
92 44
92 53
92 79
92 94
92 87
58 78
92 11
92 25
92 13
92 12
92 16
35 62
74 62
19 71
65 62
19 25
1 62
91 62
86 62
29 62
18 62
78 62
19 58
64 62
19 54
19 82
19 22
49 62
58 62
79 62
16 30
64 30
8 30
19 68
19 18
15 30
84 30
57 30
