5
10
8
21
39
23
100
0 30
44 51
38 51
7 51
18 51
35 51
13 33
20 51
33 51
0 42
25 51
16 51
32 51
0 29
49 51
29 51
40 51
0 45
0 13
0 50
28 51
0 37
0 33
5 51
1 51
50 51
0 22
0 7
0 12
0 35
0 38
31 51
0 20
0 6
0 40
0 24
0 5
0 16
0 3
0 46
22 51
49 13
9 51
42 51
3 51
50 13
36 13
19 13
0 44
15 13
31 30
0 28
42 13
0 41
0 32
30 13
34 13
0 19
0 11
4 13
22 13
0 49
16 13
0 2
0 27
31 11
31 35
26 13
31 13
31 47
31 46
12 13
46 13
1 13
31 3
31 22
31 17
31 20
25 13
31 32
31 42
18 24
31 44
31 48
31 12
31 33
31 40
31 41
31 25
31 14
31 4
5 13
31 28
31 45
31 15
11 13
31 1
5 45
31 16
31 19
