0
98
0 99
30 32
62 64
94 96
1 3
0 2
24 26
40 41
25 27
28 29
26 28
64 66
95 97
27 29
30 31
39 41
47 49
65 66
70 71
36 38
38 40
52 53
37 39
10 12
56 57
83 85
86 88
9 11
48 50
18 20
23 25
49 51
84 85
86 87
43 45
42 44
81 83
82 84
22 24
19 21
22 23
20 21
87 89
4 5
6 8
3 5
78 80
77 79
98 97
2 4
63 65
44 46
47 48
45 46
9 10
7 8
88 90
89 91
73 75
72 74
71 73
74 76
75 76
77 78
68 70
71 72
67 69
67 68
35 37
92 94
90 91
92 93
93 95
31 32
35 36
33 34
59 61
56 58
57 59
58 60
33 32
53 55
54 55
52 54
42 43
6 7
60 62
61 63
18 19
15 17
16 17
11 12
50 51
79 81
80 82
14 16
13 15
13 14
