5
23
17
40
41
29
100
54 55
50 53
50 51
0 38
0 28
36 33
0 36
0 20
14 49
38 49
7 49
0 22
20 49
9 49
0 26
0 2
22 49
16 49
6 49
44 33
42 49
33 49
8 49
27 49
28 49
2 49
31 49
4 49
11 49
0 49
0 44
1 49
25 49
0 14
39 49
0 11
0 37
0 7
0 34
0 30
13 49
0 8
0 10
18 49
44 49
47 49
15 49
26 49
48 49
19 49
0 27
0 21
0 16
0 19
0 48
12 9
34 49
0 31
0 12
0 32
10 49
43 49
36 49
0 6
12 49
0 18
0 13
31 3
0 5
20 44
0 42
24 49
0 35
0 33
46 49
0 43
37 49
0 9
0 24
0 1
24 34
0 39
0 4
0 25
12 32
0 46
0 45
3 49
0 47
0 15
3 7
3 5
3 35
3 42
3 27
20 45
3 47
30 49
32 49
3 20
