5
40
47
78
13
71
100
0 44
0 42
25 23
11 99
38 99
90 99
0 56
76 25
17 99
36 4
0 96
0 66
0 76
0 36
0 17
94 99
6 99
66 99
0 74
0 63
84 99
0 15
10 99
0 39
0 77
0 18
0 95
0 86
0 87
0 38
55 99
0 73
98 99
0 65
0 9
0 19
75 99
0 24
35 86
0 92
0 99
68 99
79 99
93 87
0 62
30 99
60 99
0 20
73 74
46 42
0 60
0 80
0 93
0 48
21 99
8 3
0 30
0 43
0 98
0 45
0 16
0 10
0 58
89 34
0 59
0 37
0 22
73 99
0 49
63 99
0 26
65 99
74 99
32 99
0 57
53 34
0 52
41 99
56 99
34 99
87 99
86 99
0 53
0 89
0 35
48 99
19 99
95 9
53 99
0 50
0 25
9 99
64 99
2 99
1 99
29 99
16 99
18 99
83 37
28 99
