5
3
34
89
45
96
100
0 6
0 14
0 26
0 17
16 99
10 4
17 99
0 23
7 21
32 99
8 99
93 21
49 21
0 21
0 69
0 10
17 21
0 46
35 21
18 21
6 21
53 21
0 24
0 28
27 1
44 1
6 1
61 1
97 69
60 1
7 1
9 1
40 1
0 13
15 1
0 12
84 1
78 1
0 67
33 1
42 1
0 41
0 7
0 31
0 29
0 9
0 18
22 86
0 70
0 98
0 62
0 25
82 1
0 15
0 65
0 22
0 72
0 20
57 1
86 1
0 83
0 63
66 15
50 1
66 36
66 48
66 27
66 10
84 17
84 61
84 36
84 90
49 8
69 1
49 6
49 36
49 68
49 15
49 37
69 9
69 68
58 1
22 8
22 56
22 15
22 18
22 16
80 1
22 33
79 1
71 1
87 1
88 1
39 1
22 27
4 11
22 25
9 11
10 11
22 32
