5
21
79
81
1
39
100
4 35
91 92
83 92
0 4
0 92
0 35
0 59
73 92
77 92
66 92
34 92
71 92
0 37
0 6
36 60
60 92
0 23
0 62
0 20
46 92
73 51
41 92
0 68
0 67
56 92
0 84
0 73
0 22
13 37
18 92
28 92
70 92
26 92
0 75
0 13
12 92
36 92
37 92
11 92
0 41
45 34
0 5
0 69
51 92
55 92
0 71
74 92
0 42
0 8
0 82
0 64
2 92
49 92
0 28
2 89
0 72
6 92
0 7
32 92
87 92
89 92
80 92
14 92
25 92
38 92
69 92
0 24
0 33
35 92
0 51
0 65
0 80
22 92
0 48
10 92
0 29
0 9
75 92
7 92
44 92
47 92
90 92
0 3
43 92
0 11
0 40
61 92
48 92
0 43
62 92
40 92
52 92
0 58
5 92
84 92
82 92
0 17
0 2
0 32
17 92
