5
27
42
6
95
4
100
50 14
0 35
0 72
0 26
79 99
83 54
83 11
70 99
53 99
19 54
55 13
66 13
5 40
54 33
1 33
73 33
5 19
37 33
46 33
39 33
50 69
5 81
11 90
62 87
48 58
11 86
11 26
11 40
2 87
61 73
61 94
85 87
30 87
61 50
73 87
79 87
8 60
21 94
61 52
61 46
86 94
38 94
1 98
78 98
91 25
61 56
29 18
59 22
59 88
59 51
21 47
40 48
40 86
3 35
44 26
85 49
85 62
48 32
44 78
44 92
41 32
56 32
44 71
44 84
52 54
63 47
57 51
57 76
57 20
43 77
30 77
22 77
47 77
1 65
41 65
58 62
37 62
70 62
82 62
84 38
49 38
53 75
12 43
93 58
20 45
93 76
92 45
58 45
68 48
93 84
93 55
96 48
90 20
93 10
93 72
37 17
39 19
39 36
34 81
8 81
