5
68
97
55
64
66
100
5 99
0 44
0 52
28 99
18 99
61 99
0 4
0 59
35 99
15 93
0 92
98 99
37 99
19 99
41 99
0 8
39 99
2 99
54 99
0 43
0 27
0 70
0 39
93 99
34 69
61 17
0 1
0 34
0 61
73 35
67 99
0 57
96 99
44 99
15 99
0 58
26 99
0 48
40 99
74 99
13 99
0 63
0 73
0 78
67 91
67 96
67 44
67 85
49 22
67 48
67 60
67 22
67 1
67 6
67 73
15 22
67 75
67 39
87 22
67 77
9 22
67 71
67 45
67 27
94 22
67 37
25 22
67 92
67 29
14 22
98 22
16 22
56 22
30 22
92 22
13 22
90 22
35 28
25 28
24 28
6 28
95 28
21 28
12 28
57 42
20 28
57 54
14 28
62 28
60 28
38 28
65 28
11 28
54 28
5 46
21 46
1 46
57 70
57 87
57 98
