5
8
7
43
46
45
100
0 70
0 32
0 20
0 23
0 38
0 65
0 47
0 57
49 70
0 26
0 58
0 17
65 61
0 49
0 53
0 66
0 11
0 22
0 9
21 70
60 42
34 70
0 54
0 21
48 3
61 70
22 70
14 70
0 60
48 36
63 70
51 70
0 25
0 48
0 28
0 3
0 68
0 14
0 61
37 15
0 40
67 63
0 37
44 70
0 62
0 67
26 70
64 70
0 34
18 70
0 1
15 70
55 70
3 70
57 70
54 70
13 70
55 28
48 70
55 35
55 69
55 42
55 64
55 32
29 70
50 70
11 70
28 24
53 70
4 70
55 23
55 3
24 70
1 70
66 70
40 70
69 70
59 70
10 70
2 70
60 70
47 70
37 70
55 6
55 2
55 51
55 38
55 21
55 47
55 34
55 1
55 65
55 13
55 66
25 30
55 16
55 5
55 14
55 25
55 37
