0
89
84 12
0 41
0 4
84 79
0 62
0 84
28 48
18 60
52 67
57 85
54 89
12 89
71 89
32 77
57 51
33 85
45 34
35 72
57 81
78 22
57 87
8 60
8 80
83 19
83 76
67 58
86 55
32 65
62 72
25 72
58 14
41 40
69 53
19 53
71 32
5 27
16 32
78 32
5 73
5 23
5 29
68 16
60 26
17 20
17 46
45 69
26 27
7 47
15 27
37 27
73 27
7 75
71 39
20 10
39 82
20 23
43 25
88 64
48 87
70 56
88 46
88 78
26 49
66 30
69 30
69 24
62 64
13 2
55 13
55 10
47 64
79 61
2 73
2 31
2 9
78 59
10 63
11 61
42 63
1 61
42 44
44 79
6 36
23 1
87 49
30 73
11 6
11 35
59 38
