5
67
34
35
90
59
100
0 43
0 19
0 80
0 31
63 99
0 21
68 99
17 99
7 62
63 71
57 16
6 99
3 99
11 99
84 12
61 97
2 99
0 63
93 99
0 7
0 57
0 89
0 13
0 36
25 12
46 99
0 5
40 38
0 60
29 56
0 40
27 89
0 33
0 88
0 68
52 99
10 99
97 99
0 62
0 61
58 99
0 94
43 99
0 45
0 70
0 51
0 54
0 10
0 46
12 99
0 3
72 99
95 99
0 41
0 81
0 65
0 28
0 86
0 72
0 73
0 6
64 99
56 99
96 99
0 58
0 55
0 17
0 85
42 99
0 1
0 93
69 99
23 99
92 99
0 39
0 42
0 83
0 30
13 99
54 99
0 99
0 75
36 99
98 75
31 99
5 99
0 47
0 27
0 97
41 99
80 99
0 98
37 99
15 99
71 99
0 56
0 25
14 99
0 53
0 11
