5
32
2
13
64
69
100
0 41
0 89
29 92
0 4
0 58
0 19
0 23
0 71
68 92
0 6
0 26
60 92
0 68
0 9
0 73
0 92
51 92
42 92
0 60
0 67
76 92
0 63
0 18
0 43
81 92
0 57
0 42
0 14
6 92
3 92
89 92
0 29
41 92
0 80
0 40
0 75
11 92
61 92
79 92
0 50
0 31
23 92
0 3
90 92
36 92
40 92
0 52
0 24
0 35
57 92
30 92
26 92
0 79
24 92
38 92
17 92
30 84
62 92
0 77
0 82
0 59
0 56
0 33
0 44
0 28
0 83
0 11
0 45
0 90
0 37
0 7
0 66
39 92
0 78
0 62
0 81
0 86
0 51
0 76
21 92
0 72
84 92
88 92
66 92
0 54
0 1
10 19
0 20
38 74
44 92
5 92
71 92
15 92
74 92
65 92
31 92
78 92
12 92
47 92
4 92
