5
66
19
5
43
41
100
0 91
12 87
0 12
0 33
0 70
13 91
74 91
0 20
29 91
42 91
34 91
0 79
0 44
0 89
0 26
0 42
46 91
0 71
0 74
0 21
0 45
0 78
0 67
0 76
0 58
0 80
88 91
0 29
0 75
0 30
0 17
27 91
82 91
0 47
0 15
0 62
0 63
0 81
0 49
0 3
77 91
0 61
0 27
38 54
0 38
0 52
25 91
24 83
0 68
18 91
0 24
86 35
83 91
0 28
0 86
47 91
9 91
60 76
76 91
7 91
14 91
0 88
85 91
87 91
46 70
61 91
37 91
0 32
70 91
48 83
52 91
80 91
0 60
56 91
60 91
79 91
48 91
50 89
12 91
40 91
84 91
0 13
0 34
14 90
89 91
35 91
90 91
44 91
0 2
0 50
0 48
28 91
63 91
0 84
0 54
0 39
0 14
36 91
6 62
6 16
