5
8
56
90
34
18
100
95 55
25 99
24 99
53 99
78 99
4 99
0 14
55 99
0 74
0 10
0 45
0 20
0 29
0 36
49 99
23 99
72 99
5 11
0 97
0 89
0 50
77 14
0 62
59 99
14 19
70 99
0 77
40 99
65 25
0 91
19 99
0 96
0 68
0 52
0 59
15 99
25 76
42 99
48 99
7 99
76 99
0 71
0 9
21 99
28 99
33 99
2 99
91 99
0 44
38 3
0 66
0 13
0 81
46 62
0 38
0 3
0 86
87 99
50 99
41 99
0 15
0 84
25 74
65 99
82 99
88 99
11 99
20 99
54 99
71 99
0 46
6 67
0 12
72 22
52 63
58 99
16 99
0 60
0 72
63 99
15 67
22 99
77 99
67 99
0 30
0 33
27 99
85 99
0 6
0 47
37 99
0 65
0 87
0 23
24 29
0 41
0 26
96 29
81 29
0 51
