1
34
97
42 44
15 18
33 35
43 44
27 30
14 17
26 29
19 22
18 21
16 19
15 17
22 25
0 2
0 3
1 2
1 3
17 20
50 53
46 49
4 6
2 5
4 7
9 12
7 10
8 11
9 11
13 16
12 14
10 11
10 12
13 12
14 16
13 11
13 15
11 12
8 10
7 9
3 6
8 9
4 5
4 3
16 18
17 18
19 21
19 20
20 23
27 29
28 30
20 22
21 24
26 28
33 36
28 29
33 32
31 32
30 32
31 29
31 30
25 28
22 24
25 27
21 23
23 26
24 27
23 25
24 26
50 52
51 52
7 6
5 6
5 8
47 49
50 49
48 49
48 51
47 50
39 42
40 42
41 44
45 48
47 48
43 46
41 42
43 45
41 43
37 40
38 40
41 40
45 44
45 46
47 46
38 39
36 39
37 39
35 38
36 38
35 37
