0
94
94 99
0 5
7 12
2 4
7 5
9 14
9 11
6 11
95 97
75 80
8 13
10 15
64 69
77 82
83 85
90 92
94 92
78 80
89 87
82 87
88 90
80 85
91 93
88 93
86 91
86 84
94 96
12 14
17 22
24 29
22 27
38 43
15 20
17 19
13 18
33 35
41 46
74 79
77 79
76 81
83 81
73 78
71 76
72 74
67 69
66 71
70 75
68 73
67 72
68 70
63 65
60 65
57 62
60 62
54 59
8 10
1 3
49 54
59 64
61 66
58 63
56 61
16 18
16 21
19 21
24 22
26 31
26 28
23 25
23 28
25 27
30 32
30 35
55 57
47 52
50 52
51 56
53 58
50 55
48 53
46 51
33 31
47 49
38 36
40 35
40 42
45 43
45 50
42 44
39 44
39 41
34 36
34 29
37 32
