5
60
45
81
82
26
100
56 46
42 99
0 18
0 52
0 68
0 23
49 99
76 99
0 13
33 98
59 68
77 99
3 79
8 67
16 99
0 43
68 99
0 33
0 8
0 54
0 28
0 10
0 46
0 50
98 5
7 79
66 99
0 98
14 99
92 99
0 95
55 79
0 25
5 99
0 39
79 99
44 99
0 2
0 21
35 99
0 6
0 64
7 99
69 6
94 99
0 86
0 47
9 99
62 3
6 99
0 80
0 97
96 99
0 58
67 11
0 99
0 73
0 69
56 39
0 65
0 89
70 99
0 56
3 99
67 24
59 99
0 7
0 5
78 71
0 67
0 38
85 99
0 17
0 71
0 85
0 66
95 99
0 78
23 99
90 93
0 36
0 83
53 99
51 99
93 99
38 99
0 90
0 4
63 99
12 99
28 99
4 99
0 94
87 99
90 71
31 99
2 49
0 24
16 64
0 37
