5
8
6
65
87
95
100
42 99
40 99
24 99
13 99
27 99
54 99
64 81
16 99
19 99
0 21
67 34
0 73
68 99
32 88
0 66
61 99
0 9
77 60
71 18
0 5
0 46
0 34
94 99
40 64
78 99
38 99
20 99
0 16
77 35
64 99
0 33
15 99
0 67
0 84
62 99
0 77
0 76
0 80
46 99
0 92
0 96
30 52
0 56
0 30
0 75
93 99
2 99
81 99
41 99
0 51
17 99
44 99
0 12
80 99
60 99
55 99
51 99
0 63
90 99
0 32
0 53
0 57
43 79
0 98
39 99
1 99
11 99
97 99
0 99
14 99
0 43
56 99
63 99
0 25
0 7
0 2
0 59
72 99
45 76
0 18
0 14
9 99
49 53
0 82
0 23
0 49
0 72
50 99
71 99
62 23
0 4
0 20
0 62
0 11
71 89
28 17
0 70
5 35
16 89
89 35
