5
34
36
41
76
75
100
68 99
52 89
89 99
83 99
26 96
38 99
8 99
0 52
43 99
90 99
0 87
0 25
95 99
0 42
0 43
98 99
9 99
79 99
59 99
21 99
45 99
11 99
0 95
0 48
62 99
0 24
13 99
0 92
0 71
28 99
15 31
92 16
65 27
0 11
0 74
70 31
16 99
0 12
0 15
0 61
0 20
0 93
0 78
0 90
0 19
0 64
0 44
0 45
0 6
0 57
88 99
0 91
0 23
27 99
96 99
0 59
29 99
57 99
72 99
0 40
0 97
0 10
0 88
0 51
0 98
0 35
0 58
0 9
0 49
0 13
74 99
0 83
0 37
66 74
0 80
0 53
0 86
54 99
0 66
26 99
71 91
0 99
0 47
0 4
0 55
0 68
67 99
0 82
0 72
31 99
2 91
0 32
0 17
0 38
77 99
67 92
46 25
0 73
49 99
47 35
