0
91
0 29
15 55
94 99
0 15
0 3
50 99
0 98
86 99
91 10
23 1
38 99
52 99
25 99
9 38
37 38
6 46
58 46
37 3
53 5
18 3
77 3
83 66
21 66
26 66
9 87
49 1
4 7
72 1
63 33
59 22
26 4
23 62
84 44
23 88
23 34
64 84
13 65
62 81
10 81
62 67
83 93
83 21
20 29
20 73
31 50
71 96
47 49
11 93
11 68
11 8
75 48
98 19
28 19
42 19
37 82
88 82
65 48
97 54
28 27
87 56
57 27
75 87
75 45
84 30
84 24
98 78
37 17
42 17
42 58
98 69
89 95
39 58
68 78
85 25
74 65
87 72
95 73
90 53
56 12
49 92
35 34
86 45
51 40
56 37
70 63
61 15
61 90
61 69
30 97
30 26
14 28
