5
64
15
60
23
17
100
0 92
0 56
0 19
0 10
89 98
38 98
0 94
0 90
32 98
0 82
47 98
0 57
0 53
0 79
3 98
0 80
0 69
56 98
92 98
87 98
0 50
26 98
75 98
0 13
0 34
58 98
40 98
63 98
16 98
0 88
0 9
78 98
0 28
0 70
0 58
0 75
0 65
0 46
0 25
42 98
45 98
82 98
0 54
0 40
2 98
24 98
46 98
0 26
8 57
0 87
88 98
35 98
57 98
0 86
0 66
0 39
95 98
0 4
52 98
61 98
37 95
96 98
28 98
0 97
91 98
39 98
0 29
0 73
37 98
0 33
5 98
0 93
0 37
0 5
0 45
22 98
0 35
18 98
55 98
54 98
93 98
0 84
74 98
29 98
85 98
70 98
0 27
0 43
0 14
65 98
14 98
0 49
76 98
49 67
42 67
11 67
0 62
0 24
25 67
0 7
