5
98
56
58
64
88
100
0 89
81 26
0 93
0 17
38 99
0 81
0 66
87 93
87 38
30 15
44 99
26 99
2 85
35 99
30 7
30 8
55 26
46 89
46 74
17 10
38 3
96 99
38 21
38 70
59 72
47 83
47 57
73 99
97 99
80 99
10 66
78 66
65 66
51 82
51 75
37 91
51 94
51 67
82 52
23 52
18 52
51 96
51 11
40 63
20 12
62 53
20 44
68 53
37 35
20 90
20 27
84 11
31 22
90 39
89 39
95 71
3 71
62 70
83 70
75 43
75 23
4 95
75 13
62 78
36 80
19 4
62 72
19 94
18 13
18 60
28 21
62 96
62 83
86 32
93 14
93 25
54 13
32 50
73 90
60 16
97 72
23 44
23 97
25 57
25 89
24 77
24 50
37 13
4 72
41 5
89 48
89 14
89 4
89 77
49 33
11 72
9 72
67 72
69 72
81 48
