5
6
44
22
90
63
100
83 84
94 99
0 83
40 99
0 46
25 99
93 99
84 99
0 76
28 99
55 99
2 99
0 99
0 13
78 99
0 68
59 99
0 82
0 64
66 99
57 99
0 78
47 99
0 31
0 94
0 88
0 2
39 99
86 99
26 99
7 99
0 30
0 65
4 99
0 61
74 13
89 99
60 99
0 27
1 30
74 99
50 99
30 99
0 74
0 15
53 36
91 99
73 99
72 99
87 99
3 62
20 99
70 99
36 99
92 99
85 99
0 23
81 99
38 99
24 99
64 99
71 99
0 25
10 99
15 99
0 29
87 21
77 99
19 99
0 28
45 99
74 27
21 99
58 99
95 35
61 99
69 99
12 99
35 99
42 99
0 51
75 99
88 99
68 99
56 99
46 99
3 99
93 29
77 24
0 18
0 93
69 5
0 77
62 99
86 3
69 4
5 99
51 99
70 24
10 81
