5
70
48
59
20
81
100
0 99
85 57
0 85
0 19
57 99
0 92
19 99
0 87
53 99
0 42
0 55
41 85
0 86
0 84
50 31
0 1
0 96
0 98
0 62
0 50
0 43
13 2
0 17
26 4
0 28
68 71
38 99
0 26
31 99
83 85
0 49
44 99
2 99
90 99
0 46
4 99
85 99
23 99
71 99
0 72
10 99
87 99
58 99
89 99
17 99
27 38
0 47
33 99
30 99
41 99
67 99
52 99
74 99
54 99
7 86
64 88
86 99
5 43
37 99
88 99
43 99
51 99
0 13
9 7
3 99
0 68
77 99
0 79
0 60
55 99
19 80
7 99
79 99
83 99
80 99
68 99
0 27
6 99
14 29
12 99
96 99
26 99
44 36
10 21
35 99
0 25
29 99
14 5
65 99
36 99
21 99
86 93
0 4
92 93
0 38
26 93
0 64
0 9
51 93
0 6
