5
74
14
32
26
39
100
49 42
0 40
0 28
0 49
0 89
22 33
45 99
0 94
0 86
44 99
17 99
46 99
15 99
67 99
80 99
62 60
22 60
52 60
4 77
10 60
88 60
4 23
86 60
79 60
25 60
66 60
38 60
97 60
30 60
82 60
87 60
51 85
30 85
81 85
5 85
36 85
31 85
56 66
4 67
4 35
53 66
3 66
4 49
19 66
50 66
4 61
4 86
4 44
4 81
37 83
37 50
37 16
37 21
94 87
57 66
83 66
68 66
61 66
90 66
80 66
94 72
94 82
76 48
93 48
94 5
77 91
94 79
94 11
94 3
93 67
93 80
93 83
13 48
91 48
96 48
93 82
93 53
93 9
93 13
93 27
93 77
93 78
36 50
36 75
36 81
36 70
80 27
36 46
38 48
36 30
36 52
38 25
38 51
17 48
38 2
38 58
21 20
84 48
38 17
38 89
