5
4
10
47
8
90
100
2 56
56 95
75 84
62 20
30 9
84 95
94 9
20 95
0 42
0 32
22 95
30 95
0 45
0 28
92 95
9 95
0 94
0 30
23 48
18 95
79 95
19 95
32 95
0 6
43 74
78 48
62 95
41 52
0 41
0 16
2 95
0 75
48 95
74 95
77 95
37 95
0 12
0 23
0 26
0 43
0 25
0 66
0 48
0 36
0 13
0 81
0 35
0 17
0 37
0 68
0 1
0 38
42 95
0 7
0 51
0 69
58 95
63 95
0 18
50 95
44 95
15 95
0 95
13 95
59 95
72 95
5 95
61 95
0 58
0 29
0 73
31 95
33 95
0 89
39 95
0 24
0 63
0 21
38 95
0 15
94 95
31 55
53 95
0 40
65 80
0 67
0 31
0 55
0 52
0 49
0 71
60 7
0 5
0 19
58 75
0 79
70 35
18 32
29 95
36 71
