5
92
80
15
90
45
100
81 93
41 93
89 93
54 35
0 11
0 54
1 93
0 46
0 48
0 76
0 24
0 93
65 93
0 43
0 42
0 23
35 93
0 71
0 25
0 64
2 93
18 93
17 86
56 93
4 93
51 93
86 93
32 93
53 93
62 93
46 93
0 57
20 93
0 17
0 61
57 93
0 83
0 35
0 8
75 93
0 52
0 40
0 22
70 93
87 93
26 93
43 93
29 93
77 93
67 93
70 17
0 65
8 93
12 93
50 93
17 93
0 70
0 78
49 52
56 52
8 52
39 52
57 52
2 52
0 41
89 52
24 52
0 85
11 52
0 36
79 52
16 52
18 52
14 69
59 52
14 6
14 67
27 52
14 23
14 19
30 52
75 52
10 52
14 78
62 52
14 68
74 52
83 52
14 35
14 85
48 52
14 72
61 52
14 5
70 52
81 52
14 33
14 28
14 61
20 52
