5
55
89
10
7
84
100
52 96
85 99
11 99
36 99
1 99
0 16
0 71
0 21
0 23
0 17
25 99
50 99
93 99
75 99
54 99
64 99
9 99
18 99
0 82
31 99
65 60
13 99
77 99
0 65
24 99
0 14
41 99
62 99
0 27
59 99
9 14
0 92
0 94
57 4
47 15
19 99
27 99
0 91
15 69
0 47
4 99
0 57
0 81
0 39
0 80
0 36
0 58
0 29
0 96
0 9
33 76
72 14
0 33
0 87
0 45
0 3
0 72
92 99
0 67
4 16
69 99
0 99
21 99
14 99
0 90
16 99
45 99
3 99
72 99
0 35
66 99
87 99
0 64
0 4
90 99
33 99
0 49
8 99
0 79
19 71
0 42
0 48
19 72
0 43
30 65
0 19
0 50
0 59
0 85
0 22
0 88
0 13
65 99
8 22
0 24
0 18
30 70
65 48
20 99
70 99
