5
57
36
32
17
41
100
0 59
0 26
19 38
0 22
38 59
49 59
0 40
0 35
20 59
56 18
10 59
21 52
22 4
25 35
45 52
22 52
28 52
34 52
55 9
22 47
54 47
25 56
22 18
25 29
25 11
25 44
22 55
22 11
22 29
6 47
16 47
5 47
11 47
6 18
19 11
35 11
38 11
22 58
22 51
22 50
22 46
5 45
31 45
15 8
38 45
21 45
43 45
6 45
16 34
7 3
30 27
30 38
16 37
30 37
44 37
24 37
8 7
28 7
15 20
29 10
40 10
30 10
43 10
33 20
49 26
51 26
31 28
49 28
13 28
16 24
21 50
40 50
16 55
2 55
15 58
15 23
15 16
15 12
31 13
29 58
23 58
23 1
23 44
23 54
19 58
33 58
23 2
42 58
8 51
43 48
42 48
35 19
49 30
56 2
54 40
23 8
56 43
13 43
35 1
33 1
