5
42
67
17
53
23
100
0 1
89 98
0 12
13 5
0 11
0 79
0 27
50 98
5 98
0 84
55 98
35 98
0 73
0 87
0 19
82 98
0 89
0 97
37 58
40 37
0 90
70 98
45 58
0 82
0 40
15 69
0 50
0 16
0 15
0 38
3 71
8 98
0 48
33 98
0 21
0 96
30 98
92 95
0 29
0 28
71 98
0 13
52 37
68 98
12 98
58 98
37 98
10 98
88 98
8 26
79 98
43 98
31 86
26 98
6 98
86 98
54 98
34 98
76 98
0 57
1 98
41 98
0 33
20 98
0 35
0 92
0 30
0 94
60 98
0 56
0 20
3 6
0 52
0 74
0 9
0 44
0 3
0 98
0 14
76 75
61 98
48 98
95 98
73 98
0 59
75 98
0 62
14 98
66 98
0 76
32 98
0 68
5 20
12 21
0 75
6 61
43 96
0 6
44 98
0 5
