5
67
80
62
65
92
100
24 61
0 24
0 26
52 97
49 29
0 21
0 16
61 97
0 1
28 69
0 7
85 97
0 5
50 97
0 10
0 28
86 45
0 3
35 49
0 14
0 20
0 19
0 42
0 44
77 97
0 22
60 97
74 7
0 31
0 43
12 53
0 17
76 97
49 97
46 70
2 69
0 27
47 83
68 97
91 97
0 2
0 34
69 97
0 47
0 11
70 97
53 97
85 48
58 97
46 55
51 97
90 97
0 12
0 13
95 97
0 39
0 46
83 97
87 97
0 35
0 41
0 4
55 97
30 90
0 40
0 18
79 97
84 97
85 41
0 8
33 56
54 97
50 19
75 97
56 97
72 97
37 63
86 97
0 15
40 74
71 97
66 97
0 30
0 33
0 6
37 81
36 74
0 25
0 29
0 37
63 97
0 38
74 97
0 48
0 36
0 23
73 97
0 9
78 97
0 32
