5
30
48
43
27
32
100
0 1
0 14
0 26
0 89
85 99
12 99
0 67
64 99
0 61
0 50
0 88
0 81
0 16
58 99
0 68
63 99
82 99
0 90
51 99
68 99
71 99
57 99
8 99
0 85
23 99
14 99
90 99
0 93
29 99
74 78
83 99
60 99
0 65
0 20
0 36
0 25
0 24
0 92
0 34
0 94
1 99
50 99
49 99
19 80
0 51
89 99
95 99
0 76
0 54
0 19
81 99
16 99
0 29
0 78
0 40
0 12
0 18
35 99
92 99
3 87
0 91
0 64
87 99
0 99
53 99
77 99
76 99
46 99
0 44
74 99
9 99
61 99
0 3
59 99
72 99
0 28
33 99
0 84
0 35
0 10
0 73
0 82
0 60
0 71
0 79
34 99
0 41
39 75
0 95
0 66
0 38
0 5
0 39
98 99
0 74
0 42
0 2
55 99
0 59
54 99
