5
64
76
42
91
46
100
93 99
0 57
0 7
0 30
0 34
79 99
11 99
49 99
9 19
0 9
0 8
0 35
0 33
0 17
0 43
53 26
19 99
62 99
16 69
22 99
26 99
82 99
69 99
25 61
58 99
63 99
13 99
56 99
30 99
57 99
68 99
75 99
23 99
90 99
88 99
50 99
53 99
6 99
77 99
1 99
0 28
66 99
89 99
29 17
0 95
0 97
0 44
40 72
0 25
0 81
0 29
0 52
87 99
34 99
0 65
0 85
72 99
0 80
83 99
27 99
36 99
4 99
86 99
17 99
47 99
0 5
41 99
0 19
9 99
0 53
70 99
98 99
0 69
97 99
15 99
0 1
80 99
0 62
0 23
81 99
48 99
0 89
32 99
43 99
35 99
44 99
1 84
13 84
58 84
65 84
48 84
8 84
0 83
0 6
0 84
0 37
0 18
89 84
56 84
52 84
