5
23
79
15
59
90
100
0 83
29 99
0 37
26 5
3 99
53 99
0 6
0 26
7 99
52 99
52 62
0 53
50 99
0 91
52 3
0 76
0 25
0 52
0 58
75 36
75 21
88 92
88 68
88 73
88 60
88 30
88 1
72 86
72 68
72 65
72 35
72 81
1 94
86 95
1 12
1 45
1 66
1 86
42 80
42 4
42 47
38 99
4 99
64 96
42 78
62 99
43 96
42 13
16 96
36 96
56 96
42 37
42 11
55 38
55 19
55 41
30 13
25 13
44 13
46 13
5 13
55 97
8 13
55 7
55 77
58 11
3 11
55 86
55 83
93 35
93 31
37 11
16 11
47 11
66 11
93 97
69 40
69 68
28 62
69 26
69 19
69 83
69 98
69 51
54 62
71 62
66 6
70 62
84 62
66 58
31 58
66 56
66 68
73 92
73 8
73 28
73 51
73 24
73 81
73 86
