5
88
95
84
8
5
100
60 69
25 31
98 99
75 83
7 10
93 94
37 44
30 38
46 47
25 32
67 76
16 24
67 74
72 80
19 25
0 4
38 44
10 12
65 70
7 3
0 2
0 3
6 11
0 7
13 17
0 6
0 1
9 16
3 10
9 11
9 10
9 3
9 13
9 15
94 99
51 54
75 77
71 79
91 99
53 60
64 69
45 54
51 59
17 25
70 78
46 49
53 62
59 63
56 64
92 99
98 96
90 99
93 99
89 96
96 99
90 97
72 78
71 76
63 67
52 59
47 52
89 97
91 97
94 97
30 37
93 97
98 97
82 90
9 18
9 14
9 17
26 32
92 97
91 93
33 42
54 63
82 87
54 62
2 10
31 39
94 96
87 96
90 96
91 96
92 96
90 93
85 89
87 89
89 93
86 93
85 93
33 41
9 12
4 12
4 13
9 6
9 2
9 4
1 10
9 7
