5
81
78
55
90
85
100
0 36
0 49
92 57
56 17
0 11
1 89
0 62
0 56
60 24
0 15
0 1
0 60
83 95
24 95
47 95
42 95
39 95
18 64
4 32
23 95
14 95
0 68
0 57
45 95
32 95
64 95
54 95
6 95
63 95
0 4
3 95
0 63
0 91
38 95
20 95
0 75
40 95
16 95
41 95
0 47
50 33
0 58
93 21
0 48
51 33
89 33
1 33
92 33
35 33
2 33
0 45
0 40
0 6
0 93
0 30
0 80
31 36
31 41
31 94
31 49
31 21
31 66
31 65
31 42
31 13
5 33
31 63
31 14
31 16
31 8
41 33
31 20
31 25
31 1
31 73
31 50
40 33
37 33
34 33
19 33
11 33
45 33
79 33
31 48
30 33
31 53
31 77
12 13
12 67
12 60
36 58
12 70
73 58
22 58
47 58
18 58
46 58
37 58
12 66
93 58
