5
9
7
89
77
24
100
0 57
17 32
0 80
0 17
0 70
0 19
0 34
20 32
0 20
0 37
0 63
32 91
40 91
36 91
41 91
33 91
57 91
18 91
11 91
0 88
64 91
0 73
0 49
0 40
16 91
0 65
0 46
0 56
0 91
0 4
0 72
0 47
0 31
0 90
0 11
50 91
0 2
44 83
0 27
0 13
0 35
85 91
28 91
39 91
0 42
0 22
90 91
0 79
0 71
0 62
0 50
47 30
0 44
0 54
88 91
0 85
0 81
0 86
0 32
0 23
19 91
0 67
70 91
0 48
83 91
0 69
0 28
0 84
30 91
0 76
0 5
0 87
0 53
0 45
0 38
0 8
0 12
0 75
0 43
21 91
0 26
0 55
39 48
0 61
0 60
0 3
0 39
0 36
0 83
31 91
0 21
0 18
0 66
0 41
0 59
48 91
68 53
8 91
0 68
42 91
