5
73
89
19
76
54
100
0 49
97 99
0 69
0 23
0 42
0 74
0 57
0 70
0 8
0 53
0 96
15 99
0 72
0 27
0 92
0 88
0 7
18 99
0 95
0 15
14 99
0 91
0 62
5 99
0 50
40 99
0 94
0 99
0 87
17 99
0 68
58 99
66 99
1 53
36 38
2 99
22 99
83 99
42 36
3 99
90 99
0 24
41 99
36 99
27 99
32 96
92 99
0 98
0 14
0 1
0 77
0 81
94 99
43 99
26 99
0 67
12 99
11 99
50 99
45 99
0 32
0 52
31 66
51 99
24 99
61 92
0 59
9 99
86 99
62 99
74 99
35 99
13 99
0 31
0 16
0 61
0 28
0 3
0 83
63 99
57 99
71 99
0 37
0 13
0 86
0 10
0 78
0 33
0 17
0 80
0 21
0 84
79 99
0 93
0 97
0 11
0 58
0 65
35 43
79 50
