5
14
84
46
10
18
100
21 98
0 8
26 96
0 49
0 26
0 88
0 29
0 21
0 69
2 98
0 57
74 71
0 6
47 98
60 98
0 27
22 98
0 70
0 68
75 3
0 72
12 98
0 9
0 56
0 61
0 4
3 98
71 98
0 48
17 98
26 98
81 98
0 91
97 98
0 83
0 75
0 54
0 53
0 20
0 35
0 19
92 98
0 13
0 50
0 86
57 98
0 67
82 98
39 98
88 29
0 95
0 73
0 64
0 80
53 98
55 41
29 98
45 98
59 98
55 40
63 98
55 13
55 58
55 65
55 1
55 77
31 98
19 98
11 98
89 98
58 98
4 98
55 43
54 98
55 39
36 98
55 12
13 98
50 98
69 98
44 98
8 65
36 65
55 49
11 65
72 65
91 65
41 65
71 65
40 65
55 3
90 65
55 67
78 65
1 65
55 19
55 54
21 65
88 65
64 65
