1
44
99
0 98
41 99
58 99
7 70
78 99
64 99
0 18
0 84
0 40
79 76
92 97
92 38
92 42
92 60
39 84
39 74
39 94
5 87
5 91
40 25
80 33
32 10
32 3
96 31
32 35
32 74
37 31
70 31
90 31
56 30
48 11
61 21
11 65
24 65
71 90
64 57
2 90
64 86
6 62
33 87
59 29
74 29
72 11
73 56
73 38
22 1
22 63
10 15
34 17
34 3
13 52
13 67
27 50
27 18
49 54
45 23
71 96
71 61
63 68
63 56
26 3
54 12
41 95
41 14
75 95
18 58
18 3
24 96
24 15
69 78
45 68
57 78
53 78
4 25
98 14
83 14
83 53
83 70
91 69
28 70
8 77
51 4
68 77
55 28
74 55
2 62
35 16
17 96
51 61
51 12
17 12
85 76
11 47
85 46
8 97
19 97
91 19
43 3
1 17
