5
27
17
59
22
58
100
2 48
69 79
0 25
29 79
62 79
55 79
69 60
47 79
0 2
0 73
21 79
0 4
0 45
0 51
0 11
51 41
68 7
68 37
18 3
18 10
18 9
18 64
18 35
53 3
73 36
60 36
19 36
9 34
43 55
53 5
53 63
10 55
45 32
63 32
5 32
53 2
77 32
48 32
75 32
29 32
16 25
5 70
48 1
4 13
29 13
19 1
29 1
64 1
5 1
42 54
30 56
73 56
42 66
16 43
16 67
16 37
16 23
9 67
3 7
3 20
3 44
3 19
52 77
52 67
60 6
60 12
46 12
60 67
42 5
76 5
64 5
47 5
77 63
4 24
65 24
77 48
57 24
77 19
61 10
6 10
71 10
44 29
48 29
43 42
19 8
71 8
45 8
37 4
20 4
43 65
12 65
64 65
73 2
19 33
43 75
43 48
28 44
28 12
19 67
62 67
