5
79
65
55
29
36
100
0 52
57 99
0 9
0 64
0 92
0 69
6 99
0 70
0 6
0 57
0 66
0 1
0 7
0 33
0 48
0 56
75 99
0 21
0 26
0 39
0 95
22 99
0 54
0 49
0 61
0 81
59 99
0 20
3 99
8 99
0 96
25 99
0 80
0 62
0 72
0 86
0 99
15 99
35 99
76 99
0 19
30 47
45 16
0 73
0 45
52 99
88 99
0 98
0 75
4 99
13 99
38 99
47 99
0 30
0 51
0 71
89 99
16 99
0 94
0 23
0 32
0 15
0 22
0 27
0 31
0 41
11 99
54 99
0 90
0 50
0 74
0 78
84 99
97 99
0 25
34 99
0 38
0 59
0 82
0 3
0 4
0 8
0 47
0 35
0 42
0 44
0 76
0 87
0 13
0 63
0 67
0 14
0 17
0 77
0 84
0 97
39 99
2 99
83 99
70 99
