5
45
53
34
23
8
100
0 51
0 22
0 42
9 96
11 96
0 57
51 95
39 62
62 96
0 13
0 75
95 96
0 92
0 46
0 87
28 96
70 89
0 82
40 96
4 96
10 96
70 56
0 61
0 14
19 56
89 96
15 96
0 39
0 70
22 96
56 96
19 74
65 96
61 55
0 28
27 96
74 96
0 96
0 63
20 96
0 19
64 96
0 1
55 96
49 96
30 96
67 96
0 10
0 76
57 96
0 41
75 72
12 60
0 62
40 83
0 77
0 12
33 96
0 21
0 68
72 96
0 74
60 96
66 96
78 96
83 96
84 96
0 2
91 96
0 40
26 96
14 96
12 96
0 18
80 96
0 50
0 36
17 96
0 65
0 91
0 54
69 96
0 84
5 96
0 31
75 96
37 96
0 64
0 4
0 20
0 83
0 60
81 96
0 58
0 37
0 44
4 41
18 96
82 96
72 35
