5
37
80
58
85
76
100
49 67
49 23
7 96
49 96
0 66
0 62
89 96
0 49
0 25
0 45
57 96
54 96
66 96
0 86
0 50
0 64
47 96
0 57
14 96
0 95
27 96
34 96
29 96
33 96
45 96
50 96
77 96
41 96
0 70
63 96
0 82
8 96
0 13
0 28
60 96
20 96
70 96
0 53
0 60
0 48
0 73
32 96
69 96
11 16
0 93
0 14
69 53
92 64
0 75
69 71
0 32
0 26
0 92
12 96
0 54
88 96
19 96
95 60
0 69
0 24
0 22
5 52
0 11
0 2
0 12
0 35
0 5
53 96
0 81
0 8
0 20
0 44
0 79
52 60
0 7
0 55
16 96
0 63
0 17
87 96
42 96
0 52
64 96
94 60
28 96
0 96
23 96
79 83
38 96
0 36
35 96
83 96
0 18
0 16
0 87
21 96
9 96
42 7
18 75
61 4
