0
100
0 99
1 99
0 98
30 32
92 93
73 75
62 64
26 28
74 75
88 90
95 97
94 96
51 52
25 27
35 37
31 32
96 97
98 99
38 40
46 48
90 92
89 91
91 93
94 95
37 39
40 42
39 41
42 44
83 85
82 84
86 88
86 87
84 85
9 11
10 12
41 43
48 50
49 51
34 36
33 35
52 54
51 53
54 56
55 57
81 83
87 89
33 34
60 61
62 61
77 79
80 82
45 47
44 46
53 55
56 58
9 10
57 59
58 60
2 3
1 3
0 2
78 79
61 63
80 79
3 5
4 5
6 5
6 8
7 8
63 65
64 66
36 38
25 26
18 20
17 19
12 14
17 18
15 16
14 16
13 15
11 13
19 21
20 22
23 24
22 24
21 23
65 67
68 70
66 67
68 69
73 74
70 72
71 72
69 71
47 49
43 45
27 29
30 31
28 29
76 78
