5
76
51
70
37
41
100
87 74
0 24
6 94
19 8
0 12
0 14
0 87
0 19
39 94
42 3
29 94
84 94
38 94
3 94
0 47
0 67
90 25
1 94
74 94
9 94
0 32
0 55
0 82
0 42
0 90
13 94
0 43
25 94
0 81
62 94
0 77
0 71
0 29
0 63
0 93
0 60
66 71
69 94
73 94
0 26
15 94
0 17
0 23
0 91
0 66
71 94
0 46
0 79
87 94
0 80
67 94
17 94
86 94
0 92
5 94
0 21
0 61
0 10
0 34
0 8
0 45
0 57
0 25
32 94
91 94
7 94
63 94
0 44
2 94
4 94
0 36
49 94
0 48
0 72
52 94
0 85
0 94
82 94
21 94
35 94
8 94
0 53
0 18
0 52
28 94
19 94
60 94
18 94
40 94
45 94
44 94
47 94
11 81
14 94
0 3
0 89
53 94
15 91
77 94
15 86
