5
4
41
26
37
19
100
0 50
3 50
0 11
20 50
0 22
0 23
33 50
0 40
0 44
0 47
1 2
0 1
0 3
9 23
0 9
0 10
0 16
0 20
0 31
0 33
0 35
22 50
0 45
0 46
11 50
44 50
47 50
2 50
29 50
30 50
48 34
48 42
23 50
40 50
7 50
24 50
34 50
42 50
48 9
10 43
11 43
20 43
39 43
48 10
48 11
9 43
48 20
31 43
48 35
48 44
48 45
48 47
48 2
48 5
48 21
48 29
48 30
48 36
12 43
13 43
15 43
7 43
8 43
39 23
39 33
35 34
39 44
39 14
39 38
39 10
16 34
39 22
23 34
33 34
39 35
39 49
39 28
39 12
44 34
47 34
13 34
40 34
45 34
17 34
15 34
32 34
14 34
21 44
21 47
21 18
21 20
16 38
21 22
3 38
44 38
21 13
21 27
21 42
45 38
47 38
