5
70
49
31
2
53
100
18 99
17 99
68 99
0 99
0 29
0 84
12 99
0 13
3 6
6 99
36 76
0 33
0 73
18 3
77 99
51 99
38 75
44 43
0 36
0 20
67 11
21 61
0 71
0 26
0 67
87 99
43 99
61 99
0 18
84 99
63 15
21 99
16 99
0 62
77 11
44 42
76 99
0 38
78 99
0 21
0 63
11 99
0 87
0 23
0 44
74 36
27 99
0 88
42 99
0 37
96 47
51 48
0 66
75 99
72 22
0 57
0 74
17 13
43 23
0 19
0 80
0 8
73 99
36 99
48 99
22 34
0 77
9 99
13 99
47 99
0 78
90 99
63 34
62 99
7 5
72 19
4 34
41 74
43 95
32 63
7 83
51 17
25 99
0 61
96 64
57 21
0 51
10 19
15 99
5 99
11 39
0 10
32 23
56 99
43 80
34 99
63 99
0 95
45 99
32 19
