5
63
20
4
56
40
100
59 13
87 99
80 85
98 99
0 59
83 99
52 85
88 99
59 99
14 45
51 85
45 85
73 69
57 69
36 69
0 32
72 36
84 69
0 30
48 69
96 69
77 69
0 54
0 43
16 52
0 16
0 74
0 10
5 59
0 29
35 59
81 59
49 59
0 6
1 59
64 5
17 59
64 68
64 90
58 59
64 82
86 59
14 21
58 21
64 28
93 21
51 19
64 1
64 48
72 19
72 30
72 31
28 19
72 76
86 19
72 71
72 9
72 18
86 98
86 91
81 88
81 62
96 94
96 29
31 7
39 19
22 19
31 53
31 34
31 42
82 19
71 29
80 19
71 3
71 16
1 19
71 60
49 19
27 47
8 47
50 47
98 47
87 47
35 24
1 58
1 11
1 54
16 24
1 45
1 39
1 15
1 28
91 74
91 12
91 52
8 7
8 61
8 89
8 39
8 26
