5
68
10
64
85
22
100
90 95
7 95
0 1
89 95
82 19
62 95
0 17
66 95
0 33
0 14
37 95
19 95
0 60
0 41
0 82
61 95
45 95
65 95
0 94
35 95
60 29
1 95
77 15
0 95
0 6
0 45
0 11
29 95
33 95
36 83
0 34
60 24
75 95
0 66
94 95
36 58
0 78
0 89
24 17
0 36
0 51
70 16
34 71
0 24
0 53
38 95
0 74
0 49
0 19
0 88
0 58
67 95
17 95
2 95
0 18
41 95
56 95
34 95
21 31
0 75
0 92
0 21
0 59
52 95
0 46
0 4
0 27
48 95
0 37
71 93
79 95
0 91
71 11
60 95
0 7
91 95
47 95
0 81
0 16
0 20
0 73
67 93
15 95
0 71
12 95
87 11
93 95
0 35
0 47
0 87
0 29
0 50
38 33
0 38
0 72
0 30
46 95
32 20
11 95
44 81
