5
19
15
14
18
27
100
61 62
56 60
92 93
46 47
83 86
59 63
58 62
5 8
59 62
44 45
84 85
90 96
90 93
6 7
94 95
40 42
40 41
47 48
43 45
66 72
20 25
22 23
16 21
92 94
91 93
12 13
58 63
71 74
77 81
74 79
75 77
75 74
92 95
86 88
86 87
8 11
10 11
8 9
9 11
72 75
80 81
74 77
73 78
76 81
23 29
26 28
24 28
20 21
24 26
42 41
36 37
25 26
22 21
85 87
89 90
85 88
1 4
1 3
0 1
2 3
4 6
2 1
4 5
8 12
11 12
50 56
52 53
54 55
54 53
50 52
72 73
70 73
72 74
62 63
64 66
65 66
64 63
89 87
62 65
64 67
43 46
35 37
35 41
44 46
41 45
42 43
44 43
39 43
64 65
67 66
69 70
68 66
30 35
36 41
34 35
32 33
13 16
21 23
81 85
17 16
