5
59
14
69
37
4
100
0 3
67 99
78 99
74 99
1 85
1 46
1 39
2 23
87 99
51 99
97 98
73 98
40 17
16 17
82 17
2 61
10 18
55 18
31 18
20 19
29 92
74 92
91 92
2 71
2 3
70 94
87 94
11 10
11 12
3 95
91 95
20 95
63 97
77 97
33 34
33 84
33 38
75 87
33 86
9 87
33 36
33 32
33 91
55 56
55 45
53 52
53 9
64 27
65 66
64 43
64 31
64 65
64 63
28 29
27 77
27 66
25 89
25 48
24 74
24 20
23 22
23 38
23 70
60 61
13 87
60 30
60 44
62 74
62 61
76 75
77 73
77 78
82 87
21 87
3 87
86 87
67 89
22 21
83 20
67 20
39 38
84 20
39 40
39 5
39 56
16 15
78 40
83 84
36 42
61 43
38 43
83 8
83 71
83 82
68 46
31 85
13 46
31 30
29 78
29 68
