5
54
28
36
33
13
100
67 99
86 99
5 99
67 47
0 79
53 99
55 99
26 99
0 64
47 99
44 99
31 99
0 77
9 99
0 89
83 99
45 99
12 99
76 99
77 99
84 99
52 99
0 42
1 99
73 99
37 90
0 17
0 74
64 99
14 99
46 90
10 99
90 99
0 56
0 29
12 98
20 99
15 99
0 99
0 91
98 72
12 69
72 99
0 75
66 99
0 46
0 2
1 19
0 39
0 65
19 99
0 80
0 69
0 12
11 99
25 99
63 99
53 50
91 99
89 99
0 72
82 99
0 19
37 99
0 88
2 32
0 63
0 41
8 99
17 99
69 99
0 53
32 99
27 99
0 21
61 2
58 99
74 99
4 99
57 99
30 99
18 99
76 38
34 21
83 72
79 99
38 99
68 99
87 21
72 21
37 21
61 21
46 21
44 21
88 21
9 21
71 21
89 21
20 21
74 21
