0
93
0 89
0 27
62 99
6 99
11 99
40 13
4 60
85 60
32 38
24 60
32 91
32 67
71 64
71 39
3 78
98 37
98 48
45 78
98 5
4 70
96 78
55 78
4 69
4 94
4 40
44 38
33 83
97 83
45 43
96 23
24 56
17 37
65 26
41 27
35 38
42 5
10 67
5 72
11 33
42 49
30 63
76 46
10 96
48 96
50 51
73 25
50 75
50 92
90 82
39 53
86 5
62 88
62 73
21 52
62 21
48 18
19 6
52 22
48 93
36 18
7 6
7 61
7 88
80 49
51 81
51 69
45 53
46 81
46 63
58 20
58 70
10 97
65 18
55 16
85 18
94 57
28 65
28 61
75 8
70 91
82 66
16 6
92 69
53 91
88 35
68 11
84 3
8 49
79 12
1 95
89 69
1 34
20 85
