5
23
26
30
32
36
100
0 59
0 1
2 59
0 3
4 59
0 5
6 59
7 59
8 59
0 9
10 59
0 11
12 59
0 13
14 59
15 59
16 59
0 17
18 59
0 19
20 59
0 21
22 59
24 59
0 25
0 27
28 59
0 29
31 59
0 33
34 59
0 35
0 37
38 59
39 59
40 59
0 41
42 59
0 43
44 59
0 45
46 59
47 59
48 59
0 49
50 59
0 51
52 59
0 53
0 54
0 55
0 56
0 57
0 58
1 59
3 59
5 59
9 59
11 59
13 59
17 59
19 59
21 59
25 59
27 59
2 29
2 33
0 2
29 59
33 59
35 59
37 59
41 59
4 43
0 4
43 59
0 6
45 59
49 59
51 59
53 59
54 59
55 59
56 59
57 59
0 7
0 8
0 10
0 12
0 14
0 15
0 16
0 18
0 20
0 22
0 24
0 28
0 31
0 34
0 38
