5
8
1
2
54
50
100
66 99
53 99
65 99
61 99
60 99
0 41
73 99
0 38
0 34
0 31
0 32
0 43
0 28
68 99
26 64
58 99
0 37
62 99
0 29
19 64
23 67
97 99
93 99
5 46
90 99
0 27
0 20
83 99
0 10
89 99
86 99
87 99
75 99
0 5
0 17
81 99
0 16
80 99
35 64
0 26
0 13
0 4
0 18
0 7
94 99
85 99
0 14
92 99
0 11
67 99
0 25
0 19
0 6
0 23
0 9
76 99
3 37
84 99
82 99
3 43
79 99
78 99
64 99
91 99
72 99
98 99
88 99
3 26
3 31
61 95
3 34
66 95
65 95
3 27
3 51
3 15
55 95
3 20
3 44
3 7
56 95
3 14
3 12
3 23
60 95
53 95
59 95
58 95
3 16
3 29
3 4
74 95
3 6
84 95
3 17
3 19
3 5
3 13
3 11
10 40
