5
24
44
85
16
52
100
0 1
0 6
67 80
0 31
0 64
0 71
0 61
80 99
0 87
6 99
72 99
42 99
25 99
88 99
75 99
0 17
2 99
0 98
92 87
0 13
0 89
49 99
53 99
6 34
42 1
38 9
0 12
92 32
81 73
88 4
82 99
0 51
9 99
0 88
0 92
0 3
0 28
73 99
66 99
58 87
94 28
15 99
34 99
0 54
87 99
0 29
68 99
83 99
0 94
43 99
55 84
0 79
38 99
35 99
86 99
0 58
84 99
62 99
0 11
0 68
0 55
0 41
0 40
0 80
79 99
20 99
10 99
50 99
0 43
0 30
0 95
0 50
67 75
0 67
69 76
64 98
0 59
90 99
0 32
0 8
0 45
0 4
0 69
27 99
0 90
0 33
83 19
0 91
0 65
0 83
98 99
93 55
12 99
96 50
93 40
71 99
63 99
31 99
39 99
56 99
