0
93
0 99
97 98
0 1
41 91
4 98
45 46
41 97
90 46
41 40
42 38
13 14
43 76
43 4
45 25
56 55
56 89
57 86
61 48
57 73
67 48
49 48
57 3
93 48
71 14
54 15
57 58
17 16
35 16
60 59
61 91
62 49
64 91
64 65
37 96
37 38
35 31
35 58
34 33
26 84
80 69
68 69
71 69
71 70
74 4
3 4
5 4
9 8
5 6
26 27
2 10
76 75
26 25
78 72
80 81
80 59
55 54
80 32
80 90
10 11
12 11
52 81
83 82
84 82
88 87
13 12
21 22
24 23
88 89
67 23
87 23
75 20
91 90
20 21
84 53
59 18
17 18
84 51
86 87
67 66
31 30
31 53
31 93
97 29
33 13
33 75
24 91
72 73
71 30
95 29
96 17
96 97
93 92
50 51
