5
5
77
35
16
42
100
0 89
4 89
66 89
65 89
0 28
25 43
0 80
0 25
0 66
0 73
78 56
2 56
67 56
4 38
0 86
31 38
87 38
48 38
57 38
0 82
53 38
75 38
20 38
0 40
9 46
0 85
31 85
10 85
11 85
0 27
78 58
78 57
78 1
78 20
78 40
78 31
78 55
78 47
83 6
83 27
83 60
83 28
83 12
11 50
83 32
83 11
47 76
47 62
63 68
71 85
69 85
1 85
36 85
33 85
60 55
71 55
4 55
2 55
63 26
63 49
48 52
48 86
60 51
1 51
19 51
26 51
54 51
19 59
1 59
3 87
76 87
23 87
36 87
48 8
24 87
43 87
48 74
81 8
67 8
48 36
48 44
81 9
81 49
81 40
81 37
81 86
28 69
28 7
28 37
28 1
28 27
28 76
28 49
44 50
44 49
25 8
73 8
86 74
49 41
36 74
