5
2
97
6
4
87
100
0 99
68 99
0 85
29 99
60 99
19 99
74 99
59 99
0 22
41 99
0 31
49 99
69 99
52 81
0 9
0 7
0 76
0 52
77 99
0 69
0 10
90 99
0 94
0 93
0 91
0 60
31 99
62 99
0 41
28 37
73 99
0 48
22 99
57 99
91 99
54 99
39 99
0 18
66 99
0 36
0 50
78 37
12 99
0 86
16 99
52 99
0 70
72 99
37 99
0 55
0 28
94 99
98 99
20 99
0 11
88 99
0 98
76 99
34 99
86 99
0 53
56 99
0 46
38 99
55 99
93 99
70 99
0 77
23 99
0 84
33 11
0 96
0 32
42 99
7 99
11 99
61 99
40 99
0 33
0 1
89 99
45 99
85 99
0 34
28 99
44 99
63 99
0 20
0 23
80 99
47 99
75 99
58 99
0 81
0 65
59 96
35 99
81 99
51 99
0 8
