5
5
11
17
21
27
100
0 1
2 99
0 3
4 99
6 99
7 99
8 99
0 9
10 99
12 99
0 13
14 99
15 99
16 99
18 99
0 19
20 99
22 99
23 99
24 99
0 25
26 99
28 99
0 29
30 99
31 99
32 99
0 33
34 99
0 35
36 99
0 37
38 99
39 99
40 99
0 41
42 99
0 43
44 99
0 45
46 99
47 99
48 99
0 49
50 99
0 51
52 99
0 53
54 99
55 99
56 99
0 57
58 99
0 59
60 99
0 61
62 99
63 99
64 99
0 65
66 99
0 67
68 99
0 69
70 99
71 99
72 99
0 73
74 99
0 75
76 99
0 77
78 99
79 99
80 99
0 81
82 99
0 83
84 99
0 85
86 99
87 99
88 99
0 89
90 99
0 91
92 99
0 93
94 99
95 99
96 99
0 97
0 98
0 2
0 4
9 99
13 99
19 99
25 99
29 99
