5
73
9
13
69
6
100
0 99
0 33
0 61
16 99
0 75
8 99
17 99
57 99
41 99
60 99
31 99
42 99
82 99
0 98
2 99
23 99
0 11
45 99
22 99
0 38
0 95
39 99
81 99
0 17
0 67
0 57
0 31
0 80
11 99
28 10
0 28
0 23
0 70
0 84
29 99
0 18
25 14
36 7
93 99
66 14
56 99
44 99
0 40
0 83
0 79
37 99
0 43
0 25
84 99
14 99
36 92
0 35
81 79
66 99
94 99
47 77
55 99
0 59
0 81
18 77
0 22
0 53
0 36
0 66
0 82
77 99
60 20
0 58
65 99
0 1
0 42
76 28
79 99
4 92
74 99
0 37
60 63
0 15
49 99
52 99
80 99
0 76
35 99
92 99
86 99
53 99
66 33
0 60
18 99
0 51
33 99
97 99
0 3
85 99
94 44
0 55
0 47
19 99
0 45
0 65
