5
65
60
59
58
73
100
86 87
98 99
94 97
94 96
94 95
80 82
79 83
79 82
81 88
81 87
75 77
72 74
10 11
77 79
74 76
79 81
49 53
30 32
83 84
82 84
97 99
89 96
89 95
93 99
89 93
92 99
76 78
72 78
75 87
72 75
66 69
69 81
64 69
64 68
64 67
64 66
78 84
78 81
80 92
80 89
80 88
80 87
80 86
80 85
87 88
84 85
84 96
92 96
95 99
95 96
92 93
89 91
90 99
90 96
89 90
87 99
87 96
87 93
0 1
5 8
13 14
86 93
91 99
96 99
87 90
82 99
94 99
82 88
86 99
82 86
85 99
88 99
89 99
82 83
70 72
75 99
75 83
81 99
84 99
83 99
78 99
80 99
71 99
77 99
71 74
68 74
68 70
64 99
76 99
79 99
16 18
21 23
53 57
52 74
70 99
70 74
69 99
0 2
3 5
4 5
