0
96
58 64
0 58
42 94
74 29
42 54
42 19
76 97
5 93
25 28
25 27
58 71
58 65
58 69
44 73
88 77
88 45
73 10
96 97
96 54
21 18
54 90
6 12
1 45
41 18
51 40
85 99
1 74
29 99
46 23
46 17
46 34
85 53
39 4
39 61
75 84
75 30
26 69
26 64
74 41
91 11
22 99
2 50
2 68
10 99
59 99
12 57
33 57
86 89
12 89
31 94
31 84
4 89
81 89
35 98
68 98
28 45
64 84
28 84
20 52
20 49
20 69
55 64
12 59
87 50
30 17
79 94
35 37
66 37
63 22
56 47
30 40
30 68
71 52
35 78
69 48
69 7
50 7
78 65
61 48
67 18
77 18
40 18
16 18
92 17
79 52
27 48
93 95
13 48
27 8
27 10
70 49
38 43
13 79
38 32
49 66
33 13
