5
77
89
44
13
57
100
0 6
0 68
29 99
0 37
64 99
60 99
0 90
0 61
0 76
21 15
21 95
28 99
82 99
27 99
37 72
22 72
21 91
21 40
64 72
66 72
98 72
35 72
14 97
14 24
73 72
78 72
97 80
14 40
63 80
14 33
51 80
25 19
31 19
9 19
62 19
65 19
54 19
58 19
29 19
8 19
65 74
14 93
85 74
79 74
14 28
14 69
14 62
14 42
14 61
14 38
36 74
63 91
63 2
63 37
32 74
33 74
27 74
22 74
18 74
59 74
60 93
78 93
66 88
15 88
63 64
37 88
81 88
94 88
22 88
63 84
64 88
20 88
63 73
63 15
63 36
86 88
30 95
42 88
7 88
30 81
62 32
96 32
64 32
65 32
60 32
58 32
97 95
85 95
78 95
30 71
46 95
53 95
4 18
71 18
96 18
27 18
45 18
51 18
30 34
29 71
