5
85
75
69
12
58
100
17 52
76 93
30 93
0 32
37 93
50 93
34 93
0 48
0 90
0 35
79 29
37 38
0 46
0 37
10 83
44 93
0 41
29 93
0 10
0 79
0 76
89 93
83 93
47 93
72 55
13 93
0 57
90 93
55 93
0 72
54 93
0 45
6 93
0 82
0 30
67 93
80 93
11 93
56 8
0 78
16 36
0 68
61 93
0 16
0 53
8 93
88 93
2 93
0 6
14 77
15 93
0 54
36 93
5 93
0 14
20 40
0 83
0 71
0 52
0 88
0 65
0 93
77 93
0 20
0 22
7 40
39 93
0 8
40 93
26 77
0 7
51 43
0 5
0 59
84 93
73 93
71 93
60 93
43 93
1 93
0 51
81 93
0 86
0 26
0 39
80 3
78 93
0 19
33 93
0 36
0 24
3 93
0 1
0 66
92 93
35 93
18 93
59 53
27 5
40 53
