5
72
5
58
6
73
100
0 94
0 27
0 36
0 39
0 14
0 55
0 28
77 96
53 96
85 75
89 96
27 96
57 96
40 33
0 95
0 76
0 67
85 1
0 90
20 96
0 85
33 96
0 38
43 96
24 96
29 96
0 82
0 62
0 91
0 48
0 35
0 53
0 88
0 30
95 96
0 15
0 74
81 96
1 96
0 18
0 42
0 81
39 96
37 96
12 96
75 96
0 45
0 41
64 96
0 49
0 44
0 8
69 96
0 12
34 96
0 87
15 96
70 96
30 96
0 77
0 50
0 61
86 96
51 96
0 68
0 63
0 7
0 33
0 86
0 26
83 74
92 96
0 23
0 64
0 16
74 96
47 96
22 82
0 83
36 96
0 17
0 96
0 22
94 96
7 96
0 89
90 96
0 71
0 54
67 96
0 20
76 96
56 96
46 96
43 9
41 90
36 48
48 96
0 43
25 71
