5
68
83
49
50
67
100
45 99
89 99
0 99
98 57
0 45
0 72
0 48
0 62
76 99
35 21
0 35
0 25
80 99
57 99
45 65
65 8
0 89
98 44
58 99
87 99
59 99
75 40
73 99
44 99
0 21
0 27
52 84
0 61
56 99
8 99
15 99
38 99
0 65
0 41
0 55
0 94
20 99
0 54
5 62
14 69
0 91
0 73
0 97
0 92
0 14
0 81
0 16
10 62
0 15
12 99
0 70
7 99
2 46
41 99
10 20
62 99
79 78
0 2
98 5
0 10
71 13
41 48
0 3
0 98
0 23
0 79
12 62
90 40
0 77
0 47
0 90
60 42
88 96
0 71
81 99
0 88
6 99
69 99
13 99
1 85
0 12
0 37
1 9
42 99
0 80
0 38
48 99
0 30
0 84
51 54
0 57
4 99
0 63
0 13
17 99
94 95
60 84
31 99
0 60
0 59
