2
15
14
99
1 29
40 46
44 49
42 47
35 40
29 35
36 39
32 33
41 45
50 54
36 40
52 53
39 33
53 60
54 60
49 56
57 59
55 56
57 58
48 51
50 53
37 46
46 52
32 40
0 1
37 39
42 43
42 39
46 47
38 33
39 43
34 33
38 43
44 43
58 60
28 30
27 30
12 30
13 30
18 30
29 30
29 26
0 5
27 26
25 26
22 26
28 24
27 23
23 26
24 26
2 28
1 28
1 27
29 28
29 27
25 27
24 27
21 25
22 25
23 25
24 25
2 29
0 3
6 3
7 3
1 3
2 3
5 3
0 4
7 4
8 4
1 4
6 4
5 4
0 2
5 1
5 2
0 6
0 8
7 6
10 6
5 6
9 6
7 8
7 5
7 10
7 9
11 8
10 8
12 8
9 8
11 9
10 9
12 9
10 13
11 13
11 10
12 13
17 13
