5
19
77
2
72
43
100
0 92
22 99
0 48
0 95
60 99
29 38
21 8
7 38
21 37
32 79
3 38
54 38
67 38
86 82
41 82
64 82
1 82
10 82
80 24
92 24
39 69
16 69
81 69
85 69
20 69
85 27
1 87
68 87
32 65
47 87
32 50
32 7
86 87
36 3
36 48
26 87
36 29
78 87
17 60
53 60
63 60
50 60
23 3
97 3
13 3
22 3
79 3
36 58
36 90
93 9
57 9
62 9
48 9
28 9
95 44
36 56
36 37
36 12
73 75
93 44
66 44
85 81
85 92
85 46
85 11
48 74
13 30
31 44
48 13
83 16
6 30
95 31
53 31
83 88
81 61
58 90
4 61
58 45
58 86
91 65
91 28
92 98
91 17
16 98
80 98
8 98
53 98
16 84
28 74
79 92
79 81
79 28
41 74
6 74
80 59
51 8
25 45
25 20
14 40
14 62
