5
20
42
4
51
96
100
80 99
0 50
97 99
79 71
79 49
0 33
71 99
49 99
0 12
87 72
1 99
0 79
41 99
0 87
0 56
78 99
0 37
67 99
57 2
25 99
85 99
0 40
36 99
0 45
61 9
50 99
2 99
5 99
38 99
23 99
72 89
75 99
87 99
13 99
61 99
76 99
66 99
93 99
56 99
43 99
90 99
0 29
0 55
0 10
66 79
0 72
55 12
52 99
92 99
15 99
77 99
58 99
57 99
79 99
55 14
24 99
0 44
0 30
94 41
35 99
14 99
0 36
0 66
45 99
89 99
0 94
0 54
0 34
0 35
0 84
0 93
0 14
0 2
0 47
0 65
0 1
6 99
0 69
67 13
32 99
74 9
0 70
59 99
22 99
82 99
47 99
0 53
0 91
17 99
24 77
37 99
0 74
98 99
0 85
86 99
23 83
32 57
0 99
23 11
21 99
