5
5
69
87
25
43
100
60 99
74 48
48 99
61 78
23 99
92 37
0 19
0 58
79 99
0 92
0 88
49 99
98 70
78 99
20 99
77 99
58 99
76 99
15 99
90 99
6 99
83 99
2 52
84 99
52 99
92 99
0 99
66 99
50 99
82 99
30 99
85 99
3 99
97 99
0 2
94 99
12 74
67 99
0 61
18 88
0 7
72 99
89 99
0 98
56 99
0 18
15 62
0 93
1 93
0 12
0 15
0 22
0 1
62 29
0 20
0 23
0 62
0 67
0 47
0 63
0 30
0 71
59 99
0 84
0 34
0 38
0 39
0 9
29 99
0 57
0 26
0 31
0 6
0 95
74 99
0 72
47 88
80 99
54 99
0 37
51 31
88 99
37 45
0 14
31 99
8 99
45 99
75 99
0 33
0 44
93 99
0 4
98 99
0 94
0 75
27 97
65 99
71 99
37 99
57 24
