5
45
9
44
71
83
100
0 99
94 33
0 72
12 15
0 78
0 26
87 97
20 99
17 99
0 23
86 66
33 99
46 99
0 85
81 99
47 99
49 99
60 99
66 99
0 87
0 28
86 49
0 43
0 13
0 86
0 20
35 99
0 98
32 99
0 52
0 82
0 48
37 18
0 51
0 64
0 37
55 99
3 99
14 99
41 28
86 99
25 99
73 99
0 24
89 99
28 99
50 99
0 41
98 99
0 67
51 99
48 12
13 99
29 58
0 32
82 99
0 39
12 99
24 99
0 33
0 29
0 92
48 99
75 11
0 6
43 99
0 68
0 25
12 27
74 57
22 99
56 99
0 7
0 12
96 99
0 94
76 10
26 99
0 4
0 19
0 89
40 99
57 99
2 99
0 76
0 58
0 38
0 17
0 22
0 75
10 16
7 99
59 99
77 99
78 99
65 99
15 99
30 99
0 91
81 84
