5
42
40
26
34
25
100
27 32
39 44
16 17
17 22
28 30
38 41
0 1
0 4
0 2
3 6
3 8
15 20
7 12
14 19
7 10
7 9
7 11
7 4
7 1
2 8
2 6
39 43
28 29
27 31
15 19
5 10
12 15
5 9
5 12
5 11
6 10
5 4
6 11
1 8
6 9
8 9
8 12
8 10
18 23
11 16
11 15
11 13
14 17
14 18
31 36
14 20
14 10
14 12
9 16
9 15
13 19
13 17
13 20
13 18
13 10
16 20
16 18
16 19
15 18
17 23
17 24
21 27
21 28
21 18
21 20
19 24
19 22
23 27
23 28
20 22
51 53
49 53
50 53
47 52
48 52
45 52
43 46
41 46
44 46
49 46
50 46
48 51
45 51
41 47
43 47
44 47
50 47
48 49
43 45
41 45
44 45
44 48
41 48
38 43
36 37
33 37
35 37
39 41
24 27
24 28
