5
2
93
82
87
41
100
26 95
78 95
0 26
21 52
23 95
17 95
0 46
0 13
0 33
0 29
36 95
27 95
4 44
0 91
0 81
0 21
0 57
47 44
49 95
0 76
40 92
0 67
0 40
0 53
0 27
0 15
66 95
0 5
45 95
0 95
28 95
0 49
86 95
44 95
84 95
22 95
80 95
34 25
5 95
0 31
0 45
9 95
0 68
0 47
0 8
19 95
0 69
0 24
59 95
0 73
68 95
0 22
0 56
0 42
62 95
10 95
89 95
4 95
64 95
4 6
60 95
79 95
0 59
57 95
63 95
6 95
18 95
77 95
75 95
47 67
34 95
0 39
16 57
65 95
67 95
0 78
47 95
46 95
76 95
15 95
0 16
0 19
43 95
69 95
0 4
58 51
38 95
0 63
0 3
0 25
0 58
0 14
0 10
0 65
0 48
52 42
0 72
84 35
0 52
85 60
