5
32
64
39
75
4
100
0 30
5 79
3 41
49 79
29 79
26 79
71 79
24 79
0 46
31 79
41 79
49 58
46 79
31 43
42 61
0 16
2 79
0 1
0 66
0 31
0 42
0 7
8 79
28 69
0 2
58 79
57 79
0 18
0 24
0 12
43 79
69 79
65 79
36 79
77 79
17 79
73 79
0 59
0 19
0 56
0 5
0 41
0 58
0 35
1 79
73 61
15 79
44 79
68 3
16 79
3 78
5 78
61 78
49 78
30 78
15 78
0 51
72 78
0 25
0 70
31 78
0 26
0 50
0 68
9 36
9 10
9 57
9 73
9 59
37 78
9 24
9 1
9 33
9 31
9 23
9 19
9 18
9 22
21 78
59 78
2 78
9 77
9 65
9 68
51 78
45 78
9 50
13 78
9 11
9 41
9 38
77 78
35 78
50 78
27 78
10 78
60 78
35 20
55 18
55 20
