5
47
16
3
66
2
98
0 79
77 79
52 50
78 79
1 79
72 50
24 7
26 68
74 68
30 68
0 26
0 64
19 1
0 34
0 31
60 1
73 1
61 1
24 27
0 15
0 37
36 1
53 22
28 1
0 58
0 48
0 46
42 11
42 1
0 25
49 1
77 1
53 1
4 1
58 1
0 30
69 1
72 1
18 1
31 1
0 14
26 1
0 42
0 19
0 44
38 1
0 60
8 1
0 70
64 1
0 77
0 73
18 4
69 70
0 33
0 53
41 1
0 24
0 17
65 4
0 49
30 1
9 1
0 20
59 1
4 22
34 1
43 1
0 21
14 1
63 1
6 1
54 1
4 70
35 40
48 1
10 1
11 1
70 1
63 22
39 44
70 67
54 67
75 73
4 73
48 73
4 63
41 63
23 41
17 41
31 12
72 60
38 60
52 9
6 10
14 10
53 33
4 33
