5
63
25
3
55
38
100
65 94
58 94
26 94
13 94
61 22
16 94
80 94
0 2
68 9
0 14
91 94
0 19
0 61
22 94
9 94
56 94
93 94
62 75
53 94
17 94
0 44
0 68
0 82
0 62
0 8
0 66
52 94
75 94
4 94
0 59
0 85
45 94
66 94
57 94
28 94
27 94
0 48
0 79
0 76
0 93
0 40
0 15
47 94
0 5
12 94
0 90
15 94
0 49
0 81
0 64
20 94
0 67
5 94
0 65
61 94
69 94
0 29
77 94
70 49
68 94
0 87
0 6
0 51
0 69
0 20
0 18
86 94
0 57
89 14
6 94
49 94
60 94
82 94
0 53
35 94
14 94
67 94
0 83
0 70
0 26
0 78
0 72
0 10
0 56
0 92
0 42
0 34
0 46
23 94
0 77
0 28
0 35
0 94
0 1
39 94
0 30
0 52
32 94
0 21
89 94
