5
69
61
85
37
84
100
18 20
0 9
62 99
0 65
0 28
18 2
18 93
18 95
18 32
52 71
52 60
52 12
39 99
52 42
52 76
52 39
98 67
20 99
98 40
98 11
98 39
33 99
98 91
19 99
3 76
3 96
3 62
3 64
90 35
49 35
91 35
19 35
3 72
3 6
59 30
2 30
42 30
43 30
41 30
88 95
63 95
33 53
55 95
93 95
68 95
70 66
88 66
8 66
17 60
39 60
76 60
31 60
64 60
41 38
71 38
20 38
63 38
21 28
53 28
50 32
78 32
17 32
25 32
91 32
33 36
12 32
80 32
14 32
49 31
55 31
1 15
33 50
40 15
33 92
49 15
14 15
80 15
73 13
90 27
73 41
73 22
20 27
73 87
73 5
94 27
73 21
7 27
79 27
40 27
88 82
71 67
64 67
25 67
4 74
43 74
88 44
88 87
88 47
88 49
48 25
