5
62
46
94
73
71
100
0 34
58 99
60 63
0 42
0 17
0 99
52 99
63 99
39 99
60 99
49 99
33 99
0 70
34 99
75 99
66 99
23 99
0 52
55 99
24 78
29 99
85 99
0 91
42 99
0 16
10 99
0 87
0 39
0 40
0 63
0 3
27 99
14 74
13 44
85 19
0 13
0 9
43 99
69 99
61 99
79 99
87 99
82 99
67 95
85 17
0 14
0 60
76 95
0 85
0 67
0 44
0 77
0 33
0 43
5 86
0 6
0 54
0 47
0 5
0 83
4 78
0 12
0 84
0 4
0 8
0 1
0 95
0 74
0 35
40 99
0 15
0 68
66 83
88 99
78 99
95 99
0 49
69 89
45 99
86 99
0 66
89 99
57 99
65 99
12 99
0 28
0 90
23 16
72 99
0 20
0 58
0 45
0 72
16 99
29 76
29 70
48 25
0 30
48 21
0 93
