5
11
93
3
63
42
100
0 52
0 94
0 35
61 94
0 25
0 83
0 14
13 94
0 33
69 77
0 70
77 94
8 44
72 13
85 94
0 61
39 94
44 94
5 94
89 94
84 94
0 56
12 94
62 94
0 34
0 76
47 94
0 72
0 39
0 80
0 43
25 94
87 94
0 79
0 69
49 21
65 94
91 94
51 94
81 94
23 94
0 49
32 59
30 94
0 48
0 8
0 40
0 17
0 21
31 94
0 36
46 94
0 66
83 94
34 94
8 94
0 31
64 94
26 94
41 94
82 94
88 94
0 37
0 28
0 38
0 86
0 9
16 94
0 57
21 56
0 55
14 94
0 65
0 26
0 54
56 94
79 94
0 18
53 94
0 60
57 94
45 18
0 81
0 92
0 45
69 73
75 27
64 9
0 6
0 64
0 84
48 94
73 94
0 90
0 7
0 75
50 94
71 21
0 82
49 94
