5
28
32
68
95
5
100
66 97
0 14
44 41
0 51
45 72
0 45
23 99
74 76
41 99
0 94
0 40
16 70
3 99
0 62
0 74
97 99
76 99
0 16
0 34
0 41
0 71
39 99
75 99
0 37
0 59
0 75
35 99
64 99
90 99
20 99
98 99
0 86
0 83
84 14
0 79
0 84
0 17
13 99
14 99
11 99
25 99
83 99
66 99
40 99
0 6
0 11
0 39
0 67
0 98
0 60
38 99
0 93
55 99
17 99
43 99
93 99
0 69
0 89
1 4
0 9
0 50
21 99
0 25
0 22
0 1
0 19
81 99
0 12
4 99
0 35
34 99
94 99
74 99
96 99
1 99
0 72
53 99
0 85
0 97
0 29
9 99
72 99
29 99
0 8
0 43
0 27
0 54
80 99
73 99
86 99
59 99
0 82
0 30
0 88
0 64
0 58
0 70
0 47
38 18
0 44
