5
90
50
80
95
73
100
21 98
0 21
0 60
85 18
23 99
69 99
2 99
0 22
0 10
0 84
0 13
0 26
76 44
71 36
18 99
34 99
0 76
43 99
0 79
44 31
0 74
0 1
86 36
0 91
25 99
0 71
97 29
0 43
48 51
20 99
2 36
0 78
0 48
53 7
0 34
87 99
55 20
0 99
0 44
0 96
0 72
26 92
0 55
0 25
12 99
0 53
0 52
0 98
0 2
92 99
57 67
0 11
5 99
67 99
0 18
10 51
29 99
36 99
0 33
4 99
91 99
81 83
51 99
83 99
84 99
28 99
17 99
0 7
48 99
46 59
85 99
93 99
60 99
22 99
70 7
14 65
13 99
35 99
6 99
7 99
59 99
0 30
15 99
0 87
56 99
52 99
0 14
68 99
31 99
0 17
0 35
94 99
0 46
66 99
0 70
23 63
0 61
0 68
63 99
0 19
