5
74
22
59
20
9
100
34 80
8 80
7 80
44 80
30 80
0 34
24 80
68 80
69 80
23 80
5 80
51 80
18 80
58 80
15 80
26 80
43 41
54 80
36 80
30 73
29 80
28 80
73 80
42 80
52 80
0 49
0 7
25 80
0 17
0 43
45 12
3 80
0 78
0 30
56 80
0 54
60 80
63 80
0 33
4 80
0 45
0 21
79 80
42 26
0 63
0 69
0 44
0 77
0 19
46 80
0 76
0 15
65 80
0 12
2 80
72 77
11 80
50 80
21 80
77 80
57 80
0 66
0 75
0 31
43 80
41 80
61 80
64 80
0 72
0 11
0 53
0 58
0 32
0 68
0 51
0 5
0 4
0 38
0 6
0 73
55 80
48 80
0 29
49 80
76 80
17 80
0 46
0 55
35 80
0 48
0 2
0 36
18 31
37 80
1 80
0 13
33 80
66 80
42 5
0 23
