5
74
44
72
96
1
100
0 23
84 98
59 98
0 4
14 98
18 98
71 98
0 61
60 98
21 98
0 91
7 77
53 23
0 22
26 29
0 6
92 98
0 60
49 91
0 26
4 98
0 21
0 25
23 98
90 98
17 98
7 98
5 98
0 48
43 95
14 91
0 58
71 97
65 98
6 98
20 98
18 55
28 98
0 41
0 75
46 98
0 49
43 55
63 60
0 56
0 89
0 17
9 98
4 27
7 52
79 98
5 38
42 62
0 33
0 3
0 43
85 98
22 98
0 79
15 98
35 98
95 98
10 98
0 30
42 40
0 38
0 7
68 98
77 98
0 81
50 98
0 82
83 98
59 48
0 76
30 27
0 54
61 98
91 98
0 18
27 98
0 53
0 94
8 98
0 70
0 59
12 38
0 29
0 42
87 98
0 84
76 98
0 14
0 34
78 75
48 98
28 30
0 40
78 98
87 94
