0
98
0 99
<<<<<<< HEAD
30 32
62 64
94 96
1 3
0 2
24 26
40 41
25 27
28 29
26 28
64 66
95 97
27 29
30 31
39 41
47 49
65 66
70 71
36 38
=======
24 26
30 32
98 97
62 64
34 35
40 41
25 27
26 28
64 66
27 29
39 41
47 49
65 66
36 38
70 71
>>>>>>> c5ecc4e947455971345391f919ae243a8842fc1b
38 40
52 53
37 39
10 12
<<<<<<< HEAD
56 57
83 85
86 88
9 11
48 50
18 20
23 25
49 51
84 85
86 87
43 45
42 44
81 83
82 84
22 24
19 21
22 23
20 21
87 89
4 5
=======
22 24
83 85
88 90
1 3
0 2
56 57
22 23
28 29
30 31
9 11
48 50
49 51
23 25
19 21
20 21
18 20
43 45
42 44
63 65
4 5
81 83
82 84
>>>>>>> c5ecc4e947455971345391f919ae243a8842fc1b
6 8
3 5
78 80
77 79
<<<<<<< HEAD
98 97
2 4
63 65
44 46
47 48
45 46
9 10
7 8
88 90
89 91
73 75
72 74
71 73
74 76
75 76
77 78
68 70
71 72
67 69
67 68
35 37
92 94
90 91
92 93
93 95
31 32
35 36
33 34
59 61
56 58
57 59
58 60
33 32
53 55
54 55
52 54
42 43
6 7
60 62
61 63
18 19
15 17
16 17
11 12
50 51
79 81
80 82
=======
2 4
67 69
46 48
45 47
44 46
67 68
68 70
73 75
72 74
74 76
71 73
75 76
77 78
69 71
9 10
7 8
84 86
85 87
86 88
87 89
6 7
42 43
89 91
92 94
90 91
92 93
57 59
56 58
53 55
54 55
52 54
58 60
59 61
50 51
60 62
61 63
33 35
31 32
33 34
11 12
95 97
94 96
93 95
79 81
80 82
36 37
17 19
16 18
15 17
>>>>>>> c5ecc4e947455971345391f919ae243a8842fc1b
14 16
13 15
13 14
