5
41
43
45
47
1
100
0 50
0 2
0 3
0 4
0 5
0 6
<<<<<<< HEAD
0 7
=======
7 50
>>>>>>> c5ecc4e947455971345391f919ae243a8842fc1b
2 50
3 50
4 50
5 50
<<<<<<< HEAD
6 50
=======
0 7
>>>>>>> c5ecc4e947455971345391f919ae243a8842fc1b
0 8
0 9
0 10
0 11
0 12
0 13
0 14
0 15
0 16
0 17
0 18
0 19
0 20
0 21
0 22
0 23
0 24
0 25
0 26
0 27
0 28
0 29
0 30
0 31
0 32
0 33
0 34
0 35
0 36
0 37
0 38
0 39
0 40
0 42
0 44
0 46
0 48
<<<<<<< HEAD
49 7
=======
49 6
>>>>>>> c5ecc4e947455971345391f919ae243a8842fc1b
49 2
49 3
49 4
49 5
<<<<<<< HEAD
6 7
2 7
3 7
4 7
5 7
8 7
9 7
10 7
11 7
12 7
13 7
14 7
15 7
16 7
17 7
18 7
19 7
20 7
21 7
22 7
23 7
24 7
25 7
26 7
27 7
28 7
29 7
30 7
31 7
32 7
33 7
34 7
35 7
36 7
37 7
38 7
39 7
40 7
42 7
44 7
46 7
6 48
2 48
3 48
4 48
6 5
=======
7 6
2 6
3 6
4 6
5 6
8 6
9 6
10 6
11 6
12 6
13 6
14 6
15 6
16 6
17 6
18 6
19 6
20 6
21 6
22 6
23 6
24 6
25 6
26 6
27 6
28 6
29 6
30 6
31 6
32 6
33 6
34 6
35 6
36 6
37 6
38 6
39 6
40 6
42 6
44 6
46 6
7 48
2 48
7 3
4 48
5 48
>>>>>>> c5ecc4e947455971345391f919ae243a8842fc1b
