5
<<<<<<< HEAD
6
62
93
21
64
100
0 97
0 2
42 99
0 52
0 36
0 13
0 5
0 98
0 32
=======
20
3
21
62
52
100
0 97
2 25
0 2
42 99
0 36
0 5
98 78
0 32
0 13
0 98
>>>>>>> c5ecc4e947455971345391f919ae243a8842fc1b
0 11
0 29
0 54
0 81
<<<<<<< HEAD
=======
0 93
>>>>>>> c5ecc4e947455971345391f919ae243a8842fc1b
23 99
85 99
0 8
4 99
0 63
22 99
9 99
0 23
<<<<<<< HEAD
44 99
18 99
0 59
0 51
0 75
49 99
0 38
55 99
32 99
34 99
2 99
39 99
54 99
15 99
41 99
71 99
86 99
0 27
72 99
88 29
95 42
0 35
0 31
0 78
0 58
0 84
0 9
0 95
16 99
0 26
0 10
0 56
0 25
0 49
0 19
0 65
0 99
0 42
0 48
0 68
0 88
0 37
83 99
0 34
27 99
0 7
0 90
0 20
0 3
0 87
48 99
69 99
0 79
29 99
50 47
96 99
24 99
90 99
47 99
26 50
0 92
0 33
0 66
0 74
0 57
0 67
14 28
12 99
50 99
35 99
28 99
45 99
10 99
79 99
73 99
94 99
13 99
0 43
0 53
=======
18 99
0 59
32 44
0 51
75 2
38 42
44 99
0 95
17 32
0 49
49 99
34 99
55 99
2 99
67 39
32 99
54 99
39 99
15 99
41 99
86 99
0 38
71 99
27 99
89 46
72 99
88 29
1 83
0 35
69 99
0 75
0 84
29 99
0 58
0 78
16 99
50 47
48 99
83 99
24 99
0 10
50 99
27 79
47 99
0 31
0 9
96 99
0 27
0 26
10 99
12 99
0 99
0 56
0 25
90 99
28 99
35 99
45 99
0 65
0 19
73 99
79 99
0 42
94 99
0 88
13 99
6 99
0 68
0 37
93 99
0 48
76 99
0 34
0 7
27 38
59 68
80 99
>>>>>>> c5ecc4e947455971345391f919ae243a8842fc1b
