<<<<<<< HEAD
3
22
76
31
99
=======
4
76
19
8
39
100
>>>>>>> c5ecc4e947455971345391f919ae243a8842fc1b
7 99
0 37
89 99
82 64
0 36
<<<<<<< HEAD
0 3
28 57
12 57
=======
0 22
3 20
0 3
28 57
12 57
1 22
>>>>>>> c5ecc4e947455971345391f919ae243a8842fc1b
85 57
33 57
1 63
1 4
1 26
1 77
1 5
45 70
2 38
37 70
55 70
46 93
69 93
56 93
2 30
88 48
88 59
87 72
87 50
84 79
<<<<<<< HEAD
=======
42 13
>>>>>>> c5ecc4e947455971345391f919ae243a8842fc1b
84 91
84 55
82 12
28 13
<<<<<<< HEAD
=======
49 68
>>>>>>> c5ecc4e947455971345391f919ae243a8842fc1b
82 56
98 21
98 72
98 50
<<<<<<< HEAD
11 8
=======
>>>>>>> c5ecc4e947455971345391f919ae243a8842fc1b
17 73
61 23
47 63
46 89
<<<<<<< HEAD
46 72
46 36
42 13
49 68
53 13
8 5
12 5
63 62
48 62
8 33
6 33
19 39
90 66
50 36
97 36
67 8
91 44
56 35
46 85
46 58
60 35
42 44
49 44
19 6
10 6
29 6
14 4
30 4
34 12
89 75
10 75
92 3
63 80
32 80
85 80
51 20
96 49
81 7
18 86
92 14
92 25
92 50
34 50
21 15
21 29
53 40
53 50
53 83
32 58
48 41
48 67
60 56
51 74
67 42
15 45
14 55
18 81
78 45
=======
5 13
46 36
46 72
50 53
40 53
21 53
30 53
78 95
91 44
46 58
46 85
92 50
81 56
92 25
92 14
92 3
96 49
96 31
34 12
34 50
35 56
63 80
63 62
21 29
15 45
29 6
40 56
60 56
66 90
89 51
20 51
58 32
25 54
22 94
97 85
75 80
29 32
6 10
44 49
89 75
14 4
5 12
6 4
41 48
14 55
18 22
18 81
86 45
9 22
81 22
65 31
67 48
22 50
89 48
42 44
>>>>>>> c5ecc4e947455971345391f919ae243a8842fc1b
