5
<<<<<<< HEAD
94
49
72
19
67
100
24 99
80 99
81 99
83 99
=======
39
83
28
97
80
100
24 99
81 99
>>>>>>> c5ecc4e947455971345391f919ae243a8842fc1b
0 18
5 99
50 79
59 99
70 82
<<<<<<< HEAD
0 16
0 47
=======
16 50
0 47
0 16
>>>>>>> c5ecc4e947455971345391f919ae243a8842fc1b
0 71
0 98
0 70
0 53
0 43
0 61
0 41
0 95
0 40
<<<<<<< HEAD
15 99
0 97
35 99
=======
35 99
15 99
>>>>>>> c5ecc4e947455971345391f919ae243a8842fc1b
10 99
82 91
52 99
4 99
<<<<<<< HEAD
0 9
79 99
53 99
0 60
0 39
0 83
0 26
0 5
56 99
0 46
91 99
0 7
0 31
0 88
14 99
0 65
0 29
16 99
0 56
2 99
0 64
21 99
45 99
0 90
0 96
18 99
30 99
0 73
40 99
44 90
85 99
0 27
0 8
76 99
64 99
24 93
90 99
0 59
43 99
0 12
0 34
0 44
96 99
68 99
28 99
92 99
39 99
76 73
6 99
0 74
0 24
68 61
73 99
0 33
0 68
0 1
0 2
0 13
41 99
0 32
0 91
37 2
37 27
37 36
37 83
37 61
97 99
37 28
7 99
20 99
27 99
75 99
93 99
=======
9 2
79 99
53 99
0 60
14 99
0 26
91 99
45 99
21 99
56 99
2 99
0 5
0 9
0 46
64 16
30 99
18 99
0 7
0 31
0 88
0 29
0 90
0 64
16 99
40 99
0 56
0 96
0 65
94 99
0 94
0 73
44 90
85 99
0 27
8 27
76 99
24 93
90 99
0 59
0 72
0 8
12 63
0 34
44 27
0 12
0 44
67 62
0 68
64 99
0 74
96 99
0 67
4 68
0 24
0 1
0 33
0 2
0 13
0 32
43 99
68 99
92 99
73 99
0 91
0 19
37 2
37 36
37 27
6 99
37 61
37 94
37 4
41 99
37 1
77 7
>>>>>>> c5ecc4e947455971345391f919ae243a8842fc1b
