5
<<<<<<< HEAD
30
68
22
19
56
=======
17
11
36
46
18
>>>>>>> c5ecc4e947455971345391f919ae243a8842fc1b
100
0 20
0 13
0 35
0 51
<<<<<<< HEAD
11 24
4 79
65 79
0 15
24 79
34 79
28 79
14 79
47 79
0 17
0 64
8 79
54 79
0 9
66 79
10 78
27 79
13 79
7 79
0 37
41 79
78 79
0 72
33 79
0 60
=======
4 79
62 65
53 70
24 79
65 79
34 79
28 79
47 79
14 79
7 79
41 54
0 64
13 79
8 79
37 54
78 79
66 79
41 79
27 79
0 9
25 4
0 15
0 37
0 72
33 79
0 60
54 79
30 79
>>>>>>> c5ecc4e947455971345391f919ae243a8842fc1b
0 69
63 79
62 79
51 79
0 44
<<<<<<< HEAD
37 79
11 79
0 26
71 79
0 14
=======
0 14
37 79
0 26
71 79
>>>>>>> c5ecc4e947455971345391f919ae243a8842fc1b
64 52
0 27
37 52
78 52
0 1
0 73
0 43
0 10
<<<<<<< HEAD
0 36
0 38
46 52
59 52
0 66
53 70
=======
0 38
0 66
59 52
>>>>>>> c5ecc4e947455971345391f919ae243a8842fc1b
53 15
53 20
26 52
53 77
53 48
16 52
60 52
47 52
41 52
<<<<<<< HEAD
4 52
65 52
53 69
13 52
53 5
53 1
25 52
3 52
73 52
29 52
23 52
21 1
72 1
42 1
5 1
53 31
53 57
53 38
13 1
53 23
53 49
36 1
4 1
18 1
58 1
15 1
53 62
53 29
53 73
51 1
67 1
65 1
26 1
53 71
53 8
53 63
17 40
53 17
=======
53 1
53 69
53 5
53 31
53 38
53 57
13 52
4 52
65 52
25 52
29 52
73 52
53 23
3 52
23 52
53 49
71 42
21 1
72 1
53 62
42 1
53 29
5 1
53 73
53 30
53 71
53 8
53 63
53 56
53 68
56 1
13 1
53 74
53 47
22 61
22 72
22 5
22 62
22 57
>>>>>>> c5ecc4e947455971345391f919ae243a8842fc1b
