5
<<<<<<< HEAD
14
83
80
1
56
100
0 37
0 25
0 31
0 16
19 97
17 97
11 97
3 97
68 97
0 42
81 97
0 11
31 55
0 45
0 38
64 97
92 97
52 97
0 8
28 93
=======
22
32
76
73
63
100
37 17
45 33
17 97
19 97
3 97
11 97
0 31
37 92
0 25
68 97
0 16
54 6
0 37
0 42
0 14
81 97
0 11
31 55
64 97
0 45
0 38
92 97
52 97
0 8
93 79
>>>>>>> c5ecc4e947455971345391f919ae243a8842fc1b
0 87
0 64
0 28
0 10
<<<<<<< HEAD
93 79
=======
>>>>>>> c5ecc4e947455971345391f919ae243a8842fc1b
12 97
52 35
0 51
0 59
0 75
0 54
<<<<<<< HEAD
22 35
=======
>>>>>>> c5ecc4e947455971345391f919ae243a8842fc1b
0 27
0 52
0 26
0 93
<<<<<<< HEAD
0 22
0 76
30 97
63 97
55 97
79 97
49 97
5 97
39 97
70 97
84 97
10 97
71 97
53 97
47 97
0 9
16 97
63 48
42 48
44 48
33 48
57 48
32 48
73 48
78 48
37 48
0 43
19 48
0 21
51 48
0 68
79 48
3 48
0 24
0 20
93 48
87 48
25 48
17 48
38 48
4 13
16 13
68 13
92 37
96 13
92 50
92 42
92 94
92 58
71 13
51 13
92 75
35 13
92 88
92 70
92 69
92 95
92 60
22 13
62 13
69 13
7 13
5 13
73 13
=======
30 97
0 21
0 9
43 55
79 97
0 24
0 68
0 43
20 50
0 20
92 50
92 42
92 94
92 58
92 75
55 97
49 97
92 88
5 97
92 95
92 70
80 97
92 69
92 14
83 97
92 60
39 97
70 97
84 97
92 24
14 97
92 93
92 18
92 12
92 31
47 97
92 78
10 97
71 97
16 97
53 97
56 97
42 48
44 48
92 44
33 48
57 48
92 54
78 48
19 48
92 1
79 48
92 81
92 49
92 67
92 55
92 10
90 38
90 93
90 86
90 28
>>>>>>> c5ecc4e947455971345391f919ae243a8842fc1b
