0
82
0 83
<<<<<<< HEAD
0 2
1 3
2 4
9 11
10 12
49 51
8 10
7 9
50 52
65 67
6 8
3 5
51 53
62 64
4 5
6 7
30 32
25 27
24 26
46 48
35 37
29 31
26 28
31 32
19 21
22 23
28 30
27 29
18 20
11 13
12 13
34 36
17 19
16 18
36 37
39 41
40 41
46 47
38 40
33 35
44 45
42 43
42 44
43 45
20 22
23 25
22 24
14 15
16 17
14 13
33 34
38 39
66 68
67 69
68 70
69 71
70 72
71 73
72 74
73 75
52 54
55 57
74 76
75 77
56 58
61 63
57 59
58 60
76 78
77 79
80 81
79 81
65 66
63 64
55 56
59 61
60 62
47 49
48 50
78 80
53 54
=======
46 48
49 51
26 28
25 27
27 29
0 2
35 37
1 3
30 32
24 26
9 11
8 10
28 29
30 31
34 36
19 21
10 12
18 20
23 25
11 13
17 19
16 18
12 13
33 35
20 22
31 32
22 24
21 23
2 3
14 15
16 17
14 13
4 5
6 7
8 9
33 34
5 7
4 6
50 52
65 67
36 38
39 41
38 40
37 39
40 42
41 43
51 53
42 44
62 64
43 45
46 47
44 45
47 49
48 50
66 68
67 69
68 70
71 73
52 54
59 61
72 74
53 55
58 60
73 75
74 76
75 77
54 56
57 59
80 81
79 81
76 78
79 80
77 78
57 58
55 56
60 62
61 63
65 66
71 72
69 70
63 64
>>>>>>> c5ecc4e947455971345391f919ae243a8842fc1b
