5
<<<<<<< HEAD
=======
60
>>>>>>> c5ecc4e947455971345391f919ae243a8842fc1b
90
98
63
88
<<<<<<< HEAD
12
100
0 4
0 3
95 99
0 2
96 99
1 89
1 67
=======
100
4 96
95 99
0 4
3 92
0 3
0 2
1 67
1 89
96 99
>>>>>>> c5ecc4e947455971345391f919ae243a8842fc1b
53 97
1 50
1 95
1 7
1 93
1 27
1 86
1 70
1 81
1 61
1 75
1 40
87 97
10 97
53 85
89 97
96 97
92 97
<<<<<<< HEAD
60 97
=======
>>>>>>> c5ecc4e947455971345391f919ae243a8842fc1b
35 97
53 46
19 97
53 95
53 67
53 87
65 97
53 43
53 75
49 97
64 97
<<<<<<< HEAD
=======
53 12
>>>>>>> c5ecc4e947455971345391f919ae243a8842fc1b
53 70
53 56
53 47
53 89
53 72
53 69
48 97
53 35
53 96
53 92
53 42
53 44
53 61
53 28
53 76
53 7
29 97
73 51
73 9
73 44
74 97
73 50
67 97
73 92
73 77
62 97
73 69
73 61
78 97
25 97
73 29
23 97
18 97
54 97
73 96
31 97
85 97
27 97
75 97
17 97
3 97
9 97
81 97
50 97
93 97
73 8
84 70
73 21
73 41
82 70
73 67
73 64
73 23
<<<<<<< HEAD
73 60
=======
>>>>>>> c5ecc4e947455971345391f919ae243a8842fc1b
73 55
73 76
73 42
73 62
52 70
61 70
73 91
73 58
<<<<<<< HEAD
73 89
=======
>>>>>>> c5ecc4e947455971345391f919ae243a8842fc1b
