5
<<<<<<< HEAD
47
95
18
5
24
100
0 51
0 14
0 45
0 94
23 99
97 99
74 76
41 99
=======
28
32
68
95
5
100
66 97
0 14
44 41
0 51
45 72
0 45
23 99
74 76
41 99
0 94
>>>>>>> c5ecc4e947455971345391f919ae243a8842fc1b
0 40
16 70
3 99
0 62
0 74
<<<<<<< HEAD
=======
97 99
>>>>>>> c5ecc4e947455971345391f919ae243a8842fc1b
76 99
0 16
0 34
0 41
0 71
<<<<<<< HEAD
0 59
0 37
0 75
35 99
0 83
0 86
0 79
64 99
0 84
39 99
75 99
0 17
20 99
90 99
0 6
0 11
98 99
13 99
14 99
0 39
0 67
83 99
25 99
11 99
66 99
40 99
=======
39 99
75 99
0 37
0 59
0 75
35 99
64 99
90 99
20 99
98 99
0 86
0 83
84 14
0 79
0 84
0 17
13 99
14 99
11 99
25 99
83 99
66 99
40 99
0 6
0 11
0 39
0 67
>>>>>>> c5ecc4e947455971345391f919ae243a8842fc1b
0 98
0 60
38 99
0 93
55 99
17 99
43 99
93 99
<<<<<<< HEAD
68 99
0 69
32 99
4 99
21 99
0 89
0 9
0 50
81 99
0 25
0 1
0 22
0 19
40 44
0 12
34 99
0 35
=======
0 69
0 89
1 4
0 9
0 50
21 99
0 25
0 22
0 1
0 19
81 99
0 12
4 99
0 35
34 99
>>>>>>> c5ecc4e947455971345391f919ae243a8842fc1b
94 99
74 99
96 99
1 99
<<<<<<< HEAD
53 99
72 99
9 99
80 99
28 99
29 99
73 99
86 99
59 99
0 72
0 97
0 85
0 43
0 8
0 29
0 27
0 54
=======
0 72
53 99
0 85
0 97
0 29
9 99
72 99
29 99
0 8
0 43
0 27
0 54
80 99
73 99
86 99
59 99
>>>>>>> c5ecc4e947455971345391f919ae243a8842fc1b
0 82
0 30
0 88
0 64
0 58
<<<<<<< HEAD
0 28
0 32
0 70
0 68
0 63
=======
0 70
0 47
38 18
0 44
>>>>>>> c5ecc4e947455971345391f919ae243a8842fc1b
