5
<<<<<<< HEAD
90
51
91
78
55
=======
82
74
37
51
17
>>>>>>> c5ecc4e947455971345391f919ae243a8842fc1b
100
0 99
0 73
0 95
0 25
0 6
0 8
<<<<<<< HEAD
=======
1 85
>>>>>>> c5ecc4e947455971345391f919ae243a8842fc1b
0 1
71 32
71 1
71 34
84 99
70 36
<<<<<<< HEAD
67 99
68 99
70 41
94 99
39 99
70 84
=======
45 76
70 41
70 84
39 99
>>>>>>> c5ecc4e947455971345391f919ae243a8842fc1b
70 79
70 47
66 8
66 28
<<<<<<< HEAD
66 84
66 86
64 99
66 63
10 99
92 99
15 99
66 96
66 56
7 99
75 97
72 97
29 97
31 97
67 97
64 22
76 41
23 22
11 28
81 97
41 97
28 22
81 22
36 22
57 22
42 47
74 47
8 47
68 17
3 11
5 47
2 47
40 47
83 47
59 47
76 45
3 68
3 44
3 79
3 14
3 16
3 37
3 54
60 83
60 61
60 68
60 76
60 74
12 35
31 35
60 43
7 35
24 35
33 35
84 35
29 35
89 35
61 35
32 35
27 35
60 73
81 41
61 41
86 41
73 41
42 41
34 62
31 62
18 62
88 62
8 62
92 62
61 62
93 83
60 12
60 38
60 84
93 45
=======
94 99
66 84
10 99
68 99
67 99
64 99
92 99
15 99
97 99
66 63
66 86
66 96
66 56
45 7
35 7
30 7
83 7
75 7
3 68
76 7
89 9
31 9
92 9
2 9
27 9
3 11
14 76
14 53
3 44
4 9
15 9
33 9
42 58
94 58
34 39
95 39
3 14
3 16
36 39
3 60
3 79
98 39
80 39
89 39
94 39
78 73
14 73
60 73
46 73
56 73
13 73
81 41
76 41
54 29
54 34
86 41
61 41
54 30
54 26
54 86
54 83
35 41
97 41
42 41
31 62
34 62
88 62
8 62
18 62
61 62
92 62
90 44
54 19
54 65
1 44
28 11
83 44
28 90
26 55
>>>>>>> c5ecc4e947455971345391f919ae243a8842fc1b
