5
<<<<<<< HEAD
11
32
5
70
23
=======
19
33
18
40
86
>>>>>>> c5ecc4e947455971345391f919ae243a8842fc1b
100
0 99
0 26
69 99
20 99
0 55
<<<<<<< HEAD
=======
0 83
>>>>>>> c5ecc4e947455971345391f919ae243a8842fc1b
65 99
54 99
68 99
28 99
96 99
<<<<<<< HEAD
0 18
0 83
26 90
52 99
54 77
38 99
=======
26 90
52 99
54 77
0 38
>>>>>>> c5ecc4e947455971345391f919ae243a8842fc1b
57 99
90 99
84 99
77 99
<<<<<<< HEAD
13 99
0 76
0 69
48 99
63 92
2 99
0 78
87 99
0 38
0 92
0 63
66 99
41 99
92 99
42 99
7 99
31 99
=======
0 76
13 99
38 99
0 69
0 78
0 63
87 99
0 92
48 99
49 28
23 2
63 92
66 99
41 99
0 25
92 99
2 99
42 99
31 99
7 99
>>>>>>> c5ecc4e947455971345391f919ae243a8842fc1b
17 99
89 99
60 76
0 49
<<<<<<< HEAD
55 83
0 62
72 99
0 25
10 99
19 99
0 17
22 99
83 99
76 99
0 47
=======
83 99
63 59
60 72
0 62
0 17
23 7
0 47
10 99
76 99
72 99
>>>>>>> c5ecc4e947455971345391f919ae243a8842fc1b
80 99
0 60
0 87
0 68
0 52
0 6
73 99
<<<<<<< HEAD
95 99
58 99
73 78
14 99
59 99
15 99
6 99
71 99
78 99
16 99
29 54
0 41
0 33
0 9
0 46
0 77
18 99
0 29
=======
0 29
95 99
22 99
58 99
14 99
78 99
0 41
15 99
6 99
59 99
13 71
16 99
0 9
0 46
0 77
>>>>>>> c5ecc4e947455971345391f919ae243a8842fc1b
0 12
0 84
0 3
0 80
<<<<<<< HEAD
0 65
15 43
0 45
0 50
0 86
0 15
0 34
53 99
51 99
33 99
25 99
86 99
0 19
0 44
30 99
0 13
34 99
21 99
0 90
=======
23 28
0 65
15 43
0 45
0 23
0 15
0 50
0 34
71 99
11 79
53 99
0 13
36 79
0 44
81 51
0 94
51 99
4 39
30 99
0 90
45 87
>>>>>>> c5ecc4e947455971345391f919ae243a8842fc1b
