5
<<<<<<< HEAD
52
69
57
42
34
100
0 49
37 38
0 77
=======
54
48
47
33
67
100
38 39
0 49
0 77
15 94
>>>>>>> c5ecc4e947455971345391f919ae243a8842fc1b
0 60
0 37
0 31
0 25
0 16
<<<<<<< HEAD
45 94
0 54
0 86
0 7
0 78
0 15
51 94
0 47
0 51
0 79
0 19
0 45
22 12
15 94
7 94
62 94
0 64
68 13
12 94
49 67
73 94
11 94
41 94
18 94
0 1
85 22
0 68
67 94
78 94
81 94
0 36
14 94
0 85
48 94
87 59
64 94
=======
0 42
45 94
0 86
7 94
0 78
51 94
12 94
62 94
0 15
0 7
0 57
0 51
0 79
0 19
73 94
68 13
11 94
0 45
41 94
18 94
0 1
22 81
0 68
78 94
81 94
0 64
0 36
14 94
0 85
87 59
55 64
>>>>>>> c5ecc4e947455971345391f919ae243a8842fc1b
32 94
0 93
0 70
0 17
0 35
<<<<<<< HEAD
27 94
0 81
66 94
0 55
0 74
0 14
0 92
28 5
89 94
43 94
59 94
22 94
5 94
35 94
0 90
0 66
=======
0 69
0 14
66 94
0 74
0 55
0 92
0 81
28 5
89 94
43 94
0 66
59 94
27 94
22 94
64 94
0 90
5 94
35 94
>>>>>>> c5ecc4e947455971345391f919ae243a8842fc1b
0 50
0 28
75 61
0 71
63 94
<<<<<<< HEAD
87 94
61 94
0 3
0 73
72 94
9 94
0 94
0 75
0 22
0 12
65 94
24 94
0 46
0 82
50 94
=======
11 87
9 94
61 94
87 94
0 3
72 94
0 94
75 91
50 94
0 22
0 12
0 73
65 94
24 94
0 75
0 46
0 82
>>>>>>> c5ecc4e947455971345391f919ae243a8842fc1b
0 23
0 88
91 94
0 65
0 56
<<<<<<< HEAD
92 94
84 94
54 94
88 94
77 94
0 48
93 94
31 94
0 41
28 94
=======
39 92
23 52
84 94
92 94
77 94
88 94
61 52
87 69
6 39
93 94
>>>>>>> c5ecc4e947455971345391f919ae243a8842fc1b
