5
<<<<<<< HEAD
81
78
55
90
85
100
=======
27
81
60
55
88
100
47 95
>>>>>>> c5ecc4e947455971345391f919ae243a8842fc1b
0 36
0 49
92 57
56 17
0 11
<<<<<<< HEAD
1 89
0 62
0 56
60 24
0 15
0 1
0 60
83 95
24 95
47 95
=======
0 62
0 1
0 56
0 15
83 95
78 42
24 95
>>>>>>> c5ecc4e947455971345391f919ae243a8842fc1b
42 95
39 95
18 64
4 32
23 95
14 95
0 68
0 57
45 95
32 95
64 95
<<<<<<< HEAD
54 95
6 95
63 95
0 4
3 95
0 63
0 91
38 95
20 95
0 75
40 95
16 95
41 95
0 47
50 33
0 58
93 21
0 48
51 33
89 33
1 33
92 33
35 33
2 33
0 45
0 40
0 6
0 93
0 30
0 80
31 36
31 41
31 94
31 49
31 21
31 66
31 65
31 42
31 13
5 33
31 63
31 14
31 16
31 8
41 33
31 20
31 25
31 1
31 73
31 50
40 33
37 33
34 33
19 33
11 33
45 33
79 33
31 48
30 33
31 53
31 77
12 13
12 67
12 60
36 58
12 70
73 58
22 58
47 58
18 58
46 58
37 58
12 66
93 58
=======
78 57
54 95
90 95
6 95
0 63
0 4
0 91
45 38
0 75
47 84
0 47
40 95
48 78
0 58
93 21
3 95
38 95
20 95
16 95
0 48
41 95
33 95
22 63
18 63
46 63
45 73
0 6
0 40
0 93
0 30
0 31
16 63
38 63
0 45
80 2
80 34
94 63
4 63
80 35
23 63
80 8
80 19
80 11
80 65
26 63
80 28
80 26
80 25
82 63
80 52
80 48
49 63
31 63
37 63
80 70
35 63
80 45
80 69
3 63
80 76
42 63
80 71
80 84
80 39
56 63
6 63
80 66
80 40
85 63
3 78
3 32
36 63
3 86
74 63
3 84
3 85
>>>>>>> c5ecc4e947455971345391f919ae243a8842fc1b
