5
<<<<<<< HEAD
58
78
13
66
63
100
=======
78
66
63
89
55
100
4 73
>>>>>>> c5ecc4e947455971345391f919ae243a8842fc1b
59 99
0 4
86 99
92 99
<<<<<<< HEAD
21 99
53 99
0 88
0 95
0 61
=======
95 41
53 99
0 88
0 61
0 95
21 99
>>>>>>> c5ecc4e947455971345391f919ae243a8842fc1b
0 19
0 26
0 14
0 24
94 83
46 99
0 91
0 94
0 46
0 43
12 99
56 99
42 99
30 99
83 99
77 99
29 99
<<<<<<< HEAD
75 99
96 99
81 99
60 52
84 52
19 52
39 52
22 52
65 52
9 52
27 40
16 81
40 81
98 81
89 81
69 81
27 79
27 7
44 81
43 81
14 81
29 81
27 28
27 10
27 77
79 81
23 81
62 81
9 81
24 22
27 35
38 22
27 31
27 6
27 72
27 24
27 50
27 76
27 61
20 22
30 7
30 40
10 22
30 14
30 79
30 36
=======
27 58
27 79
75 99
27 40
96 99
52 99
16 81
27 7
98 81
27 10
27 28
27 77
40 81
27 6
69 81
27 50
44 81
43 81
29 81
14 81
27 35
23 81
79 81
27 31
62 81
27 72
27 24
27 76
27 61
9 81
30 7
52 81
30 14
30 40
38 22
10 22
24 22
58 22
30 79
30 36
44 92
20 22
>>>>>>> c5ecc4e947455971345391f919ae243a8842fc1b
29 22
23 22
97 22
36 22
57 22
19 22
79 22
69 22
<<<<<<< HEAD
95 35
2 74
=======
52 22
95 35
>>>>>>> c5ecc4e947455971345391f919ae243a8842fc1b
74 35
30 51
20 35
23 35
<<<<<<< HEAD
61 70
90 35
5 43
34 35
=======
48 61
90 35
5 43
70 7
>>>>>>> c5ecc4e947455971345391f919ae243a8842fc1b
62 35
43 35
30 72
30 65
<<<<<<< HEAD
44 35
30 48
4 35
30 64
91 35
30 89
=======
30 13
30 58
4 35
30 48
34 35
44 35
91 35
88 35
>>>>>>> c5ecc4e947455971345391f919ae243a8842fc1b
