5
<<<<<<< HEAD
15
52
44
36
6
100
0 12
0 13
51 74
0 4
14 74
0 49
=======
19
10
17
3
8
100
0 12
57 51
0 13
4 13
0 6
51 74
0 4
49 42
14 74
>>>>>>> c5ecc4e947455971345391f919ae243a8842fc1b
37 74
0 74
42 74
73 74
57 74
0 24
20 74
<<<<<<< HEAD
0 46
0 66
25 74
0 67
16 22
0 9
=======
0 49
0 46
0 66
25 74
49 74
0 67
16 22
0 9
0 52
>>>>>>> c5ecc4e947455971345391f919ae243a8842fc1b
20 47
0 16
66 74
0 33
0 48
0 28
20 39
0 1
0 64
18 74
0 58
0 42
39 74
0 20
<<<<<<< HEAD
10 8
0 27
32 74
0 70
0 10
47 34
0 63
0 30
0 32
24 74
0 38
0 56
73 48
0 72
49 74
0 22
=======
0 27
0 32
0 70
0 56
24 74
32 74
0 63
0 30
0 38
73 48
0 72
0 22
0 15
>>>>>>> c5ecc4e947455971345391f919ae243a8842fc1b
0 73
0 65
0 59
34 74
0 62
<<<<<<< HEAD
9 74
0 43
50 74
0 45
0 51
0 34
43 74
0 55
41 74
0 31
5 62
23 64
0 37
58 74
62 74
64 74
48 74
12 74
0 29
8 74
0 5
0 17
0 69
71 74
0 40
0 23
0 18
4 74
54 74
0 19
40 74
17 74
56 74
47 74
1 74
0 60
0 3
0 61
0 47
0 54
10 74
60 74
0 8
3 74
31 74
0 50
=======
21 50
0 43
0 51
0 45
55 50
0 34
0 31
9 74
37 30
0 55
50 74
43 74
0 5
64 74
58 74
62 74
0 37
41 74
0 29
0 23
0 69
0 18
0 40
0 61
48 74
44 74
12 74
71 74
54 74
4 74
40 74
56 74
47 74
1 74
60 74
15 74
48 45
0 60
30 52
47 34
47 32
47 21
71 52
>>>>>>> c5ecc4e947455971345391f919ae243a8842fc1b
