5
<<<<<<< HEAD
36
49
5
26
42
100
0 18
0 50
8 99
=======
91
90
70
73
69
100
0 18
50 82
8 99
0 50
>>>>>>> c5ecc4e947455971345391f919ae243a8842fc1b
0 32
46 99
0 71
0 84
0 13
<<<<<<< HEAD
18 99
=======
>>>>>>> c5ecc4e947455971345391f919ae243a8842fc1b
0 48
0 4
0 74
0 99
0 85
<<<<<<< HEAD
0 58
60 99
95 99
=======
60 99
0 52
95 99
18 99
0 58
>>>>>>> c5ecc4e947455971345391f919ae243a8842fc1b
88 99
66 99
86 99
64 99
10 99
23 99
<<<<<<< HEAD
0 52
50 99
0 94
0 60
13 99
0 43
0 40
0 95
0 89
0 73
56 99
68 99
85 99
27 99
0 9
55 99
0 83
0 82
37 99
0 59
9 99
69 99
39 20
0 55
0 87
48 99
0 39
0 35
0 21
83 99
0 27
61 99
0 11
12 99
0 41
0 19
0 65
3 99
0 34
0 77
4 99
0 63
78 99
28 99
0 54
20 99
0 68
0 56
59 99
0 75
0 86
0 62
54 99
58 99
53 99
31 99
0 8
0 64
0 81
0 79
0 90
0 70
0 93
0 69
67 99
0 2
0 25
89 99
0 57
0 37
0 92
87 99
1 99
0 76
76 99
17 99
91 99
=======
50 99
0 94
0 60
0 43
0 40
13 99
0 95
0 89
56 99
68 99
27 99
0 59
0 9
0 55
83 99
5 85
37 99
8 76
39 20
48 99
4 99
12 99
28 99
0 87
85 99
39 3
9 99
0 82
61 99
78 99
20 99
3 99
0 35
53 99
55 99
0 27
0 39
59 99
58 99
54 99
67 99
0 34
0 83
89 99
0 65
0 41
0 21
0 19
0 77
0 63
0 26
0 11
31 99
42 99
0 68
87 99
0 54
0 75
1 99
0 56
0 86
36 99
26 99
49 99
0 62
76 99
0 81
0 64
0 8
22 99
0 79
57 99
0 93
37 94
17 99
>>>>>>> c5ecc4e947455971345391f919ae243a8842fc1b
