5
<<<<<<< HEAD
49
51
8
59
80
100
15 99
3 99
29 99
37 53
53 99
7 99
0 6
0 83
0 26
0 37
52 99
62 99
0 53
50 99
0 91
0 52
0 76
0 25
=======
23
79
15
59
90
100
0 83
29 99
0 37
26 5
3 99
53 99
0 6
0 26
7 99
52 99
52 62
0 53
50 99
0 91
52 3
0 76
0 25
0 52
>>>>>>> c5ecc4e947455971345391f919ae243a8842fc1b
0 58
75 36
75 21
88 92
88 68
88 73
<<<<<<< HEAD
90 99
=======
>>>>>>> c5ecc4e947455971345391f919ae243a8842fc1b
88 60
88 30
88 1
72 86
<<<<<<< HEAD
72 23
=======
>>>>>>> c5ecc4e947455971345391f919ae243a8842fc1b
72 68
72 65
72 35
72 81
1 94
86 95
1 12
1 45
<<<<<<< HEAD
24 15
38 99
4 99
64 96
1 66
1 86
43 96
42 4
42 47
13 96
16 96
36 96
42 78
42 11
66 56
2 56
20 56
7 56
10 56
42 37
42 55
13 25
7 54
13 44
13 30
13 46
13 23
13 5
11 58
63 54
11 3
62 54
11 16
11 37
11 47
11 66
62 52
62 28
62 71
62 70
62 15
62 84
58 31
58 39
58 89
58 50
58 22
58 65
66 6
66 23
66 68
66 69
73 28
73 79
18 21
68 54
73 92
5 54
21 54
73 24
67 54
33 28
=======
1 66
1 86
42 80
42 4
42 47
38 99
4 99
64 96
42 78
62 99
43 96
42 13
16 96
36 96
56 96
42 37
42 11
55 38
55 19
55 41
30 13
25 13
44 13
46 13
5 13
55 97
8 13
55 7
55 77
58 11
3 11
55 86
55 83
93 35
93 31
37 11
16 11
47 11
66 11
93 97
69 40
69 68
28 62
69 26
69 19
69 83
69 98
69 51
54 62
71 62
66 6
70 62
84 62
66 58
31 58
66 56
66 68
73 92
73 8
73 28
73 51
73 24
73 81
73 86
>>>>>>> c5ecc4e947455971345391f919ae243a8842fc1b
