0
99
0 27
<<<<<<< HEAD
0 24
0 6
0 1
50 51
49 86
49 48
40 41
39 82
74 95
38 85
38 37
66 67
65 64
77 76
77 95
78 73
78 45
79 80
79 62
16 48
16 15
95 99
97 99
17 18
17 58
93 99
7 34
7 8
6 5
9 8
10 13
96 98
70 98
10 92
10 47
11 3
12 59
96 97
86 97
83 97
47 48
43 42
30 29
14 73
25 29
27 28
54 67
2 1
84 67
71 70
71 94
87 68
94 69
55 70
82 83
88 85
88 87
71 72
71 45
71 43
5 25
4 3
61 60
82 91
30 31
61 32
88 91
61 62
52 53
90 91
96 91
94 93
52 19
31 32
60 89
36 35
88 89
76 94
95 94
59 73
59 19
35 95
23 95
57 22
73 26
57 56
33 22
63 64
2 21
18 19
3 55
47 20
75 76
43 34
44 46
46 74
72 73
75 74
=======
95 99
0 24
0 6
0 1
97 99
93 99
51 52
50 49
96 98
70 98
61 62
96 97
61 60
61 30
61 32
4 3
86 97
83 97
48 41
42 41
49 40
82 39
66 38
37 38
5 6
88 85
86 85
82 83
5 71
25 26
67 84
24 23
30 31
29 28
43 71
43 34
77 76
94 69
70 69
67 68
88 87
91 87
47 48
44 45
44 46
15 16
2 8
79 16
18 17
58 17
34 7
9 8
2 1
2 3
21 20
22 57
22 33
47 10
13 10
92 10
95 74
3 11
59 12
95 94
95 96
95 77
73 14
45 71
95 35
27 26
67 54
65 64
78 73
94 71
72 71
78 79
46 47
56 55
74 53
3 55
19 52
32 31
37 36
57 56
75 76
74 73
74 88
94 76
82 91
47 20
81 64
59 19
80 79
73 72
88 89
90 89
96 94
91 90
>>>>>>> c5ecc4e947455971345391f919ae243a8842fc1b
