0
<<<<<<< HEAD
74
=======
78
>>>>>>> c5ecc4e947455971345391f919ae243a8842fc1b
0 54
0 5
0 10
39 54
<<<<<<< HEAD
34 51
0 11
19 54
34 8
34 9
34 31
34 13
=======
51 54
0 11
34 9
34 8
34 31
34 13
34 51
>>>>>>> c5ecc4e947455971345391f919ae243a8842fc1b
29 28
29 23
49 40
49 44
49 43
12 54
45 54
<<<<<<< HEAD
5 54
3 54
51 54
46 54
19 25
17 25
14 20
16 20
49 13
49 7
6 30
6 52
6 4
17 30
41 53
36 37
45 37
52 22
41 30
41 40
41 16
41 38
11 53
13 39
9 42
47 48
9 10
2 35
2 45
7 40
7 10
48 30
19 42
48 43
48 44
53 52
24 50
24 12
24 21
40 1
40 30
26 30
1 30
40 10
40 16
40 18
40 33
40 5
4 1
4 10
46 30
45 15
45 36
45 3
45 52
14 50
=======
49 13
49 7
6 30
6 4
42 19
6 17
3 54
52 53
5 54
46 54
19 54
17 25
20 28
43 48
44 48
30 48
9 47
53 48
40 7
39 35
10 7
45 2
35 2
52 39
42 9
10 9
11 13
30 12
42 12
24 12
45 36
37 36
43 32
15 18
52 38
52 30
52 45
1 40
42 30
37 20
37 45
30 40
30 26
41 40
30 1
24 40
16 40
10 40
33 40
5 40
1 4
10 4
30 46
15 45
30 3
50 14
5 1
41 16
21 38
41 38
>>>>>>> c5ecc4e947455971345391f919ae243a8842fc1b
