5
<<<<<<< HEAD
2
81
72
1
33
100
0 4
91 92
0 35
0 92
0 59
73 92
77 92
83 92
=======
21
79
81
1
39
100
4 35
91 92
83 92
0 4
0 92
0 35
0 59
73 92
77 92
>>>>>>> c5ecc4e947455971345391f919ae243a8842fc1b
66 92
34 92
71 92
0 37
<<<<<<< HEAD
=======
0 6
36 60
>>>>>>> c5ecc4e947455971345391f919ae243a8842fc1b
60 92
0 23
0 62
0 20
46 92
<<<<<<< HEAD
56 92
0 41
18 92
28 92
0 6
70 92
41 92
37 92
0 73
26 92
0 68
0 67
12 92
0 22
0 84
0 13
0 75
36 92
11 92
55 92
51 92
69 92
0 71
74 92
0 42
0 5
0 8
32 92
0 82
0 64
49 92
6 92
89 92
87 92
0 28
0 7
0 69
0 80
14 92
0 51
0 65
0 24
0 48
80 92
25 92
0 9
0 3
22 92
38 92
35 92
10 92
0 29
=======
73 51
41 92
0 68
0 67
56 92
0 84
0 73
0 22
13 37
18 92
28 92
70 92
26 92
0 75
0 13
12 92
36 92
37 92
11 92
0 41
45 34
0 5
0 69
51 92
55 92
0 71
74 92
0 42
0 8
0 82
0 64
2 92
49 92
0 28
2 89
0 72
6 92
0 7
32 92
87 92
89 92
80 92
14 92
25 92
38 92
69 92
0 24
0 33
35 92
0 51
0 65
0 80
22 92
0 48
10 92
0 29
0 9
>>>>>>> c5ecc4e947455971345391f919ae243a8842fc1b
75 92
7 92
44 92
47 92
90 92
<<<<<<< HEAD
61 92
43 92
48 92
0 11
40 92
52 92
62 92
=======
0 3
43 92
0 11
0 40
61 92
48 92
0 43
62 92
40 92
52 92
>>>>>>> c5ecc4e947455971345391f919ae243a8842fc1b
0 58
5 92
84 92
82 92
<<<<<<< HEAD
17 92
21 92
58 92
0 43
9 92
57 92
65 92
23 92
0 79
78 92
0 45
13 92
0 17
85 92
32 3
=======
0 17
0 2
0 32
17 92
>>>>>>> c5ecc4e947455971345391f919ae243a8842fc1b
