0
49
61 62
<<<<<<< HEAD
28 29
36 37
18 19
82 83
30 31
34 35
12 62
98 99
13 63
69 70
97 47
42 43
1 2
52 53
20 21
76 77
28 78
79 80
25 26
0 50
87 88
89 90
33 83
93 94
46 47
95 96
44 45
67 68
15 16
38 39
66 67
85 86
71 72
91 92
40 41
10 11
58 59
7 8
56 57
5 6
54 55
25 75
14 64
22 23
73 74
59 60
82 32
3 4
=======
4 5
28 29
7 8
18 19
12 62
81 82
36 37
30 31
34 35
98 99
65 15
13 63
1 2
76 77
28 78
79 80
56 57
55 5
65 66
16 17
89 90
47 48
67 68
83 84
32 33
87 88
38 39
53 54
52 2
25 26
0 50
85 86
69 70
20 21
96 97
42 43
93 94
44 45
71 72
25 75
58 59
73 74
40 41
22 23
45 46
10 11
91 92
59 60
>>>>>>> c5ecc4e947455971345391f919ae243a8842fc1b
