5
<<<<<<< HEAD
31
7
32
16
56
100
35 95
55 95
0 76
0 20
0 80
25 95
50 95
=======
52
14
66
4
26
100
35 95
0 76
16 94
0 20
55 95
0 80
50 95
25 95
>>>>>>> c5ecc4e947455971345391f919ae243a8842fc1b
68 95
11 95
65 95
0 55
<<<<<<< HEAD
0 15
93 79
13 95
0 60
51 74
=======
0 16
0 15
93 79
67 13
0 60
>>>>>>> c5ecc4e947455971345391f919ae243a8842fc1b
0 42
0 93
0 67
0 10
62 95
<<<<<<< HEAD
52 95
28 95
=======
0 7
28 95
13 95
>>>>>>> c5ecc4e947455971345391f919ae243a8842fc1b
79 95
89 95
0 53
88 95
0 9
<<<<<<< HEAD
66 95
0 57
0 91
12 62
61 95
=======
0 57
91 93
12 62
>>>>>>> c5ecc4e947455971345391f919ae243a8842fc1b
0 28
0 71
38 95
0 12
<<<<<<< HEAD
0 73
0 82
68 94
45 95
68 46
53 95
37 95
77 95
9 95
91 93
68 19
90 93
68 4
68 59
68 28
68 77
68 53
88 93
68 90
68 17
2 93
80 93
18 93
68 64
68 65
53 93
68 87
68 6
68 49
25 93
68 80
68 72
4 93
59 93
1 93
45 93
70 93
48 93
84 93
69 93
76 93
62 93
68 13
75 93
37 40
80 40
68 38
43 40
73 40
68 36
49 40
8 40
74 40
58 40
42 40
57 40
68 61
68 22
68 52
72 40
43 34
71 40
29 40
=======
73 53
0 82
0 91
0 68
61 95
45 95
73 40
37 95
77 95
73 81
9 95
53 95
73 31
80 93
73 37
73 64
73 76
18 93
90 93
88 93
2 93
53 93
1 93
73 34
25 93
59 93
16 93
83 92
73 75
73 89
45 93
73 80
73 62
73 83
69 93
70 93
84 93
73 1
48 93
73 45
73 77
40 93
62 93
76 93
73 41
20 75
51 75
57 75
89 75
25 75
74 75
73 78
73 2
73 17
73 51
63 62
63 30
11 75
34 75
63 92
81 75
13 75
63 77
>>>>>>> c5ecc4e947455971345391f919ae243a8842fc1b
