5
<<<<<<< HEAD
51
53
54
55
56
100
0 99
75 99
25 95
91 95
4 75
12 75
0 5
0 6
7 75
8 75
0 9
=======
47
48
49
50
51
100
0 99
0 4
75 99
0 18
91 95
21 25
25 95
12 75
6 75
0 5
7 75
0 8
9 75
>>>>>>> c5ecc4e947455971345391f919ae243a8842fc1b
0 10
0 11
0 13
0 14
0 15
0 16
0 17
<<<<<<< HEAD
0 18
=======
>>>>>>> c5ecc4e947455971345391f919ae243a8842fc1b
0 19
0 20
0 21
0 22
0 23
0 24
0 12
<<<<<<< HEAD
0 8
0 3
0 7
0 91
0 4
0 2
0 25
5 75
1 6
9 75
=======
0 2
0 6
0 7
0 9
0 3
0 91
0 25
4 75
5 75
8 75
>>>>>>> c5ecc4e947455971345391f919ae243a8842fc1b
10 75
11 75
1 13
1 14
1 15
1 16
1 17
1 18
1 19
1 20
1 21
1 22
1 23
1 24
<<<<<<< HEAD
1 3
1 12
1 7
=======
7 14
1 6
>>>>>>> c5ecc4e947455971345391f919ae243a8842fc1b
1 8
1 9
1 10
1 11
<<<<<<< HEAD
25 75
1 4
1 5
1 2
25 18
25 32
25 21
6 75
=======
1 12
25 75
1 4
1 5
3 6
1 25
1 2
1 3
7 25
7 11
25 18
25 32
>>>>>>> c5ecc4e947455971345391f919ae243a8842fc1b
25 13
14 75
15 75
25 16
25 17
25 19
20 75
22 75
23 75
25 24
<<<<<<< HEAD
25 26
25 27
28 75
25 29
=======
25 29
25 26
25 27
28 75
>>>>>>> c5ecc4e947455971345391f919ae243a8842fc1b
25 30
31 75
33 75
34 75
35 75
25 36
37 75
38 75
25 39
25 40
41 75
25 42
<<<<<<< HEAD
25 43
25 44
25 45
46 75
25 47
25 48
25 49
25 50
=======
43 75
25 44
45 75
46 75
>>>>>>> c5ecc4e947455971345391f919ae243a8842fc1b
52 75
