5
<<<<<<< HEAD
65
60
59
58
73
100
86 87
98 99
94 97
94 96
94 95
=======
73
76
94
66
78
100
86 87
98 99
>>>>>>> c5ecc4e947455971345391f919ae243a8842fc1b
80 82
79 83
79 82
81 88
81 87
75 77
72 74
10 11
<<<<<<< HEAD
77 79
74 76
79 81
49 53
30 32
83 84
82 84
=======
>>>>>>> c5ecc4e947455971345391f919ae243a8842fc1b
97 99
89 96
89 95
93 99
89 93
92 99
<<<<<<< HEAD
76 78
72 78
75 87
72 75
66 69
=======
77 79
59 63
54 58
79 81
58 63
58 62
49 53
30 32
83 84
82 84
75 87
72 75
65 69
65 67
60 67
>>>>>>> c5ecc4e947455971345391f919ae243a8842fc1b
69 81
64 69
64 68
64 67
<<<<<<< HEAD
64 66
78 84
78 81
=======
>>>>>>> c5ecc4e947455971345391f919ae243a8842fc1b
80 92
80 89
80 88
80 87
80 86
80 85
87 88
84 85
84 96
92 96
95 99
95 96
92 93
89 91
90 99
90 96
89 90
87 99
87 96
87 93
<<<<<<< HEAD
0 1
5 8
13 14
86 93
=======
59 67
0 1
0 2
0 3
0 4
>>>>>>> c5ecc4e947455971345391f919ae243a8842fc1b
91 99
96 99
87 90
82 99
<<<<<<< HEAD
94 99
82 88
86 99
82 86
85 99
88 99
89 99
82 83
70 72
75 99
75 83
81 99
84 99
83 99
78 99
80 99
71 99
77 99
71 74
68 74
68 70
64 99
76 99
79 99
16 18
21 23
53 57
52 74
70 99
70 74
69 99
0 2
3 5
4 5
=======
82 90
82 88
82 86
85 99
85 92
85 91
85 90
85 88
79 91
79 90
88 99
88 91
88 90
89 99
79 86
86 99
72 90
70 72
69 75
69 72
71 99
71 84
71 83
82 83
67 69
57 61
75 99
83 99
75 81
0 6
14 15
13 14
7 10
8 10
9 10
72 77
>>>>>>> c5ecc4e947455971345391f919ae243a8842fc1b
