5
<<<<<<< HEAD
25
32
33
34
=======
31
33
34
37
>>>>>>> c5ecc4e947455971345391f919ae243a8842fc1b
48
100
0 99
0 1
0 3
4 99
6 99
8 99
0 9
10 99
0 11
15 99
0 17
18 99
0 19
20 99
0 21
22 99
23 99
26 99
0 27
30 99
<<<<<<< HEAD
31 99
0 35
0 37
=======
32 99
0 35
>>>>>>> c5ecc4e947455971345391f919ae243a8842fc1b
39 99
40 99
42 99
44 99
0 45
46 99
47 99
0 49
50 99
0 51
52 99
55 99
56 99
60 99
0 61
62 99
63 99
64 99
66 99
68 99
70 99
71 99
0 73
0 75
76 99
78 99
80 99
0 81
82 99
0 83
84 99
0 85
86 99
87 99
0 89
90 99
0 91
<<<<<<< HEAD
0 92
0 93
0 94
0 95
0 97
0 98
1 99
0 2
0 4
9 99
11 99
14 99
16 99
0 5
0 6
3 99
17 99
0 7
0 8
=======
92 99
93 99
0 94
0 95
0 97
98 99
1 99
0 2
0 4
0 5
6 3
0 6
3 99
9 99
11 99
14 99
0 7
16 99
0 8
17 99
>>>>>>> c5ecc4e947455971345391f919ae243a8842fc1b
0 10
19 99
0 12
0 13
<<<<<<< HEAD
24 99
=======
>>>>>>> c5ecc4e947455971345391f919ae243a8842fc1b
0 15
0 18
0 20
21 99
0 22
<<<<<<< HEAD
=======
24 99
>>>>>>> c5ecc4e947455971345391f919ae243a8842fc1b
27 99
0 23
0 26
35 99
38 99
0 28
0 29
0 30
<<<<<<< HEAD
0 31
37 99
=======
0 32
25 99
>>>>>>> c5ecc4e947455971345391f919ae243a8842fc1b
45 99
