5
<<<<<<< HEAD
65
15
59
43
17
100
16 99
0 11
0 95
0 58
71 99
=======
30
65
75
66
88
100
16 99
0 11
95 91
0 95
71 99
0 58
>>>>>>> c5ecc4e947455971345391f919ae243a8842fc1b
0 32
0 44
0 27
0 99
<<<<<<< HEAD
91 99
25 99
23 99
0 70
38 99
0 8
=======
84 77
0 43
25 99
0 8
91 99
23 99
70 99
38 99
0 70
>>>>>>> c5ecc4e947455971345391f919ae243a8842fc1b
0 40
0 33
0 37
0 94
0 46
0 79
74 99
73 99
<<<<<<< HEAD
70 99
=======
>>>>>>> c5ecc4e947455971345391f919ae243a8842fc1b
62 99
0 87
0 85
2 99
<<<<<<< HEAD
=======
0 59
>>>>>>> c5ecc4e947455971345391f919ae243a8842fc1b
96 99
35 99
36 99
97 99
76 99
0 14
0 92
0 6
0 22
0 13
0 72
0 77
0 2
0 80
31 50
0 82
68 99
<<<<<<< HEAD
7 86
0 98
0 31
0 7
0 68
0 96
0 26
0 75
0 69
0 39
0 1
0 34
0 91
35 57
0 86
0 30
52 66
87 99
0 38
0 4
0 35
0 18
60 21
0 5
95 99
51 99
0 81
89 99
79 99
4 44
46 99
0 52
0 60
0 49
0 23
0 61
0 63
0 97
0 20
0 76
3 99
0 83
0 19
0 41
61 99
44 99
48 99
57 99
0 3
80 99
98 99
56 75
6 99
0 9
0 74
=======
17 99
0 98
89 99
51 99
0 31
0 7
0 68
87 99
0 96
0 26
0 69
0 39
0 34
0 35
38 61
0 1
0 4
0 86
4 44
0 38
0 91
58 95
81 3
35 57
46 99
79 99
0 5
95 99
48 99
0 52
76 74
44 99
0 81
0 60
0 18
61 99
57 99
3 99
6 99
98 99
59 99
0 49
80 99
27 99
0 97
21 10
54 99
0 23
72 99
96 42
0 41
>>>>>>> c5ecc4e947455971345391f919ae243a8842fc1b
