5
<<<<<<< HEAD
83
47
4
81
25
100
0 95
0 7
0 1
78 99
0 89
69 99
48 99
12 99
=======
45
37
25
96
83
100
15 49
0 95
0 7
1 97
78 99
48 99
69 99
0 89
12 99
0 1
>>>>>>> c5ecc4e947455971345391f919ae243a8842fc1b
0 18
35 99
0 31
0 19
72 99
0 94
0 23
0 58
0 60
11 99
40 99
0 67
<<<<<<< HEAD
0 40
91 99
0 17
0 55
0 27
0 11
93 99
0 38
24 99
96 99
52 99
95 99
33 99
73 99
27 99
85 99
36 99
0 92
13 66
90 99
77 99
30 99
0 52
0 45
7 99
29 99
66 99
41 99
79 99
0 82
2 99
22 99
0 15
=======
40 93
91 99
0 17
24 99
0 40
93 99
95 99
0 55
52 99
0 27
33 99
73 99
27 99
30 99
85 99
36 99
21 58
13 66
90 99
77 99
7 99
0 92
79 99
29 99
78 88
0 38
0 11
66 99
52 79
41 99
2 99
0 82
74 22
0 52
0 15
0 4
>>>>>>> c5ecc4e947455971345391f919ae243a8842fc1b
0 69
6 99
0 74
0 57
0 54
<<<<<<< HEAD
0 13
0 37
0 26
0 43
60 99
67 99
0 86
0 91
=======
22 99
0 13
0 26
0 43
0 86
67 99
0 91
60 99
>>>>>>> c5ecc4e947455971345391f919ae243a8842fc1b
0 22
57 99
0 36
0 75
43 99
50 99
<<<<<<< HEAD
32 13
48 49
92 99
6 14
0 71
94 99
37 99
0 6
5 99
13 99
0 32
0 76
0 50
82 99
1 99
0 48
75 99
0 96
0 51
58 99
70 99
0 39
0 46
87 99
0 63
0 62
45 99
0 42
=======
13 99
92 99
0 71
0 6
0 32
95 5
94 99
5 99
75 99
0 50
82 99
1 99
48 4
58 99
70 99
0 76
50 47
87 99
0 39
30 47
47 99
44 99
39 99
>>>>>>> c5ecc4e947455971345391f919ae243a8842fc1b
