5
<<<<<<< HEAD
32
2
13
64
69
100
0 41
0 89
29 92
0 4
0 58
0 19
0 23
0 71
68 92
=======
31
20
1
39
71
100
51 92
41 92
14 81
0 41
89 92
29 92
0 4
0 58
0 2
68 92
0 19
0 89
0 23
>>>>>>> c5ecc4e947455971345391f919ae243a8842fc1b
0 6
0 26
60 92
0 68
0 9
<<<<<<< HEAD
0 73
0 92
51 92
=======
0 92
0 73
>>>>>>> c5ecc4e947455971345391f919ae243a8842fc1b
42 92
0 60
0 67
76 92
0 63
0 18
0 43
<<<<<<< HEAD
81 92
0 57
0 42
0 14
6 92
3 92
89 92
0 29
41 92
0 80
0 40
0 75
11 92
61 92
79 92
0 50
0 31
=======
0 57
0 42
81 92
6 92
3 92
61 92
0 14
0 29
0 80
0 40
11 92
0 75
79 92
0 50
>>>>>>> c5ecc4e947455971345391f919ae243a8842fc1b
23 92
0 3
90 92
36 92
40 92
0 52
<<<<<<< HEAD
0 24
0 35
57 92
30 92
26 92
0 79
24 92
=======
24 92
0 35
33 57
13 92
30 92
0 79
26 92
57 92
>>>>>>> c5ecc4e947455971345391f919ae243a8842fc1b
38 92
17 92
30 84
62 92
<<<<<<< HEAD
0 77
0 82
0 59
0 56
0 33
0 44
0 28
0 83
0 11
0 45
0 90
0 37
0 7
0 66
39 92
0 78
0 62
0 81
0 86
0 51
0 76
21 92
0 72
84 92
88 92
66 92
0 54
0 1
10 19
0 20
38 74
44 92
5 92
71 92
15 92
74 92
65 92
31 92
78 92
12 92
47 92
4 92
=======
21 92
88 92
84 92
0 33
44 92
28 74
0 77
0 82
0 83
24 19
66 92
0 11
74 92
0 44
64 92
0 37
45 30
0 56
15 92
0 28
5 92
0 45
0 90
0 78
0 24
0 59
0 7
62 29
65 92
0 66
0 51
72 92
0 81
0 86
0 62
0 72
0 76
44 2
64 2
38 75
12 92
>>>>>>> c5ecc4e947455971345391f919ae243a8842fc1b
