5
<<<<<<< HEAD
13
73
66
91
56
100
0 21
0 87
=======
46
12
23
95
60
100
21 76
0 87
0 21
>>>>>>> c5ecc4e947455971345391f919ae243a8842fc1b
76 99
62 99
22 99
0 80
76 18
0 52
<<<<<<< HEAD
55 99
83 99
0 74
18 99
0 45
0 72
0 36
=======
0 45
74 35
83 99
86 55
0 74
18 99
0 72
0 36
55 99
>>>>>>> c5ecc4e947455971345391f919ae243a8842fc1b
92 99
87 99
35 99
78 99
51 99
<<<<<<< HEAD
0 49
67 99
52 99
2 99
0 60
82 99
3 99
=======
63 91
67 99
52 99
91 99
2 99
82 99
3 99
0 49
>>>>>>> c5ecc4e947455971345391f919ae243a8842fc1b
0 20
54 99
38 99
50 99
65 99
0 85
<<<<<<< HEAD
0 81
0 99
27 88
=======
88 99
0 99
0 81
56 57
>>>>>>> c5ecc4e947455971345391f919ae243a8842fc1b
49 99
0 94
71 99
0 84
<<<<<<< HEAD
88 99
0 64
0 19
72 99
37 57
0 27
31 99
0 86
94 78
0 18
0 40
0 62
0 97
0 46
0 43
34 99
0 54
0 2
0 31
0 30
0 8
57 99
61 99
0 35
59 96
0 51
0 5
0 83
25 99
0 59
0 33
0 82
0 88
19 99
95 99
0 3
0 93
0 90
41 99
40 99
0 1
81 99
0 63
0 14
32 99
37 99
14 99
0 95
0 48
60 99
8 99
46 99
23 99
16 99
29 99
0 12
17 99
7 99
85 99
69 99
=======
37 57
72 99
0 19
34 99
0 27
31 99
86 81
0 18
0 64
0 40
0 62
0 97
57 99
0 43
25 99
26 32
0 31
19 99
0 54
0 86
40 99
61 99
0 8
0 56
41 99
88 81
0 2
35 37
0 30
0 51
0 59
0 5
0 83
0 35
0 82
0 33
0 88
0 3
0 93
0 1
32 99
37 99
14 99
81 99
0 63
16 99
0 13
0 90
0 48
14 24
8 99
29 99
13 99
73 99
66 56
>>>>>>> c5ecc4e947455971345391f919ae243a8842fc1b
