5
<<<<<<< HEAD
2
97
6
4
87
100
0 99
68 99
0 85
29 99
60 99
19 99
74 99
59 99
0 22
=======
74
3
2
45
80
100
0 99
22 49
68 99
60 99
0 85
29 99
19 99
59 99
>>>>>>> c5ecc4e947455971345391f919ae243a8842fc1b
41 99
0 31
49 99
69 99
52 81
0 9
<<<<<<< HEAD
0 7
0 76
0 52
77 99
0 69
0 10
90 99
0 94
0 93
0 91
=======
0 22
0 7
0 76
0 52
0 69
0 10
0 77
0 93
0 94
0 91
77 99
90 99
>>>>>>> c5ecc4e947455971345391f919ae243a8842fc1b
0 60
31 99
62 99
0 41
28 37
73 99
0 48
<<<<<<< HEAD
22 99
57 99
91 99
54 99
=======
50 22
57 99
91 99
22 99
50 54
>>>>>>> c5ecc4e947455971345391f919ae243a8842fc1b
39 99
0 18
66 99
0 36
<<<<<<< HEAD
0 50
78 37
12 99
0 86
16 99
52 99
0 70
72 99
37 99
0 55
0 28
94 99
98 99
20 99
0 11
88 99
0 98
76 99
34 99
86 99
0 53
56 99
0 46
38 99
55 99
93 99
70 99
0 77
23 99
0 84
33 11
0 96
0 32
42 99
7 99
11 99
61 99
40 99
0 33
0 1
89 99
45 99
85 99
0 34
28 99
44 99
63 99
0 20
0 23
80 99
47 99
75 99
58 99
0 81
0 65
59 96
35 99
81 99
51 99
0 8
=======
37 99
35 12
0 86
0 11
16 99
12 99
0 70
0 28
72 99
0 50
0 55
84 94
0 98
54 99
20 99
0 46
52 99
6 99
53 26
76 99
88 99
34 99
0 84
94 99
0 53
93 99
86 99
70 99
32 38
23 99
0 87
56 99
33 11
0 96
55 99
21 38
0 4
0 32
42 99
0 1
98 99
0 97
0 20
0 33
38 99
7 99
40 99
61 99
0 23
11 99
85 99
0 6
0 34
0 8
81 35
0 65
44 99
81 96
>>>>>>> c5ecc4e947455971345391f919ae243a8842fc1b
