5
<<<<<<< HEAD
9
79
90
13
84
100
40 99
=======
63
20
4
56
40
100
59 13
>>>>>>> c5ecc4e947455971345391f919ae243a8842fc1b
87 99
80 85
98 99
0 59
83 99
52 85
88 99
59 99
<<<<<<< HEAD
45 85
51 85
=======
14 45
51 85
45 85
>>>>>>> c5ecc4e947455971345391f919ae243a8842fc1b
73 69
57 69
36 69
0 32
<<<<<<< HEAD
0 30
0 54
0 16
0 43
48 69
77 69
59 69
94 96
0 29
4 96
29 96
31 96
88 81
59 81
62 81
0 74
98 86
0 10
91 86
19 86
0 63
0 6
59 86
72 86
70 63
28 63
64 68
89 63
64 5
64 82
64 48
64 28
64 1
72 30
34 63
72 36
72 40
72 76
72 31
72 71
72 18
19 51
19 28
91 63
44 63
41 63
19 39
19 82
19 22
19 1
19 80
19 49
19 47
21 14
21 58
21 93
17 63
59 5
59 35
59 49
59 1
59 58
17 51
17 48
75 63
32 93
32 56
32 94
6 63
32 83
32 7
6 61
88 63
55 63
27 11
53 11
1 11
75 23
2 23
7 23
60 23
6 87
6 33
6 80
6 92
=======
72 36
84 69
0 30
48 69
96 69
77 69
0 54
0 43
16 52
0 16
0 74
0 10
5 59
0 29
35 59
81 59
49 59
0 6
1 59
64 5
17 59
64 68
64 90
58 59
64 82
86 59
14 21
58 21
64 28
93 21
51 19
64 1
64 48
72 19
72 30
72 31
28 19
72 76
86 19
72 71
72 9
72 18
86 98
86 91
81 88
81 62
96 94
96 29
31 7
39 19
22 19
31 53
31 34
31 42
82 19
71 29
80 19
71 3
71 16
1 19
71 60
49 19
27 47
8 47
50 47
98 47
87 47
35 24
1 58
1 11
1 54
16 24
1 45
1 39
1 15
1 28
91 74
91 12
91 52
8 7
8 61
8 89
8 39
8 26
>>>>>>> c5ecc4e947455971345391f919ae243a8842fc1b
