5
<<<<<<< HEAD
18
78
6
34
13
100
0 44
0 42
11 99
38 99
76 25
0 56
0 17
0 96
0 36
0 66
0 76
17 99
90 99
94 99
66 99
0 74
0 63
=======
40
47
78
13
71
100
0 44
0 42
25 23
11 99
38 99
90 99
0 56
76 25
17 99
36 4
0 96
0 66
0 76
0 36
0 17
94 99
6 99
66 99
0 74
0 63
84 99
>>>>>>> c5ecc4e947455971345391f919ae243a8842fc1b
0 15
10 99
0 39
0 77
<<<<<<< HEAD
84 99
71 99
0 95
0 86
0 87
0 40
=======
0 18
0 95
0 86
0 87
>>>>>>> c5ecc4e947455971345391f919ae243a8842fc1b
0 38
55 99
0 73
98 99
0 65
0 9
<<<<<<< HEAD
75 99
0 24
0 19
=======
0 19
75 99
0 24
>>>>>>> c5ecc4e947455971345391f919ae243a8842fc1b
35 86
0 92
0 99
68 99
79 99
<<<<<<< HEAD
87 99
0 62
30 99
21 99
60 99
74 99
0 20
0 93
32 99
65 99
0 48
0 60
0 80
=======
93 87
0 62
30 99
60 99
0 20
73 74
46 42
0 60
0 80
0 93
0 48
21 99
>>>>>>> c5ecc4e947455971345391f919ae243a8842fc1b
8 3
0 30
0 43
0 98
0 45
0 16
0 10
0 58
<<<<<<< HEAD
0 89
0 59
72 73
0 26
0 49
63 99
0 37
39 73
0 22
0 52
41 99
0 57
56 99
73 99
86 99
0 35
0 53
19 99
48 99
53 99
9 99
0 50
0 25
=======
89 34
0 59
0 37
0 22
73 99
0 49
63 99
0 26
65 99
74 99
32 99
0 57
53 34
0 52
41 99
56 99
34 99
87 99
86 99
0 53
0 89
0 35
48 99
19 99
95 9
53 99
0 50
0 25
9 99
>>>>>>> c5ecc4e947455971345391f919ae243a8842fc1b
64 99
2 99
1 99
29 99
16 99
<<<<<<< HEAD
47 99
0 71
0 32
68 83
0 97
40 99
37 99
28 99
75 73
65 5
=======
18 99
83 37
28 99
>>>>>>> c5ecc4e947455971345391f919ae243a8842fc1b
