5
<<<<<<< HEAD
19
25
20
52
10
100
0 56
0 3
=======
38
3
47
30
37
100
0 56
>>>>>>> c5ecc4e947455971345391f919ae243a8842fc1b
0 13
0 33
0 21
40 46
0 49
0 26
0 2
<<<<<<< HEAD
40 59
44 59
45 41
0 34
0 40
=======
0 40
44 59
45 41
0 34
>>>>>>> c5ecc4e947455971345391f919ae243a8842fc1b
0 50
0 44
0 6
0 32
0 28
<<<<<<< HEAD
0 47
0 16
0 29
0 37
0 14
0 59
0 36
0 5
27 32
0 22
=======
0 16
0 29
0 14
0 59
0 36
5 59
27 32
0 22
0 5
>>>>>>> c5ecc4e947455971345391f919ae243a8842fc1b
8 59
56 59
49 59
36 4
<<<<<<< HEAD
5 59
=======
>>>>>>> c5ecc4e947455971345391f919ae243a8842fc1b
33 59
9 59
4 59
54 28
41 59
<<<<<<< HEAD
26 59
37 59
28 59
16 59
57 59
48 59
55 59
0 45
0 38
6 59
0 58
13 59
0 54
45 59
30 59
7 59
2 59
42 59
34 59
0 27
0 15
0 31
0 51
0 46
0 30
0 12
39 59
11 59
15 59
36 59
0 17
0 48
23 59
43 59
29 59
31 59
17 59
38 59
51 59
0 18
0 4
32 59
53 59
0 9
0 43
35 59
0 7
0 8
0 39
0 23
54 59
22 59
27 59
0 35
0 55
0 41
0 24
42 47
42 32
42 30
42 48
=======
52 59
26 59
0 45
28 59
16 59
11 57
0 58
57 59
40 59
48 59
55 59
6 59
13 59
0 54
45 59
0 51
0 31
0 27
0 15
48 42
0 46
7 59
2 59
0 12
0 48
0 17
0 4
0 18
42 59
10 59
34 59
0 43
39 59
0 9
0 7
15 59
11 59
23 59
0 39
36 59
0 8
0 23
29 59
0 41
55 10
0 35
0 24
19 6
0 55
0 19
0 20
0 52
43 59
42 32
31 59
10 58
10 31
17 59
51 59
32 59
53 59
42 6
42 10
36 35
22 59
>>>>>>> c5ecc4e947455971345391f919ae243a8842fc1b
