5
<<<<<<< HEAD
95
70
52
5
69
=======
8
6
65
87
95
>>>>>>> c5ecc4e947455971345391f919ae243a8842fc1b
100
42 99
40 99
24 99
13 99
27 99
54 99
64 81
16 99
<<<<<<< HEAD
6 99
=======
>>>>>>> c5ecc4e947455971345391f919ae243a8842fc1b
19 99
0 21
67 34
0 73
68 99
32 88
0 66
61 99
0 9
<<<<<<< HEAD
0 77
94 99
0 46
0 34
0 16
0 84
0 33
78 99
0 67
76 45
38 99
80 62
64 99
38 20
81 99
0 76
0 92
0 96
0 80
0 30
20 99
0 56
46 99
0 75
15 99
0 51
93 99
62 99
2 99
41 99
17 99
65 99
=======
77 60
71 18
0 5
0 46
0 34
94 99
40 64
78 99
38 99
20 99
0 16
77 35
64 99
0 33
15 99
0 67
0 84
62 99
0 77
0 76
0 80
46 99
0 92
0 96
30 52
0 56
0 30
0 75
93 99
2 99
81 99
41 99
0 51
17 99
>>>>>>> c5ecc4e947455971345391f919ae243a8842fc1b
44 99
0 12
80 99
60 99
55 99
51 99
<<<<<<< HEAD
90 99
0 63
0 32
0 53
0 57
0 43
=======
0 63
90 99
0 32
0 53
0 57
43 79
>>>>>>> c5ecc4e947455971345391f919ae243a8842fc1b
0 98
39 99
1 99
11 99
97 99
<<<<<<< HEAD
87 99
0 99
14 99
56 99
63 99
0 25
71 99
9 99
0 7
0 2
0 18
72 99
0 59
0 14
3 76
=======
0 99
14 99
0 43
56 99
63 99
0 25
0 7
0 2
0 59
72 99
45 76
0 18
0 14
9 99
49 53
>>>>>>> c5ecc4e947455971345391f919ae243a8842fc1b
0 82
0 23
0 49
0 72
<<<<<<< HEAD
0 62
0 20
0 4
0 6
35 99
11 7
0 8
50 99
7 99
76 99
86 99
0 11
21 99
84 99
=======
50 99
71 99
62 23
0 4
0 20
0 62
0 11
71 89
28 17
0 70
5 35
16 89
89 35
>>>>>>> c5ecc4e947455971345391f919ae243a8842fc1b
