0
85
25 32
48 49
27 32
<<<<<<< HEAD
28 30
31 32
30 34
25 26
34 35
=======
7 25
28 30
31 32
30 34
35 49
25 26
0 23
8 25
5 9
7 6
3 5
0 1
>>>>>>> c5ecc4e947455971345391f919ae243a8842fc1b
36 49
37 49
34 38
34 39
34 40
<<<<<<< HEAD
34 41
42 49
43 49
34 44
45 49
46 49
75 82
75 98
77 82
80 81
81 82
78 80
78 79
75 76
85 99
84 86
87 99
88 99
84 89
90 99
84 91
92 99
84 93
84 94
95 99
84 96
28 29
31 34
7 25
57 75
50 73
57 58
55 59
57 56
53 55
0 23
8 25
5 9
7 6
3 5
59 60
61 75
59 62
59 63
64 75
65 75
=======
41 49
42 49
34 43
44 49
45 49
34 46
29 34
28 31
3 4
75 82
6 9
0 2
>>>>>>> c5ecc4e947455971345391f919ae243a8842fc1b
9 10
9 11
12 25
13 25
9 14
9 15
16 25
17 25
9 18
19 25
20 25
9 21
<<<<<<< HEAD
50 51
50 52
53 54
56 59
4 9
3 6
0 1
0 2
=======
57 75
50 73
57 58
55 59
57 56
53 55
50 51
50 52
54 59
53 56
60 75
61 75
59 62
59 63
64 75
65 75
>>>>>>> c5ecc4e947455971345391f919ae243a8842fc1b
66 75
67 75
59 68
59 69
70 75
71 75
<<<<<<< HEAD
=======
98 99
75 77
76 77
78 80
78 81
79 80
81 82
85 99
84 86
87 99
88 99
84 89
90 99
84 91
92 99
84 93
84 94
95 99
84 96
>>>>>>> c5ecc4e947455971345391f919ae243a8842fc1b
