5
<<<<<<< HEAD
59
6
67
77
72
100
32 98
61 98
40 98
15 98
45 98
0 78
0 22
=======
77
2
56
23
81
100
32 98
14 10
10 61
40 98
15 98
0 78
61 98
45 98
67 98
22 92
>>>>>>> c5ecc4e947455971345391f919ae243a8842fc1b
0 21
0 36
0 87
0 16
<<<<<<< HEAD
0 23
0 26
0 70
0 15
38 98
0 90
0 35
0 5
0 79
0 64
=======
38 98
37 98
91 98
0 22
0 26
92 98
0 15
0 70
43 98
60 68
0 5
8 98
0 35
53 98
68 98
0 90
0 64
0 79
>>>>>>> c5ecc4e947455971345391f919ae243a8842fc1b
0 40
0 46
0 27
0 48
0 45
<<<<<<< HEAD
37 98
0 61
91 98
8 98
92 98
68 98
43 98
0 82
53 98
0 56
0 37
0 11
96 98
5 98
24 98
0 94
0 69
0 84
=======
72 98
96 98
5 98
24 98
92 72
29 6
0 82
0 61
0 94
69 98
0 84
0 37
11 7
>>>>>>> c5ecc4e947455971345391f919ae243a8842fc1b
25 98
0 68
0 62
0 98
1 98
<<<<<<< HEAD
0 29
57 98
0 49
0 14
7 98
0 81
74 98
93 98
82 98
69 98
28 98
49 98
78 98
=======
0 69
59 98
57 98
0 11
93 98
0 49
7 98
82 98
74 98
0 29
28 98
78 98
49 98
0 14
>>>>>>> c5ecc4e947455971345391f919ae243a8842fc1b
0 60
0 83
0 58
0 13
41 98
<<<<<<< HEAD
0 97
0 71
80 98
55 98
12 98
52 98
0 66
34 98
3 98
48 98
89 98
46 98
0 42
0 31
0 86
51 81
0 93
0 18
0 38
0 41
0 51
0 12
0 1
0 43
0 73
0 44
76 98
39 30
0 3
83 30
0 65
0 39
14 10
=======
55 98
80 98
0 71
12 98
52 98
66 98
0 97
93 74
0 31
3 98
48 98
0 42
34 98
46 98
76 98
86 98
89 98
30 98
18 98
88 98
20 98
0 1
33 4
79 98
41 33
86 26
>>>>>>> c5ecc4e947455971345391f919ae243a8842fc1b
