0
49
0 99
49 98
<<<<<<< HEAD
48 96
47 94
46 92
45 90
44 88
43 86
=======
3 6
6 12
48 96
47 94
5 10
46 92
4 8
45 90
44 88
43 86
7 8
>>>>>>> c5ecc4e947455971345391f919ae243a8842fc1b
42 84
41 82
40 80
39 78
38 76
37 74
<<<<<<< HEAD
=======
15 16
>>>>>>> c5ecc4e947455971345391f919ae243a8842fc1b
36 72
35 70
34 68
33 66
32 64
<<<<<<< HEAD
31 62
30 60
29 58
28 56
27 54
26 52
25 50
24 48
23 46
22 44
21 42
20 40
19 38
18 36
17 34
16 32
15 30
2 3
14 28
13 26
12 24
11 22
10 20
9 18
8 16
7 14
6 12
5 10
4 8
4 5
=======
30 31
30 60
2 4
61 62
14 13
27 26
14 28
29 28
55 54
52 26
16 32
23 22
12 11
50 49
25 24
23 46
17 34
18 36
43 42
19 38
20 40
22 21
10 20
9 18
>>>>>>> c5ecc4e947455971345391f919ae243a8842fc1b
