5
<<<<<<< HEAD
26
87
90
89
45
100
0 14
0 33
0 54
0 56
0 94
0 46
32 96
86 96
52 96
31 96
48 96
8 96
3 96
0 30
0 61
50 96
72 96
66 96
24 96
0 36
58 96
54 96
35 96
0 82
61 96
78 96
0 63
0 11
0 53
0 84
63 70
0 24
=======
23
61
26
87
90
100
0 14
0 33
51 63
32 96
52 96
86 96
89 31
31 96
0 54
48 96
0 56
3 96
0 94
8 96
0 46
0 30
0 36
50 96
82 66
0 89
0 53
0 82
72 96
24 96
0 11
0 63
32 58
58 96
66 96
35 96
0 24
0 84
>>>>>>> c5ecc4e947455971345391f919ae243a8842fc1b
0 67
0 86
0 34
88 44
<<<<<<< HEAD
88 13
88 67
66 70
31 70
65 70
88 6
88 15
88 86
=======
54 96
78 96
88 13
88 67
88 86
88 15
31 70
88 6
>>>>>>> c5ecc4e947455971345391f919ae243a8842fc1b
88 34
88 95
88 55
88 31
88 48
<<<<<<< HEAD
=======
65 70
>>>>>>> c5ecc4e947455971345391f919ae243a8842fc1b
88 24
88 92
88 74
81 70
<<<<<<< HEAD
88 78
88 91
88 33
88 81
88 82
88 21
88 43
=======
63 70
88 78
88 91
88 81
88 33
88 82
88 21
88 43
66 70
>>>>>>> c5ecc4e947455971345391f919ae243a8842fc1b
58 70
71 70
94 12
94 1
37 70
<<<<<<< HEAD
94 75
=======
>>>>>>> c5ecc4e947455971345391f919ae243a8842fc1b
39 70
94 31
94 80
6 70
<<<<<<< HEAD
94 79
94 6
94 92
94 4
94 70
94 2
32 70
94 54
94 93
48 70
41 70
94 39
51 70
76 70
67 70
53 70
20 70
94 34
44 70
10 70
68 70
23 70
61 70
94 49
=======
32 70
94 75
94 79
41 70
94 6
94 70
94 4
94 2
94 92
94 54
48 70
94 39
76 70
67 70
94 93
53 70
94 34
51 70
20 70
94 49
44 70
10 70
68 70
>>>>>>> c5ecc4e947455971345391f919ae243a8842fc1b
69 70
62 70
18 40
20 34
10 40
<<<<<<< HEAD
29 84
=======
>>>>>>> c5ecc4e947455971345391f919ae243a8842fc1b
