5
<<<<<<< HEAD
16
52
27
49
6
100
0 89
4 89
0 25
66 89
0 28
0 80
0 66
65 89
42 89
35 56
=======
5
77
35
16
42
100
0 89
4 89
66 89
65 89
0 28
25 43
0 80
0 25
0 66
>>>>>>> c5ecc4e947455971345391f919ae243a8842fc1b
0 73
78 56
2 56
67 56
4 38
0 86
31 38
87 38
48 38
57 38
0 82
53 38
75 38
20 38
0 40
<<<<<<< HEAD
77 38
=======
>>>>>>> c5ecc4e947455971345391f919ae243a8842fc1b
9 46
0 85
31 85
10 85
11 85
<<<<<<< HEAD
0 35
=======
0 27
>>>>>>> c5ecc4e947455971345391f919ae243a8842fc1b
78 58
78 57
78 1
78 20
78 40
78 31
78 55
78 47
<<<<<<< HEAD
83 60
83 28
83 12
83 11
83 32
83 35
47 76
47 62
63 68
63 26
48 86
36 85
48 5
48 74
48 8
48 36
48 44
81 9
71 85
69 85
1 85
33 85
77 85
=======
83 6
83 27
83 60
83 28
83 12
11 50
83 32
83 11
47 76
47 62
63 68
71 85
69 85
1 85
36 85
33 85
>>>>>>> c5ecc4e947455971345391f919ae243a8842fc1b
60 55
71 55
4 55
2 55
<<<<<<< HEAD
1 51
60 51
19 51
42 51
26 51
54 51
19 59
81 8
1 59
23 87
81 40
76 87
3 87
=======
63 26
63 49
48 52
48 86
60 51
1 51
19 51
26 51
54 51
19 59
1 59
3 87
76 87
23 87
36 87
48 8
24 87
43 87
48 74
81 8
67 8
48 36
48 44
81 9
81 49
81 40
>>>>>>> c5ecc4e947455971345391f919ae243a8842fc1b
81 37
81 86
28 69
28 7
<<<<<<< HEAD
36 87
24 87
43 87
67 8
25 8
28 37
73 8
28 1
28 5
74 8
68 5
28 76
28 44
79 5
13 5
77 74
=======
28 37
28 1
28 27
28 76
28 49
44 50
44 49
25 8
73 8
86 74
49 41
36 74
>>>>>>> c5ecc4e947455971345391f919ae243a8842fc1b
