5
<<<<<<< HEAD
70
68
63
6
71
100
28 74
0 32
=======
51
36
49
18
27
100
55 28
53 66
28 74
0 32
55 34
>>>>>>> c5ecc4e947455971345391f919ae243a8842fc1b
0 20
0 40
0 7
0 69
0 38
<<<<<<< HEAD
15 74
43 74
0 46
73 74
66 74
0 58
0 11
0 60
44 74
0 48
0 4
21 65
=======
4 15
0 11
0 46
0 60
73 74
66 74
0 58
0 48
15 74
43 74
44 74
0 4
21 65
71 74
>>>>>>> c5ecc4e947455971345391f919ae243a8842fc1b
46 74
54 74
0 1
58 74
33 74
<<<<<<< HEAD
0 62
=======
62 11
0 6
>>>>>>> c5ecc4e947455971345391f919ae243a8842fc1b
48 74
0 61
0 21
64 17
42 74
<<<<<<< HEAD
0 51
38 74
0 36
17 74
32 74
23 74
30 74
11 74
0 73
=======
0 62
38 74
17 74
53 32
23 74
30 74
32 74
11 74
0 73
55 20
>>>>>>> c5ecc4e947455971345391f919ae243a8842fc1b
40 74
64 57
31 74
25 74
57 74
0 35
0 55
<<<<<<< HEAD
10 74
0 8
0 24
59 74
3 74
0 33
1 74
35 74
55 74
24 74
67 74
10 25
20 74
56 74
0 64
0 53
2 74
0 74
60 74
0 10
4 74
21 74
45 74
0 17
69 74
29 74
0 44
0 23
51 74
34 74
36 74
18 74
0 15
0 29
0 13
0 12
28 12
37 74
0 54
39 74
8 74
0 43
27 74
0 18
64 74
0 56
12 74
0 49
52 74
0 28
7 74
16 74
0 72
14 74
=======
0 10
48 19
0 24
59 74
53 10
0 33
0 8
1 74
0 64
0 53
0 17
0 44
29 41
3 74
55 74
35 74
25 10
0 13
0 23
0 74
0 15
56 74
24 74
0 43
10 74
67 74
20 74
0 29
0 12
0 54
0 56
0 28
0 68
0 26
0 71
60 74
2 74
0 34
21 74
4 74
0 37
45 74
69 74
34 74
72 64
70 74
12 74
>>>>>>> c5ecc4e947455971345391f919ae243a8842fc1b
