5
<<<<<<< HEAD
30
24
31
35
8
100
20 25
22 23
61 62
=======
19
15
14
18
27
100
61 62
56 60
>>>>>>> c5ecc4e947455971345391f919ae243a8842fc1b
92 93
46 47
83 86
59 63
58 62
<<<<<<< HEAD
44 45
84 85
90 96
40 42
40 41
90 93
56 60
18 19
66 72
16 21
94 95
49 50
48 51
56 61
58 59
92 94
91 93
12 13
11 14
52 53
50 56
54 55
59 62
=======
5 8
59 62
44 45
84 85
90 96
90 93
6 7
94 95
40 42
40 41
47 48
43 45
66 72
20 25
22 23
16 21
92 94
91 93
12 13
>>>>>>> c5ecc4e947455971345391f919ae243a8842fc1b
58 63
71 74
77 81
74 79
<<<<<<< HEAD
43 45
54 53
75 77
75 74
56 62
92 95
86 88
86 87
10 11
9 11
72 75
80 81
72 74
72 73
70 73
53 58
74 77
23 29
26 28
25 27
25 26
1 4
1 3
46 45
85 87
89 90
88 87
66 71
69 70
73 78
71 76
73 75
0 1
2 3
85 89
4 6
2 1
4 5
11 12
23 28
69 73
67 71
70 74
66 68
27 28
68 69
62 65
71 73
66 67
36 37
87 92
94 93
90 92
5 7
5 6
32 33
5 10
5 9
23 26
27 29
1 7
6 7
6 9
29 33
29 28
=======
75 77
75 74
92 95
86 88
86 87
8 11
10 11
8 9
9 11
72 75
80 81
74 77
73 78
76 81
23 29
26 28
24 28
20 21
24 26
42 41
36 37
25 26
22 21
85 87
89 90
85 88
1 4
1 3
0 1
2 3
4 6
2 1
4 5
8 12
11 12
50 56
52 53
54 55
54 53
50 52
72 73
70 73
72 74
62 63
64 66
65 66
64 63
89 87
62 65
64 67
43 46
35 37
35 41
44 46
41 45
42 43
44 43
39 43
64 65
67 66
69 70
68 66
30 35
36 41
34 35
32 33
13 16
21 23
81 85
17 16
>>>>>>> c5ecc4e947455971345391f919ae243a8842fc1b
