5
<<<<<<< HEAD
92
35
11
71
68
=======
6
44
22
90
63
>>>>>>> c5ecc4e947455971345391f919ae243a8842fc1b
100
83 84
94 99
0 83
<<<<<<< HEAD
0 46
40 99
25 99
93 99
84 99
28 99
17 55
2 99
0 99
78 99
0 13
0 76
0 82
90 47
64 6
59 99
55 99
0 64
57 99
66 99
=======
40 99
0 46
25 99
93 99
84 99
0 76
28 99
55 99
2 99
0 99
0 13
78 99
0 68
59 99
0 82
0 64
66 99
57 99
>>>>>>> c5ecc4e947455971345391f919ae243a8842fc1b
0 78
47 99
0 31
0 94
0 88
0 2
<<<<<<< HEAD
0 65
0 30
39 99
74 13
0 61
86 99
26 99
7 99
4 99
89 99
60 99
0 27
30 99
0 74
50 99
=======
39 99
86 99
26 99
7 99
0 30
0 65
4 99
0 61
74 13
89 99
60 99
0 27
1 30
74 99
50 99
30 99
0 74
>>>>>>> c5ecc4e947455971345391f919ae243a8842fc1b
0 15
53 36
91 99
73 99
<<<<<<< HEAD
0 25
87 99
74 99
72 99
=======
72 99
87 99
>>>>>>> c5ecc4e947455971345391f919ae243a8842fc1b
3 62
20 99
70 99
36 99
<<<<<<< HEAD
=======
92 99
>>>>>>> c5ecc4e947455971345391f919ae243a8842fc1b
85 99
0 23
81 99
38 99
24 99
64 99
<<<<<<< HEAD
10 99
0 29
18 87
15 99
77 99
0 28
21 99
19 99
45 99
58 99
61 99
51 95
69 99
12 99
42 99
0 51
75 99
0 93
0 77
18 78
0 22
0 10
0 85
0 69
0 18
0 43
0 63
0 16
56 99
0 9
62 99
0 97
0 57
0 56
0 6
0 52
88 99
6 99
=======
71 99
0 25
10 99
15 99
0 29
87 21
77 99
19 99
0 28
45 99
74 27
21 99
58 99
95 35
61 99
69 99
12 99
35 99
42 99
0 51
75 99
88 99
68 99
56 99
46 99
3 99
93 29
77 24
0 18
0 93
69 5
0 77
62 99
86 3
69 4
5 99
51 99
70 24
10 81
>>>>>>> c5ecc4e947455971345391f919ae243a8842fc1b
