5
<<<<<<< HEAD
51
56
22
38
30
100
92 99
13 99
36 99
0 71
=======
21
69
1
13
41
100
0 71
92 99
36 99
38 99
>>>>>>> c5ecc4e947455971345391f919ae243a8842fc1b
59 99
9 99
0 28
82 99
71 99
<<<<<<< HEAD
1 99
=======
>>>>>>> c5ecc4e947455971345391f919ae243a8842fc1b
85 99
0 80
23 99
86 99
33 99
54 99
19 99
0 99
98 16
48 99
7 99
<<<<<<< HEAD
68 99
87 99
69 99
40 99
98 24
20 99
0 6
0 57
=======
0 68
22 99
87 99
0 6
7 68
0 57
98 24
40 99
58 20
68 99
20 99
>>>>>>> c5ecc4e947455971345391f919ae243a8842fc1b
78 99
24 99
0 37
84 99
<<<<<<< HEAD
32 99
0 68
3 99
0 55
0 86
0 5
64 99
0 9
0 75
0 98
94 99
0 11
0 20
0 72
0 94
0 49
25 99
=======
0 55
3 99
32 99
0 86
0 5
20 96
25 99
0 75
0 98
0 9
0 94
0 11
0 72
0 49
0 20
64 99
>>>>>>> c5ecc4e947455971345391f919ae243a8842fc1b
10 99
80 99
79 99
0 81
0 77
<<<<<<< HEAD
59 26
=======
94 99
59 26
0 51
>>>>>>> c5ecc4e947455971345391f919ae243a8842fc1b
0 76
44 43
0 78
49 99
<<<<<<< HEAD
97 99
0 58
31 99
0 41
0 2
0 25
26 99
0 17
=======
28 11
0 58
0 2
0 17
0 25
>>>>>>> c5ecc4e947455971345391f919ae243a8842fc1b
0 89
0 12
0 96
0 24
<<<<<<< HEAD
55 99
43 99
81 99
0 60
0 48
21 99
77 99
93 99
18 60
70 99
0 59
82 27
90 99
76 99
60 27
53 99
11 99
98 99
27 99
0 8
0 32
0 18
0 88
0 82
28 99
0 54
0 1
13 6
=======
29 31
0 48
26 99
55 99
97 99
43 99
0 60
0 59
0 18
0 82
0 32
0 88
31 99
81 99
0 8
0 54
93 99
0 22
77 99
0 38
0 27
0 56
10 87
61 53
0 61
39 53
60 90
73 82
>>>>>>> c5ecc4e947455971345391f919ae243a8842fc1b
