5
<<<<<<< HEAD
11
13
22
60
27
100
=======
71
73
45
47
50
100
0 76
>>>>>>> c5ecc4e947455971345391f919ae243a8842fc1b
64 79
67 79
28 79
15 79
0 1
5 79
21 2
<<<<<<< HEAD
0 76
50 48
0 32
0 21
0 14
0 54
0 40
0 15
0 61
0 16
0 59
=======
8 79
13 79
0 32
48 79
44 79
58 79
0 59
2 79
1 20
10 79
60 59
38 19
40 59
25 59
8 59
72 59
0 21
0 54
0 14
0 61
0 15
19 59
74 59
0 40
20 59
0 16
>>>>>>> c5ecc4e947455971345391f919ae243a8842fc1b
0 17
0 70
64 44
64 20
<<<<<<< HEAD
64 73
48 79
8 79
58 79
64 2
44 79
=======
64 2
76 77
>>>>>>> c5ecc4e947455971345391f919ae243a8842fc1b
64 28
64 70
64 25
64 75
64 32
<<<<<<< HEAD
52 58
2 79
10 79
19 59
40 59
25 59
8 59
52 70
52 50
72 59
74 59
20 59
52 68
52 15
52 57
52 56
52 37
52 55
50 59
29 59
2 59
9 42
20 42
10 42
7 42
67 42
53 31
21 42
53 73
75 42
65 42
4 42
6 42
18 66
35 66
9 66
58 66
23 66
33 66
53 24
53 50
44 66
53 67
38 45
57 66
53 71
74 66
53 43
49 66
28 66
55 66
24 45
14 45
53 39
16 45
53 47
53 36
53 63
53 68
39 45
4 45
40 45
70 54
70 73
70 34
8 45
25 45
=======
64 11
52 58
42 59
2 59
52 68
11 29
28 29
52 70
77 29
33 29
13 29
48 29
52 57
5 29
10 29
52 56
52 15
52 55
52 37
31 29
38 29
76 29
53 31
7 29
3 29
61 29
65 29
9 29
44 29
20 29
24 22
54 22
60 22
44 22
33 22
27 22
70 22
68 22
31 22
37 22
78 22
9 22
38 22
2 22
49 22
1 22
51 22
44 8
69 8
53 67
53 27
53 24
53 43
53 39
53 63
>>>>>>> c5ecc4e947455971345391f919ae243a8842fc1b
