5
<<<<<<< HEAD
42
58
45
65
56
100
=======
56
61
67
69
66
100
14 5
>>>>>>> c5ecc4e947455971345391f919ae243a8842fc1b
0 14
21 73
0 73
0 55
<<<<<<< HEAD
0 33
0 39
5 73
7 73
0 27
0 15
0 32
0 70
69 73
68 73
0 41
0 24
0 50
3 73
20 73
0 53
0 31
71 73
13 73
=======
33 7
5 73
0 39
0 27
0 15
0 32
55 68
58 73
0 33
68 73
3 73
0 50
20 73
57 13
7 73
0 70
0 41
13 73
0 24
0 53
0 31
71 73
>>>>>>> c5ecc4e947455971345391f919ae243a8842fc1b
62 73
0 52
0 3
1 73
64 9
0 21
8 73
0 35
0 54
<<<<<<< HEAD
59 73
15 73
67 73
9 73
0 60
=======
4 59
15 73
9 73
0 60
59 73
>>>>>>> c5ecc4e947455971345391f919ae243a8842fc1b
43 73
40 73
0 48
0 10
0 51
<<<<<<< HEAD
49 73
63 73
47 73
23 73
55 73
7 46
50 73
55 35
46 73
35 73
57 73
0 2
=======
0 2
63 73
49 73
23 73
47 73
55 73
50 73
45 73
46 73
35 73
57 73
>>>>>>> c5ecc4e947455971345391f919ae243a8842fc1b
0 20
25 73
28 73
18 73
11 73
16 73
27 73
0 4
64 1
72 73
10 73
<<<<<<< HEAD
48 73
19 73
0 68
31 73
0 36
24 73
0 71
2 73
0 64
0 17
0 8
0 19
0 61
0 69
53 73
0 25
0 66
0 29
0 38
0 44
34 73
0 40
26 73
29 73
22 73
37 73
0 23
0 11
38 73
67 44
43 70
0 63
0 47
0 37
0 43
=======
65 73
48 73
19 73
68 58
31 73
34 73
2 73
24 73
53 73
22 73
26 73
37 73
64 39
29 73
19 42
38 73
0 17
70 73
0 36
68 42
44 73
0 8
0 71
0 64
6 30
14 73
30 73
19 18
0 68
19 8
0 19
0 25
>>>>>>> c5ecc4e947455971345391f919ae243a8842fc1b
