5
<<<<<<< HEAD
14
84
46
10
18
100
21 98
=======
70
78
58
12
39
100
21 98
85 10
10 98
>>>>>>> c5ecc4e947455971345391f919ae243a8842fc1b
0 8
26 96
0 49
0 26
0 88
<<<<<<< HEAD
0 29
0 21
0 69
2 98
0 57
=======
2 98
22 98
0 21
0 29
0 18
0 69
0 57
14 38
0 14
>>>>>>> c5ecc4e947455971345391f919ae243a8842fc1b
74 71
0 6
47 98
60 98
0 27
<<<<<<< HEAD
22 98
0 70
0 68
75 3
0 72
12 98
0 9
0 56
0 61
0 4
3 98
71 98
0 48
17 98
26 98
81 98
0 91
97 98
0 83
0 75
0 54
0 53
0 20
0 35
0 19
92 98
0 13
0 50
0 86
57 98
0 67
82 98
39 98
88 29
0 95
0 73
0 64
0 80
53 98
55 41
29 98
45 98
59 98
55 40
63 98
55 13
55 58
55 65
55 1
55 77
31 98
19 98
11 98
89 98
58 98
4 98
55 43
54 98
55 39
36 98
55 12
13 98
50 98
69 98
44 98
8 65
36 65
55 49
11 65
72 65
91 65
41 65
71 65
40 65
55 3
90 65
55 67
78 65
1 65
55 19
55 54
21 65
88 65
64 65
=======
89 23
75 3
0 72
0 68
25 57
0 9
44 31
0 61
0 56
0 4
71 98
48 81
17 98
26 98
3 98
81 98
97 98
83 61
0 91
0 75
79 82
53 98
84 8
92 98
0 84
0 48
0 54
0 83
57 98
0 53
0 20
0 19
0 35
0 13
0 67
8 45
0 50
0 86
0 95
29 98
82 98
59 98
63 98
45 98
0 73
0 64
0 80
11 98
13 98
55 41
4 98
55 40
55 65
31 98
19 98
55 1
54 98
55 77
89 98
50 98
69 98
36 98
44 98
8 65
55 43
55 13
36 65
11 65
91 65
72 65
41 65
71 65
40 65
1 65
90 65
55 49
19 65
55 54
>>>>>>> c5ecc4e947455971345391f919ae243a8842fc1b
