5
<<<<<<< HEAD
2
18
17
34
58
100
0 12
0 11
0 61
86 31
=======
90
96
67
50
73
100
0 12
0 11
17 99
0 61
86 31
70 76
>>>>>>> c5ecc4e947455971345391f919ae243a8842fc1b
0 13
94 22
79 45
76 99
0 86
0 94
<<<<<<< HEAD
=======
34 99
>>>>>>> c5ecc4e947455971345391f919ae243a8842fc1b
0 97
81 99
31 99
56 99
38 99
78 99
72 1
27 1
10 1
<<<<<<< HEAD
71 79
71 54
=======
58 1
71 79
71 54
17 56
>>>>>>> c5ecc4e947455971345391f919ae243a8842fc1b
74 56
71 44
71 15
71 88
64 19
64 29
64 14
74 66
21 56
<<<<<<< HEAD
74 25
74 36
74 24
74 54
13 46
49 56
12 56
22 46
13 66
66 36
21 46
76 46
63 36
92 36
21 36
13 72
40 33
13 75
85 33
39 33
68 33
21 33
41 83
13 80
82 57
24 50
13 90
13 9
24 41
24 90
96 57
60 57
80 57
43 81
14 57
82 47
91 47
84 47
73 47
66 47
92 47
49 47
22 38
86 38
60 38
89 38
78 38
68 28
45 28
27 28
5 96
63 96
73 96
52 96
32 96
66 87
97 87
70 87
43 95
10 62
4 62
26 62
12 27
6 3
45 65
43 7
43 40
78 65
90 65
5 78
=======
12 56
49 56
74 25
74 36
74 13
22 46
74 24
21 46
36 46
54 95
54 79
13 46
85 76
54 31
36 66
35 76
21 33
21 5
79 76
15 76
21 36
21 86
88 40
21 52
88 34
55 77
52 66
52 48
69 77
17 77
29 77
14 77
47 91
9 91
52 98
70 91
29 91
22 19
6 19
86 19
52 18
65 19
52 53
31 59
18 98
94 29
94 4
41 24
41 75
41 60
83 33
57 82
49 98
72 98
22 93
82 25
57 60
57 14
57 80
47 82
2 25
58 5
78 5
81 43
95 43
>>>>>>> c5ecc4e947455971345391f919ae243a8842fc1b
